[2024-10-09T18:07:07.557-0300] {processor.py:156} INFO - Started process (PID=61384) to work on /home/marti/Lighthouse/airflow_tooltorial/venv/lib/python3.8/site-packages/airflow/example_dags/example_sensor_decorator.py
[2024-10-09T18:07:07.557-0300] {processor.py:799} INFO - Processing file /home/marti/Lighthouse/airflow_tooltorial/venv/lib/python3.8/site-packages/airflow/example_dags/example_sensor_decorator.py for tasks to queue
[2024-10-09T18:07:07.558-0300] {logging_mixin.py:149} INFO - [2024-10-09T18:07:07.558-0300] {dagbag.py:541} INFO - Filling up the DagBag from /home/marti/Lighthouse/airflow_tooltorial/venv/lib/python3.8/site-packages/airflow/example_dags/example_sensor_decorator.py
[2024-10-09T18:07:07.562-0300] {processor.py:809} INFO - DAG(s) dict_keys(['example_sensor_decorator']) retrieved from /home/marti/Lighthouse/airflow_tooltorial/venv/lib/python3.8/site-packages/airflow/example_dags/example_sensor_decorator.py
[2024-10-09T18:07:08.077-0300] {logging_mixin.py:149} INFO - [2024-10-09T18:07:08.076-0300] {manager.py:504} INFO - Created Permission View: can read on DAG:example_sensor_decorator
[2024-10-09T18:07:08.177-0300] {logging_mixin.py:149} INFO - [2024-10-09T18:07:08.176-0300] {manager.py:504} INFO - Created Permission View: can edit on DAG:example_sensor_decorator
[2024-10-09T18:07:08.255-0300] {logging_mixin.py:149} INFO - [2024-10-09T18:07:08.254-0300] {manager.py:504} INFO - Created Permission View: can delete on DAG:example_sensor_decorator
[2024-10-09T18:07:08.255-0300] {logging_mixin.py:149} INFO - [2024-10-09T18:07:08.255-0300] {dag.py:2726} INFO - Sync 1 DAGs
[2024-10-09T18:07:08.285-0300] {logging_mixin.py:149} INFO - [2024-10-09T18:07:08.285-0300] {dag.py:2747} INFO - Creating ORM DAG for example_sensor_decorator
[2024-10-09T18:07:08.299-0300] {logging_mixin.py:149} INFO - [2024-10-09T18:07:08.299-0300] {dag.py:3486} INFO - Setting next_dagrun for example_sensor_decorator to None, run_after=None
[2024-10-09T18:07:08.484-0300] {processor.py:178} INFO - Processing /home/marti/Lighthouse/airflow_tooltorial/venv/lib/python3.8/site-packages/airflow/example_dags/example_sensor_decorator.py took 0.930 seconds
[2024-10-09T18:08:36.243-0300] {processor.py:156} INFO - Started process (PID=61885) to work on /home/marti/Lighthouse/airflow_tooltorial/venv/lib/python3.8/site-packages/airflow/example_dags/example_sensor_decorator.py
[2024-10-09T18:08:36.291-0300] {processor.py:799} INFO - Processing file /home/marti/Lighthouse/airflow_tooltorial/venv/lib/python3.8/site-packages/airflow/example_dags/example_sensor_decorator.py for tasks to queue
[2024-10-09T18:08:36.293-0300] {logging_mixin.py:149} INFO - [2024-10-09T18:08:36.292-0300] {dagbag.py:541} INFO - Filling up the DagBag from /home/marti/Lighthouse/airflow_tooltorial/venv/lib/python3.8/site-packages/airflow/example_dags/example_sensor_decorator.py
[2024-10-09T18:08:36.305-0300] {processor.py:809} INFO - DAG(s) dict_keys(['example_sensor_decorator']) retrieved from /home/marti/Lighthouse/airflow_tooltorial/venv/lib/python3.8/site-packages/airflow/example_dags/example_sensor_decorator.py
[2024-10-09T18:08:36.334-0300] {logging_mixin.py:149} INFO - [2024-10-09T18:08:36.334-0300] {dag.py:2726} INFO - Sync 1 DAGs
[2024-10-09T18:08:36.429-0300] {logging_mixin.py:149} INFO - [2024-10-09T18:08:36.429-0300] {dag.py:3486} INFO - Setting next_dagrun for example_sensor_decorator to None, run_after=None
[2024-10-09T18:08:36.569-0300] {processor.py:178} INFO - Processing /home/marti/Lighthouse/airflow_tooltorial/venv/lib/python3.8/site-packages/airflow/example_dags/example_sensor_decorator.py took 0.332 seconds
[2024-10-09T18:09:40.654-0300] {processor.py:156} INFO - Started process (PID=62117) to work on /home/marti/Lighthouse/airflow_tooltorial/venv/lib/python3.8/site-packages/airflow/example_dags/example_sensor_decorator.py
[2024-10-09T18:09:40.672-0300] {processor.py:799} INFO - Processing file /home/marti/Lighthouse/airflow_tooltorial/venv/lib/python3.8/site-packages/airflow/example_dags/example_sensor_decorator.py for tasks to queue
[2024-10-09T18:09:40.672-0300] {logging_mixin.py:149} INFO - [2024-10-09T18:09:40.672-0300] {dagbag.py:541} INFO - Filling up the DagBag from /home/marti/Lighthouse/airflow_tooltorial/venv/lib/python3.8/site-packages/airflow/example_dags/example_sensor_decorator.py
[2024-10-09T18:09:40.677-0300] {processor.py:809} INFO - DAG(s) dict_keys(['example_sensor_decorator']) retrieved from /home/marti/Lighthouse/airflow_tooltorial/venv/lib/python3.8/site-packages/airflow/example_dags/example_sensor_decorator.py
[2024-10-09T18:09:40.691-0300] {logging_mixin.py:149} INFO - [2024-10-09T18:09:40.691-0300] {dag.py:2726} INFO - Sync 1 DAGs
[2024-10-09T18:09:40.706-0300] {logging_mixin.py:149} INFO - [2024-10-09T18:09:40.706-0300] {dag.py:3486} INFO - Setting next_dagrun for example_sensor_decorator to None, run_after=None
[2024-10-09T18:09:40.942-0300] {processor.py:178} INFO - Processing /home/marti/Lighthouse/airflow_tooltorial/venv/lib/python3.8/site-packages/airflow/example_dags/example_sensor_decorator.py took 0.292 seconds
[2024-10-09T18:10:34.088-0300] {processor.py:156} INFO - Started process (PID=62287) to work on /home/marti/Lighthouse/airflow_tooltorial/venv/lib/python3.8/site-packages/airflow/example_dags/example_sensor_decorator.py
[2024-10-09T18:10:34.116-0300] {processor.py:799} INFO - Processing file /home/marti/Lighthouse/airflow_tooltorial/venv/lib/python3.8/site-packages/airflow/example_dags/example_sensor_decorator.py for tasks to queue
[2024-10-09T18:10:34.118-0300] {logging_mixin.py:149} INFO - [2024-10-09T18:10:34.117-0300] {dagbag.py:541} INFO - Filling up the DagBag from /home/marti/Lighthouse/airflow_tooltorial/venv/lib/python3.8/site-packages/airflow/example_dags/example_sensor_decorator.py
[2024-10-09T18:10:34.137-0300] {processor.py:809} INFO - DAG(s) dict_keys(['example_sensor_decorator']) retrieved from /home/marti/Lighthouse/airflow_tooltorial/venv/lib/python3.8/site-packages/airflow/example_dags/example_sensor_decorator.py
[2024-10-09T18:10:34.166-0300] {logging_mixin.py:149} INFO - [2024-10-09T18:10:34.166-0300] {dag.py:2726} INFO - Sync 1 DAGs
[2024-10-09T18:10:34.184-0300] {logging_mixin.py:149} INFO - [2024-10-09T18:10:34.183-0300] {dag.py:3486} INFO - Setting next_dagrun for example_sensor_decorator to None, run_after=None
[2024-10-09T18:10:34.394-0300] {processor.py:178} INFO - Processing /home/marti/Lighthouse/airflow_tooltorial/venv/lib/python3.8/site-packages/airflow/example_dags/example_sensor_decorator.py took 0.314 seconds
[2024-10-09T18:11:30.450-0300] {processor.py:156} INFO - Started process (PID=62511) to work on /home/marti/Lighthouse/airflow_tooltorial/venv/lib/python3.8/site-packages/airflow/example_dags/example_sensor_decorator.py
[2024-10-09T18:11:30.460-0300] {processor.py:799} INFO - Processing file /home/marti/Lighthouse/airflow_tooltorial/venv/lib/python3.8/site-packages/airflow/example_dags/example_sensor_decorator.py for tasks to queue
[2024-10-09T18:11:30.460-0300] {logging_mixin.py:149} INFO - [2024-10-09T18:11:30.460-0300] {dagbag.py:541} INFO - Filling up the DagBag from /home/marti/Lighthouse/airflow_tooltorial/venv/lib/python3.8/site-packages/airflow/example_dags/example_sensor_decorator.py
[2024-10-09T18:11:30.466-0300] {processor.py:809} INFO - DAG(s) dict_keys(['example_sensor_decorator']) retrieved from /home/marti/Lighthouse/airflow_tooltorial/venv/lib/python3.8/site-packages/airflow/example_dags/example_sensor_decorator.py
[2024-10-09T18:11:30.640-0300] {logging_mixin.py:149} INFO - [2024-10-09T18:11:30.640-0300] {dag.py:2726} INFO - Sync 1 DAGs
[2024-10-09T18:11:30.660-0300] {logging_mixin.py:149} INFO - [2024-10-09T18:11:30.660-0300] {dag.py:3486} INFO - Setting next_dagrun for example_sensor_decorator to None, run_after=None
[2024-10-09T18:11:30.796-0300] {processor.py:178} INFO - Processing /home/marti/Lighthouse/airflow_tooltorial/venv/lib/python3.8/site-packages/airflow/example_dags/example_sensor_decorator.py took 0.350 seconds
[2024-10-09T18:12:25.263-0300] {processor.py:156} INFO - Started process (PID=62637) to work on /home/marti/Lighthouse/airflow_tooltorial/venv/lib/python3.8/site-packages/airflow/example_dags/example_sensor_decorator.py
[2024-10-09T18:12:25.288-0300] {processor.py:799} INFO - Processing file /home/marti/Lighthouse/airflow_tooltorial/venv/lib/python3.8/site-packages/airflow/example_dags/example_sensor_decorator.py for tasks to queue
[2024-10-09T18:12:25.289-0300] {logging_mixin.py:149} INFO - [2024-10-09T18:12:25.289-0300] {dagbag.py:541} INFO - Filling up the DagBag from /home/marti/Lighthouse/airflow_tooltorial/venv/lib/python3.8/site-packages/airflow/example_dags/example_sensor_decorator.py
[2024-10-09T18:12:25.294-0300] {processor.py:809} INFO - DAG(s) dict_keys(['example_sensor_decorator']) retrieved from /home/marti/Lighthouse/airflow_tooltorial/venv/lib/python3.8/site-packages/airflow/example_dags/example_sensor_decorator.py
[2024-10-09T18:12:25.313-0300] {logging_mixin.py:149} INFO - [2024-10-09T18:12:25.313-0300] {dag.py:2726} INFO - Sync 1 DAGs
[2024-10-09T18:12:25.338-0300] {logging_mixin.py:149} INFO - [2024-10-09T18:12:25.337-0300] {dag.py:3486} INFO - Setting next_dagrun for example_sensor_decorator to None, run_after=None
[2024-10-09T18:12:25.521-0300] {processor.py:178} INFO - Processing /home/marti/Lighthouse/airflow_tooltorial/venv/lib/python3.8/site-packages/airflow/example_dags/example_sensor_decorator.py took 0.261 seconds
[2024-10-09T18:13:16.092-0300] {processor.py:156} INFO - Started process (PID=62754) to work on /home/marti/Lighthouse/airflow_tooltorial/venv/lib/python3.8/site-packages/airflow/example_dags/example_sensor_decorator.py
[2024-10-09T18:13:16.113-0300] {processor.py:799} INFO - Processing file /home/marti/Lighthouse/airflow_tooltorial/venv/lib/python3.8/site-packages/airflow/example_dags/example_sensor_decorator.py for tasks to queue
[2024-10-09T18:13:16.115-0300] {logging_mixin.py:149} INFO - [2024-10-09T18:13:16.115-0300] {dagbag.py:541} INFO - Filling up the DagBag from /home/marti/Lighthouse/airflow_tooltorial/venv/lib/python3.8/site-packages/airflow/example_dags/example_sensor_decorator.py
[2024-10-09T18:13:16.133-0300] {processor.py:809} INFO - DAG(s) dict_keys(['example_sensor_decorator']) retrieved from /home/marti/Lighthouse/airflow_tooltorial/venv/lib/python3.8/site-packages/airflow/example_dags/example_sensor_decorator.py
[2024-10-09T18:13:16.156-0300] {logging_mixin.py:149} INFO - [2024-10-09T18:13:16.156-0300] {dag.py:2726} INFO - Sync 1 DAGs
[2024-10-09T18:13:16.173-0300] {logging_mixin.py:149} INFO - [2024-10-09T18:13:16.172-0300] {dag.py:3486} INFO - Setting next_dagrun for example_sensor_decorator to None, run_after=None
[2024-10-09T18:13:16.325-0300] {processor.py:178} INFO - Processing /home/marti/Lighthouse/airflow_tooltorial/venv/lib/python3.8/site-packages/airflow/example_dags/example_sensor_decorator.py took 0.243 seconds
[2024-10-09T18:14:10.376-0300] {processor.py:156} INFO - Started process (PID=62872) to work on /home/marti/Lighthouse/airflow_tooltorial/venv/lib/python3.8/site-packages/airflow/example_dags/example_sensor_decorator.py
[2024-10-09T18:14:10.430-0300] {processor.py:799} INFO - Processing file /home/marti/Lighthouse/airflow_tooltorial/venv/lib/python3.8/site-packages/airflow/example_dags/example_sensor_decorator.py for tasks to queue
[2024-10-09T18:14:10.433-0300] {logging_mixin.py:149} INFO - [2024-10-09T18:14:10.432-0300] {dagbag.py:541} INFO - Filling up the DagBag from /home/marti/Lighthouse/airflow_tooltorial/venv/lib/python3.8/site-packages/airflow/example_dags/example_sensor_decorator.py
[2024-10-09T18:14:10.452-0300] {processor.py:809} INFO - DAG(s) dict_keys(['example_sensor_decorator']) retrieved from /home/marti/Lighthouse/airflow_tooltorial/venv/lib/python3.8/site-packages/airflow/example_dags/example_sensor_decorator.py
[2024-10-09T18:14:10.482-0300] {logging_mixin.py:149} INFO - [2024-10-09T18:14:10.481-0300] {dag.py:2726} INFO - Sync 1 DAGs
[2024-10-09T18:14:10.504-0300] {logging_mixin.py:149} INFO - [2024-10-09T18:14:10.503-0300] {dag.py:3486} INFO - Setting next_dagrun for example_sensor_decorator to None, run_after=None
[2024-10-09T18:14:10.639-0300] {processor.py:178} INFO - Processing /home/marti/Lighthouse/airflow_tooltorial/venv/lib/python3.8/site-packages/airflow/example_dags/example_sensor_decorator.py took 0.270 seconds
[2024-10-09T18:15:07.121-0300] {processor.py:156} INFO - Started process (PID=63061) to work on /home/marti/Lighthouse/airflow_tooltorial/venv/lib/python3.8/site-packages/airflow/example_dags/example_sensor_decorator.py
[2024-10-09T18:15:07.134-0300] {processor.py:799} INFO - Processing file /home/marti/Lighthouse/airflow_tooltorial/venv/lib/python3.8/site-packages/airflow/example_dags/example_sensor_decorator.py for tasks to queue
[2024-10-09T18:15:07.135-0300] {logging_mixin.py:149} INFO - [2024-10-09T18:15:07.134-0300] {dagbag.py:541} INFO - Filling up the DagBag from /home/marti/Lighthouse/airflow_tooltorial/venv/lib/python3.8/site-packages/airflow/example_dags/example_sensor_decorator.py
[2024-10-09T18:15:07.143-0300] {processor.py:809} INFO - DAG(s) dict_keys(['example_sensor_decorator']) retrieved from /home/marti/Lighthouse/airflow_tooltorial/venv/lib/python3.8/site-packages/airflow/example_dags/example_sensor_decorator.py
[2024-10-09T18:15:07.178-0300] {logging_mixin.py:149} INFO - [2024-10-09T18:15:07.177-0300] {dag.py:2726} INFO - Sync 1 DAGs
[2024-10-09T18:15:07.206-0300] {logging_mixin.py:149} INFO - [2024-10-09T18:15:07.205-0300] {dag.py:3486} INFO - Setting next_dagrun for example_sensor_decorator to None, run_after=None
[2024-10-09T18:15:07.417-0300] {processor.py:178} INFO - Processing /home/marti/Lighthouse/airflow_tooltorial/venv/lib/python3.8/site-packages/airflow/example_dags/example_sensor_decorator.py took 0.301 seconds
[2024-10-09T18:16:00.786-0300] {processor.py:156} INFO - Started process (PID=63264) to work on /home/marti/Lighthouse/airflow_tooltorial/venv/lib/python3.8/site-packages/airflow/example_dags/example_sensor_decorator.py
[2024-10-09T18:16:00.803-0300] {processor.py:799} INFO - Processing file /home/marti/Lighthouse/airflow_tooltorial/venv/lib/python3.8/site-packages/airflow/example_dags/example_sensor_decorator.py for tasks to queue
[2024-10-09T18:16:00.804-0300] {logging_mixin.py:149} INFO - [2024-10-09T18:16:00.804-0300] {dagbag.py:541} INFO - Filling up the DagBag from /home/marti/Lighthouse/airflow_tooltorial/venv/lib/python3.8/site-packages/airflow/example_dags/example_sensor_decorator.py
[2024-10-09T18:16:00.817-0300] {processor.py:809} INFO - DAG(s) dict_keys(['example_sensor_decorator']) retrieved from /home/marti/Lighthouse/airflow_tooltorial/venv/lib/python3.8/site-packages/airflow/example_dags/example_sensor_decorator.py
[2024-10-09T18:16:00.844-0300] {logging_mixin.py:149} INFO - [2024-10-09T18:16:00.844-0300] {dag.py:2726} INFO - Sync 1 DAGs
[2024-10-09T18:16:00.860-0300] {logging_mixin.py:149} INFO - [2024-10-09T18:16:00.860-0300] {dag.py:3486} INFO - Setting next_dagrun for example_sensor_decorator to None, run_after=None
[2024-10-09T18:16:00.974-0300] {processor.py:178} INFO - Processing /home/marti/Lighthouse/airflow_tooltorial/venv/lib/python3.8/site-packages/airflow/example_dags/example_sensor_decorator.py took 0.195 seconds
[2024-10-09T18:16:51.558-0300] {processor.py:156} INFO - Started process (PID=63472) to work on /home/marti/Lighthouse/airflow_tooltorial/venv/lib/python3.8/site-packages/airflow/example_dags/example_sensor_decorator.py
[2024-10-09T18:16:51.580-0300] {processor.py:799} INFO - Processing file /home/marti/Lighthouse/airflow_tooltorial/venv/lib/python3.8/site-packages/airflow/example_dags/example_sensor_decorator.py for tasks to queue
[2024-10-09T18:16:51.583-0300] {logging_mixin.py:149} INFO - [2024-10-09T18:16:51.582-0300] {dagbag.py:541} INFO - Filling up the DagBag from /home/marti/Lighthouse/airflow_tooltorial/venv/lib/python3.8/site-packages/airflow/example_dags/example_sensor_decorator.py
[2024-10-09T18:16:51.601-0300] {processor.py:809} INFO - DAG(s) dict_keys(['example_sensor_decorator']) retrieved from /home/marti/Lighthouse/airflow_tooltorial/venv/lib/python3.8/site-packages/airflow/example_dags/example_sensor_decorator.py
[2024-10-09T18:16:51.629-0300] {logging_mixin.py:149} INFO - [2024-10-09T18:16:51.629-0300] {dag.py:2726} INFO - Sync 1 DAGs
[2024-10-09T18:16:51.645-0300] {logging_mixin.py:149} INFO - [2024-10-09T18:16:51.645-0300] {dag.py:3486} INFO - Setting next_dagrun for example_sensor_decorator to None, run_after=None
[2024-10-09T18:16:51.760-0300] {processor.py:178} INFO - Processing /home/marti/Lighthouse/airflow_tooltorial/venv/lib/python3.8/site-packages/airflow/example_dags/example_sensor_decorator.py took 0.204 seconds
[2024-10-09T18:17:58.896-0300] {processor.py:156} INFO - Started process (PID=64054) to work on /home/marti/Lighthouse/airflow_tooltorial/venv/lib/python3.8/site-packages/airflow/example_dags/example_sensor_decorator.py
[2024-10-09T18:17:58.911-0300] {processor.py:799} INFO - Processing file /home/marti/Lighthouse/airflow_tooltorial/venv/lib/python3.8/site-packages/airflow/example_dags/example_sensor_decorator.py for tasks to queue
[2024-10-09T18:17:58.912-0300] {logging_mixin.py:149} INFO - [2024-10-09T18:17:58.912-0300] {dagbag.py:541} INFO - Filling up the DagBag from /home/marti/Lighthouse/airflow_tooltorial/venv/lib/python3.8/site-packages/airflow/example_dags/example_sensor_decorator.py
[2024-10-09T18:17:58.921-0300] {processor.py:809} INFO - DAG(s) dict_keys(['example_sensor_decorator']) retrieved from /home/marti/Lighthouse/airflow_tooltorial/venv/lib/python3.8/site-packages/airflow/example_dags/example_sensor_decorator.py
[2024-10-09T18:17:58.948-0300] {logging_mixin.py:149} INFO - [2024-10-09T18:17:58.947-0300] {dag.py:2726} INFO - Sync 1 DAGs
[2024-10-09T18:17:58.964-0300] {logging_mixin.py:149} INFO - [2024-10-09T18:17:58.964-0300] {dag.py:3486} INFO - Setting next_dagrun for example_sensor_decorator to None, run_after=None
[2024-10-09T18:17:59.065-0300] {processor.py:178} INFO - Processing /home/marti/Lighthouse/airflow_tooltorial/venv/lib/python3.8/site-packages/airflow/example_dags/example_sensor_decorator.py took 0.172 seconds
[2024-10-09T18:18:52.739-0300] {processor.py:156} INFO - Started process (PID=64341) to work on /home/marti/Lighthouse/airflow_tooltorial/venv/lib/python3.8/site-packages/airflow/example_dags/example_sensor_decorator.py
[2024-10-09T18:18:52.752-0300] {processor.py:799} INFO - Processing file /home/marti/Lighthouse/airflow_tooltorial/venv/lib/python3.8/site-packages/airflow/example_dags/example_sensor_decorator.py for tasks to queue
[2024-10-09T18:18:52.754-0300] {logging_mixin.py:149} INFO - [2024-10-09T18:18:52.753-0300] {dagbag.py:541} INFO - Filling up the DagBag from /home/marti/Lighthouse/airflow_tooltorial/venv/lib/python3.8/site-packages/airflow/example_dags/example_sensor_decorator.py
[2024-10-09T18:18:52.765-0300] {processor.py:809} INFO - DAG(s) dict_keys(['example_sensor_decorator']) retrieved from /home/marti/Lighthouse/airflow_tooltorial/venv/lib/python3.8/site-packages/airflow/example_dags/example_sensor_decorator.py
[2024-10-09T18:18:52.823-0300] {logging_mixin.py:149} INFO - [2024-10-09T18:18:52.822-0300] {dag.py:2726} INFO - Sync 1 DAGs
[2024-10-09T18:18:52.856-0300] {logging_mixin.py:149} INFO - [2024-10-09T18:18:52.855-0300] {dag.py:3486} INFO - Setting next_dagrun for example_sensor_decorator to None, run_after=None
[2024-10-09T18:18:53.012-0300] {processor.py:178} INFO - Processing /home/marti/Lighthouse/airflow_tooltorial/venv/lib/python3.8/site-packages/airflow/example_dags/example_sensor_decorator.py took 0.277 seconds
[2024-10-09T18:51:45.085-0300] {processor.py:156} INFO - Started process (PID=71012) to work on /home/marti/Lighthouse/airflow_tooltorial/venv/lib/python3.8/site-packages/airflow/example_dags/example_sensor_decorator.py
[2024-10-09T18:51:45.119-0300] {processor.py:799} INFO - Processing file /home/marti/Lighthouse/airflow_tooltorial/venv/lib/python3.8/site-packages/airflow/example_dags/example_sensor_decorator.py for tasks to queue
[2024-10-09T18:51:45.121-0300] {logging_mixin.py:149} INFO - [2024-10-09T18:51:45.121-0300] {dagbag.py:541} INFO - Filling up the DagBag from /home/marti/Lighthouse/airflow_tooltorial/venv/lib/python3.8/site-packages/airflow/example_dags/example_sensor_decorator.py
[2024-10-09T18:51:45.142-0300] {processor.py:809} INFO - DAG(s) dict_keys(['example_sensor_decorator']) retrieved from /home/marti/Lighthouse/airflow_tooltorial/venv/lib/python3.8/site-packages/airflow/example_dags/example_sensor_decorator.py
[2024-10-09T18:51:45.177-0300] {logging_mixin.py:149} INFO - [2024-10-09T18:51:45.177-0300] {dag.py:2726} INFO - Sync 1 DAGs
[2024-10-09T18:51:45.205-0300] {logging_mixin.py:149} INFO - [2024-10-09T18:51:45.205-0300] {dag.py:3486} INFO - Setting next_dagrun for example_sensor_decorator to None, run_after=None
[2024-10-09T18:51:45.349-0300] {processor.py:178} INFO - Processing /home/marti/Lighthouse/airflow_tooltorial/venv/lib/python3.8/site-packages/airflow/example_dags/example_sensor_decorator.py took 0.273 seconds
