[2024-10-09T18:06:38.512-0300] {processor.py:156} INFO - Started process (PID=61160) to work on /home/marti/Lighthouse/airflow_tooltorial/venv/lib/python3.8/site-packages/airflow/example_dags/example_xcom.py
[2024-10-09T18:06:38.512-0300] {processor.py:799} INFO - Processing file /home/marti/Lighthouse/airflow_tooltorial/venv/lib/python3.8/site-packages/airflow/example_dags/example_xcom.py for tasks to queue
[2024-10-09T18:06:38.513-0300] {logging_mixin.py:149} INFO - [2024-10-09T18:06:38.513-0300] {dagbag.py:541} INFO - Filling up the DagBag from /home/marti/Lighthouse/airflow_tooltorial/venv/lib/python3.8/site-packages/airflow/example_dags/example_xcom.py
[2024-10-09T18:06:38.521-0300] {processor.py:809} INFO - DAG(s) dict_keys(['example_xcom']) retrieved from /home/marti/Lighthouse/airflow_tooltorial/venv/lib/python3.8/site-packages/airflow/example_dags/example_xcom.py
[2024-10-09T18:06:39.380-0300] {logging_mixin.py:149} INFO - [2024-10-09T18:06:39.379-0300] {manager.py:504} INFO - Created Permission View: can read on DAG:example_xcom
[2024-10-09T18:06:39.713-0300] {logging_mixin.py:149} INFO - [2024-10-09T18:06:39.713-0300] {manager.py:504} INFO - Created Permission View: can edit on DAG:example_xcom
[2024-10-09T18:06:39.835-0300] {logging_mixin.py:149} INFO - [2024-10-09T18:06:39.835-0300] {manager.py:504} INFO - Created Permission View: can delete on DAG:example_xcom
[2024-10-09T18:06:39.836-0300] {logging_mixin.py:149} INFO - [2024-10-09T18:06:39.836-0300] {dag.py:2726} INFO - Sync 1 DAGs
[2024-10-09T18:06:39.865-0300] {logging_mixin.py:149} INFO - [2024-10-09T18:06:39.864-0300] {dag.py:2747} INFO - Creating ORM DAG for example_xcom
[2024-10-09T18:06:39.875-0300] {logging_mixin.py:149} INFO - [2024-10-09T18:06:39.874-0300] {dag.py:3486} INFO - Setting next_dagrun for example_xcom to 2021-01-01T00:00:00+00:00, run_after=2021-01-01T00:00:00+00:00
[2024-10-09T18:06:40.214-0300] {processor.py:178} INFO - Processing /home/marti/Lighthouse/airflow_tooltorial/venv/lib/python3.8/site-packages/airflow/example_dags/example_xcom.py took 1.705 seconds
[2024-10-09T18:08:15.546-0300] {processor.py:156} INFO - Started process (PID=61735) to work on /home/marti/Lighthouse/airflow_tooltorial/venv/lib/python3.8/site-packages/airflow/example_dags/example_xcom.py
[2024-10-09T18:08:15.600-0300] {processor.py:799} INFO - Processing file /home/marti/Lighthouse/airflow_tooltorial/venv/lib/python3.8/site-packages/airflow/example_dags/example_xcom.py for tasks to queue
[2024-10-09T18:08:15.602-0300] {logging_mixin.py:149} INFO - [2024-10-09T18:08:15.601-0300] {dagbag.py:541} INFO - Filling up the DagBag from /home/marti/Lighthouse/airflow_tooltorial/venv/lib/python3.8/site-packages/airflow/example_dags/example_xcom.py
[2024-10-09T18:08:15.625-0300] {processor.py:809} INFO - DAG(s) dict_keys(['example_xcom']) retrieved from /home/marti/Lighthouse/airflow_tooltorial/venv/lib/python3.8/site-packages/airflow/example_dags/example_xcom.py
[2024-10-09T18:08:15.653-0300] {logging_mixin.py:149} INFO - [2024-10-09T18:08:15.652-0300] {dag.py:2726} INFO - Sync 1 DAGs
[2024-10-09T18:08:15.746-0300] {logging_mixin.py:149} INFO - [2024-10-09T18:08:15.746-0300] {dag.py:3486} INFO - Setting next_dagrun for example_xcom to 2021-01-01T00:00:00+00:00, run_after=2021-01-01T00:00:00+00:00
[2024-10-09T18:08:15.882-0300] {processor.py:178} INFO - Processing /home/marti/Lighthouse/airflow_tooltorial/venv/lib/python3.8/site-packages/airflow/example_dags/example_xcom.py took 0.345 seconds
[2024-10-09T18:09:00.881-0300] {processor.py:156} INFO - Started process (PID=62082) to work on /home/marti/Lighthouse/airflow_tooltorial/venv/lib/python3.8/site-packages/airflow/example_dags/example_xcom.py
[2024-10-09T18:09:00.909-0300] {processor.py:799} INFO - Processing file /home/marti/Lighthouse/airflow_tooltorial/venv/lib/python3.8/site-packages/airflow/example_dags/example_xcom.py for tasks to queue
[2024-10-09T18:09:00.910-0300] {logging_mixin.py:149} INFO - [2024-10-09T18:09:00.910-0300] {dagbag.py:541} INFO - Filling up the DagBag from /home/marti/Lighthouse/airflow_tooltorial/venv/lib/python3.8/site-packages/airflow/example_dags/example_xcom.py
[2024-10-09T18:09:00.915-0300] {processor.py:809} INFO - DAG(s) dict_keys(['example_xcom']) retrieved from /home/marti/Lighthouse/airflow_tooltorial/venv/lib/python3.8/site-packages/airflow/example_dags/example_xcom.py
[2024-10-09T18:09:00.931-0300] {logging_mixin.py:149} INFO - [2024-10-09T18:09:00.931-0300] {dag.py:2726} INFO - Sync 1 DAGs
[2024-10-09T18:09:01.027-0300] {logging_mixin.py:149} INFO - [2024-10-09T18:09:01.026-0300] {dag.py:3486} INFO - Setting next_dagrun for example_xcom to 2021-01-01T00:00:00+00:00, run_after=2021-01-01T00:00:00+00:00
[2024-10-09T18:09:01.153-0300] {processor.py:178} INFO - Processing /home/marti/Lighthouse/airflow_tooltorial/venv/lib/python3.8/site-packages/airflow/example_dags/example_xcom.py took 0.275 seconds
[2024-10-09T18:09:57.252-0300] {processor.py:156} INFO - Started process (PID=62224) to work on /home/marti/Lighthouse/airflow_tooltorial/venv/lib/python3.8/site-packages/airflow/example_dags/example_xcom.py
[2024-10-09T18:09:57.273-0300] {processor.py:799} INFO - Processing file /home/marti/Lighthouse/airflow_tooltorial/venv/lib/python3.8/site-packages/airflow/example_dags/example_xcom.py for tasks to queue
[2024-10-09T18:09:57.275-0300] {logging_mixin.py:149} INFO - [2024-10-09T18:09:57.274-0300] {dagbag.py:541} INFO - Filling up the DagBag from /home/marti/Lighthouse/airflow_tooltorial/venv/lib/python3.8/site-packages/airflow/example_dags/example_xcom.py
[2024-10-09T18:09:57.294-0300] {processor.py:809} INFO - DAG(s) dict_keys(['example_xcom']) retrieved from /home/marti/Lighthouse/airflow_tooltorial/venv/lib/python3.8/site-packages/airflow/example_dags/example_xcom.py
[2024-10-09T18:09:57.320-0300] {logging_mixin.py:149} INFO - [2024-10-09T18:09:57.320-0300] {dag.py:2726} INFO - Sync 1 DAGs
[2024-10-09T18:09:57.336-0300] {logging_mixin.py:149} INFO - [2024-10-09T18:09:57.336-0300] {dag.py:3486} INFO - Setting next_dagrun for example_xcom to 2021-01-01T00:00:00+00:00, run_after=2021-01-01T00:00:00+00:00
[2024-10-09T18:09:57.430-0300] {processor.py:178} INFO - Processing /home/marti/Lighthouse/airflow_tooltorial/venv/lib/python3.8/site-packages/airflow/example_dags/example_xcom.py took 0.184 seconds
[2024-10-09T18:10:52.063-0300] {processor.py:156} INFO - Started process (PID=62388) to work on /home/marti/Lighthouse/airflow_tooltorial/venv/lib/python3.8/site-packages/airflow/example_dags/example_xcom.py
[2024-10-09T18:10:52.090-0300] {processor.py:799} INFO - Processing file /home/marti/Lighthouse/airflow_tooltorial/venv/lib/python3.8/site-packages/airflow/example_dags/example_xcom.py for tasks to queue
[2024-10-09T18:10:52.091-0300] {logging_mixin.py:149} INFO - [2024-10-09T18:10:52.091-0300] {dagbag.py:541} INFO - Filling up the DagBag from /home/marti/Lighthouse/airflow_tooltorial/venv/lib/python3.8/site-packages/airflow/example_dags/example_xcom.py
[2024-10-09T18:10:52.105-0300] {processor.py:809} INFO - DAG(s) dict_keys(['example_xcom']) retrieved from /home/marti/Lighthouse/airflow_tooltorial/venv/lib/python3.8/site-packages/airflow/example_dags/example_xcom.py
[2024-10-09T18:10:52.134-0300] {logging_mixin.py:149} INFO - [2024-10-09T18:10:52.133-0300] {dag.py:2726} INFO - Sync 1 DAGs
[2024-10-09T18:10:52.149-0300] {logging_mixin.py:149} INFO - [2024-10-09T18:10:52.149-0300] {dag.py:3486} INFO - Setting next_dagrun for example_xcom to 2021-01-01T00:00:00+00:00, run_after=2021-01-01T00:00:00+00:00
[2024-10-09T18:10:52.280-0300] {processor.py:178} INFO - Processing /home/marti/Lighthouse/airflow_tooltorial/venv/lib/python3.8/site-packages/airflow/example_dags/example_xcom.py took 0.221 seconds
[2024-10-09T18:11:46.990-0300] {processor.py:156} INFO - Started process (PID=62525) to work on /home/marti/Lighthouse/airflow_tooltorial/venv/lib/python3.8/site-packages/airflow/example_dags/example_xcom.py
[2024-10-09T18:11:47.009-0300] {processor.py:799} INFO - Processing file /home/marti/Lighthouse/airflow_tooltorial/venv/lib/python3.8/site-packages/airflow/example_dags/example_xcom.py for tasks to queue
[2024-10-09T18:11:47.010-0300] {logging_mixin.py:149} INFO - [2024-10-09T18:11:47.010-0300] {dagbag.py:541} INFO - Filling up the DagBag from /home/marti/Lighthouse/airflow_tooltorial/venv/lib/python3.8/site-packages/airflow/example_dags/example_xcom.py
[2024-10-09T18:11:47.021-0300] {processor.py:809} INFO - DAG(s) dict_keys(['example_xcom']) retrieved from /home/marti/Lighthouse/airflow_tooltorial/venv/lib/python3.8/site-packages/airflow/example_dags/example_xcom.py
[2024-10-09T18:11:47.047-0300] {logging_mixin.py:149} INFO - [2024-10-09T18:11:47.047-0300] {dag.py:2726} INFO - Sync 1 DAGs
[2024-10-09T18:11:47.063-0300] {logging_mixin.py:149} INFO - [2024-10-09T18:11:47.063-0300] {dag.py:3486} INFO - Setting next_dagrun for example_xcom to 2021-01-01T00:00:00+00:00, run_after=2021-01-01T00:00:00+00:00
[2024-10-09T18:11:47.183-0300] {processor.py:178} INFO - Processing /home/marti/Lighthouse/airflow_tooltorial/venv/lib/python3.8/site-packages/airflow/example_dags/example_xcom.py took 0.197 seconds
[2024-10-09T18:12:40.486-0300] {processor.py:156} INFO - Started process (PID=62649) to work on /home/marti/Lighthouse/airflow_tooltorial/venv/lib/python3.8/site-packages/airflow/example_dags/example_xcom.py
[2024-10-09T18:12:40.513-0300] {processor.py:799} INFO - Processing file /home/marti/Lighthouse/airflow_tooltorial/venv/lib/python3.8/site-packages/airflow/example_dags/example_xcom.py for tasks to queue
[2024-10-09T18:12:40.516-0300] {logging_mixin.py:149} INFO - [2024-10-09T18:12:40.515-0300] {dagbag.py:541} INFO - Filling up the DagBag from /home/marti/Lighthouse/airflow_tooltorial/venv/lib/python3.8/site-packages/airflow/example_dags/example_xcom.py
[2024-10-09T18:12:40.546-0300] {processor.py:809} INFO - DAG(s) dict_keys(['example_xcom']) retrieved from /home/marti/Lighthouse/airflow_tooltorial/venv/lib/python3.8/site-packages/airflow/example_dags/example_xcom.py
[2024-10-09T18:12:40.581-0300] {logging_mixin.py:149} INFO - [2024-10-09T18:12:40.581-0300] {dag.py:2726} INFO - Sync 1 DAGs
[2024-10-09T18:12:40.603-0300] {logging_mixin.py:149} INFO - [2024-10-09T18:12:40.603-0300] {dag.py:3486} INFO - Setting next_dagrun for example_xcom to 2021-01-01T00:00:00+00:00, run_after=2021-01-01T00:00:00+00:00
[2024-10-09T18:12:40.805-0300] {processor.py:178} INFO - Processing /home/marti/Lighthouse/airflow_tooltorial/venv/lib/python3.8/site-packages/airflow/example_dags/example_xcom.py took 0.334 seconds
[2024-10-09T18:13:32.476-0300] {processor.py:156} INFO - Started process (PID=62768) to work on /home/marti/Lighthouse/airflow_tooltorial/venv/lib/python3.8/site-packages/airflow/example_dags/example_xcom.py
[2024-10-09T18:13:32.486-0300] {processor.py:799} INFO - Processing file /home/marti/Lighthouse/airflow_tooltorial/venv/lib/python3.8/site-packages/airflow/example_dags/example_xcom.py for tasks to queue
[2024-10-09T18:13:32.487-0300] {logging_mixin.py:149} INFO - [2024-10-09T18:13:32.487-0300] {dagbag.py:541} INFO - Filling up the DagBag from /home/marti/Lighthouse/airflow_tooltorial/venv/lib/python3.8/site-packages/airflow/example_dags/example_xcom.py
[2024-10-09T18:13:32.499-0300] {processor.py:809} INFO - DAG(s) dict_keys(['example_xcom']) retrieved from /home/marti/Lighthouse/airflow_tooltorial/venv/lib/python3.8/site-packages/airflow/example_dags/example_xcom.py
[2024-10-09T18:13:32.526-0300] {logging_mixin.py:149} INFO - [2024-10-09T18:13:32.526-0300] {dag.py:2726} INFO - Sync 1 DAGs
[2024-10-09T18:13:32.542-0300] {logging_mixin.py:149} INFO - [2024-10-09T18:13:32.542-0300] {dag.py:3486} INFO - Setting next_dagrun for example_xcom to 2021-01-01T00:00:00+00:00, run_after=2021-01-01T00:00:00+00:00
[2024-10-09T18:13:32.734-0300] {processor.py:178} INFO - Processing /home/marti/Lighthouse/airflow_tooltorial/venv/lib/python3.8/site-packages/airflow/example_dags/example_xcom.py took 0.261 seconds
[2024-10-09T18:14:26.262-0300] {processor.py:156} INFO - Started process (PID=62884) to work on /home/marti/Lighthouse/airflow_tooltorial/venv/lib/python3.8/site-packages/airflow/example_dags/example_xcom.py
[2024-10-09T18:14:26.306-0300] {processor.py:799} INFO - Processing file /home/marti/Lighthouse/airflow_tooltorial/venv/lib/python3.8/site-packages/airflow/example_dags/example_xcom.py for tasks to queue
[2024-10-09T18:14:26.309-0300] {logging_mixin.py:149} INFO - [2024-10-09T18:14:26.308-0300] {dagbag.py:541} INFO - Filling up the DagBag from /home/marti/Lighthouse/airflow_tooltorial/venv/lib/python3.8/site-packages/airflow/example_dags/example_xcom.py
[2024-10-09T18:14:26.330-0300] {processor.py:809} INFO - DAG(s) dict_keys(['example_xcom']) retrieved from /home/marti/Lighthouse/airflow_tooltorial/venv/lib/python3.8/site-packages/airflow/example_dags/example_xcom.py
[2024-10-09T18:14:26.352-0300] {logging_mixin.py:149} INFO - [2024-10-09T18:14:26.352-0300] {dag.py:2726} INFO - Sync 1 DAGs
[2024-10-09T18:14:26.368-0300] {logging_mixin.py:149} INFO - [2024-10-09T18:14:26.367-0300] {dag.py:3486} INFO - Setting next_dagrun for example_xcom to 2021-01-01T00:00:00+00:00, run_after=2021-01-01T00:00:00+00:00
[2024-10-09T18:14:26.499-0300] {processor.py:178} INFO - Processing /home/marti/Lighthouse/airflow_tooltorial/venv/lib/python3.8/site-packages/airflow/example_dags/example_xcom.py took 0.242 seconds
[2024-10-09T18:15:24.596-0300] {processor.py:156} INFO - Started process (PID=63077) to work on /home/marti/Lighthouse/airflow_tooltorial/venv/lib/python3.8/site-packages/airflow/example_dags/example_xcom.py
[2024-10-09T18:15:24.612-0300] {processor.py:799} INFO - Processing file /home/marti/Lighthouse/airflow_tooltorial/venv/lib/python3.8/site-packages/airflow/example_dags/example_xcom.py for tasks to queue
[2024-10-09T18:15:24.613-0300] {logging_mixin.py:149} INFO - [2024-10-09T18:15:24.613-0300] {dagbag.py:541} INFO - Filling up the DagBag from /home/marti/Lighthouse/airflow_tooltorial/venv/lib/python3.8/site-packages/airflow/example_dags/example_xcom.py
[2024-10-09T18:15:24.623-0300] {processor.py:809} INFO - DAG(s) dict_keys(['example_xcom']) retrieved from /home/marti/Lighthouse/airflow_tooltorial/venv/lib/python3.8/site-packages/airflow/example_dags/example_xcom.py
[2024-10-09T18:15:24.650-0300] {logging_mixin.py:149} INFO - [2024-10-09T18:15:24.650-0300] {dag.py:2726} INFO - Sync 1 DAGs
[2024-10-09T18:15:24.666-0300] {logging_mixin.py:149} INFO - [2024-10-09T18:15:24.666-0300] {dag.py:3486} INFO - Setting next_dagrun for example_xcom to 2021-01-01T00:00:00+00:00, run_after=2021-01-01T00:00:00+00:00
[2024-10-09T18:15:24.800-0300] {processor.py:178} INFO - Processing /home/marti/Lighthouse/airflow_tooltorial/venv/lib/python3.8/site-packages/airflow/example_dags/example_xcom.py took 0.207 seconds
[2024-10-09T18:16:14.172-0300] {processor.py:156} INFO - Started process (PID=63289) to work on /home/marti/Lighthouse/airflow_tooltorial/venv/lib/python3.8/site-packages/airflow/example_dags/example_xcom.py
[2024-10-09T18:16:14.190-0300] {processor.py:799} INFO - Processing file /home/marti/Lighthouse/airflow_tooltorial/venv/lib/python3.8/site-packages/airflow/example_dags/example_xcom.py for tasks to queue
[2024-10-09T18:16:14.193-0300] {logging_mixin.py:149} INFO - [2024-10-09T18:16:14.192-0300] {dagbag.py:541} INFO - Filling up the DagBag from /home/marti/Lighthouse/airflow_tooltorial/venv/lib/python3.8/site-packages/airflow/example_dags/example_xcom.py
[2024-10-09T18:16:14.215-0300] {processor.py:809} INFO - DAG(s) dict_keys(['example_xcom']) retrieved from /home/marti/Lighthouse/airflow_tooltorial/venv/lib/python3.8/site-packages/airflow/example_dags/example_xcom.py
[2024-10-09T18:16:14.240-0300] {logging_mixin.py:149} INFO - [2024-10-09T18:16:14.240-0300] {dag.py:2726} INFO - Sync 1 DAGs
[2024-10-09T18:16:14.256-0300] {logging_mixin.py:149} INFO - [2024-10-09T18:16:14.255-0300] {dag.py:3486} INFO - Setting next_dagrun for example_xcom to 2021-01-01T00:00:00+00:00, run_after=2021-01-01T00:00:00+00:00
[2024-10-09T18:16:14.469-0300] {processor.py:178} INFO - Processing /home/marti/Lighthouse/airflow_tooltorial/venv/lib/python3.8/site-packages/airflow/example_dags/example_xcom.py took 0.303 seconds
[2024-10-09T18:17:08.369-0300] {processor.py:156} INFO - Started process (PID=63584) to work on /home/marti/Lighthouse/airflow_tooltorial/venv/lib/python3.8/site-packages/airflow/example_dags/example_xcom.py
[2024-10-09T18:17:08.413-0300] {processor.py:799} INFO - Processing file /home/marti/Lighthouse/airflow_tooltorial/venv/lib/python3.8/site-packages/airflow/example_dags/example_xcom.py for tasks to queue
[2024-10-09T18:17:08.414-0300] {logging_mixin.py:149} INFO - [2024-10-09T18:17:08.413-0300] {dagbag.py:541} INFO - Filling up the DagBag from /home/marti/Lighthouse/airflow_tooltorial/venv/lib/python3.8/site-packages/airflow/example_dags/example_xcom.py
[2024-10-09T18:17:08.424-0300] {processor.py:809} INFO - DAG(s) dict_keys(['example_xcom']) retrieved from /home/marti/Lighthouse/airflow_tooltorial/venv/lib/python3.8/site-packages/airflow/example_dags/example_xcom.py
[2024-10-09T18:17:08.445-0300] {logging_mixin.py:149} INFO - [2024-10-09T18:17:08.445-0300] {dag.py:2726} INFO - Sync 1 DAGs
[2024-10-09T18:17:08.468-0300] {logging_mixin.py:149} INFO - [2024-10-09T18:17:08.468-0300] {dag.py:3486} INFO - Setting next_dagrun for example_xcom to 2021-01-01T00:00:00+00:00, run_after=2021-01-01T00:00:00+00:00
[2024-10-09T18:17:08.941-0300] {processor.py:178} INFO - Processing /home/marti/Lighthouse/airflow_tooltorial/venv/lib/python3.8/site-packages/airflow/example_dags/example_xcom.py took 0.579 seconds
[2024-10-09T18:17:49.660-0300] {processor.py:156} INFO - Started process (PID=64025) to work on /home/marti/Lighthouse/airflow_tooltorial/venv/lib/python3.8/site-packages/airflow/example_dags/example_xcom.py
[2024-10-09T18:17:49.685-0300] {processor.py:799} INFO - Processing file /home/marti/Lighthouse/airflow_tooltorial/venv/lib/python3.8/site-packages/airflow/example_dags/example_xcom.py for tasks to queue
[2024-10-09T18:17:49.687-0300] {logging_mixin.py:149} INFO - [2024-10-09T18:17:49.687-0300] {dagbag.py:541} INFO - Filling up the DagBag from /home/marti/Lighthouse/airflow_tooltorial/venv/lib/python3.8/site-packages/airflow/example_dags/example_xcom.py
[2024-10-09T18:17:49.709-0300] {processor.py:809} INFO - DAG(s) dict_keys(['example_xcom']) retrieved from /home/marti/Lighthouse/airflow_tooltorial/venv/lib/python3.8/site-packages/airflow/example_dags/example_xcom.py
[2024-10-09T18:17:49.735-0300] {logging_mixin.py:149} INFO - [2024-10-09T18:17:49.735-0300] {dag.py:2726} INFO - Sync 1 DAGs
[2024-10-09T18:17:49.752-0300] {logging_mixin.py:149} INFO - [2024-10-09T18:17:49.752-0300] {dag.py:3486} INFO - Setting next_dagrun for example_xcom to 2021-01-01T00:00:00+00:00, run_after=2021-01-01T00:00:00+00:00
[2024-10-09T18:17:49.866-0300] {processor.py:178} INFO - Processing /home/marti/Lighthouse/airflow_tooltorial/venv/lib/python3.8/site-packages/airflow/example_dags/example_xcom.py took 0.215 seconds
[2024-10-09T18:18:42.363-0300] {processor.py:156} INFO - Started process (PID=64180) to work on /home/marti/Lighthouse/airflow_tooltorial/venv/lib/python3.8/site-packages/airflow/example_dags/example_xcom.py
[2024-10-09T18:18:42.396-0300] {processor.py:799} INFO - Processing file /home/marti/Lighthouse/airflow_tooltorial/venv/lib/python3.8/site-packages/airflow/example_dags/example_xcom.py for tasks to queue
[2024-10-09T18:18:42.397-0300] {logging_mixin.py:149} INFO - [2024-10-09T18:18:42.397-0300] {dagbag.py:541} INFO - Filling up the DagBag from /home/marti/Lighthouse/airflow_tooltorial/venv/lib/python3.8/site-packages/airflow/example_dags/example_xcom.py
[2024-10-09T18:18:42.404-0300] {processor.py:809} INFO - DAG(s) dict_keys(['example_xcom']) retrieved from /home/marti/Lighthouse/airflow_tooltorial/venv/lib/python3.8/site-packages/airflow/example_dags/example_xcom.py
[2024-10-09T18:18:42.425-0300] {logging_mixin.py:149} INFO - [2024-10-09T18:18:42.425-0300] {dag.py:2726} INFO - Sync 1 DAGs
[2024-10-09T18:18:42.441-0300] {logging_mixin.py:149} INFO - [2024-10-09T18:18:42.440-0300] {dag.py:3486} INFO - Setting next_dagrun for example_xcom to 2021-01-01T00:00:00+00:00, run_after=2021-01-01T00:00:00+00:00
[2024-10-09T18:18:42.565-0300] {processor.py:178} INFO - Processing /home/marti/Lighthouse/airflow_tooltorial/venv/lib/python3.8/site-packages/airflow/example_dags/example_xcom.py took 0.209 seconds
[2024-10-09T18:48:02.629-0300] {processor.py:156} INFO - Started process (PID=69548) to work on /home/marti/Lighthouse/airflow_tooltorial/venv/lib/python3.8/site-packages/airflow/example_dags/example_xcom.py
[2024-10-09T18:48:02.678-0300] {processor.py:799} INFO - Processing file /home/marti/Lighthouse/airflow_tooltorial/venv/lib/python3.8/site-packages/airflow/example_dags/example_xcom.py for tasks to queue
[2024-10-09T18:48:02.681-0300] {logging_mixin.py:149} INFO - [2024-10-09T18:48:02.681-0300] {dagbag.py:541} INFO - Filling up the DagBag from /home/marti/Lighthouse/airflow_tooltorial/venv/lib/python3.8/site-packages/airflow/example_dags/example_xcom.py
[2024-10-09T18:48:02.720-0300] {processor.py:809} INFO - DAG(s) dict_keys(['example_xcom']) retrieved from /home/marti/Lighthouse/airflow_tooltorial/venv/lib/python3.8/site-packages/airflow/example_dags/example_xcom.py
[2024-10-09T18:48:02.739-0300] {logging_mixin.py:149} INFO - [2024-10-09T18:48:02.739-0300] {dag.py:2726} INFO - Sync 1 DAGs
[2024-10-09T18:48:02.767-0300] {logging_mixin.py:149} INFO - [2024-10-09T18:48:02.767-0300] {dag.py:3486} INFO - Setting next_dagrun for example_xcom to 2021-01-01T00:00:00+00:00, run_after=2021-01-01T00:00:00+00:00
[2024-10-09T18:48:02.869-0300] {processor.py:178} INFO - Processing /home/marti/Lighthouse/airflow_tooltorial/venv/lib/python3.8/site-packages/airflow/example_dags/example_xcom.py took 0.243 seconds
[2024-10-09T18:51:29.635-0300] {processor.py:156} INFO - Started process (PID=70984) to work on /home/marti/Lighthouse/airflow_tooltorial/venv/lib/python3.8/site-packages/airflow/example_dags/example_xcom.py
[2024-10-09T18:51:29.653-0300] {processor.py:799} INFO - Processing file /home/marti/Lighthouse/airflow_tooltorial/venv/lib/python3.8/site-packages/airflow/example_dags/example_xcom.py for tasks to queue
[2024-10-09T18:51:29.658-0300] {logging_mixin.py:149} INFO - [2024-10-09T18:51:29.657-0300] {dagbag.py:541} INFO - Filling up the DagBag from /home/marti/Lighthouse/airflow_tooltorial/venv/lib/python3.8/site-packages/airflow/example_dags/example_xcom.py
[2024-10-09T18:51:29.682-0300] {processor.py:809} INFO - DAG(s) dict_keys(['example_xcom']) retrieved from /home/marti/Lighthouse/airflow_tooltorial/venv/lib/python3.8/site-packages/airflow/example_dags/example_xcom.py
[2024-10-09T18:51:29.692-0300] {logging_mixin.py:149} INFO - [2024-10-09T18:51:29.692-0300] {dag.py:2726} INFO - Sync 1 DAGs
[2024-10-09T18:51:29.713-0300] {logging_mixin.py:149} INFO - [2024-10-09T18:51:29.713-0300] {dag.py:3486} INFO - Setting next_dagrun for example_xcom to 2021-01-01T00:00:00+00:00, run_after=2021-01-01T00:00:00+00:00
[2024-10-09T18:51:29.850-0300] {processor.py:178} INFO - Processing /home/marti/Lighthouse/airflow_tooltorial/venv/lib/python3.8/site-packages/airflow/example_dags/example_xcom.py took 0.232 seconds
