[2024-10-09T18:06:23.150-0300] {processor.py:156} INFO - Started process (PID=60996) to work on /home/marti/Lighthouse/airflow_tooltorial/venv/lib/python3.8/site-packages/airflow/example_dags/example_task_group_decorator.py
[2024-10-09T18:06:23.154-0300] {processor.py:799} INFO - Processing file /home/marti/Lighthouse/airflow_tooltorial/venv/lib/python3.8/site-packages/airflow/example_dags/example_task_group_decorator.py for tasks to queue
[2024-10-09T18:06:23.159-0300] {logging_mixin.py:149} INFO - [2024-10-09T18:06:23.157-0300] {dagbag.py:541} INFO - Filling up the DagBag from /home/marti/Lighthouse/airflow_tooltorial/venv/lib/python3.8/site-packages/airflow/example_dags/example_task_group_decorator.py
[2024-10-09T18:06:23.225-0300] {processor.py:809} INFO - DAG(s) dict_keys(['example_task_group_decorator']) retrieved from /home/marti/Lighthouse/airflow_tooltorial/venv/lib/python3.8/site-packages/airflow/example_dags/example_task_group_decorator.py
[2024-10-09T18:06:26.977-0300] {logging_mixin.py:149} INFO - [2024-10-09T18:06:26.976-0300] {manager.py:504} INFO - Created Permission View: can read on DAG:example_task_group_decorator
[2024-10-09T18:06:27.310-0300] {logging_mixin.py:149} INFO - [2024-10-09T18:06:27.309-0300] {manager.py:504} INFO - Created Permission View: can edit on DAG:example_task_group_decorator
[2024-10-09T18:06:27.421-0300] {logging_mixin.py:149} INFO - [2024-10-09T18:06:27.420-0300] {manager.py:504} INFO - Created Permission View: can delete on DAG:example_task_group_decorator
[2024-10-09T18:06:27.422-0300] {logging_mixin.py:149} INFO - [2024-10-09T18:06:27.421-0300] {dag.py:2726} INFO - Sync 1 DAGs
[2024-10-09T18:06:27.452-0300] {logging_mixin.py:149} INFO - [2024-10-09T18:06:27.452-0300] {dag.py:2747} INFO - Creating ORM DAG for example_task_group_decorator
[2024-10-09T18:06:29.234-0300] {logging_mixin.py:149} INFO - [2024-10-09T18:06:29.234-0300] {dag.py:3486} INFO - Setting next_dagrun for example_task_group_decorator to 2024-10-08T21:06:29.233632+00:00, run_after=2024-10-09T21:06:29.233632+00:00
[2024-10-09T18:06:29.703-0300] {processor.py:178} INFO - Processing /home/marti/Lighthouse/airflow_tooltorial/venv/lib/python3.8/site-packages/airflow/example_dags/example_task_group_decorator.py took 6.563 seconds
[2024-10-09T18:08:14.054-0300] {processor.py:156} INFO - Started process (PID=61730) to work on /home/marti/Lighthouse/airflow_tooltorial/venv/lib/python3.8/site-packages/airflow/example_dags/example_task_group_decorator.py
[2024-10-09T18:08:14.064-0300] {processor.py:799} INFO - Processing file /home/marti/Lighthouse/airflow_tooltorial/venv/lib/python3.8/site-packages/airflow/example_dags/example_task_group_decorator.py for tasks to queue
[2024-10-09T18:08:14.066-0300] {logging_mixin.py:149} INFO - [2024-10-09T18:08:14.066-0300] {dagbag.py:541} INFO - Filling up the DagBag from /home/marti/Lighthouse/airflow_tooltorial/venv/lib/python3.8/site-packages/airflow/example_dags/example_task_group_decorator.py
[2024-10-09T18:08:14.095-0300] {processor.py:809} INFO - DAG(s) dict_keys(['example_task_group_decorator']) retrieved from /home/marti/Lighthouse/airflow_tooltorial/venv/lib/python3.8/site-packages/airflow/example_dags/example_task_group_decorator.py
[2024-10-09T18:08:14.115-0300] {logging_mixin.py:149} INFO - [2024-10-09T18:08:14.115-0300] {dag.py:2726} INFO - Sync 1 DAGs
[2024-10-09T18:08:14.208-0300] {logging_mixin.py:149} INFO - [2024-10-09T18:08:14.208-0300] {dag.py:3486} INFO - Setting next_dagrun for example_task_group_decorator to 2024-10-08T21:08:14.208469+00:00, run_after=2024-10-09T21:08:14.208469+00:00
[2024-10-09T18:08:14.342-0300] {processor.py:178} INFO - Processing /home/marti/Lighthouse/airflow_tooltorial/venv/lib/python3.8/site-packages/airflow/example_dags/example_task_group_decorator.py took 0.297 seconds
[2024-10-09T18:09:00.137-0300] {processor.py:156} INFO - Started process (PID=62031) to work on /home/marti/Lighthouse/airflow_tooltorial/venv/lib/python3.8/site-packages/airflow/example_dags/example_task_group_decorator.py
[2024-10-09T18:09:00.152-0300] {processor.py:799} INFO - Processing file /home/marti/Lighthouse/airflow_tooltorial/venv/lib/python3.8/site-packages/airflow/example_dags/example_task_group_decorator.py for tasks to queue
[2024-10-09T18:09:00.154-0300] {logging_mixin.py:149} INFO - [2024-10-09T18:09:00.154-0300] {dagbag.py:541} INFO - Filling up the DagBag from /home/marti/Lighthouse/airflow_tooltorial/venv/lib/python3.8/site-packages/airflow/example_dags/example_task_group_decorator.py
[2024-10-09T18:09:00.183-0300] {processor.py:809} INFO - DAG(s) dict_keys(['example_task_group_decorator']) retrieved from /home/marti/Lighthouse/airflow_tooltorial/venv/lib/python3.8/site-packages/airflow/example_dags/example_task_group_decorator.py
[2024-10-09T18:09:00.321-0300] {logging_mixin.py:149} INFO - [2024-10-09T18:09:00.321-0300] {dag.py:2726} INFO - Sync 1 DAGs
[2024-10-09T18:09:00.336-0300] {logging_mixin.py:149} INFO - [2024-10-09T18:09:00.336-0300] {dag.py:3486} INFO - Setting next_dagrun for example_task_group_decorator to 2024-10-08T21:09:00.336699+00:00, run_after=2024-10-09T21:09:00.336699+00:00
[2024-10-09T18:09:00.534-0300] {processor.py:178} INFO - Processing /home/marti/Lighthouse/airflow_tooltorial/venv/lib/python3.8/site-packages/airflow/example_dags/example_task_group_decorator.py took 0.405 seconds
[2024-10-09T18:09:56.713-0300] {processor.py:156} INFO - Started process (PID=62223) to work on /home/marti/Lighthouse/airflow_tooltorial/venv/lib/python3.8/site-packages/airflow/example_dags/example_task_group_decorator.py
[2024-10-09T18:09:56.736-0300] {processor.py:799} INFO - Processing file /home/marti/Lighthouse/airflow_tooltorial/venv/lib/python3.8/site-packages/airflow/example_dags/example_task_group_decorator.py for tasks to queue
[2024-10-09T18:09:56.737-0300] {logging_mixin.py:149} INFO - [2024-10-09T18:09:56.737-0300] {dagbag.py:541} INFO - Filling up the DagBag from /home/marti/Lighthouse/airflow_tooltorial/venv/lib/python3.8/site-packages/airflow/example_dags/example_task_group_decorator.py
[2024-10-09T18:09:56.756-0300] {processor.py:809} INFO - DAG(s) dict_keys(['example_task_group_decorator']) retrieved from /home/marti/Lighthouse/airflow_tooltorial/venv/lib/python3.8/site-packages/airflow/example_dags/example_task_group_decorator.py
[2024-10-09T18:09:56.780-0300] {logging_mixin.py:149} INFO - [2024-10-09T18:09:56.779-0300] {dag.py:2726} INFO - Sync 1 DAGs
[2024-10-09T18:09:56.795-0300] {logging_mixin.py:149} INFO - [2024-10-09T18:09:56.795-0300] {dag.py:3486} INFO - Setting next_dagrun for example_task_group_decorator to 2024-10-08T21:09:56.795436+00:00, run_after=2024-10-09T21:09:56.795436+00:00
[2024-10-09T18:09:56.927-0300] {processor.py:178} INFO - Processing /home/marti/Lighthouse/airflow_tooltorial/venv/lib/python3.8/site-packages/airflow/example_dags/example_task_group_decorator.py took 0.216 seconds
[2024-10-09T18:10:50.557-0300] {processor.py:156} INFO - Started process (PID=62387) to work on /home/marti/Lighthouse/airflow_tooltorial/venv/lib/python3.8/site-packages/airflow/example_dags/example_task_group_decorator.py
[2024-10-09T18:10:50.579-0300] {processor.py:799} INFO - Processing file /home/marti/Lighthouse/airflow_tooltorial/venv/lib/python3.8/site-packages/airflow/example_dags/example_task_group_decorator.py for tasks to queue
[2024-10-09T18:10:50.580-0300] {logging_mixin.py:149} INFO - [2024-10-09T18:10:50.580-0300] {dagbag.py:541} INFO - Filling up the DagBag from /home/marti/Lighthouse/airflow_tooltorial/venv/lib/python3.8/site-packages/airflow/example_dags/example_task_group_decorator.py
[2024-10-09T18:10:50.601-0300] {processor.py:809} INFO - DAG(s) dict_keys(['example_task_group_decorator']) retrieved from /home/marti/Lighthouse/airflow_tooltorial/venv/lib/python3.8/site-packages/airflow/example_dags/example_task_group_decorator.py
[2024-10-09T18:10:50.626-0300] {logging_mixin.py:149} INFO - [2024-10-09T18:10:50.626-0300] {dag.py:2726} INFO - Sync 1 DAGs
[2024-10-09T18:10:50.641-0300] {logging_mixin.py:149} INFO - [2024-10-09T18:10:50.641-0300] {dag.py:3486} INFO - Setting next_dagrun for example_task_group_decorator to 2024-10-08T21:10:50.641134+00:00, run_after=2024-10-09T21:10:50.641134+00:00
[2024-10-09T18:10:50.772-0300] {processor.py:178} INFO - Processing /home/marti/Lighthouse/airflow_tooltorial/venv/lib/python3.8/site-packages/airflow/example_dags/example_task_group_decorator.py took 0.217 seconds
[2024-10-09T18:11:45.796-0300] {processor.py:156} INFO - Started process (PID=62524) to work on /home/marti/Lighthouse/airflow_tooltorial/venv/lib/python3.8/site-packages/airflow/example_dags/example_task_group_decorator.py
[2024-10-09T18:11:45.828-0300] {processor.py:799} INFO - Processing file /home/marti/Lighthouse/airflow_tooltorial/venv/lib/python3.8/site-packages/airflow/example_dags/example_task_group_decorator.py for tasks to queue
[2024-10-09T18:11:45.828-0300] {logging_mixin.py:149} INFO - [2024-10-09T18:11:45.828-0300] {dagbag.py:541} INFO - Filling up the DagBag from /home/marti/Lighthouse/airflow_tooltorial/venv/lib/python3.8/site-packages/airflow/example_dags/example_task_group_decorator.py
[2024-10-09T18:11:45.841-0300] {processor.py:809} INFO - DAG(s) dict_keys(['example_task_group_decorator']) retrieved from /home/marti/Lighthouse/airflow_tooltorial/venv/lib/python3.8/site-packages/airflow/example_dags/example_task_group_decorator.py
[2024-10-09T18:11:45.862-0300] {logging_mixin.py:149} INFO - [2024-10-09T18:11:45.862-0300] {dag.py:2726} INFO - Sync 1 DAGs
[2024-10-09T18:11:45.878-0300] {logging_mixin.py:149} INFO - [2024-10-09T18:11:45.878-0300] {dag.py:3486} INFO - Setting next_dagrun for example_task_group_decorator to 2024-10-08T21:11:45.878228+00:00, run_after=2024-10-09T21:11:45.878228+00:00
[2024-10-09T18:11:46.000-0300] {processor.py:178} INFO - Processing /home/marti/Lighthouse/airflow_tooltorial/venv/lib/python3.8/site-packages/airflow/example_dags/example_task_group_decorator.py took 0.206 seconds
[2024-10-09T18:12:38.961-0300] {processor.py:156} INFO - Started process (PID=62648) to work on /home/marti/Lighthouse/airflow_tooltorial/venv/lib/python3.8/site-packages/airflow/example_dags/example_task_group_decorator.py
[2024-10-09T18:12:38.980-0300] {processor.py:799} INFO - Processing file /home/marti/Lighthouse/airflow_tooltorial/venv/lib/python3.8/site-packages/airflow/example_dags/example_task_group_decorator.py for tasks to queue
[2024-10-09T18:12:38.983-0300] {logging_mixin.py:149} INFO - [2024-10-09T18:12:38.982-0300] {dagbag.py:541} INFO - Filling up the DagBag from /home/marti/Lighthouse/airflow_tooltorial/venv/lib/python3.8/site-packages/airflow/example_dags/example_task_group_decorator.py
[2024-10-09T18:12:39.015-0300] {processor.py:809} INFO - DAG(s) dict_keys(['example_task_group_decorator']) retrieved from /home/marti/Lighthouse/airflow_tooltorial/venv/lib/python3.8/site-packages/airflow/example_dags/example_task_group_decorator.py
[2024-10-09T18:12:39.036-0300] {logging_mixin.py:149} INFO - [2024-10-09T18:12:39.035-0300] {dag.py:2726} INFO - Sync 1 DAGs
[2024-10-09T18:12:39.051-0300] {logging_mixin.py:149} INFO - [2024-10-09T18:12:39.051-0300] {dag.py:3486} INFO - Setting next_dagrun for example_task_group_decorator to 2024-10-08T21:12:39.050957+00:00, run_after=2024-10-09T21:12:39.050957+00:00
[2024-10-09T18:12:39.182-0300] {processor.py:178} INFO - Processing /home/marti/Lighthouse/airflow_tooltorial/venv/lib/python3.8/site-packages/airflow/example_dags/example_task_group_decorator.py took 0.227 seconds
[2024-10-09T18:13:31.573-0300] {processor.py:156} INFO - Started process (PID=62767) to work on /home/marti/Lighthouse/airflow_tooltorial/venv/lib/python3.8/site-packages/airflow/example_dags/example_task_group_decorator.py
[2024-10-09T18:13:31.618-0300] {processor.py:799} INFO - Processing file /home/marti/Lighthouse/airflow_tooltorial/venv/lib/python3.8/site-packages/airflow/example_dags/example_task_group_decorator.py for tasks to queue
[2024-10-09T18:13:31.620-0300] {logging_mixin.py:149} INFO - [2024-10-09T18:13:31.619-0300] {dagbag.py:541} INFO - Filling up the DagBag from /home/marti/Lighthouse/airflow_tooltorial/venv/lib/python3.8/site-packages/airflow/example_dags/example_task_group_decorator.py
[2024-10-09T18:13:31.652-0300] {processor.py:809} INFO - DAG(s) dict_keys(['example_task_group_decorator']) retrieved from /home/marti/Lighthouse/airflow_tooltorial/venv/lib/python3.8/site-packages/airflow/example_dags/example_task_group_decorator.py
[2024-10-09T18:13:31.676-0300] {logging_mixin.py:149} INFO - [2024-10-09T18:13:31.676-0300] {dag.py:2726} INFO - Sync 1 DAGs
[2024-10-09T18:13:31.691-0300] {logging_mixin.py:149} INFO - [2024-10-09T18:13:31.691-0300] {dag.py:3486} INFO - Setting next_dagrun for example_task_group_decorator to 2024-10-08T21:13:31.691374+00:00, run_after=2024-10-09T21:13:31.691374+00:00
[2024-10-09T18:13:31.823-0300] {processor.py:178} INFO - Processing /home/marti/Lighthouse/airflow_tooltorial/venv/lib/python3.8/site-packages/airflow/example_dags/example_task_group_decorator.py took 0.253 seconds
[2024-10-09T18:14:24.883-0300] {processor.py:156} INFO - Started process (PID=62883) to work on /home/marti/Lighthouse/airflow_tooltorial/venv/lib/python3.8/site-packages/airflow/example_dags/example_task_group_decorator.py
[2024-10-09T18:14:24.920-0300] {processor.py:799} INFO - Processing file /home/marti/Lighthouse/airflow_tooltorial/venv/lib/python3.8/site-packages/airflow/example_dags/example_task_group_decorator.py for tasks to queue
[2024-10-09T18:14:24.921-0300] {logging_mixin.py:149} INFO - [2024-10-09T18:14:24.921-0300] {dagbag.py:541} INFO - Filling up the DagBag from /home/marti/Lighthouse/airflow_tooltorial/venv/lib/python3.8/site-packages/airflow/example_dags/example_task_group_decorator.py
[2024-10-09T18:14:24.942-0300] {processor.py:809} INFO - DAG(s) dict_keys(['example_task_group_decorator']) retrieved from /home/marti/Lighthouse/airflow_tooltorial/venv/lib/python3.8/site-packages/airflow/example_dags/example_task_group_decorator.py
[2024-10-09T18:14:24.963-0300] {logging_mixin.py:149} INFO - [2024-10-09T18:14:24.963-0300] {dag.py:2726} INFO - Sync 1 DAGs
[2024-10-09T18:14:24.980-0300] {logging_mixin.py:149} INFO - [2024-10-09T18:14:24.980-0300] {dag.py:3486} INFO - Setting next_dagrun for example_task_group_decorator to 2024-10-08T21:14:24.980528+00:00, run_after=2024-10-09T21:14:24.980528+00:00
[2024-10-09T18:14:25.133-0300] {processor.py:178} INFO - Processing /home/marti/Lighthouse/airflow_tooltorial/venv/lib/python3.8/site-packages/airflow/example_dags/example_task_group_decorator.py took 0.259 seconds
[2024-10-09T18:15:23.229-0300] {processor.py:156} INFO - Started process (PID=63076) to work on /home/marti/Lighthouse/airflow_tooltorial/venv/lib/python3.8/site-packages/airflow/example_dags/example_task_group_decorator.py
[2024-10-09T18:15:23.272-0300] {processor.py:799} INFO - Processing file /home/marti/Lighthouse/airflow_tooltorial/venv/lib/python3.8/site-packages/airflow/example_dags/example_task_group_decorator.py for tasks to queue
[2024-10-09T18:15:23.273-0300] {logging_mixin.py:149} INFO - [2024-10-09T18:15:23.273-0300] {dagbag.py:541} INFO - Filling up the DagBag from /home/marti/Lighthouse/airflow_tooltorial/venv/lib/python3.8/site-packages/airflow/example_dags/example_task_group_decorator.py
[2024-10-09T18:15:23.299-0300] {processor.py:809} INFO - DAG(s) dict_keys(['example_task_group_decorator']) retrieved from /home/marti/Lighthouse/airflow_tooltorial/venv/lib/python3.8/site-packages/airflow/example_dags/example_task_group_decorator.py
[2024-10-09T18:15:23.321-0300] {logging_mixin.py:149} INFO - [2024-10-09T18:15:23.321-0300] {dag.py:2726} INFO - Sync 1 DAGs
[2024-10-09T18:15:23.336-0300] {logging_mixin.py:149} INFO - [2024-10-09T18:15:23.336-0300] {dag.py:3486} INFO - Setting next_dagrun for example_task_group_decorator to 2024-10-08T21:15:23.336162+00:00, run_after=2024-10-09T21:15:23.336162+00:00
[2024-10-09T18:15:23.449-0300] {processor.py:178} INFO - Processing /home/marti/Lighthouse/airflow_tooltorial/venv/lib/python3.8/site-packages/airflow/example_dags/example_task_group_decorator.py took 0.225 seconds
[2024-10-09T18:16:12.879-0300] {processor.py:156} INFO - Started process (PID=63284) to work on /home/marti/Lighthouse/airflow_tooltorial/venv/lib/python3.8/site-packages/airflow/example_dags/example_task_group_decorator.py
[2024-10-09T18:16:12.939-0300] {processor.py:799} INFO - Processing file /home/marti/Lighthouse/airflow_tooltorial/venv/lib/python3.8/site-packages/airflow/example_dags/example_task_group_decorator.py for tasks to queue
[2024-10-09T18:16:12.943-0300] {logging_mixin.py:149} INFO - [2024-10-09T18:16:12.942-0300] {dagbag.py:541} INFO - Filling up the DagBag from /home/marti/Lighthouse/airflow_tooltorial/venv/lib/python3.8/site-packages/airflow/example_dags/example_task_group_decorator.py
[2024-10-09T18:16:12.978-0300] {processor.py:809} INFO - DAG(s) dict_keys(['example_task_group_decorator']) retrieved from /home/marti/Lighthouse/airflow_tooltorial/venv/lib/python3.8/site-packages/airflow/example_dags/example_task_group_decorator.py
[2024-10-09T18:16:13.000-0300] {logging_mixin.py:149} INFO - [2024-10-09T18:16:13.000-0300] {dag.py:2726} INFO - Sync 1 DAGs
[2024-10-09T18:16:13.016-0300] {logging_mixin.py:149} INFO - [2024-10-09T18:16:13.015-0300] {dag.py:3486} INFO - Setting next_dagrun for example_task_group_decorator to 2024-10-08T21:16:13.015669+00:00, run_after=2024-10-09T21:16:13.015669+00:00
[2024-10-09T18:16:13.139-0300] {processor.py:178} INFO - Processing /home/marti/Lighthouse/airflow_tooltorial/venv/lib/python3.8/site-packages/airflow/example_dags/example_task_group_decorator.py took 0.262 seconds
[2024-10-09T18:17:07.139-0300] {processor.py:156} INFO - Started process (PID=63579) to work on /home/marti/Lighthouse/airflow_tooltorial/venv/lib/python3.8/site-packages/airflow/example_dags/example_task_group_decorator.py
[2024-10-09T18:17:07.177-0300] {processor.py:799} INFO - Processing file /home/marti/Lighthouse/airflow_tooltorial/venv/lib/python3.8/site-packages/airflow/example_dags/example_task_group_decorator.py for tasks to queue
[2024-10-09T18:17:07.180-0300] {logging_mixin.py:149} INFO - [2024-10-09T18:17:07.180-0300] {dagbag.py:541} INFO - Filling up the DagBag from /home/marti/Lighthouse/airflow_tooltorial/venv/lib/python3.8/site-packages/airflow/example_dags/example_task_group_decorator.py
[2024-10-09T18:17:07.219-0300] {processor.py:809} INFO - DAG(s) dict_keys(['example_task_group_decorator']) retrieved from /home/marti/Lighthouse/airflow_tooltorial/venv/lib/python3.8/site-packages/airflow/example_dags/example_task_group_decorator.py
[2024-10-09T18:17:07.255-0300] {logging_mixin.py:149} INFO - [2024-10-09T18:17:07.255-0300] {dag.py:2726} INFO - Sync 1 DAGs
[2024-10-09T18:17:07.276-0300] {logging_mixin.py:149} INFO - [2024-10-09T18:17:07.276-0300] {dag.py:3486} INFO - Setting next_dagrun for example_task_group_decorator to 2024-10-08T21:17:07.276430+00:00, run_after=2024-10-09T21:17:07.276430+00:00
[2024-10-09T18:17:07.791-0300] {processor.py:178} INFO - Processing /home/marti/Lighthouse/airflow_tooltorial/venv/lib/python3.8/site-packages/airflow/example_dags/example_task_group_decorator.py took 0.662 seconds
[2024-10-09T18:17:48.135-0300] {processor.py:156} INFO - Started process (PID=63987) to work on /home/marti/Lighthouse/airflow_tooltorial/venv/lib/python3.8/site-packages/airflow/example_dags/example_task_group_decorator.py
[2024-10-09T18:17:48.163-0300] {processor.py:799} INFO - Processing file /home/marti/Lighthouse/airflow_tooltorial/venv/lib/python3.8/site-packages/airflow/example_dags/example_task_group_decorator.py for tasks to queue
[2024-10-09T18:17:48.165-0300] {logging_mixin.py:149} INFO - [2024-10-09T18:17:48.165-0300] {dagbag.py:541} INFO - Filling up the DagBag from /home/marti/Lighthouse/airflow_tooltorial/venv/lib/python3.8/site-packages/airflow/example_dags/example_task_group_decorator.py
[2024-10-09T18:17:48.210-0300] {processor.py:809} INFO - DAG(s) dict_keys(['example_task_group_decorator']) retrieved from /home/marti/Lighthouse/airflow_tooltorial/venv/lib/python3.8/site-packages/airflow/example_dags/example_task_group_decorator.py
[2024-10-09T18:17:48.245-0300] {logging_mixin.py:149} INFO - [2024-10-09T18:17:48.245-0300] {dag.py:2726} INFO - Sync 1 DAGs
[2024-10-09T18:17:48.266-0300] {logging_mixin.py:149} INFO - [2024-10-09T18:17:48.266-0300] {dag.py:3486} INFO - Setting next_dagrun for example_task_group_decorator to 2024-10-08T21:17:48.266517+00:00, run_after=2024-10-09T21:17:48.266517+00:00
[2024-10-09T18:17:48.412-0300] {processor.py:178} INFO - Processing /home/marti/Lighthouse/airflow_tooltorial/venv/lib/python3.8/site-packages/airflow/example_dags/example_task_group_decorator.py took 0.285 seconds
[2024-10-09T18:18:41.635-0300] {processor.py:156} INFO - Started process (PID=64179) to work on /home/marti/Lighthouse/airflow_tooltorial/venv/lib/python3.8/site-packages/airflow/example_dags/example_task_group_decorator.py
[2024-10-09T18:18:41.652-0300] {processor.py:799} INFO - Processing file /home/marti/Lighthouse/airflow_tooltorial/venv/lib/python3.8/site-packages/airflow/example_dags/example_task_group_decorator.py for tasks to queue
[2024-10-09T18:18:41.654-0300] {logging_mixin.py:149} INFO - [2024-10-09T18:18:41.654-0300] {dagbag.py:541} INFO - Filling up the DagBag from /home/marti/Lighthouse/airflow_tooltorial/venv/lib/python3.8/site-packages/airflow/example_dags/example_task_group_decorator.py
[2024-10-09T18:18:41.686-0300] {processor.py:809} INFO - DAG(s) dict_keys(['example_task_group_decorator']) retrieved from /home/marti/Lighthouse/airflow_tooltorial/venv/lib/python3.8/site-packages/airflow/example_dags/example_task_group_decorator.py
[2024-10-09T18:18:41.711-0300] {logging_mixin.py:149} INFO - [2024-10-09T18:18:41.711-0300] {dag.py:2726} INFO - Sync 1 DAGs
[2024-10-09T18:18:41.726-0300] {logging_mixin.py:149} INFO - [2024-10-09T18:18:41.726-0300] {dag.py:3486} INFO - Setting next_dagrun for example_task_group_decorator to 2024-10-08T21:18:41.726422+00:00, run_after=2024-10-09T21:18:41.726422+00:00
[2024-10-09T18:18:41.867-0300] {processor.py:178} INFO - Processing /home/marti/Lighthouse/airflow_tooltorial/venv/lib/python3.8/site-packages/airflow/example_dags/example_task_group_decorator.py took 0.238 seconds
[2024-10-09T18:48:01.604-0300] {processor.py:156} INFO - Started process (PID=69500) to work on /home/marti/Lighthouse/airflow_tooltorial/venv/lib/python3.8/site-packages/airflow/example_dags/example_task_group_decorator.py
[2024-10-09T18:48:01.651-0300] {processor.py:799} INFO - Processing file /home/marti/Lighthouse/airflow_tooltorial/venv/lib/python3.8/site-packages/airflow/example_dags/example_task_group_decorator.py for tasks to queue
[2024-10-09T18:48:01.654-0300] {logging_mixin.py:149} INFO - [2024-10-09T18:48:01.654-0300] {dagbag.py:541} INFO - Filling up the DagBag from /home/marti/Lighthouse/airflow_tooltorial/venv/lib/python3.8/site-packages/airflow/example_dags/example_task_group_decorator.py
[2024-10-09T18:48:01.694-0300] {processor.py:809} INFO - DAG(s) dict_keys(['example_task_group_decorator']) retrieved from /home/marti/Lighthouse/airflow_tooltorial/venv/lib/python3.8/site-packages/airflow/example_dags/example_task_group_decorator.py
[2024-10-09T18:48:01.706-0300] {logging_mixin.py:149} INFO - [2024-10-09T18:48:01.706-0300] {dag.py:2726} INFO - Sync 1 DAGs
[2024-10-09T18:48:01.741-0300] {logging_mixin.py:149} INFO - [2024-10-09T18:48:01.740-0300] {dag.py:3486} INFO - Setting next_dagrun for example_task_group_decorator to 2024-10-08T21:48:01.740617+00:00, run_after=2024-10-09T21:48:01.740617+00:00
[2024-10-09T18:48:01.901-0300] {processor.py:178} INFO - Processing /home/marti/Lighthouse/airflow_tooltorial/venv/lib/python3.8/site-packages/airflow/example_dags/example_task_group_decorator.py took 0.300 seconds
[2024-10-09T18:51:28.321-0300] {processor.py:156} INFO - Started process (PID=70983) to work on /home/marti/Lighthouse/airflow_tooltorial/venv/lib/python3.8/site-packages/airflow/example_dags/example_task_group_decorator.py
[2024-10-09T18:51:28.334-0300] {processor.py:799} INFO - Processing file /home/marti/Lighthouse/airflow_tooltorial/venv/lib/python3.8/site-packages/airflow/example_dags/example_task_group_decorator.py for tasks to queue
[2024-10-09T18:51:28.336-0300] {logging_mixin.py:149} INFO - [2024-10-09T18:51:28.336-0300] {dagbag.py:541} INFO - Filling up the DagBag from /home/marti/Lighthouse/airflow_tooltorial/venv/lib/python3.8/site-packages/airflow/example_dags/example_task_group_decorator.py
[2024-10-09T18:51:28.391-0300] {processor.py:809} INFO - DAG(s) dict_keys(['example_task_group_decorator']) retrieved from /home/marti/Lighthouse/airflow_tooltorial/venv/lib/python3.8/site-packages/airflow/example_dags/example_task_group_decorator.py
[2024-10-09T18:51:28.405-0300] {logging_mixin.py:149} INFO - [2024-10-09T18:51:28.405-0300] {dag.py:2726} INFO - Sync 1 DAGs
[2024-10-09T18:51:28.435-0300] {logging_mixin.py:149} INFO - [2024-10-09T18:51:28.435-0300] {dag.py:3486} INFO - Setting next_dagrun for example_task_group_decorator to 2024-10-08T21:51:28.434914+00:00, run_after=2024-10-09T21:51:28.434914+00:00
[2024-10-09T18:51:28.570-0300] {processor.py:178} INFO - Processing /home/marti/Lighthouse/airflow_tooltorial/venv/lib/python3.8/site-packages/airflow/example_dags/example_task_group_decorator.py took 0.253 seconds
