[2024-10-09T18:07:29.679-0300] {processor.py:156} INFO - Started process (PID=61415) to work on /home/marti/Lighthouse/airflow_tooltorial/venv/lib/python3.8/site-packages/airflow/example_dags/example_params_trigger_ui.py
[2024-10-09T18:07:29.680-0300] {processor.py:799} INFO - Processing file /home/marti/Lighthouse/airflow_tooltorial/venv/lib/python3.8/site-packages/airflow/example_dags/example_params_trigger_ui.py for tasks to queue
[2024-10-09T18:07:29.682-0300] {logging_mixin.py:149} INFO - [2024-10-09T18:07:29.681-0300] {dagbag.py:541} INFO - Filling up the DagBag from /home/marti/Lighthouse/airflow_tooltorial/venv/lib/python3.8/site-packages/airflow/example_dags/example_params_trigger_ui.py
[2024-10-09T18:07:29.714-0300] {processor.py:809} INFO - DAG(s) dict_keys(['example_params_trigger_ui']) retrieved from /home/marti/Lighthouse/airflow_tooltorial/venv/lib/python3.8/site-packages/airflow/example_dags/example_params_trigger_ui.py
[2024-10-09T18:07:30.306-0300] {logging_mixin.py:149} INFO - [2024-10-09T18:07:30.305-0300] {manager.py:504} INFO - Created Permission View: can read on DAG:example_params_trigger_ui
[2024-10-09T18:07:30.438-0300] {logging_mixin.py:149} INFO - [2024-10-09T18:07:30.438-0300] {manager.py:504} INFO - Created Permission View: can edit on DAG:example_params_trigger_ui
[2024-10-09T18:07:30.561-0300] {logging_mixin.py:149} INFO - [2024-10-09T18:07:30.560-0300] {manager.py:504} INFO - Created Permission View: can delete on DAG:example_params_trigger_ui
[2024-10-09T18:07:30.562-0300] {logging_mixin.py:149} INFO - [2024-10-09T18:07:30.562-0300] {dag.py:2726} INFO - Sync 1 DAGs
[2024-10-09T18:07:30.596-0300] {logging_mixin.py:149} INFO - [2024-10-09T18:07:30.595-0300] {dag.py:2747} INFO - Creating ORM DAG for example_params_trigger_ui
[2024-10-09T18:07:30.606-0300] {logging_mixin.py:149} INFO - [2024-10-09T18:07:30.606-0300] {dag.py:3486} INFO - Setting next_dagrun for example_params_trigger_ui to None, run_after=None
[2024-10-09T18:07:30.818-0300] {processor.py:178} INFO - Processing /home/marti/Lighthouse/airflow_tooltorial/venv/lib/python3.8/site-packages/airflow/example_dags/example_params_trigger_ui.py took 1.145 seconds
[2024-10-09T18:08:48.696-0300] {processor.py:156} INFO - Started process (PID=62023) to work on /home/marti/Lighthouse/airflow_tooltorial/venv/lib/python3.8/site-packages/airflow/example_dags/example_params_trigger_ui.py
[2024-10-09T18:08:48.743-0300] {processor.py:799} INFO - Processing file /home/marti/Lighthouse/airflow_tooltorial/venv/lib/python3.8/site-packages/airflow/example_dags/example_params_trigger_ui.py for tasks to queue
[2024-10-09T18:08:48.745-0300] {logging_mixin.py:149} INFO - [2024-10-09T18:08:48.745-0300] {dagbag.py:541} INFO - Filling up the DagBag from /home/marti/Lighthouse/airflow_tooltorial/venv/lib/python3.8/site-packages/airflow/example_dags/example_params_trigger_ui.py
[2024-10-09T18:08:48.790-0300] {processor.py:809} INFO - DAG(s) dict_keys(['example_params_trigger_ui']) retrieved from /home/marti/Lighthouse/airflow_tooltorial/venv/lib/python3.8/site-packages/airflow/example_dags/example_params_trigger_ui.py
[2024-10-09T18:08:48.946-0300] {logging_mixin.py:149} INFO - [2024-10-09T18:08:48.946-0300] {dag.py:2726} INFO - Sync 1 DAGs
[2024-10-09T18:08:48.959-0300] {logging_mixin.py:149} INFO - [2024-10-09T18:08:48.959-0300] {dag.py:3486} INFO - Setting next_dagrun for example_params_trigger_ui to None, run_after=None
[2024-10-09T18:08:49.152-0300] {processor.py:178} INFO - Processing /home/marti/Lighthouse/airflow_tooltorial/venv/lib/python3.8/site-packages/airflow/example_dags/example_params_trigger_ui.py took 0.462 seconds
[2024-10-09T18:09:51.596-0300] {processor.py:156} INFO - Started process (PID=62191) to work on /home/marti/Lighthouse/airflow_tooltorial/venv/lib/python3.8/site-packages/airflow/example_dags/example_params_trigger_ui.py
[2024-10-09T18:09:51.620-0300] {processor.py:799} INFO - Processing file /home/marti/Lighthouse/airflow_tooltorial/venv/lib/python3.8/site-packages/airflow/example_dags/example_params_trigger_ui.py for tasks to queue
[2024-10-09T18:09:51.622-0300] {logging_mixin.py:149} INFO - [2024-10-09T18:09:51.622-0300] {dagbag.py:541} INFO - Filling up the DagBag from /home/marti/Lighthouse/airflow_tooltorial/venv/lib/python3.8/site-packages/airflow/example_dags/example_params_trigger_ui.py
[2024-10-09T18:09:51.668-0300] {processor.py:809} INFO - DAG(s) dict_keys(['example_params_trigger_ui']) retrieved from /home/marti/Lighthouse/airflow_tooltorial/venv/lib/python3.8/site-packages/airflow/example_dags/example_params_trigger_ui.py
[2024-10-09T18:09:51.732-0300] {logging_mixin.py:149} INFO - [2024-10-09T18:09:51.732-0300] {dag.py:2726} INFO - Sync 1 DAGs
[2024-10-09T18:09:51.746-0300] {logging_mixin.py:149} INFO - [2024-10-09T18:09:51.746-0300] {dag.py:3486} INFO - Setting next_dagrun for example_params_trigger_ui to None, run_after=None
[2024-10-09T18:09:51.883-0300] {processor.py:178} INFO - Processing /home/marti/Lighthouse/airflow_tooltorial/venv/lib/python3.8/site-packages/airflow/example_dags/example_params_trigger_ui.py took 0.296 seconds
[2024-10-09T18:10:58.230-0300] {processor.py:156} INFO - Started process (PID=62466) to work on /home/marti/Lighthouse/airflow_tooltorial/venv/lib/python3.8/site-packages/airflow/example_dags/example_params_trigger_ui.py
[2024-10-09T18:10:58.269-0300] {processor.py:799} INFO - Processing file /home/marti/Lighthouse/airflow_tooltorial/venv/lib/python3.8/site-packages/airflow/example_dags/example_params_trigger_ui.py for tasks to queue
[2024-10-09T18:10:58.271-0300] {logging_mixin.py:149} INFO - [2024-10-09T18:10:58.270-0300] {dagbag.py:541} INFO - Filling up the DagBag from /home/marti/Lighthouse/airflow_tooltorial/venv/lib/python3.8/site-packages/airflow/example_dags/example_params_trigger_ui.py
[2024-10-09T18:10:58.312-0300] {processor.py:809} INFO - DAG(s) dict_keys(['example_params_trigger_ui']) retrieved from /home/marti/Lighthouse/airflow_tooltorial/venv/lib/python3.8/site-packages/airflow/example_dags/example_params_trigger_ui.py
[2024-10-09T18:10:58.375-0300] {logging_mixin.py:149} INFO - [2024-10-09T18:10:58.375-0300] {dag.py:2726} INFO - Sync 1 DAGs
[2024-10-09T18:10:58.391-0300] {logging_mixin.py:149} INFO - [2024-10-09T18:10:58.391-0300] {dag.py:3486} INFO - Setting next_dagrun for example_params_trigger_ui to None, run_after=None
[2024-10-09T18:10:58.558-0300] {processor.py:178} INFO - Processing /home/marti/Lighthouse/airflow_tooltorial/venv/lib/python3.8/site-packages/airflow/example_dags/example_params_trigger_ui.py took 0.338 seconds
[2024-10-09T18:11:55.158-0300] {processor.py:156} INFO - Started process (PID=62597) to work on /home/marti/Lighthouse/airflow_tooltorial/venv/lib/python3.8/site-packages/airflow/example_dags/example_params_trigger_ui.py
[2024-10-09T18:11:55.168-0300] {processor.py:799} INFO - Processing file /home/marti/Lighthouse/airflow_tooltorial/venv/lib/python3.8/site-packages/airflow/example_dags/example_params_trigger_ui.py for tasks to queue
[2024-10-09T18:11:55.168-0300] {logging_mixin.py:149} INFO - [2024-10-09T18:11:55.168-0300] {dagbag.py:541} INFO - Filling up the DagBag from /home/marti/Lighthouse/airflow_tooltorial/venv/lib/python3.8/site-packages/airflow/example_dags/example_params_trigger_ui.py
[2024-10-09T18:11:55.192-0300] {processor.py:809} INFO - DAG(s) dict_keys(['example_params_trigger_ui']) retrieved from /home/marti/Lighthouse/airflow_tooltorial/venv/lib/python3.8/site-packages/airflow/example_dags/example_params_trigger_ui.py
[2024-10-09T18:11:55.258-0300] {logging_mixin.py:149} INFO - [2024-10-09T18:11:55.258-0300] {dag.py:2726} INFO - Sync 1 DAGs
[2024-10-09T18:11:55.274-0300] {logging_mixin.py:149} INFO - [2024-10-09T18:11:55.274-0300] {dag.py:3486} INFO - Setting next_dagrun for example_params_trigger_ui to None, run_after=None
[2024-10-09T18:11:55.406-0300] {processor.py:178} INFO - Processing /home/marti/Lighthouse/airflow_tooltorial/venv/lib/python3.8/site-packages/airflow/example_dags/example_params_trigger_ui.py took 0.252 seconds
[2024-10-09T18:12:49.456-0300] {processor.py:156} INFO - Started process (PID=62719) to work on /home/marti/Lighthouse/airflow_tooltorial/venv/lib/python3.8/site-packages/airflow/example_dags/example_params_trigger_ui.py
[2024-10-09T18:12:49.523-0300] {processor.py:799} INFO - Processing file /home/marti/Lighthouse/airflow_tooltorial/venv/lib/python3.8/site-packages/airflow/example_dags/example_params_trigger_ui.py for tasks to queue
[2024-10-09T18:12:49.525-0300] {logging_mixin.py:149} INFO - [2024-10-09T18:12:49.524-0300] {dagbag.py:541} INFO - Filling up the DagBag from /home/marti/Lighthouse/airflow_tooltorial/venv/lib/python3.8/site-packages/airflow/example_dags/example_params_trigger_ui.py
[2024-10-09T18:12:49.569-0300] {processor.py:809} INFO - DAG(s) dict_keys(['example_params_trigger_ui']) retrieved from /home/marti/Lighthouse/airflow_tooltorial/venv/lib/python3.8/site-packages/airflow/example_dags/example_params_trigger_ui.py
[2024-10-09T18:12:49.634-0300] {logging_mixin.py:149} INFO - [2024-10-09T18:12:49.634-0300] {dag.py:2726} INFO - Sync 1 DAGs
[2024-10-09T18:12:49.649-0300] {logging_mixin.py:149} INFO - [2024-10-09T18:12:49.649-0300] {dag.py:3486} INFO - Setting next_dagrun for example_params_trigger_ui to None, run_after=None
[2024-10-09T18:12:49.775-0300] {processor.py:178} INFO - Processing /home/marti/Lighthouse/airflow_tooltorial/venv/lib/python3.8/site-packages/airflow/example_dags/example_params_trigger_ui.py took 0.324 seconds
[2024-10-09T18:13:46.455-0300] {processor.py:156} INFO - Started process (PID=62782) to work on /home/marti/Lighthouse/airflow_tooltorial/venv/lib/python3.8/site-packages/airflow/example_dags/example_params_trigger_ui.py
[2024-10-09T18:13:46.468-0300] {processor.py:799} INFO - Processing file /home/marti/Lighthouse/airflow_tooltorial/venv/lib/python3.8/site-packages/airflow/example_dags/example_params_trigger_ui.py for tasks to queue
[2024-10-09T18:13:46.470-0300] {logging_mixin.py:149} INFO - [2024-10-09T18:13:46.469-0300] {dagbag.py:541} INFO - Filling up the DagBag from /home/marti/Lighthouse/airflow_tooltorial/venv/lib/python3.8/site-packages/airflow/example_dags/example_params_trigger_ui.py
[2024-10-09T18:13:46.504-0300] {processor.py:809} INFO - DAG(s) dict_keys(['example_params_trigger_ui']) retrieved from /home/marti/Lighthouse/airflow_tooltorial/venv/lib/python3.8/site-packages/airflow/example_dags/example_params_trigger_ui.py
[2024-10-09T18:13:46.568-0300] {logging_mixin.py:149} INFO - [2024-10-09T18:13:46.567-0300] {dag.py:2726} INFO - Sync 1 DAGs
[2024-10-09T18:13:46.585-0300] {logging_mixin.py:149} INFO - [2024-10-09T18:13:46.584-0300] {dag.py:3486} INFO - Setting next_dagrun for example_params_trigger_ui to None, run_after=None
[2024-10-09T18:13:46.756-0300] {processor.py:178} INFO - Processing /home/marti/Lighthouse/airflow_tooltorial/venv/lib/python3.8/site-packages/airflow/example_dags/example_params_trigger_ui.py took 0.308 seconds
[2024-10-09T18:14:40.241-0300] {processor.py:156} INFO - Started process (PID=62922) to work on /home/marti/Lighthouse/airflow_tooltorial/venv/lib/python3.8/site-packages/airflow/example_dags/example_params_trigger_ui.py
[2024-10-09T18:14:40.274-0300] {processor.py:799} INFO - Processing file /home/marti/Lighthouse/airflow_tooltorial/venv/lib/python3.8/site-packages/airflow/example_dags/example_params_trigger_ui.py for tasks to queue
[2024-10-09T18:14:40.276-0300] {logging_mixin.py:149} INFO - [2024-10-09T18:14:40.275-0300] {dagbag.py:541} INFO - Filling up the DagBag from /home/marti/Lighthouse/airflow_tooltorial/venv/lib/python3.8/site-packages/airflow/example_dags/example_params_trigger_ui.py
[2024-10-09T18:14:40.322-0300] {processor.py:809} INFO - DAG(s) dict_keys(['example_params_trigger_ui']) retrieved from /home/marti/Lighthouse/airflow_tooltorial/venv/lib/python3.8/site-packages/airflow/example_dags/example_params_trigger_ui.py
[2024-10-09T18:14:40.388-0300] {logging_mixin.py:149} INFO - [2024-10-09T18:14:40.388-0300] {dag.py:2726} INFO - Sync 1 DAGs
[2024-10-09T18:14:40.418-0300] {logging_mixin.py:149} INFO - [2024-10-09T18:14:40.417-0300] {dag.py:3486} INFO - Setting next_dagrun for example_params_trigger_ui to None, run_after=None
[2024-10-09T18:14:40.666-0300] {processor.py:178} INFO - Processing /home/marti/Lighthouse/airflow_tooltorial/venv/lib/python3.8/site-packages/airflow/example_dags/example_params_trigger_ui.py took 0.428 seconds
[2024-10-09T18:15:37.895-0300] {processor.py:156} INFO - Started process (PID=63095) to work on /home/marti/Lighthouse/airflow_tooltorial/venv/lib/python3.8/site-packages/airflow/example_dags/example_params_trigger_ui.py
[2024-10-09T18:15:37.921-0300] {processor.py:799} INFO - Processing file /home/marti/Lighthouse/airflow_tooltorial/venv/lib/python3.8/site-packages/airflow/example_dags/example_params_trigger_ui.py for tasks to queue
[2024-10-09T18:15:37.923-0300] {logging_mixin.py:149} INFO - [2024-10-09T18:15:37.923-0300] {dagbag.py:541} INFO - Filling up the DagBag from /home/marti/Lighthouse/airflow_tooltorial/venv/lib/python3.8/site-packages/airflow/example_dags/example_params_trigger_ui.py
[2024-10-09T18:15:37.964-0300] {processor.py:809} INFO - DAG(s) dict_keys(['example_params_trigger_ui']) retrieved from /home/marti/Lighthouse/airflow_tooltorial/venv/lib/python3.8/site-packages/airflow/example_dags/example_params_trigger_ui.py
[2024-10-09T18:15:38.034-0300] {logging_mixin.py:149} INFO - [2024-10-09T18:15:38.034-0300] {dag.py:2726} INFO - Sync 1 DAGs
[2024-10-09T18:15:38.050-0300] {logging_mixin.py:149} INFO - [2024-10-09T18:15:38.050-0300] {dag.py:3486} INFO - Setting next_dagrun for example_params_trigger_ui to None, run_after=None
[2024-10-09T18:15:38.155-0300] {processor.py:178} INFO - Processing /home/marti/Lighthouse/airflow_tooltorial/venv/lib/python3.8/site-packages/airflow/example_dags/example_params_trigger_ui.py took 0.268 seconds
[2024-10-09T18:16:26.566-0300] {processor.py:156} INFO - Started process (PID=63307) to work on /home/marti/Lighthouse/airflow_tooltorial/venv/lib/python3.8/site-packages/airflow/example_dags/example_params_trigger_ui.py
[2024-10-09T18:16:26.621-0300] {processor.py:799} INFO - Processing file /home/marti/Lighthouse/airflow_tooltorial/venv/lib/python3.8/site-packages/airflow/example_dags/example_params_trigger_ui.py for tasks to queue
[2024-10-09T18:16:26.624-0300] {logging_mixin.py:149} INFO - [2024-10-09T18:16:26.623-0300] {dagbag.py:541} INFO - Filling up the DagBag from /home/marti/Lighthouse/airflow_tooltorial/venv/lib/python3.8/site-packages/airflow/example_dags/example_params_trigger_ui.py
[2024-10-09T18:16:26.665-0300] {processor.py:809} INFO - DAG(s) dict_keys(['example_params_trigger_ui']) retrieved from /home/marti/Lighthouse/airflow_tooltorial/venv/lib/python3.8/site-packages/airflow/example_dags/example_params_trigger_ui.py
[2024-10-09T18:16:26.729-0300] {logging_mixin.py:149} INFO - [2024-10-09T18:16:26.729-0300] {dag.py:2726} INFO - Sync 1 DAGs
[2024-10-09T18:16:26.744-0300] {logging_mixin.py:149} INFO - [2024-10-09T18:16:26.744-0300] {dag.py:3486} INFO - Setting next_dagrun for example_params_trigger_ui to None, run_after=None
[2024-10-09T18:16:26.894-0300] {processor.py:178} INFO - Processing /home/marti/Lighthouse/airflow_tooltorial/venv/lib/python3.8/site-packages/airflow/example_dags/example_params_trigger_ui.py took 0.334 seconds
[2024-10-09T18:17:26.267-0300] {processor.py:156} INFO - Started process (PID=63930) to work on /home/marti/Lighthouse/airflow_tooltorial/venv/lib/python3.8/site-packages/airflow/example_dags/example_params_trigger_ui.py
[2024-10-09T18:17:26.286-0300] {processor.py:799} INFO - Processing file /home/marti/Lighthouse/airflow_tooltorial/venv/lib/python3.8/site-packages/airflow/example_dags/example_params_trigger_ui.py for tasks to queue
[2024-10-09T18:17:26.287-0300] {logging_mixin.py:149} INFO - [2024-10-09T18:17:26.287-0300] {dagbag.py:541} INFO - Filling up the DagBag from /home/marti/Lighthouse/airflow_tooltorial/venv/lib/python3.8/site-packages/airflow/example_dags/example_params_trigger_ui.py
[2024-10-09T18:17:26.320-0300] {processor.py:809} INFO - DAG(s) dict_keys(['example_params_trigger_ui']) retrieved from /home/marti/Lighthouse/airflow_tooltorial/venv/lib/python3.8/site-packages/airflow/example_dags/example_params_trigger_ui.py
[2024-10-09T18:17:26.430-0300] {logging_mixin.py:149} INFO - [2024-10-09T18:17:26.430-0300] {dag.py:2726} INFO - Sync 1 DAGs
[2024-10-09T18:17:26.446-0300] {logging_mixin.py:149} INFO - [2024-10-09T18:17:26.446-0300] {dag.py:3486} INFO - Setting next_dagrun for example_params_trigger_ui to None, run_after=None
[2024-10-09T18:17:26.716-0300] {processor.py:178} INFO - Processing /home/marti/Lighthouse/airflow_tooltorial/venv/lib/python3.8/site-packages/airflow/example_dags/example_params_trigger_ui.py took 0.454 seconds
[2024-10-09T18:18:22.810-0300] {processor.py:156} INFO - Started process (PID=64085) to work on /home/marti/Lighthouse/airflow_tooltorial/venv/lib/python3.8/site-packages/airflow/example_dags/example_params_trigger_ui.py
[2024-10-09T18:18:22.854-0300] {processor.py:799} INFO - Processing file /home/marti/Lighthouse/airflow_tooltorial/venv/lib/python3.8/site-packages/airflow/example_dags/example_params_trigger_ui.py for tasks to queue
[2024-10-09T18:18:22.856-0300] {logging_mixin.py:149} INFO - [2024-10-09T18:18:22.856-0300] {dagbag.py:541} INFO - Filling up the DagBag from /home/marti/Lighthouse/airflow_tooltorial/venv/lib/python3.8/site-packages/airflow/example_dags/example_params_trigger_ui.py
[2024-10-09T18:18:22.900-0300] {processor.py:809} INFO - DAG(s) dict_keys(['example_params_trigger_ui']) retrieved from /home/marti/Lighthouse/airflow_tooltorial/venv/lib/python3.8/site-packages/airflow/example_dags/example_params_trigger_ui.py
[2024-10-09T18:18:22.974-0300] {logging_mixin.py:149} INFO - [2024-10-09T18:18:22.974-0300] {dag.py:2726} INFO - Sync 1 DAGs
[2024-10-09T18:18:22.993-0300] {logging_mixin.py:149} INFO - [2024-10-09T18:18:22.993-0300] {dag.py:3486} INFO - Setting next_dagrun for example_params_trigger_ui to None, run_after=None
[2024-10-09T18:18:23.144-0300] {processor.py:178} INFO - Processing /home/marti/Lighthouse/airflow_tooltorial/venv/lib/python3.8/site-packages/airflow/example_dags/example_params_trigger_ui.py took 0.348 seconds
[2024-10-09T18:51:57.459-0300] {processor.py:156} INFO - Started process (PID=71024) to work on /home/marti/Lighthouse/airflow_tooltorial/venv/lib/python3.8/site-packages/airflow/example_dags/example_params_trigger_ui.py
[2024-10-09T18:51:57.460-0300] {processor.py:799} INFO - Processing file /home/marti/Lighthouse/airflow_tooltorial/venv/lib/python3.8/site-packages/airflow/example_dags/example_params_trigger_ui.py for tasks to queue
[2024-10-09T18:51:57.461-0300] {logging_mixin.py:149} INFO - [2024-10-09T18:51:57.461-0300] {dagbag.py:541} INFO - Filling up the DagBag from /home/marti/Lighthouse/airflow_tooltorial/venv/lib/python3.8/site-packages/airflow/example_dags/example_params_trigger_ui.py
[2024-10-09T18:51:57.483-0300] {processor.py:809} INFO - DAG(s) dict_keys(['example_params_trigger_ui']) retrieved from /home/marti/Lighthouse/airflow_tooltorial/venv/lib/python3.8/site-packages/airflow/example_dags/example_params_trigger_ui.py
[2024-10-09T18:51:57.548-0300] {logging_mixin.py:149} INFO - [2024-10-09T18:51:57.547-0300] {dag.py:2726} INFO - Sync 1 DAGs
[2024-10-09T18:51:57.642-0300] {logging_mixin.py:149} INFO - [2024-10-09T18:51:57.642-0300] {dag.py:3486} INFO - Setting next_dagrun for example_params_trigger_ui to None, run_after=None
[2024-10-09T18:51:57.764-0300] {processor.py:178} INFO - Processing /home/marti/Lighthouse/airflow_tooltorial/venv/lib/python3.8/site-packages/airflow/example_dags/example_params_trigger_ui.py took 0.308 seconds
