[2024-10-09T18:07:43.849-0300] {processor.py:156} INFO - Started process (PID=61430) to work on /home/marti/Lighthouse/airflow_tooltorial/venv/lib/python3.8/site-packages/airflow/example_dags/example_complex.py
[2024-10-09T18:07:43.850-0300] {processor.py:799} INFO - Processing file /home/marti/Lighthouse/airflow_tooltorial/venv/lib/python3.8/site-packages/airflow/example_dags/example_complex.py for tasks to queue
[2024-10-09T18:07:43.850-0300] {logging_mixin.py:149} INFO - [2024-10-09T18:07:43.850-0300] {dagbag.py:541} INFO - Filling up the DagBag from /home/marti/Lighthouse/airflow_tooltorial/venv/lib/python3.8/site-packages/airflow/example_dags/example_complex.py
[2024-10-09T18:07:43.860-0300] {logging_mixin.py:149} INFO - [2024-10-09T18:07:43.859-0300] {taskmixin.py:211} WARNING - Dependency <Task(BashOperator): create_entry_group>, delete_entry_group already registered for DAG: example_complex
[2024-10-09T18:07:43.860-0300] {logging_mixin.py:149} INFO - [2024-10-09T18:07:43.860-0300] {taskmixin.py:211} WARNING - Dependency <Task(BashOperator): delete_entry_group>, create_entry_group already registered for DAG: example_complex
[2024-10-09T18:07:43.860-0300] {logging_mixin.py:149} INFO - [2024-10-09T18:07:43.860-0300] {taskmixin.py:211} WARNING - Dependency <Task(BashOperator): create_entry_gcs>, delete_entry already registered for DAG: example_complex
[2024-10-09T18:07:43.860-0300] {logging_mixin.py:149} INFO - [2024-10-09T18:07:43.860-0300] {taskmixin.py:211} WARNING - Dependency <Task(BashOperator): delete_entry>, create_entry_gcs already registered for DAG: example_complex
[2024-10-09T18:07:43.861-0300] {logging_mixin.py:149} INFO - [2024-10-09T18:07:43.860-0300] {taskmixin.py:211} WARNING - Dependency <Task(BashOperator): create_tag>, delete_tag already registered for DAG: example_complex
[2024-10-09T18:07:43.861-0300] {logging_mixin.py:149} INFO - [2024-10-09T18:07:43.861-0300] {taskmixin.py:211} WARNING - Dependency <Task(BashOperator): delete_tag>, create_tag already registered for DAG: example_complex
[2024-10-09T18:07:43.862-0300] {processor.py:809} INFO - DAG(s) dict_keys(['example_complex']) retrieved from /home/marti/Lighthouse/airflow_tooltorial/venv/lib/python3.8/site-packages/airflow/example_dags/example_complex.py
[2024-10-09T18:07:44.388-0300] {logging_mixin.py:149} INFO - [2024-10-09T18:07:44.387-0300] {manager.py:504} INFO - Created Permission View: can read on DAG:example_complex
[2024-10-09T18:07:44.521-0300] {logging_mixin.py:149} INFO - [2024-10-09T18:07:44.520-0300] {manager.py:504} INFO - Created Permission View: can edit on DAG:example_complex
[2024-10-09T18:07:44.621-0300] {logging_mixin.py:149} INFO - [2024-10-09T18:07:44.620-0300] {manager.py:504} INFO - Created Permission View: can delete on DAG:example_complex
[2024-10-09T18:07:44.622-0300] {logging_mixin.py:149} INFO - [2024-10-09T18:07:44.621-0300] {dag.py:2726} INFO - Sync 1 DAGs
[2024-10-09T18:07:44.643-0300] {logging_mixin.py:149} INFO - [2024-10-09T18:07:44.643-0300] {dag.py:2747} INFO - Creating ORM DAG for example_complex
[2024-10-09T18:07:44.654-0300] {logging_mixin.py:149} INFO - [2024-10-09T18:07:44.654-0300] {dag.py:3486} INFO - Setting next_dagrun for example_complex to None, run_after=None
[2024-10-09T18:07:44.860-0300] {processor.py:178} INFO - Processing /home/marti/Lighthouse/airflow_tooltorial/venv/lib/python3.8/site-packages/airflow/example_dags/example_complex.py took 1.014 seconds
[2024-10-09T18:09:13.564-0300] {processor.py:156} INFO - Started process (PID=62094) to work on /home/marti/Lighthouse/airflow_tooltorial/venv/lib/python3.8/site-packages/airflow/example_dags/example_complex.py
[2024-10-09T18:09:13.602-0300] {processor.py:799} INFO - Processing file /home/marti/Lighthouse/airflow_tooltorial/venv/lib/python3.8/site-packages/airflow/example_dags/example_complex.py for tasks to queue
[2024-10-09T18:09:13.604-0300] {logging_mixin.py:149} INFO - [2024-10-09T18:09:13.603-0300] {dagbag.py:541} INFO - Filling up the DagBag from /home/marti/Lighthouse/airflow_tooltorial/venv/lib/python3.8/site-packages/airflow/example_dags/example_complex.py
[2024-10-09T18:09:13.634-0300] {logging_mixin.py:149} INFO - [2024-10-09T18:09:13.633-0300] {taskmixin.py:211} WARNING - Dependency <Task(BashOperator): create_entry_group>, delete_entry_group already registered for DAG: example_complex
[2024-10-09T18:09:13.634-0300] {logging_mixin.py:149} INFO - [2024-10-09T18:09:13.634-0300] {taskmixin.py:211} WARNING - Dependency <Task(BashOperator): delete_entry_group>, create_entry_group already registered for DAG: example_complex
[2024-10-09T18:09:13.634-0300] {logging_mixin.py:149} INFO - [2024-10-09T18:09:13.634-0300] {taskmixin.py:211} WARNING - Dependency <Task(BashOperator): create_entry_gcs>, delete_entry already registered for DAG: example_complex
[2024-10-09T18:09:13.634-0300] {logging_mixin.py:149} INFO - [2024-10-09T18:09:13.634-0300] {taskmixin.py:211} WARNING - Dependency <Task(BashOperator): delete_entry>, create_entry_gcs already registered for DAG: example_complex
[2024-10-09T18:09:13.635-0300] {logging_mixin.py:149} INFO - [2024-10-09T18:09:13.635-0300] {taskmixin.py:211} WARNING - Dependency <Task(BashOperator): create_tag>, delete_tag already registered for DAG: example_complex
[2024-10-09T18:09:13.635-0300] {logging_mixin.py:149} INFO - [2024-10-09T18:09:13.635-0300] {taskmixin.py:211} WARNING - Dependency <Task(BashOperator): delete_tag>, create_tag already registered for DAG: example_complex
[2024-10-09T18:09:13.637-0300] {processor.py:809} INFO - DAG(s) dict_keys(['example_complex']) retrieved from /home/marti/Lighthouse/airflow_tooltorial/venv/lib/python3.8/site-packages/airflow/example_dags/example_complex.py
[2024-10-09T18:09:13.786-0300] {logging_mixin.py:149} INFO - [2024-10-09T18:09:13.786-0300] {dag.py:2726} INFO - Sync 1 DAGs
[2024-10-09T18:09:13.805-0300] {logging_mixin.py:149} INFO - [2024-10-09T18:09:13.805-0300] {dag.py:3486} INFO - Setting next_dagrun for example_complex to None, run_after=None
[2024-10-09T18:09:13.968-0300] {processor.py:178} INFO - Processing /home/marti/Lighthouse/airflow_tooltorial/venv/lib/python3.8/site-packages/airflow/example_dags/example_complex.py took 0.411 seconds
[2024-10-09T18:10:09.563-0300] {processor.py:156} INFO - Started process (PID=62240) to work on /home/marti/Lighthouse/airflow_tooltorial/venv/lib/python3.8/site-packages/airflow/example_dags/example_complex.py
[2024-10-09T18:10:09.627-0300] {processor.py:799} INFO - Processing file /home/marti/Lighthouse/airflow_tooltorial/venv/lib/python3.8/site-packages/airflow/example_dags/example_complex.py for tasks to queue
[2024-10-09T18:10:09.629-0300] {logging_mixin.py:149} INFO - [2024-10-09T18:10:09.629-0300] {dagbag.py:541} INFO - Filling up the DagBag from /home/marti/Lighthouse/airflow_tooltorial/venv/lib/python3.8/site-packages/airflow/example_dags/example_complex.py
[2024-10-09T18:10:09.667-0300] {logging_mixin.py:149} INFO - [2024-10-09T18:10:09.666-0300] {taskmixin.py:211} WARNING - Dependency <Task(BashOperator): create_entry_group>, delete_entry_group already registered for DAG: example_complex
[2024-10-09T18:10:09.668-0300] {logging_mixin.py:149} INFO - [2024-10-09T18:10:09.668-0300] {taskmixin.py:211} WARNING - Dependency <Task(BashOperator): delete_entry_group>, create_entry_group already registered for DAG: example_complex
[2024-10-09T18:10:09.669-0300] {logging_mixin.py:149} INFO - [2024-10-09T18:10:09.669-0300] {taskmixin.py:211} WARNING - Dependency <Task(BashOperator): create_entry_gcs>, delete_entry already registered for DAG: example_complex
[2024-10-09T18:10:09.670-0300] {logging_mixin.py:149} INFO - [2024-10-09T18:10:09.669-0300] {taskmixin.py:211} WARNING - Dependency <Task(BashOperator): delete_entry>, create_entry_gcs already registered for DAG: example_complex
[2024-10-09T18:10:09.671-0300] {logging_mixin.py:149} INFO - [2024-10-09T18:10:09.670-0300] {taskmixin.py:211} WARNING - Dependency <Task(BashOperator): create_tag>, delete_tag already registered for DAG: example_complex
[2024-10-09T18:10:09.671-0300] {logging_mixin.py:149} INFO - [2024-10-09T18:10:09.671-0300] {taskmixin.py:211} WARNING - Dependency <Task(BashOperator): delete_tag>, create_tag already registered for DAG: example_complex
[2024-10-09T18:10:09.677-0300] {processor.py:809} INFO - DAG(s) dict_keys(['example_complex']) retrieved from /home/marti/Lighthouse/airflow_tooltorial/venv/lib/python3.8/site-packages/airflow/example_dags/example_complex.py
[2024-10-09T18:10:09.847-0300] {logging_mixin.py:149} INFO - [2024-10-09T18:10:09.847-0300] {dag.py:2726} INFO - Sync 1 DAGs
[2024-10-09T18:10:09.882-0300] {logging_mixin.py:149} INFO - [2024-10-09T18:10:09.882-0300] {dag.py:3486} INFO - Setting next_dagrun for example_complex to None, run_after=None
[2024-10-09T18:10:10.037-0300] {processor.py:178} INFO - Processing /home/marti/Lighthouse/airflow_tooltorial/venv/lib/python3.8/site-packages/airflow/example_dags/example_complex.py took 0.478 seconds
[2024-10-09T18:11:05.947-0300] {processor.py:156} INFO - Started process (PID=62476) to work on /home/marti/Lighthouse/airflow_tooltorial/venv/lib/python3.8/site-packages/airflow/example_dags/example_complex.py
[2024-10-09T18:11:05.969-0300] {processor.py:799} INFO - Processing file /home/marti/Lighthouse/airflow_tooltorial/venv/lib/python3.8/site-packages/airflow/example_dags/example_complex.py for tasks to queue
[2024-10-09T18:11:05.970-0300] {logging_mixin.py:149} INFO - [2024-10-09T18:11:05.970-0300] {dagbag.py:541} INFO - Filling up the DagBag from /home/marti/Lighthouse/airflow_tooltorial/venv/lib/python3.8/site-packages/airflow/example_dags/example_complex.py
[2024-10-09T18:11:05.989-0300] {logging_mixin.py:149} INFO - [2024-10-09T18:11:05.989-0300] {taskmixin.py:211} WARNING - Dependency <Task(BashOperator): create_entry_group>, delete_entry_group already registered for DAG: example_complex
[2024-10-09T18:11:05.989-0300] {logging_mixin.py:149} INFO - [2024-10-09T18:11:05.989-0300] {taskmixin.py:211} WARNING - Dependency <Task(BashOperator): delete_entry_group>, create_entry_group already registered for DAG: example_complex
[2024-10-09T18:11:05.990-0300] {logging_mixin.py:149} INFO - [2024-10-09T18:11:05.990-0300] {taskmixin.py:211} WARNING - Dependency <Task(BashOperator): create_entry_gcs>, delete_entry already registered for DAG: example_complex
[2024-10-09T18:11:05.991-0300] {logging_mixin.py:149} INFO - [2024-10-09T18:11:05.991-0300] {taskmixin.py:211} WARNING - Dependency <Task(BashOperator): delete_entry>, create_entry_gcs already registered for DAG: example_complex
[2024-10-09T18:11:05.992-0300] {logging_mixin.py:149} INFO - [2024-10-09T18:11:05.992-0300] {taskmixin.py:211} WARNING - Dependency <Task(BashOperator): create_tag>, delete_tag already registered for DAG: example_complex
[2024-10-09T18:11:05.992-0300] {logging_mixin.py:149} INFO - [2024-10-09T18:11:05.992-0300] {taskmixin.py:211} WARNING - Dependency <Task(BashOperator): delete_tag>, create_tag already registered for DAG: example_complex
[2024-10-09T18:11:05.994-0300] {processor.py:809} INFO - DAG(s) dict_keys(['example_complex']) retrieved from /home/marti/Lighthouse/airflow_tooltorial/venv/lib/python3.8/site-packages/airflow/example_dags/example_complex.py
[2024-10-09T18:11:06.022-0300] {logging_mixin.py:149} INFO - [2024-10-09T18:11:06.022-0300] {dag.py:2726} INFO - Sync 1 DAGs
[2024-10-09T18:11:06.039-0300] {logging_mixin.py:149} INFO - [2024-10-09T18:11:06.039-0300] {dag.py:3486} INFO - Setting next_dagrun for example_complex to None, run_after=None
[2024-10-09T18:11:06.276-0300] {processor.py:178} INFO - Processing /home/marti/Lighthouse/airflow_tooltorial/venv/lib/python3.8/site-packages/airflow/example_dags/example_complex.py took 0.334 seconds
[2024-10-09T18:12:03.597-0300] {processor.py:156} INFO - Started process (PID=62616) to work on /home/marti/Lighthouse/airflow_tooltorial/venv/lib/python3.8/site-packages/airflow/example_dags/example_complex.py
[2024-10-09T18:12:03.607-0300] {processor.py:799} INFO - Processing file /home/marti/Lighthouse/airflow_tooltorial/venv/lib/python3.8/site-packages/airflow/example_dags/example_complex.py for tasks to queue
[2024-10-09T18:12:03.608-0300] {logging_mixin.py:149} INFO - [2024-10-09T18:12:03.608-0300] {dagbag.py:541} INFO - Filling up the DagBag from /home/marti/Lighthouse/airflow_tooltorial/venv/lib/python3.8/site-packages/airflow/example_dags/example_complex.py
[2024-10-09T18:12:03.617-0300] {logging_mixin.py:149} INFO - [2024-10-09T18:12:03.616-0300] {taskmixin.py:211} WARNING - Dependency <Task(BashOperator): create_entry_group>, delete_entry_group already registered for DAG: example_complex
[2024-10-09T18:12:03.617-0300] {logging_mixin.py:149} INFO - [2024-10-09T18:12:03.617-0300] {taskmixin.py:211} WARNING - Dependency <Task(BashOperator): delete_entry_group>, create_entry_group already registered for DAG: example_complex
[2024-10-09T18:12:03.617-0300] {logging_mixin.py:149} INFO - [2024-10-09T18:12:03.617-0300] {taskmixin.py:211} WARNING - Dependency <Task(BashOperator): create_entry_gcs>, delete_entry already registered for DAG: example_complex
[2024-10-09T18:12:03.617-0300] {logging_mixin.py:149} INFO - [2024-10-09T18:12:03.617-0300] {taskmixin.py:211} WARNING - Dependency <Task(BashOperator): delete_entry>, create_entry_gcs already registered for DAG: example_complex
[2024-10-09T18:12:03.618-0300] {logging_mixin.py:149} INFO - [2024-10-09T18:12:03.617-0300] {taskmixin.py:211} WARNING - Dependency <Task(BashOperator): create_tag>, delete_tag already registered for DAG: example_complex
[2024-10-09T18:12:03.618-0300] {logging_mixin.py:149} INFO - [2024-10-09T18:12:03.618-0300] {taskmixin.py:211} WARNING - Dependency <Task(BashOperator): delete_tag>, create_tag already registered for DAG: example_complex
[2024-10-09T18:12:03.619-0300] {processor.py:809} INFO - DAG(s) dict_keys(['example_complex']) retrieved from /home/marti/Lighthouse/airflow_tooltorial/venv/lib/python3.8/site-packages/airflow/example_dags/example_complex.py
[2024-10-09T18:12:03.642-0300] {logging_mixin.py:149} INFO - [2024-10-09T18:12:03.642-0300] {dag.py:2726} INFO - Sync 1 DAGs
[2024-10-09T18:12:03.657-0300] {logging_mixin.py:149} INFO - [2024-10-09T18:12:03.657-0300] {dag.py:3486} INFO - Setting next_dagrun for example_complex to None, run_after=None
[2024-10-09T18:12:03.821-0300] {processor.py:178} INFO - Processing /home/marti/Lighthouse/airflow_tooltorial/venv/lib/python3.8/site-packages/airflow/example_dags/example_complex.py took 0.227 seconds
[2024-10-09T18:12:57.508-0300] {processor.py:156} INFO - Started process (PID=62726) to work on /home/marti/Lighthouse/airflow_tooltorial/venv/lib/python3.8/site-packages/airflow/example_dags/example_complex.py
[2024-10-09T18:12:57.535-0300] {processor.py:799} INFO - Processing file /home/marti/Lighthouse/airflow_tooltorial/venv/lib/python3.8/site-packages/airflow/example_dags/example_complex.py for tasks to queue
[2024-10-09T18:12:57.537-0300] {logging_mixin.py:149} INFO - [2024-10-09T18:12:57.536-0300] {dagbag.py:541} INFO - Filling up the DagBag from /home/marti/Lighthouse/airflow_tooltorial/venv/lib/python3.8/site-packages/airflow/example_dags/example_complex.py
[2024-10-09T18:12:57.563-0300] {logging_mixin.py:149} INFO - [2024-10-09T18:12:57.563-0300] {taskmixin.py:211} WARNING - Dependency <Task(BashOperator): create_entry_group>, delete_entry_group already registered for DAG: example_complex
[2024-10-09T18:12:57.563-0300] {logging_mixin.py:149} INFO - [2024-10-09T18:12:57.563-0300] {taskmixin.py:211} WARNING - Dependency <Task(BashOperator): delete_entry_group>, create_entry_group already registered for DAG: example_complex
[2024-10-09T18:12:57.564-0300] {logging_mixin.py:149} INFO - [2024-10-09T18:12:57.564-0300] {taskmixin.py:211} WARNING - Dependency <Task(BashOperator): create_entry_gcs>, delete_entry already registered for DAG: example_complex
[2024-10-09T18:12:57.564-0300] {logging_mixin.py:149} INFO - [2024-10-09T18:12:57.564-0300] {taskmixin.py:211} WARNING - Dependency <Task(BashOperator): delete_entry>, create_entry_gcs already registered for DAG: example_complex
[2024-10-09T18:12:57.565-0300] {logging_mixin.py:149} INFO - [2024-10-09T18:12:57.565-0300] {taskmixin.py:211} WARNING - Dependency <Task(BashOperator): create_tag>, delete_tag already registered for DAG: example_complex
[2024-10-09T18:12:57.565-0300] {logging_mixin.py:149} INFO - [2024-10-09T18:12:57.565-0300] {taskmixin.py:211} WARNING - Dependency <Task(BashOperator): delete_tag>, create_tag already registered for DAG: example_complex
[2024-10-09T18:12:57.567-0300] {processor.py:809} INFO - DAG(s) dict_keys(['example_complex']) retrieved from /home/marti/Lighthouse/airflow_tooltorial/venv/lib/python3.8/site-packages/airflow/example_dags/example_complex.py
[2024-10-09T18:12:57.593-0300] {logging_mixin.py:149} INFO - [2024-10-09T18:12:57.593-0300] {dag.py:2726} INFO - Sync 1 DAGs
[2024-10-09T18:12:57.609-0300] {logging_mixin.py:149} INFO - [2024-10-09T18:12:57.608-0300] {dag.py:3486} INFO - Setting next_dagrun for example_complex to None, run_after=None
[2024-10-09T18:12:57.750-0300] {processor.py:178} INFO - Processing /home/marti/Lighthouse/airflow_tooltorial/venv/lib/python3.8/site-packages/airflow/example_dags/example_complex.py took 0.251 seconds
[2024-10-09T18:13:52.889-0300] {processor.py:156} INFO - Started process (PID=62853) to work on /home/marti/Lighthouse/airflow_tooltorial/venv/lib/python3.8/site-packages/airflow/example_dags/example_complex.py
[2024-10-09T18:13:52.890-0300] {processor.py:799} INFO - Processing file /home/marti/Lighthouse/airflow_tooltorial/venv/lib/python3.8/site-packages/airflow/example_dags/example_complex.py for tasks to queue
[2024-10-09T18:13:52.891-0300] {logging_mixin.py:149} INFO - [2024-10-09T18:13:52.891-0300] {dagbag.py:541} INFO - Filling up the DagBag from /home/marti/Lighthouse/airflow_tooltorial/venv/lib/python3.8/site-packages/airflow/example_dags/example_complex.py
[2024-10-09T18:13:52.898-0300] {logging_mixin.py:149} INFO - [2024-10-09T18:13:52.898-0300] {taskmixin.py:211} WARNING - Dependency <Task(BashOperator): create_entry_group>, delete_entry_group already registered for DAG: example_complex
[2024-10-09T18:13:52.898-0300] {logging_mixin.py:149} INFO - [2024-10-09T18:13:52.898-0300] {taskmixin.py:211} WARNING - Dependency <Task(BashOperator): delete_entry_group>, create_entry_group already registered for DAG: example_complex
[2024-10-09T18:13:52.898-0300] {logging_mixin.py:149} INFO - [2024-10-09T18:13:52.898-0300] {taskmixin.py:211} WARNING - Dependency <Task(BashOperator): create_entry_gcs>, delete_entry already registered for DAG: example_complex
[2024-10-09T18:13:52.898-0300] {logging_mixin.py:149} INFO - [2024-10-09T18:13:52.898-0300] {taskmixin.py:211} WARNING - Dependency <Task(BashOperator): delete_entry>, create_entry_gcs already registered for DAG: example_complex
[2024-10-09T18:13:52.899-0300] {logging_mixin.py:149} INFO - [2024-10-09T18:13:52.898-0300] {taskmixin.py:211} WARNING - Dependency <Task(BashOperator): create_tag>, delete_tag already registered for DAG: example_complex
[2024-10-09T18:13:52.899-0300] {logging_mixin.py:149} INFO - [2024-10-09T18:13:52.899-0300] {taskmixin.py:211} WARNING - Dependency <Task(BashOperator): delete_tag>, create_tag already registered for DAG: example_complex
[2024-10-09T18:13:52.900-0300] {processor.py:809} INFO - DAG(s) dict_keys(['example_complex']) retrieved from /home/marti/Lighthouse/airflow_tooltorial/venv/lib/python3.8/site-packages/airflow/example_dags/example_complex.py
[2024-10-09T18:13:52.922-0300] {logging_mixin.py:149} INFO - [2024-10-09T18:13:52.921-0300] {dag.py:2726} INFO - Sync 1 DAGs
[2024-10-09T18:13:52.937-0300] {logging_mixin.py:149} INFO - [2024-10-09T18:13:52.937-0300] {dag.py:3486} INFO - Setting next_dagrun for example_complex to None, run_after=None
[2024-10-09T18:13:53.137-0300] {processor.py:178} INFO - Processing /home/marti/Lighthouse/airflow_tooltorial/venv/lib/python3.8/site-packages/airflow/example_dags/example_complex.py took 0.251 seconds
[2024-10-09T18:14:49.221-0300] {processor.py:156} INFO - Started process (PID=63006) to work on /home/marti/Lighthouse/airflow_tooltorial/venv/lib/python3.8/site-packages/airflow/example_dags/example_complex.py
[2024-10-09T18:14:49.241-0300] {processor.py:799} INFO - Processing file /home/marti/Lighthouse/airflow_tooltorial/venv/lib/python3.8/site-packages/airflow/example_dags/example_complex.py for tasks to queue
[2024-10-09T18:14:49.242-0300] {logging_mixin.py:149} INFO - [2024-10-09T18:14:49.242-0300] {dagbag.py:541} INFO - Filling up the DagBag from /home/marti/Lighthouse/airflow_tooltorial/venv/lib/python3.8/site-packages/airflow/example_dags/example_complex.py
[2024-10-09T18:14:49.253-0300] {logging_mixin.py:149} INFO - [2024-10-09T18:14:49.253-0300] {taskmixin.py:211} WARNING - Dependency <Task(BashOperator): create_entry_group>, delete_entry_group already registered for DAG: example_complex
[2024-10-09T18:14:49.253-0300] {logging_mixin.py:149} INFO - [2024-10-09T18:14:49.253-0300] {taskmixin.py:211} WARNING - Dependency <Task(BashOperator): delete_entry_group>, create_entry_group already registered for DAG: example_complex
[2024-10-09T18:14:49.253-0300] {logging_mixin.py:149} INFO - [2024-10-09T18:14:49.253-0300] {taskmixin.py:211} WARNING - Dependency <Task(BashOperator): create_entry_gcs>, delete_entry already registered for DAG: example_complex
[2024-10-09T18:14:49.254-0300] {logging_mixin.py:149} INFO - [2024-10-09T18:14:49.253-0300] {taskmixin.py:211} WARNING - Dependency <Task(BashOperator): delete_entry>, create_entry_gcs already registered for DAG: example_complex
[2024-10-09T18:14:49.254-0300] {logging_mixin.py:149} INFO - [2024-10-09T18:14:49.254-0300] {taskmixin.py:211} WARNING - Dependency <Task(BashOperator): create_tag>, delete_tag already registered for DAG: example_complex
[2024-10-09T18:14:49.254-0300] {logging_mixin.py:149} INFO - [2024-10-09T18:14:49.254-0300] {taskmixin.py:211} WARNING - Dependency <Task(BashOperator): delete_tag>, create_tag already registered for DAG: example_complex
[2024-10-09T18:14:49.255-0300] {processor.py:809} INFO - DAG(s) dict_keys(['example_complex']) retrieved from /home/marti/Lighthouse/airflow_tooltorial/venv/lib/python3.8/site-packages/airflow/example_dags/example_complex.py
[2024-10-09T18:14:49.283-0300] {logging_mixin.py:149} INFO - [2024-10-09T18:14:49.282-0300] {dag.py:2726} INFO - Sync 1 DAGs
[2024-10-09T18:14:49.310-0300] {logging_mixin.py:149} INFO - [2024-10-09T18:14:49.310-0300] {dag.py:3486} INFO - Setting next_dagrun for example_complex to None, run_after=None
[2024-10-09T18:14:49.435-0300] {processor.py:178} INFO - Processing /home/marti/Lighthouse/airflow_tooltorial/venv/lib/python3.8/site-packages/airflow/example_dags/example_complex.py took 0.219 seconds
[2024-10-09T18:15:45.329-0300] {processor.py:156} INFO - Started process (PID=63110) to work on /home/marti/Lighthouse/airflow_tooltorial/venv/lib/python3.8/site-packages/airflow/example_dags/example_complex.py
[2024-10-09T18:15:45.345-0300] {processor.py:799} INFO - Processing file /home/marti/Lighthouse/airflow_tooltorial/venv/lib/python3.8/site-packages/airflow/example_dags/example_complex.py for tasks to queue
[2024-10-09T18:15:45.345-0300] {logging_mixin.py:149} INFO - [2024-10-09T18:15:45.345-0300] {dagbag.py:541} INFO - Filling up the DagBag from /home/marti/Lighthouse/airflow_tooltorial/venv/lib/python3.8/site-packages/airflow/example_dags/example_complex.py
[2024-10-09T18:15:45.357-0300] {logging_mixin.py:149} INFO - [2024-10-09T18:15:45.357-0300] {taskmixin.py:211} WARNING - Dependency <Task(BashOperator): create_entry_group>, delete_entry_group already registered for DAG: example_complex
[2024-10-09T18:15:45.358-0300] {logging_mixin.py:149} INFO - [2024-10-09T18:15:45.357-0300] {taskmixin.py:211} WARNING - Dependency <Task(BashOperator): delete_entry_group>, create_entry_group already registered for DAG: example_complex
[2024-10-09T18:15:45.358-0300] {logging_mixin.py:149} INFO - [2024-10-09T18:15:45.358-0300] {taskmixin.py:211} WARNING - Dependency <Task(BashOperator): create_entry_gcs>, delete_entry already registered for DAG: example_complex
[2024-10-09T18:15:45.358-0300] {logging_mixin.py:149} INFO - [2024-10-09T18:15:45.358-0300] {taskmixin.py:211} WARNING - Dependency <Task(BashOperator): delete_entry>, create_entry_gcs already registered for DAG: example_complex
[2024-10-09T18:15:45.358-0300] {logging_mixin.py:149} INFO - [2024-10-09T18:15:45.358-0300] {taskmixin.py:211} WARNING - Dependency <Task(BashOperator): create_tag>, delete_tag already registered for DAG: example_complex
[2024-10-09T18:15:45.358-0300] {logging_mixin.py:149} INFO - [2024-10-09T18:15:45.358-0300] {taskmixin.py:211} WARNING - Dependency <Task(BashOperator): delete_tag>, create_tag already registered for DAG: example_complex
[2024-10-09T18:15:45.360-0300] {processor.py:809} INFO - DAG(s) dict_keys(['example_complex']) retrieved from /home/marti/Lighthouse/airflow_tooltorial/venv/lib/python3.8/site-packages/airflow/example_dags/example_complex.py
[2024-10-09T18:15:45.391-0300] {logging_mixin.py:149} INFO - [2024-10-09T18:15:45.391-0300] {dag.py:2726} INFO - Sync 1 DAGs
[2024-10-09T18:15:45.412-0300] {logging_mixin.py:149} INFO - [2024-10-09T18:15:45.411-0300] {dag.py:3486} INFO - Setting next_dagrun for example_complex to None, run_after=None
[2024-10-09T18:15:45.541-0300] {processor.py:178} INFO - Processing /home/marti/Lighthouse/airflow_tooltorial/venv/lib/python3.8/site-packages/airflow/example_dags/example_complex.py took 0.216 seconds
[2024-10-09T18:17:00.858-0300] {processor.py:156} INFO - Started process (PID=63556) to work on /home/marti/Lighthouse/airflow_tooltorial/venv/lib/python3.8/site-packages/airflow/example_dags/example_complex.py
[2024-10-09T18:17:00.930-0300] {processor.py:799} INFO - Processing file /home/marti/Lighthouse/airflow_tooltorial/venv/lib/python3.8/site-packages/airflow/example_dags/example_complex.py for tasks to queue
[2024-10-09T18:17:00.933-0300] {logging_mixin.py:149} INFO - [2024-10-09T18:17:00.932-0300] {dagbag.py:541} INFO - Filling up the DagBag from /home/marti/Lighthouse/airflow_tooltorial/venv/lib/python3.8/site-packages/airflow/example_dags/example_complex.py
[2024-10-09T18:17:00.986-0300] {logging_mixin.py:149} INFO - [2024-10-09T18:17:00.984-0300] {taskmixin.py:211} WARNING - Dependency <Task(BashOperator): create_entry_group>, delete_entry_group already registered for DAG: example_complex
[2024-10-09T18:17:00.988-0300] {logging_mixin.py:149} INFO - [2024-10-09T18:17:00.987-0300] {taskmixin.py:211} WARNING - Dependency <Task(BashOperator): delete_entry_group>, create_entry_group already registered for DAG: example_complex
[2024-10-09T18:17:00.990-0300] {logging_mixin.py:149} INFO - [2024-10-09T18:17:00.990-0300] {taskmixin.py:211} WARNING - Dependency <Task(BashOperator): create_entry_gcs>, delete_entry already registered for DAG: example_complex
[2024-10-09T18:17:00.991-0300] {logging_mixin.py:149} INFO - [2024-10-09T18:17:00.991-0300] {taskmixin.py:211} WARNING - Dependency <Task(BashOperator): delete_entry>, create_entry_gcs already registered for DAG: example_complex
[2024-10-09T18:17:00.993-0300] {logging_mixin.py:149} INFO - [2024-10-09T18:17:00.993-0300] {taskmixin.py:211} WARNING - Dependency <Task(BashOperator): create_tag>, delete_tag already registered for DAG: example_complex
[2024-10-09T18:17:00.994-0300] {logging_mixin.py:149} INFO - [2024-10-09T18:17:00.993-0300] {taskmixin.py:211} WARNING - Dependency <Task(BashOperator): delete_tag>, create_tag already registered for DAG: example_complex
[2024-10-09T18:17:01.000-0300] {processor.py:809} INFO - DAG(s) dict_keys(['example_complex']) retrieved from /home/marti/Lighthouse/airflow_tooltorial/venv/lib/python3.8/site-packages/airflow/example_dags/example_complex.py
[2024-10-09T18:17:01.056-0300] {logging_mixin.py:149} INFO - [2024-10-09T18:17:01.055-0300] {dag.py:2726} INFO - Sync 1 DAGs
[2024-10-09T18:17:01.083-0300] {logging_mixin.py:149} INFO - [2024-10-09T18:17:01.083-0300] {dag.py:3486} INFO - Setting next_dagrun for example_complex to None, run_after=None
[2024-10-09T18:17:01.411-0300] {processor.py:178} INFO - Processing /home/marti/Lighthouse/airflow_tooltorial/venv/lib/python3.8/site-packages/airflow/example_dags/example_complex.py took 0.557 seconds
[2024-10-09T18:18:07.023-0300] {processor.py:156} INFO - Started process (PID=64069) to work on /home/marti/Lighthouse/airflow_tooltorial/venv/lib/python3.8/site-packages/airflow/example_dags/example_complex.py
[2024-10-09T18:18:07.060-0300] {processor.py:799} INFO - Processing file /home/marti/Lighthouse/airflow_tooltorial/venv/lib/python3.8/site-packages/airflow/example_dags/example_complex.py for tasks to queue
[2024-10-09T18:18:07.061-0300] {logging_mixin.py:149} INFO - [2024-10-09T18:18:07.061-0300] {dagbag.py:541} INFO - Filling up the DagBag from /home/marti/Lighthouse/airflow_tooltorial/venv/lib/python3.8/site-packages/airflow/example_dags/example_complex.py
[2024-10-09T18:18:07.088-0300] {logging_mixin.py:149} INFO - [2024-10-09T18:18:07.087-0300] {taskmixin.py:211} WARNING - Dependency <Task(BashOperator): create_entry_group>, delete_entry_group already registered for DAG: example_complex
[2024-10-09T18:18:07.089-0300] {logging_mixin.py:149} INFO - [2024-10-09T18:18:07.089-0300] {taskmixin.py:211} WARNING - Dependency <Task(BashOperator): delete_entry_group>, create_entry_group already registered for DAG: example_complex
[2024-10-09T18:18:07.090-0300] {logging_mixin.py:149} INFO - [2024-10-09T18:18:07.090-0300] {taskmixin.py:211} WARNING - Dependency <Task(BashOperator): create_entry_gcs>, delete_entry already registered for DAG: example_complex
[2024-10-09T18:18:07.091-0300] {logging_mixin.py:149} INFO - [2024-10-09T18:18:07.090-0300] {taskmixin.py:211} WARNING - Dependency <Task(BashOperator): delete_entry>, create_entry_gcs already registered for DAG: example_complex
[2024-10-09T18:18:07.092-0300] {logging_mixin.py:149} INFO - [2024-10-09T18:18:07.091-0300] {taskmixin.py:211} WARNING - Dependency <Task(BashOperator): create_tag>, delete_tag already registered for DAG: example_complex
[2024-10-09T18:18:07.092-0300] {logging_mixin.py:149} INFO - [2024-10-09T18:18:07.092-0300] {taskmixin.py:211} WARNING - Dependency <Task(BashOperator): delete_tag>, create_tag already registered for DAG: example_complex
[2024-10-09T18:18:07.095-0300] {processor.py:809} INFO - DAG(s) dict_keys(['example_complex']) retrieved from /home/marti/Lighthouse/airflow_tooltorial/venv/lib/python3.8/site-packages/airflow/example_dags/example_complex.py
[2024-10-09T18:18:07.155-0300] {logging_mixin.py:149} INFO - [2024-10-09T18:18:07.154-0300] {dag.py:2726} INFO - Sync 1 DAGs
[2024-10-09T18:18:07.178-0300] {logging_mixin.py:149} INFO - [2024-10-09T18:18:07.178-0300] {dag.py:3486} INFO - Setting next_dagrun for example_complex to None, run_after=None
[2024-10-09T18:18:07.689-0300] {processor.py:178} INFO - Processing /home/marti/Lighthouse/airflow_tooltorial/venv/lib/python3.8/site-packages/airflow/example_dags/example_complex.py took 0.677 seconds
[2024-10-09T18:52:05.056-0300] {processor.py:156} INFO - Started process (PID=71038) to work on /home/marti/Lighthouse/airflow_tooltorial/venv/lib/python3.8/site-packages/airflow/example_dags/example_complex.py
[2024-10-09T18:52:05.076-0300] {processor.py:799} INFO - Processing file /home/marti/Lighthouse/airflow_tooltorial/venv/lib/python3.8/site-packages/airflow/example_dags/example_complex.py for tasks to queue
[2024-10-09T18:52:05.078-0300] {logging_mixin.py:149} INFO - [2024-10-09T18:52:05.077-0300] {dagbag.py:541} INFO - Filling up the DagBag from /home/marti/Lighthouse/airflow_tooltorial/venv/lib/python3.8/site-packages/airflow/example_dags/example_complex.py
[2024-10-09T18:52:05.101-0300] {logging_mixin.py:149} INFO - [2024-10-09T18:52:05.101-0300] {taskmixin.py:211} WARNING - Dependency <Task(BashOperator): create_entry_group>, delete_entry_group already registered for DAG: example_complex
[2024-10-09T18:52:05.102-0300] {logging_mixin.py:149} INFO - [2024-10-09T18:52:05.102-0300] {taskmixin.py:211} WARNING - Dependency <Task(BashOperator): delete_entry_group>, create_entry_group already registered for DAG: example_complex
[2024-10-09T18:52:05.102-0300] {logging_mixin.py:149} INFO - [2024-10-09T18:52:05.102-0300] {taskmixin.py:211} WARNING - Dependency <Task(BashOperator): create_entry_gcs>, delete_entry already registered for DAG: example_complex
[2024-10-09T18:52:05.103-0300] {logging_mixin.py:149} INFO - [2024-10-09T18:52:05.102-0300] {taskmixin.py:211} WARNING - Dependency <Task(BashOperator): delete_entry>, create_entry_gcs already registered for DAG: example_complex
[2024-10-09T18:52:05.103-0300] {logging_mixin.py:149} INFO - [2024-10-09T18:52:05.103-0300] {taskmixin.py:211} WARNING - Dependency <Task(BashOperator): create_tag>, delete_tag already registered for DAG: example_complex
[2024-10-09T18:52:05.103-0300] {logging_mixin.py:149} INFO - [2024-10-09T18:52:05.103-0300] {taskmixin.py:211} WARNING - Dependency <Task(BashOperator): delete_tag>, create_tag already registered for DAG: example_complex
[2024-10-09T18:52:05.105-0300] {processor.py:809} INFO - DAG(s) dict_keys(['example_complex']) retrieved from /home/marti/Lighthouse/airflow_tooltorial/venv/lib/python3.8/site-packages/airflow/example_dags/example_complex.py
[2024-10-09T18:52:05.132-0300] {logging_mixin.py:149} INFO - [2024-10-09T18:52:05.132-0300] {dag.py:2726} INFO - Sync 1 DAGs
[2024-10-09T18:52:05.227-0300] {logging_mixin.py:149} INFO - [2024-10-09T18:52:05.227-0300] {dag.py:3486} INFO - Setting next_dagrun for example_complex to None, run_after=None
[2024-10-09T18:52:05.330-0300] {processor.py:178} INFO - Processing /home/marti/Lighthouse/airflow_tooltorial/venv/lib/python3.8/site-packages/airflow/example_dags/example_complex.py took 0.278 seconds
