[2024-10-09T18:07:33.742-0300] {processor.py:156} INFO - Started process (PID=61417) to work on /home/marti/Lighthouse/airflow_tooltorial/venv/lib/python3.8/site-packages/airflow/example_dags/example_branch_datetime_operator.py
[2024-10-09T18:07:33.742-0300] {processor.py:799} INFO - Processing file /home/marti/Lighthouse/airflow_tooltorial/venv/lib/python3.8/site-packages/airflow/example_dags/example_branch_datetime_operator.py for tasks to queue
[2024-10-09T18:07:33.743-0300] {logging_mixin.py:149} INFO - [2024-10-09T18:07:33.743-0300] {dagbag.py:541} INFO - Filling up the DagBag from /home/marti/Lighthouse/airflow_tooltorial/venv/lib/python3.8/site-packages/airflow/example_dags/example_branch_datetime_operator.py
[2024-10-09T18:07:33.751-0300] {processor.py:809} INFO - DAG(s) dict_keys(['example_branch_datetime_operator', 'example_branch_datetime_operator_3', 'example_branch_datetime_operator_2']) retrieved from /home/marti/Lighthouse/airflow_tooltorial/venv/lib/python3.8/site-packages/airflow/example_dags/example_branch_datetime_operator.py
[2024-10-09T18:07:34.362-0300] {logging_mixin.py:149} INFO - [2024-10-09T18:07:34.362-0300] {manager.py:504} INFO - Created Permission View: can read on DAG:example_branch_datetime_operator
[2024-10-09T18:07:34.462-0300] {logging_mixin.py:149} INFO - [2024-10-09T18:07:34.461-0300] {manager.py:504} INFO - Created Permission View: can edit on DAG:example_branch_datetime_operator
[2024-10-09T18:07:34.562-0300] {logging_mixin.py:149} INFO - [2024-10-09T18:07:34.562-0300] {manager.py:504} INFO - Created Permission View: can delete on DAG:example_branch_datetime_operator
[2024-10-09T18:07:34.873-0300] {logging_mixin.py:149} INFO - [2024-10-09T18:07:34.873-0300] {manager.py:504} INFO - Created Permission View: can read on DAG:example_branch_datetime_operator_3
[2024-10-09T18:07:34.996-0300] {logging_mixin.py:149} INFO - [2024-10-09T18:07:34.995-0300] {manager.py:504} INFO - Created Permission View: can edit on DAG:example_branch_datetime_operator_3
[2024-10-09T18:07:35.263-0300] {logging_mixin.py:149} INFO - [2024-10-09T18:07:35.262-0300] {manager.py:504} INFO - Created Permission View: can delete on DAG:example_branch_datetime_operator_3
[2024-10-09T18:07:35.574-0300] {logging_mixin.py:149} INFO - [2024-10-09T18:07:35.573-0300] {manager.py:504} INFO - Created Permission View: can read on DAG:example_branch_datetime_operator_2
[2024-10-09T18:07:35.663-0300] {logging_mixin.py:149} INFO - [2024-10-09T18:07:35.662-0300] {manager.py:504} INFO - Created Permission View: can edit on DAG:example_branch_datetime_operator_2
[2024-10-09T18:07:35.774-0300] {logging_mixin.py:149} INFO - [2024-10-09T18:07:35.773-0300] {manager.py:504} INFO - Created Permission View: can delete on DAG:example_branch_datetime_operator_2
[2024-10-09T18:07:35.775-0300] {logging_mixin.py:149} INFO - [2024-10-09T18:07:35.774-0300] {dag.py:2726} INFO - Sync 3 DAGs
[2024-10-09T18:07:35.809-0300] {logging_mixin.py:149} INFO - [2024-10-09T18:07:35.809-0300] {dag.py:2747} INFO - Creating ORM DAG for example_branch_datetime_operator_3
[2024-10-09T18:07:35.810-0300] {logging_mixin.py:149} INFO - [2024-10-09T18:07:35.810-0300] {dag.py:2747} INFO - Creating ORM DAG for example_branch_datetime_operator_2
[2024-10-09T18:07:35.811-0300] {logging_mixin.py:149} INFO - [2024-10-09T18:07:35.810-0300] {dag.py:2747} INFO - Creating ORM DAG for example_branch_datetime_operator
[2024-10-09T18:07:35.822-0300] {logging_mixin.py:149} INFO - [2024-10-09T18:07:35.822-0300] {dag.py:3486} INFO - Setting next_dagrun for example_branch_datetime_operator to 2024-10-08T00:00:00+00:00, run_after=2024-10-09T00:00:00+00:00
[2024-10-09T18:07:35.824-0300] {logging_mixin.py:149} INFO - [2024-10-09T18:07:35.824-0300] {dag.py:3486} INFO - Setting next_dagrun for example_branch_datetime_operator_2 to 2024-10-08T00:00:00+00:00, run_after=2024-10-09T00:00:00+00:00
[2024-10-09T18:07:35.826-0300] {logging_mixin.py:149} INFO - [2024-10-09T18:07:35.826-0300] {dag.py:3486} INFO - Setting next_dagrun for example_branch_datetime_operator_3 to 2024-10-08T00:00:00+00:00, run_after=2024-10-09T00:00:00+00:00
[2024-10-09T18:07:36.172-0300] {processor.py:178} INFO - Processing /home/marti/Lighthouse/airflow_tooltorial/venv/lib/python3.8/site-packages/airflow/example_dags/example_branch_datetime_operator.py took 2.433 seconds
[2024-10-09T18:08:51.356-0300] {processor.py:156} INFO - Started process (PID=62025) to work on /home/marti/Lighthouse/airflow_tooltorial/venv/lib/python3.8/site-packages/airflow/example_dags/example_branch_datetime_operator.py
[2024-10-09T18:08:51.380-0300] {processor.py:799} INFO - Processing file /home/marti/Lighthouse/airflow_tooltorial/venv/lib/python3.8/site-packages/airflow/example_dags/example_branch_datetime_operator.py for tasks to queue
[2024-10-09T18:08:51.382-0300] {logging_mixin.py:149} INFO - [2024-10-09T18:08:51.381-0300] {dagbag.py:541} INFO - Filling up the DagBag from /home/marti/Lighthouse/airflow_tooltorial/venv/lib/python3.8/site-packages/airflow/example_dags/example_branch_datetime_operator.py
[2024-10-09T18:08:51.407-0300] {processor.py:809} INFO - DAG(s) dict_keys(['example_branch_datetime_operator_3', 'example_branch_datetime_operator', 'example_branch_datetime_operator_2']) retrieved from /home/marti/Lighthouse/airflow_tooltorial/venv/lib/python3.8/site-packages/airflow/example_dags/example_branch_datetime_operator.py
[2024-10-09T18:08:51.455-0300] {logging_mixin.py:149} INFO - [2024-10-09T18:08:51.455-0300] {dag.py:2726} INFO - Sync 3 DAGs
[2024-10-09T18:08:51.567-0300] {logging_mixin.py:149} INFO - [2024-10-09T18:08:51.566-0300] {dag.py:3486} INFO - Setting next_dagrun for example_branch_datetime_operator to 2024-10-08T00:00:00+00:00, run_after=2024-10-09T00:00:00+00:00
[2024-10-09T18:08:51.570-0300] {logging_mixin.py:149} INFO - [2024-10-09T18:08:51.570-0300] {dag.py:3486} INFO - Setting next_dagrun for example_branch_datetime_operator_2 to 2024-10-08T00:00:00+00:00, run_after=2024-10-09T00:00:00+00:00
[2024-10-09T18:08:51.573-0300] {logging_mixin.py:149} INFO - [2024-10-09T18:08:51.572-0300] {dag.py:3486} INFO - Setting next_dagrun for example_branch_datetime_operator_3 to 2024-10-08T00:00:00+00:00, run_after=2024-10-09T00:00:00+00:00
[2024-10-09T18:08:51.728-0300] {processor.py:178} INFO - Processing /home/marti/Lighthouse/airflow_tooltorial/venv/lib/python3.8/site-packages/airflow/example_dags/example_branch_datetime_operator.py took 0.384 seconds
[2024-10-09T18:09:53.859-0300] {processor.py:156} INFO - Started process (PID=62211) to work on /home/marti/Lighthouse/airflow_tooltorial/venv/lib/python3.8/site-packages/airflow/example_dags/example_branch_datetime_operator.py
[2024-10-09T18:09:53.892-0300] {processor.py:799} INFO - Processing file /home/marti/Lighthouse/airflow_tooltorial/venv/lib/python3.8/site-packages/airflow/example_dags/example_branch_datetime_operator.py for tasks to queue
[2024-10-09T18:09:53.894-0300] {logging_mixin.py:149} INFO - [2024-10-09T18:09:53.894-0300] {dagbag.py:541} INFO - Filling up the DagBag from /home/marti/Lighthouse/airflow_tooltorial/venv/lib/python3.8/site-packages/airflow/example_dags/example_branch_datetime_operator.py
[2024-10-09T18:09:53.925-0300] {processor.py:809} INFO - DAG(s) dict_keys(['example_branch_datetime_operator', 'example_branch_datetime_operator_3', 'example_branch_datetime_operator_2']) retrieved from /home/marti/Lighthouse/airflow_tooltorial/venv/lib/python3.8/site-packages/airflow/example_dags/example_branch_datetime_operator.py
[2024-10-09T18:09:53.954-0300] {logging_mixin.py:149} INFO - [2024-10-09T18:09:53.954-0300] {dag.py:2726} INFO - Sync 3 DAGs
[2024-10-09T18:09:53.970-0300] {logging_mixin.py:149} INFO - [2024-10-09T18:09:53.970-0300] {dag.py:3486} INFO - Setting next_dagrun for example_branch_datetime_operator to 2024-10-08T00:00:00+00:00, run_after=2024-10-09T00:00:00+00:00
[2024-10-09T18:09:53.975-0300] {logging_mixin.py:149} INFO - [2024-10-09T18:09:53.975-0300] {dag.py:3486} INFO - Setting next_dagrun for example_branch_datetime_operator_2 to 2024-10-08T00:00:00+00:00, run_after=2024-10-09T00:00:00+00:00
[2024-10-09T18:09:53.977-0300] {logging_mixin.py:149} INFO - [2024-10-09T18:09:53.977-0300] {dag.py:3486} INFO - Setting next_dagrun for example_branch_datetime_operator_3 to 2024-10-08T00:00:00+00:00, run_after=2024-10-09T00:00:00+00:00
[2024-10-09T18:09:54.108-0300] {processor.py:178} INFO - Processing /home/marti/Lighthouse/airflow_tooltorial/venv/lib/python3.8/site-packages/airflow/example_dags/example_branch_datetime_operator.py took 0.253 seconds
[2024-10-09T18:11:01.154-0300] {processor.py:156} INFO - Started process (PID=62468) to work on /home/marti/Lighthouse/airflow_tooltorial/venv/lib/python3.8/site-packages/airflow/example_dags/example_branch_datetime_operator.py
[2024-10-09T18:11:01.203-0300] {processor.py:799} INFO - Processing file /home/marti/Lighthouse/airflow_tooltorial/venv/lib/python3.8/site-packages/airflow/example_dags/example_branch_datetime_operator.py for tasks to queue
[2024-10-09T18:11:01.205-0300] {logging_mixin.py:149} INFO - [2024-10-09T18:11:01.204-0300] {dagbag.py:541} INFO - Filling up the DagBag from /home/marti/Lighthouse/airflow_tooltorial/venv/lib/python3.8/site-packages/airflow/example_dags/example_branch_datetime_operator.py
[2024-10-09T18:11:01.234-0300] {processor.py:809} INFO - DAG(s) dict_keys(['example_branch_datetime_operator_2', 'example_branch_datetime_operator_3', 'example_branch_datetime_operator']) retrieved from /home/marti/Lighthouse/airflow_tooltorial/venv/lib/python3.8/site-packages/airflow/example_dags/example_branch_datetime_operator.py
[2024-10-09T18:11:01.261-0300] {logging_mixin.py:149} INFO - [2024-10-09T18:11:01.261-0300] {dag.py:2726} INFO - Sync 3 DAGs
[2024-10-09T18:11:01.278-0300] {logging_mixin.py:149} INFO - [2024-10-09T18:11:01.278-0300] {dag.py:3486} INFO - Setting next_dagrun for example_branch_datetime_operator to 2024-10-08T00:00:00+00:00, run_after=2024-10-09T00:00:00+00:00
[2024-10-09T18:11:01.282-0300] {logging_mixin.py:149} INFO - [2024-10-09T18:11:01.281-0300] {dag.py:3486} INFO - Setting next_dagrun for example_branch_datetime_operator_2 to 2024-10-08T00:00:00+00:00, run_after=2024-10-09T00:00:00+00:00
[2024-10-09T18:11:01.283-0300] {logging_mixin.py:149} INFO - [2024-10-09T18:11:01.283-0300] {dag.py:3486} INFO - Setting next_dagrun for example_branch_datetime_operator_3 to 2024-10-08T00:00:00+00:00, run_after=2024-10-09T00:00:00+00:00
[2024-10-09T18:11:01.400-0300] {processor.py:178} INFO - Processing /home/marti/Lighthouse/airflow_tooltorial/venv/lib/python3.8/site-packages/airflow/example_dags/example_branch_datetime_operator.py took 0.255 seconds
[2024-10-09T18:11:57.894-0300] {processor.py:156} INFO - Started process (PID=62612) to work on /home/marti/Lighthouse/airflow_tooltorial/venv/lib/python3.8/site-packages/airflow/example_dags/example_branch_datetime_operator.py
[2024-10-09T18:11:57.953-0300] {processor.py:799} INFO - Processing file /home/marti/Lighthouse/airflow_tooltorial/venv/lib/python3.8/site-packages/airflow/example_dags/example_branch_datetime_operator.py for tasks to queue
[2024-10-09T18:11:57.956-0300] {logging_mixin.py:149} INFO - [2024-10-09T18:11:57.955-0300] {dagbag.py:541} INFO - Filling up the DagBag from /home/marti/Lighthouse/airflow_tooltorial/venv/lib/python3.8/site-packages/airflow/example_dags/example_branch_datetime_operator.py
[2024-10-09T18:11:57.974-0300] {processor.py:809} INFO - DAG(s) dict_keys(['example_branch_datetime_operator_2', 'example_branch_datetime_operator_3', 'example_branch_datetime_operator']) retrieved from /home/marti/Lighthouse/airflow_tooltorial/venv/lib/python3.8/site-packages/airflow/example_dags/example_branch_datetime_operator.py
[2024-10-09T18:11:58.016-0300] {logging_mixin.py:149} INFO - [2024-10-09T18:11:58.016-0300] {dag.py:2726} INFO - Sync 3 DAGs
[2024-10-09T18:11:58.065-0300] {logging_mixin.py:149} INFO - [2024-10-09T18:11:58.064-0300] {dag.py:3486} INFO - Setting next_dagrun for example_branch_datetime_operator to 2024-10-08T00:00:00+00:00, run_after=2024-10-09T00:00:00+00:00
[2024-10-09T18:11:58.074-0300] {logging_mixin.py:149} INFO - [2024-10-09T18:11:58.074-0300] {dag.py:3486} INFO - Setting next_dagrun for example_branch_datetime_operator_2 to 2024-10-08T00:00:00+00:00, run_after=2024-10-09T00:00:00+00:00
[2024-10-09T18:11:58.079-0300] {logging_mixin.py:149} INFO - [2024-10-09T18:11:58.079-0300] {dag.py:3486} INFO - Setting next_dagrun for example_branch_datetime_operator_3 to 2024-10-08T00:00:00+00:00, run_after=2024-10-09T00:00:00+00:00
[2024-10-09T18:11:58.306-0300] {processor.py:178} INFO - Processing /home/marti/Lighthouse/airflow_tooltorial/venv/lib/python3.8/site-packages/airflow/example_dags/example_branch_datetime_operator.py took 0.416 seconds
[2024-10-09T18:12:51.638-0300] {processor.py:156} INFO - Started process (PID=62721) to work on /home/marti/Lighthouse/airflow_tooltorial/venv/lib/python3.8/site-packages/airflow/example_dags/example_branch_datetime_operator.py
[2024-10-09T18:12:51.681-0300] {processor.py:799} INFO - Processing file /home/marti/Lighthouse/airflow_tooltorial/venv/lib/python3.8/site-packages/airflow/example_dags/example_branch_datetime_operator.py for tasks to queue
[2024-10-09T18:12:51.683-0300] {logging_mixin.py:149} INFO - [2024-10-09T18:12:51.682-0300] {dagbag.py:541} INFO - Filling up the DagBag from /home/marti/Lighthouse/airflow_tooltorial/venv/lib/python3.8/site-packages/airflow/example_dags/example_branch_datetime_operator.py
[2024-10-09T18:12:51.715-0300] {processor.py:809} INFO - DAG(s) dict_keys(['example_branch_datetime_operator_2', 'example_branch_datetime_operator_3', 'example_branch_datetime_operator']) retrieved from /home/marti/Lighthouse/airflow_tooltorial/venv/lib/python3.8/site-packages/airflow/example_dags/example_branch_datetime_operator.py
[2024-10-09T18:12:51.770-0300] {logging_mixin.py:149} INFO - [2024-10-09T18:12:51.770-0300] {dag.py:2726} INFO - Sync 3 DAGs
[2024-10-09T18:12:51.797-0300] {logging_mixin.py:149} INFO - [2024-10-09T18:12:51.797-0300] {dag.py:3486} INFO - Setting next_dagrun for example_branch_datetime_operator to 2024-10-08T00:00:00+00:00, run_after=2024-10-09T00:00:00+00:00
[2024-10-09T18:12:51.801-0300] {logging_mixin.py:149} INFO - [2024-10-09T18:12:51.801-0300] {dag.py:3486} INFO - Setting next_dagrun for example_branch_datetime_operator_2 to 2024-10-08T00:00:00+00:00, run_after=2024-10-09T00:00:00+00:00
[2024-10-09T18:12:51.803-0300] {logging_mixin.py:149} INFO - [2024-10-09T18:12:51.803-0300] {dag.py:3486} INFO - Setting next_dagrun for example_branch_datetime_operator_3 to 2024-10-08T00:00:00+00:00, run_after=2024-10-09T00:00:00+00:00
[2024-10-09T18:12:51.907-0300] {processor.py:178} INFO - Processing /home/marti/Lighthouse/airflow_tooltorial/venv/lib/python3.8/site-packages/airflow/example_dags/example_branch_datetime_operator.py took 0.282 seconds
[2024-10-09T18:13:47.373-0300] {processor.py:156} INFO - Started process (PID=62784) to work on /home/marti/Lighthouse/airflow_tooltorial/venv/lib/python3.8/site-packages/airflow/example_dags/example_branch_datetime_operator.py
[2024-10-09T18:13:47.400-0300] {processor.py:799} INFO - Processing file /home/marti/Lighthouse/airflow_tooltorial/venv/lib/python3.8/site-packages/airflow/example_dags/example_branch_datetime_operator.py for tasks to queue
[2024-10-09T18:13:47.401-0300] {logging_mixin.py:149} INFO - [2024-10-09T18:13:47.401-0300] {dagbag.py:541} INFO - Filling up the DagBag from /home/marti/Lighthouse/airflow_tooltorial/venv/lib/python3.8/site-packages/airflow/example_dags/example_branch_datetime_operator.py
[2024-10-09T18:13:47.426-0300] {processor.py:809} INFO - DAG(s) dict_keys(['example_branch_datetime_operator_3', 'example_branch_datetime_operator_2', 'example_branch_datetime_operator']) retrieved from /home/marti/Lighthouse/airflow_tooltorial/venv/lib/python3.8/site-packages/airflow/example_dags/example_branch_datetime_operator.py
[2024-10-09T18:13:47.455-0300] {logging_mixin.py:149} INFO - [2024-10-09T18:13:47.455-0300] {dag.py:2726} INFO - Sync 3 DAGs
[2024-10-09T18:13:47.471-0300] {logging_mixin.py:149} INFO - [2024-10-09T18:13:47.471-0300] {dag.py:3486} INFO - Setting next_dagrun for example_branch_datetime_operator to 2024-10-08T00:00:00+00:00, run_after=2024-10-09T00:00:00+00:00
[2024-10-09T18:13:47.474-0300] {logging_mixin.py:149} INFO - [2024-10-09T18:13:47.474-0300] {dag.py:3486} INFO - Setting next_dagrun for example_branch_datetime_operator_2 to 2024-10-08T00:00:00+00:00, run_after=2024-10-09T00:00:00+00:00
[2024-10-09T18:13:47.476-0300] {logging_mixin.py:149} INFO - [2024-10-09T18:13:47.476-0300] {dag.py:3486} INFO - Setting next_dagrun for example_branch_datetime_operator_3 to 2024-10-08T00:00:00+00:00, run_after=2024-10-09T00:00:00+00:00
[2024-10-09T18:13:47.647-0300] {processor.py:178} INFO - Processing /home/marti/Lighthouse/airflow_tooltorial/venv/lib/python3.8/site-packages/airflow/example_dags/example_branch_datetime_operator.py took 0.279 seconds
[2024-10-09T18:14:43.029-0300] {processor.py:156} INFO - Started process (PID=62924) to work on /home/marti/Lighthouse/airflow_tooltorial/venv/lib/python3.8/site-packages/airflow/example_dags/example_branch_datetime_operator.py
[2024-10-09T18:14:43.101-0300] {processor.py:799} INFO - Processing file /home/marti/Lighthouse/airflow_tooltorial/venv/lib/python3.8/site-packages/airflow/example_dags/example_branch_datetime_operator.py for tasks to queue
[2024-10-09T18:14:43.105-0300] {logging_mixin.py:149} INFO - [2024-10-09T18:14:43.104-0300] {dagbag.py:541} INFO - Filling up the DagBag from /home/marti/Lighthouse/airflow_tooltorial/venv/lib/python3.8/site-packages/airflow/example_dags/example_branch_datetime_operator.py
[2024-10-09T18:14:43.166-0300] {processor.py:809} INFO - DAG(s) dict_keys(['example_branch_datetime_operator', 'example_branch_datetime_operator_3', 'example_branch_datetime_operator_2']) retrieved from /home/marti/Lighthouse/airflow_tooltorial/venv/lib/python3.8/site-packages/airflow/example_dags/example_branch_datetime_operator.py
[2024-10-09T18:14:43.229-0300] {logging_mixin.py:149} INFO - [2024-10-09T18:14:43.229-0300] {dag.py:2726} INFO - Sync 3 DAGs
[2024-10-09T18:14:43.260-0300] {logging_mixin.py:149} INFO - [2024-10-09T18:14:43.260-0300] {dag.py:3486} INFO - Setting next_dagrun for example_branch_datetime_operator to 2024-10-08T00:00:00+00:00, run_after=2024-10-09T00:00:00+00:00
[2024-10-09T18:14:43.265-0300] {logging_mixin.py:149} INFO - [2024-10-09T18:14:43.264-0300] {dag.py:3486} INFO - Setting next_dagrun for example_branch_datetime_operator_2 to 2024-10-08T00:00:00+00:00, run_after=2024-10-09T00:00:00+00:00
[2024-10-09T18:14:43.270-0300] {logging_mixin.py:149} INFO - [2024-10-09T18:14:43.270-0300] {dag.py:3486} INFO - Setting next_dagrun for example_branch_datetime_operator_3 to 2024-10-08T00:00:00+00:00, run_after=2024-10-09T00:00:00+00:00
[2024-10-09T18:14:43.433-0300] {processor.py:178} INFO - Processing /home/marti/Lighthouse/airflow_tooltorial/venv/lib/python3.8/site-packages/airflow/example_dags/example_branch_datetime_operator.py took 0.408 seconds
[2024-10-09T18:15:40.501-0300] {processor.py:156} INFO - Started process (PID=63101) to work on /home/marti/Lighthouse/airflow_tooltorial/venv/lib/python3.8/site-packages/airflow/example_dags/example_branch_datetime_operator.py
[2024-10-09T18:15:40.565-0300] {processor.py:799} INFO - Processing file /home/marti/Lighthouse/airflow_tooltorial/venv/lib/python3.8/site-packages/airflow/example_dags/example_branch_datetime_operator.py for tasks to queue
[2024-10-09T18:15:40.566-0300] {logging_mixin.py:149} INFO - [2024-10-09T18:15:40.565-0300] {dagbag.py:541} INFO - Filling up the DagBag from /home/marti/Lighthouse/airflow_tooltorial/venv/lib/python3.8/site-packages/airflow/example_dags/example_branch_datetime_operator.py
[2024-10-09T18:15:40.582-0300] {processor.py:809} INFO - DAG(s) dict_keys(['example_branch_datetime_operator', 'example_branch_datetime_operator_3', 'example_branch_datetime_operator_2']) retrieved from /home/marti/Lighthouse/airflow_tooltorial/venv/lib/python3.8/site-packages/airflow/example_dags/example_branch_datetime_operator.py
[2024-10-09T18:15:40.617-0300] {logging_mixin.py:149} INFO - [2024-10-09T18:15:40.616-0300] {dag.py:2726} INFO - Sync 3 DAGs
[2024-10-09T18:15:40.633-0300] {logging_mixin.py:149} INFO - [2024-10-09T18:15:40.633-0300] {dag.py:3486} INFO - Setting next_dagrun for example_branch_datetime_operator to 2024-10-08T00:00:00+00:00, run_after=2024-10-09T00:00:00+00:00
[2024-10-09T18:15:40.636-0300] {logging_mixin.py:149} INFO - [2024-10-09T18:15:40.636-0300] {dag.py:3486} INFO - Setting next_dagrun for example_branch_datetime_operator_2 to 2024-10-08T00:00:00+00:00, run_after=2024-10-09T00:00:00+00:00
[2024-10-09T18:15:40.638-0300] {logging_mixin.py:149} INFO - [2024-10-09T18:15:40.638-0300] {dag.py:3486} INFO - Setting next_dagrun for example_branch_datetime_operator_3 to 2024-10-08T00:00:00+00:00, run_after=2024-10-09T00:00:00+00:00
[2024-10-09T18:15:41.295-0300] {processor.py:178} INFO - Processing /home/marti/Lighthouse/airflow_tooltorial/venv/lib/python3.8/site-packages/airflow/example_dags/example_branch_datetime_operator.py took 0.797 seconds
[2024-10-09T18:16:29.425-0300] {processor.py:156} INFO - Started process (PID=63313) to work on /home/marti/Lighthouse/airflow_tooltorial/venv/lib/python3.8/site-packages/airflow/example_dags/example_branch_datetime_operator.py
[2024-10-09T18:16:29.445-0300] {processor.py:799} INFO - Processing file /home/marti/Lighthouse/airflow_tooltorial/venv/lib/python3.8/site-packages/airflow/example_dags/example_branch_datetime_operator.py for tasks to queue
[2024-10-09T18:16:29.446-0300] {logging_mixin.py:149} INFO - [2024-10-09T18:16:29.446-0300] {dagbag.py:541} INFO - Filling up the DagBag from /home/marti/Lighthouse/airflow_tooltorial/venv/lib/python3.8/site-packages/airflow/example_dags/example_branch_datetime_operator.py
[2024-10-09T18:16:29.454-0300] {processor.py:809} INFO - DAG(s) dict_keys(['example_branch_datetime_operator_3', 'example_branch_datetime_operator', 'example_branch_datetime_operator_2']) retrieved from /home/marti/Lighthouse/airflow_tooltorial/venv/lib/python3.8/site-packages/airflow/example_dags/example_branch_datetime_operator.py
[2024-10-09T18:16:29.611-0300] {logging_mixin.py:149} INFO - [2024-10-09T18:16:29.611-0300] {dag.py:2726} INFO - Sync 3 DAGs
[2024-10-09T18:16:29.630-0300] {logging_mixin.py:149} INFO - [2024-10-09T18:16:29.630-0300] {dag.py:3486} INFO - Setting next_dagrun for example_branch_datetime_operator to 2024-10-08T00:00:00+00:00, run_after=2024-10-09T00:00:00+00:00
[2024-10-09T18:16:29.634-0300] {logging_mixin.py:149} INFO - [2024-10-09T18:16:29.634-0300] {dag.py:3486} INFO - Setting next_dagrun for example_branch_datetime_operator_2 to 2024-10-08T00:00:00+00:00, run_after=2024-10-09T00:00:00+00:00
[2024-10-09T18:16:29.636-0300] {logging_mixin.py:149} INFO - [2024-10-09T18:16:29.635-0300] {dag.py:3486} INFO - Setting next_dagrun for example_branch_datetime_operator_3 to 2024-10-08T00:00:00+00:00, run_after=2024-10-09T00:00:00+00:00
[2024-10-09T18:16:29.755-0300] {processor.py:178} INFO - Processing /home/marti/Lighthouse/airflow_tooltorial/venv/lib/python3.8/site-packages/airflow/example_dags/example_branch_datetime_operator.py took 0.335 seconds
[2024-10-09T18:17:29.522-0300] {processor.py:156} INFO - Started process (PID=63932) to work on /home/marti/Lighthouse/airflow_tooltorial/venv/lib/python3.8/site-packages/airflow/example_dags/example_branch_datetime_operator.py
[2024-10-09T18:17:29.549-0300] {processor.py:799} INFO - Processing file /home/marti/Lighthouse/airflow_tooltorial/venv/lib/python3.8/site-packages/airflow/example_dags/example_branch_datetime_operator.py for tasks to queue
[2024-10-09T18:17:29.550-0300] {logging_mixin.py:149} INFO - [2024-10-09T18:17:29.550-0300] {dagbag.py:541} INFO - Filling up the DagBag from /home/marti/Lighthouse/airflow_tooltorial/venv/lib/python3.8/site-packages/airflow/example_dags/example_branch_datetime_operator.py
[2024-10-09T18:17:29.564-0300] {processor.py:809} INFO - DAG(s) dict_keys(['example_branch_datetime_operator', 'example_branch_datetime_operator_2', 'example_branch_datetime_operator_3']) retrieved from /home/marti/Lighthouse/airflow_tooltorial/venv/lib/python3.8/site-packages/airflow/example_dags/example_branch_datetime_operator.py
[2024-10-09T18:17:29.601-0300] {logging_mixin.py:149} INFO - [2024-10-09T18:17:29.601-0300] {dag.py:2726} INFO - Sync 3 DAGs
[2024-10-09T18:17:29.629-0300] {logging_mixin.py:149} INFO - [2024-10-09T18:17:29.629-0300] {dag.py:3486} INFO - Setting next_dagrun for example_branch_datetime_operator to 2024-10-08T00:00:00+00:00, run_after=2024-10-09T00:00:00+00:00
[2024-10-09T18:17:29.636-0300] {logging_mixin.py:149} INFO - [2024-10-09T18:17:29.635-0300] {dag.py:3486} INFO - Setting next_dagrun for example_branch_datetime_operator_2 to 2024-10-08T00:00:00+00:00, run_after=2024-10-09T00:00:00+00:00
[2024-10-09T18:17:29.639-0300] {logging_mixin.py:149} INFO - [2024-10-09T18:17:29.639-0300] {dag.py:3486} INFO - Setting next_dagrun for example_branch_datetime_operator_3 to 2024-10-08T00:00:00+00:00, run_after=2024-10-09T00:00:00+00:00
[2024-10-09T18:17:29.839-0300] {processor.py:178} INFO - Processing /home/marti/Lighthouse/airflow_tooltorial/venv/lib/python3.8/site-packages/airflow/example_dags/example_branch_datetime_operator.py took 0.320 seconds
[2024-10-09T18:18:25.636-0300] {processor.py:156} INFO - Started process (PID=64087) to work on /home/marti/Lighthouse/airflow_tooltorial/venv/lib/python3.8/site-packages/airflow/example_dags/example_branch_datetime_operator.py
[2024-10-09T18:18:25.653-0300] {processor.py:799} INFO - Processing file /home/marti/Lighthouse/airflow_tooltorial/venv/lib/python3.8/site-packages/airflow/example_dags/example_branch_datetime_operator.py for tasks to queue
[2024-10-09T18:18:25.657-0300] {logging_mixin.py:149} INFO - [2024-10-09T18:18:25.656-0300] {dagbag.py:541} INFO - Filling up the DagBag from /home/marti/Lighthouse/airflow_tooltorial/venv/lib/python3.8/site-packages/airflow/example_dags/example_branch_datetime_operator.py
[2024-10-09T18:18:25.706-0300] {processor.py:809} INFO - DAG(s) dict_keys(['example_branch_datetime_operator_2', 'example_branch_datetime_operator_3', 'example_branch_datetime_operator']) retrieved from /home/marti/Lighthouse/airflow_tooltorial/venv/lib/python3.8/site-packages/airflow/example_dags/example_branch_datetime_operator.py
[2024-10-09T18:18:25.747-0300] {logging_mixin.py:149} INFO - [2024-10-09T18:18:25.747-0300] {dag.py:2726} INFO - Sync 3 DAGs
[2024-10-09T18:18:25.772-0300] {logging_mixin.py:149} INFO - [2024-10-09T18:18:25.772-0300] {dag.py:3486} INFO - Setting next_dagrun for example_branch_datetime_operator to 2024-10-08T00:00:00+00:00, run_after=2024-10-09T00:00:00+00:00
[2024-10-09T18:18:25.776-0300] {logging_mixin.py:149} INFO - [2024-10-09T18:18:25.776-0300] {dag.py:3486} INFO - Setting next_dagrun for example_branch_datetime_operator_2 to 2024-10-08T00:00:00+00:00, run_after=2024-10-09T00:00:00+00:00
[2024-10-09T18:18:25.780-0300] {logging_mixin.py:149} INFO - [2024-10-09T18:18:25.779-0300] {dag.py:3486} INFO - Setting next_dagrun for example_branch_datetime_operator_3 to 2024-10-08T00:00:00+00:00, run_after=2024-10-09T00:00:00+00:00
[2024-10-09T18:18:25.906-0300] {processor.py:178} INFO - Processing /home/marti/Lighthouse/airflow_tooltorial/venv/lib/python3.8/site-packages/airflow/example_dags/example_branch_datetime_operator.py took 0.278 seconds
[2024-10-09T18:52:00.415-0300] {processor.py:156} INFO - Started process (PID=71026) to work on /home/marti/Lighthouse/airflow_tooltorial/venv/lib/python3.8/site-packages/airflow/example_dags/example_branch_datetime_operator.py
[2024-10-09T18:52:00.429-0300] {processor.py:799} INFO - Processing file /home/marti/Lighthouse/airflow_tooltorial/venv/lib/python3.8/site-packages/airflow/example_dags/example_branch_datetime_operator.py for tasks to queue
[2024-10-09T18:52:00.431-0300] {logging_mixin.py:149} INFO - [2024-10-09T18:52:00.431-0300] {dagbag.py:541} INFO - Filling up the DagBag from /home/marti/Lighthouse/airflow_tooltorial/venv/lib/python3.8/site-packages/airflow/example_dags/example_branch_datetime_operator.py
[2024-10-09T18:52:00.447-0300] {processor.py:809} INFO - DAG(s) dict_keys(['example_branch_datetime_operator_2', 'example_branch_datetime_operator_3', 'example_branch_datetime_operator']) retrieved from /home/marti/Lighthouse/airflow_tooltorial/venv/lib/python3.8/site-packages/airflow/example_dags/example_branch_datetime_operator.py
[2024-10-09T18:52:00.468-0300] {logging_mixin.py:149} INFO - [2024-10-09T18:52:00.468-0300] {dag.py:2726} INFO - Sync 3 DAGs
[2024-10-09T18:52:00.489-0300] {logging_mixin.py:149} INFO - [2024-10-09T18:52:00.489-0300] {dag.py:3486} INFO - Setting next_dagrun for example_branch_datetime_operator to 2024-10-08T00:00:00+00:00, run_after=2024-10-09T00:00:00+00:00
[2024-10-09T18:52:00.494-0300] {logging_mixin.py:149} INFO - [2024-10-09T18:52:00.493-0300] {dag.py:3486} INFO - Setting next_dagrun for example_branch_datetime_operator_2 to 2024-10-08T00:00:00+00:00, run_after=2024-10-09T00:00:00+00:00
[2024-10-09T18:52:00.496-0300] {logging_mixin.py:149} INFO - [2024-10-09T18:52:00.496-0300] {dag.py:3486} INFO - Setting next_dagrun for example_branch_datetime_operator_3 to 2024-10-08T00:00:00+00:00, run_after=2024-10-09T00:00:00+00:00
[2024-10-09T18:52:00.702-0300] {processor.py:178} INFO - Processing /home/marti/Lighthouse/airflow_tooltorial/venv/lib/python3.8/site-packages/airflow/example_dags/example_branch_datetime_operator.py took 0.293 seconds
