[2024-10-09T18:07:39.881-0300] {processor.py:156} INFO - Started process (PID=61428) to work on /home/marti/Lighthouse/airflow_tooltorial/venv/lib/python3.8/site-packages/airflow/example_dags/example_branch_day_of_week_operator.py
[2024-10-09T18:07:39.882-0300] {processor.py:799} INFO - Processing file /home/marti/Lighthouse/airflow_tooltorial/venv/lib/python3.8/site-packages/airflow/example_dags/example_branch_day_of_week_operator.py for tasks to queue
[2024-10-09T18:07:39.884-0300] {logging_mixin.py:149} INFO - [2024-10-09T18:07:39.883-0300] {dagbag.py:541} INFO - Filling up the DagBag from /home/marti/Lighthouse/airflow_tooltorial/venv/lib/python3.8/site-packages/airflow/example_dags/example_branch_day_of_week_operator.py
[2024-10-09T18:07:39.902-0300] {processor.py:809} INFO - DAG(s) dict_keys(['example_weekday_branch_operator']) retrieved from /home/marti/Lighthouse/airflow_tooltorial/venv/lib/python3.8/site-packages/airflow/example_dags/example_branch_day_of_week_operator.py
[2024-10-09T18:07:40.409-0300] {logging_mixin.py:149} INFO - [2024-10-09T18:07:40.408-0300] {manager.py:504} INFO - Created Permission View: can read on DAG:example_weekday_branch_operator
[2024-10-09T18:07:40.509-0300] {logging_mixin.py:149} INFO - [2024-10-09T18:07:40.508-0300] {manager.py:504} INFO - Created Permission View: can edit on DAG:example_weekday_branch_operator
[2024-10-09T18:07:40.608-0300] {logging_mixin.py:149} INFO - [2024-10-09T18:07:40.608-0300] {manager.py:504} INFO - Created Permission View: can delete on DAG:example_weekday_branch_operator
[2024-10-09T18:07:40.609-0300] {logging_mixin.py:149} INFO - [2024-10-09T18:07:40.609-0300] {dag.py:2726} INFO - Sync 1 DAGs
[2024-10-09T18:07:40.650-0300] {logging_mixin.py:149} INFO - [2024-10-09T18:07:40.650-0300] {dag.py:2747} INFO - Creating ORM DAG for example_weekday_branch_operator
[2024-10-09T18:07:40.660-0300] {logging_mixin.py:149} INFO - [2024-10-09T18:07:40.660-0300] {dag.py:3486} INFO - Setting next_dagrun for example_weekday_branch_operator to 2024-10-08T00:00:00+00:00, run_after=2024-10-09T00:00:00+00:00
[2024-10-09T18:07:40.829-0300] {processor.py:178} INFO - Processing /home/marti/Lighthouse/airflow_tooltorial/venv/lib/python3.8/site-packages/airflow/example_dags/example_branch_day_of_week_operator.py took 0.954 seconds
[2024-10-09T18:09:11.049-0300] {processor.py:156} INFO - Started process (PID=62092) to work on /home/marti/Lighthouse/airflow_tooltorial/venv/lib/python3.8/site-packages/airflow/example_dags/example_branch_day_of_week_operator.py
[2024-10-09T18:09:11.063-0300] {processor.py:799} INFO - Processing file /home/marti/Lighthouse/airflow_tooltorial/venv/lib/python3.8/site-packages/airflow/example_dags/example_branch_day_of_week_operator.py for tasks to queue
[2024-10-09T18:09:11.065-0300] {logging_mixin.py:149} INFO - [2024-10-09T18:09:11.065-0300] {dagbag.py:541} INFO - Filling up the DagBag from /home/marti/Lighthouse/airflow_tooltorial/venv/lib/python3.8/site-packages/airflow/example_dags/example_branch_day_of_week_operator.py
[2024-10-09T18:09:11.080-0300] {processor.py:809} INFO - DAG(s) dict_keys(['example_weekday_branch_operator']) retrieved from /home/marti/Lighthouse/airflow_tooltorial/venv/lib/python3.8/site-packages/airflow/example_dags/example_branch_day_of_week_operator.py
[2024-10-09T18:09:11.103-0300] {logging_mixin.py:149} INFO - [2024-10-09T18:09:11.103-0300] {dag.py:2726} INFO - Sync 1 DAGs
[2024-10-09T18:09:11.197-0300] {logging_mixin.py:149} INFO - [2024-10-09T18:09:11.197-0300] {dag.py:3486} INFO - Setting next_dagrun for example_weekday_branch_operator to 2024-10-08T00:00:00+00:00, run_after=2024-10-09T00:00:00+00:00
[2024-10-09T18:09:11.314-0300] {processor.py:178} INFO - Processing /home/marti/Lighthouse/airflow_tooltorial/venv/lib/python3.8/site-packages/airflow/example_dags/example_branch_day_of_week_operator.py took 0.270 seconds
[2024-10-09T18:10:07.033-0300] {processor.py:156} INFO - Started process (PID=62238) to work on /home/marti/Lighthouse/airflow_tooltorial/venv/lib/python3.8/site-packages/airflow/example_dags/example_branch_day_of_week_operator.py
[2024-10-09T18:10:07.073-0300] {processor.py:799} INFO - Processing file /home/marti/Lighthouse/airflow_tooltorial/venv/lib/python3.8/site-packages/airflow/example_dags/example_branch_day_of_week_operator.py for tasks to queue
[2024-10-09T18:10:07.076-0300] {logging_mixin.py:149} INFO - [2024-10-09T18:10:07.075-0300] {dagbag.py:541} INFO - Filling up the DagBag from /home/marti/Lighthouse/airflow_tooltorial/venv/lib/python3.8/site-packages/airflow/example_dags/example_branch_day_of_week_operator.py
[2024-10-09T18:10:07.100-0300] {processor.py:809} INFO - DAG(s) dict_keys(['example_weekday_branch_operator']) retrieved from /home/marti/Lighthouse/airflow_tooltorial/venv/lib/python3.8/site-packages/airflow/example_dags/example_branch_day_of_week_operator.py
[2024-10-09T18:10:07.126-0300] {logging_mixin.py:149} INFO - [2024-10-09T18:10:07.126-0300] {dag.py:2726} INFO - Sync 1 DAGs
[2024-10-09T18:10:07.144-0300] {logging_mixin.py:149} INFO - [2024-10-09T18:10:07.144-0300] {dag.py:3486} INFO - Setting next_dagrun for example_weekday_branch_operator to 2024-10-08T00:00:00+00:00, run_after=2024-10-09T00:00:00+00:00
[2024-10-09T18:10:07.363-0300] {processor.py:178} INFO - Processing /home/marti/Lighthouse/airflow_tooltorial/venv/lib/python3.8/site-packages/airflow/example_dags/example_branch_day_of_week_operator.py took 0.334 seconds
[2024-10-09T18:11:03.232-0300] {processor.py:156} INFO - Started process (PID=62474) to work on /home/marti/Lighthouse/airflow_tooltorial/venv/lib/python3.8/site-packages/airflow/example_dags/example_branch_day_of_week_operator.py
[2024-10-09T18:11:03.258-0300] {processor.py:799} INFO - Processing file /home/marti/Lighthouse/airflow_tooltorial/venv/lib/python3.8/site-packages/airflow/example_dags/example_branch_day_of_week_operator.py for tasks to queue
[2024-10-09T18:11:03.260-0300] {logging_mixin.py:149} INFO - [2024-10-09T18:11:03.259-0300] {dagbag.py:541} INFO - Filling up the DagBag from /home/marti/Lighthouse/airflow_tooltorial/venv/lib/python3.8/site-packages/airflow/example_dags/example_branch_day_of_week_operator.py
[2024-10-09T18:11:03.282-0300] {processor.py:809} INFO - DAG(s) dict_keys(['example_weekday_branch_operator']) retrieved from /home/marti/Lighthouse/airflow_tooltorial/venv/lib/python3.8/site-packages/airflow/example_dags/example_branch_day_of_week_operator.py
[2024-10-09T18:11:03.308-0300] {logging_mixin.py:149} INFO - [2024-10-09T18:11:03.308-0300] {dag.py:2726} INFO - Sync 1 DAGs
[2024-10-09T18:11:03.324-0300] {logging_mixin.py:149} INFO - [2024-10-09T18:11:03.324-0300] {dag.py:3486} INFO - Setting next_dagrun for example_weekday_branch_operator to 2024-10-08T00:00:00+00:00, run_after=2024-10-09T00:00:00+00:00
[2024-10-09T18:11:03.458-0300] {processor.py:178} INFO - Processing /home/marti/Lighthouse/airflow_tooltorial/venv/lib/python3.8/site-packages/airflow/example_dags/example_branch_day_of_week_operator.py took 0.235 seconds
[2024-10-09T18:12:00.671-0300] {processor.py:156} INFO - Started process (PID=62614) to work on /home/marti/Lighthouse/airflow_tooltorial/venv/lib/python3.8/site-packages/airflow/example_dags/example_branch_day_of_week_operator.py
[2024-10-09T18:12:00.672-0300] {processor.py:799} INFO - Processing file /home/marti/Lighthouse/airflow_tooltorial/venv/lib/python3.8/site-packages/airflow/example_dags/example_branch_day_of_week_operator.py for tasks to queue
[2024-10-09T18:12:00.673-0300] {logging_mixin.py:149} INFO - [2024-10-09T18:12:00.673-0300] {dagbag.py:541} INFO - Filling up the DagBag from /home/marti/Lighthouse/airflow_tooltorial/venv/lib/python3.8/site-packages/airflow/example_dags/example_branch_day_of_week_operator.py
[2024-10-09T18:12:00.687-0300] {processor.py:809} INFO - DAG(s) dict_keys(['example_weekday_branch_operator']) retrieved from /home/marti/Lighthouse/airflow_tooltorial/venv/lib/python3.8/site-packages/airflow/example_dags/example_branch_day_of_week_operator.py
[2024-10-09T18:12:00.716-0300] {logging_mixin.py:149} INFO - [2024-10-09T18:12:00.716-0300] {dag.py:2726} INFO - Sync 1 DAGs
[2024-10-09T18:12:00.745-0300] {logging_mixin.py:149} INFO - [2024-10-09T18:12:00.745-0300] {dag.py:3486} INFO - Setting next_dagrun for example_weekday_branch_operator to 2024-10-08T00:00:00+00:00, run_after=2024-10-09T00:00:00+00:00
[2024-10-09T18:12:00.898-0300] {processor.py:178} INFO - Processing /home/marti/Lighthouse/airflow_tooltorial/venv/lib/python3.8/site-packages/airflow/example_dags/example_branch_day_of_week_operator.py took 0.231 seconds
[2024-10-09T18:12:54.468-0300] {processor.py:156} INFO - Started process (PID=62724) to work on /home/marti/Lighthouse/airflow_tooltorial/venv/lib/python3.8/site-packages/airflow/example_dags/example_branch_day_of_week_operator.py
[2024-10-09T18:12:54.523-0300] {processor.py:799} INFO - Processing file /home/marti/Lighthouse/airflow_tooltorial/venv/lib/python3.8/site-packages/airflow/example_dags/example_branch_day_of_week_operator.py for tasks to queue
[2024-10-09T18:12:54.524-0300] {logging_mixin.py:149} INFO - [2024-10-09T18:12:54.524-0300] {dagbag.py:541} INFO - Filling up the DagBag from /home/marti/Lighthouse/airflow_tooltorial/venv/lib/python3.8/site-packages/airflow/example_dags/example_branch_day_of_week_operator.py
[2024-10-09T18:12:54.533-0300] {processor.py:809} INFO - DAG(s) dict_keys(['example_weekday_branch_operator']) retrieved from /home/marti/Lighthouse/airflow_tooltorial/venv/lib/python3.8/site-packages/airflow/example_dags/example_branch_day_of_week_operator.py
[2024-10-09T18:12:54.562-0300] {logging_mixin.py:149} INFO - [2024-10-09T18:12:54.561-0300] {dag.py:2726} INFO - Sync 1 DAGs
[2024-10-09T18:12:54.590-0300] {logging_mixin.py:149} INFO - [2024-10-09T18:12:54.590-0300] {dag.py:3486} INFO - Setting next_dagrun for example_weekday_branch_operator to 2024-10-08T00:00:00+00:00, run_after=2024-10-09T00:00:00+00:00
[2024-10-09T18:12:54.738-0300] {processor.py:178} INFO - Processing /home/marti/Lighthouse/airflow_tooltorial/venv/lib/python3.8/site-packages/airflow/example_dags/example_branch_day_of_week_operator.py took 0.287 seconds
[2024-10-09T18:13:50.304-0300] {processor.py:156} INFO - Started process (PID=62851) to work on /home/marti/Lighthouse/airflow_tooltorial/venv/lib/python3.8/site-packages/airflow/example_dags/example_branch_day_of_week_operator.py
[2024-10-09T18:13:50.354-0300] {processor.py:799} INFO - Processing file /home/marti/Lighthouse/airflow_tooltorial/venv/lib/python3.8/site-packages/airflow/example_dags/example_branch_day_of_week_operator.py for tasks to queue
[2024-10-09T18:13:50.357-0300] {logging_mixin.py:149} INFO - [2024-10-09T18:13:50.356-0300] {dagbag.py:541} INFO - Filling up the DagBag from /home/marti/Lighthouse/airflow_tooltorial/venv/lib/python3.8/site-packages/airflow/example_dags/example_branch_day_of_week_operator.py
[2024-10-09T18:13:50.381-0300] {processor.py:809} INFO - DAG(s) dict_keys(['example_weekday_branch_operator']) retrieved from /home/marti/Lighthouse/airflow_tooltorial/venv/lib/python3.8/site-packages/airflow/example_dags/example_branch_day_of_week_operator.py
[2024-10-09T18:13:50.408-0300] {logging_mixin.py:149} INFO - [2024-10-09T18:13:50.408-0300] {dag.py:2726} INFO - Sync 1 DAGs
[2024-10-09T18:13:50.425-0300] {logging_mixin.py:149} INFO - [2024-10-09T18:13:50.425-0300] {dag.py:3486} INFO - Setting next_dagrun for example_weekday_branch_operator to 2024-10-08T00:00:00+00:00, run_after=2024-10-09T00:00:00+00:00
[2024-10-09T18:13:50.546-0300] {processor.py:178} INFO - Processing /home/marti/Lighthouse/airflow_tooltorial/venv/lib/python3.8/site-packages/airflow/example_dags/example_branch_day_of_week_operator.py took 0.248 seconds
[2024-10-09T18:14:46.084-0300] {processor.py:156} INFO - Started process (PID=62939) to work on /home/marti/Lighthouse/airflow_tooltorial/venv/lib/python3.8/site-packages/airflow/example_dags/example_branch_day_of_week_operator.py
[2024-10-09T18:14:46.112-0300] {processor.py:799} INFO - Processing file /home/marti/Lighthouse/airflow_tooltorial/venv/lib/python3.8/site-packages/airflow/example_dags/example_branch_day_of_week_operator.py for tasks to queue
[2024-10-09T18:14:46.114-0300] {logging_mixin.py:149} INFO - [2024-10-09T18:14:46.113-0300] {dagbag.py:541} INFO - Filling up the DagBag from /home/marti/Lighthouse/airflow_tooltorial/venv/lib/python3.8/site-packages/airflow/example_dags/example_branch_day_of_week_operator.py
[2024-10-09T18:14:46.138-0300] {processor.py:809} INFO - DAG(s) dict_keys(['example_weekday_branch_operator']) retrieved from /home/marti/Lighthouse/airflow_tooltorial/venv/lib/python3.8/site-packages/airflow/example_dags/example_branch_day_of_week_operator.py
[2024-10-09T18:14:46.173-0300] {logging_mixin.py:149} INFO - [2024-10-09T18:14:46.173-0300] {dag.py:2726} INFO - Sync 1 DAGs
[2024-10-09T18:14:46.201-0300] {logging_mixin.py:149} INFO - [2024-10-09T18:14:46.201-0300] {dag.py:3486} INFO - Setting next_dagrun for example_weekday_branch_operator to 2024-10-08T00:00:00+00:00, run_after=2024-10-09T00:00:00+00:00
[2024-10-09T18:14:46.348-0300] {processor.py:178} INFO - Processing /home/marti/Lighthouse/airflow_tooltorial/venv/lib/python3.8/site-packages/airflow/example_dags/example_branch_day_of_week_operator.py took 0.269 seconds
[2024-10-09T18:15:43.444-0300] {processor.py:156} INFO - Started process (PID=63107) to work on /home/marti/Lighthouse/airflow_tooltorial/venv/lib/python3.8/site-packages/airflow/example_dags/example_branch_day_of_week_operator.py
[2024-10-09T18:15:43.490-0300] {processor.py:799} INFO - Processing file /home/marti/Lighthouse/airflow_tooltorial/venv/lib/python3.8/site-packages/airflow/example_dags/example_branch_day_of_week_operator.py for tasks to queue
[2024-10-09T18:15:43.492-0300] {logging_mixin.py:149} INFO - [2024-10-09T18:15:43.492-0300] {dagbag.py:541} INFO - Filling up the DagBag from /home/marti/Lighthouse/airflow_tooltorial/venv/lib/python3.8/site-packages/airflow/example_dags/example_branch_day_of_week_operator.py
[2024-10-09T18:15:43.515-0300] {processor.py:809} INFO - DAG(s) dict_keys(['example_weekday_branch_operator']) retrieved from /home/marti/Lighthouse/airflow_tooltorial/venv/lib/python3.8/site-packages/airflow/example_dags/example_branch_day_of_week_operator.py
[2024-10-09T18:15:43.542-0300] {logging_mixin.py:149} INFO - [2024-10-09T18:15:43.542-0300] {dag.py:2726} INFO - Sync 1 DAGs
[2024-10-09T18:15:43.558-0300] {logging_mixin.py:149} INFO - [2024-10-09T18:15:43.558-0300] {dag.py:3486} INFO - Setting next_dagrun for example_weekday_branch_operator to 2024-10-08T00:00:00+00:00, run_after=2024-10-09T00:00:00+00:00
[2024-10-09T18:15:43.721-0300] {processor.py:178} INFO - Processing /home/marti/Lighthouse/airflow_tooltorial/venv/lib/python3.8/site-packages/airflow/example_dags/example_branch_day_of_week_operator.py took 0.281 seconds
[2024-10-09T18:16:57.837-0300] {processor.py:156} INFO - Started process (PID=63547) to work on /home/marti/Lighthouse/airflow_tooltorial/venv/lib/python3.8/site-packages/airflow/example_dags/example_branch_day_of_week_operator.py
[2024-10-09T18:16:57.839-0300] {processor.py:799} INFO - Processing file /home/marti/Lighthouse/airflow_tooltorial/venv/lib/python3.8/site-packages/airflow/example_dags/example_branch_day_of_week_operator.py for tasks to queue
[2024-10-09T18:16:57.841-0300] {logging_mixin.py:149} INFO - [2024-10-09T18:16:57.840-0300] {dagbag.py:541} INFO - Filling up the DagBag from /home/marti/Lighthouse/airflow_tooltorial/venv/lib/python3.8/site-packages/airflow/example_dags/example_branch_day_of_week_operator.py
[2024-10-09T18:16:57.855-0300] {processor.py:809} INFO - DAG(s) dict_keys(['example_weekday_branch_operator']) retrieved from /home/marti/Lighthouse/airflow_tooltorial/venv/lib/python3.8/site-packages/airflow/example_dags/example_branch_day_of_week_operator.py
[2024-10-09T18:16:57.883-0300] {logging_mixin.py:149} INFO - [2024-10-09T18:16:57.883-0300] {dag.py:2726} INFO - Sync 1 DAGs
[2024-10-09T18:16:57.909-0300] {logging_mixin.py:149} INFO - [2024-10-09T18:16:57.909-0300] {dag.py:3486} INFO - Setting next_dagrun for example_weekday_branch_operator to 2024-10-08T00:00:00+00:00, run_after=2024-10-09T00:00:00+00:00
[2024-10-09T18:16:58.028-0300] {processor.py:178} INFO - Processing /home/marti/Lighthouse/airflow_tooltorial/venv/lib/python3.8/site-packages/airflow/example_dags/example_branch_day_of_week_operator.py took 0.202 seconds
[2024-10-09T18:18:04.278-0300] {processor.py:156} INFO - Started process (PID=64063) to work on /home/marti/Lighthouse/airflow_tooltorial/venv/lib/python3.8/site-packages/airflow/example_dags/example_branch_day_of_week_operator.py
[2024-10-09T18:18:04.298-0300] {processor.py:799} INFO - Processing file /home/marti/Lighthouse/airflow_tooltorial/venv/lib/python3.8/site-packages/airflow/example_dags/example_branch_day_of_week_operator.py for tasks to queue
[2024-10-09T18:18:04.299-0300] {logging_mixin.py:149} INFO - [2024-10-09T18:18:04.298-0300] {dagbag.py:541} INFO - Filling up the DagBag from /home/marti/Lighthouse/airflow_tooltorial/venv/lib/python3.8/site-packages/airflow/example_dags/example_branch_day_of_week_operator.py
[2024-10-09T18:18:04.306-0300] {processor.py:809} INFO - DAG(s) dict_keys(['example_weekday_branch_operator']) retrieved from /home/marti/Lighthouse/airflow_tooltorial/venv/lib/python3.8/site-packages/airflow/example_dags/example_branch_day_of_week_operator.py
[2024-10-09T18:18:04.326-0300] {logging_mixin.py:149} INFO - [2024-10-09T18:18:04.326-0300] {dag.py:2726} INFO - Sync 1 DAGs
[2024-10-09T18:18:04.343-0300] {logging_mixin.py:149} INFO - [2024-10-09T18:18:04.342-0300] {dag.py:3486} INFO - Setting next_dagrun for example_weekday_branch_operator to 2024-10-08T00:00:00+00:00, run_after=2024-10-09T00:00:00+00:00
[2024-10-09T18:18:04.456-0300] {processor.py:178} INFO - Processing /home/marti/Lighthouse/airflow_tooltorial/venv/lib/python3.8/site-packages/airflow/example_dags/example_branch_day_of_week_operator.py took 0.183 seconds
[2024-10-09T18:19:03.104-0300] {processor.py:156} INFO - Started process (PID=64485) to work on /home/marti/Lighthouse/airflow_tooltorial/venv/lib/python3.8/site-packages/airflow/example_dags/example_branch_day_of_week_operator.py
[2024-10-09T18:19:03.144-0300] {processor.py:799} INFO - Processing file /home/marti/Lighthouse/airflow_tooltorial/venv/lib/python3.8/site-packages/airflow/example_dags/example_branch_day_of_week_operator.py for tasks to queue
[2024-10-09T18:19:03.146-0300] {logging_mixin.py:149} INFO - [2024-10-09T18:19:03.145-0300] {dagbag.py:541} INFO - Filling up the DagBag from /home/marti/Lighthouse/airflow_tooltorial/venv/lib/python3.8/site-packages/airflow/example_dags/example_branch_day_of_week_operator.py
[2024-10-09T18:19:03.160-0300] {processor.py:809} INFO - DAG(s) dict_keys(['example_weekday_branch_operator']) retrieved from /home/marti/Lighthouse/airflow_tooltorial/venv/lib/python3.8/site-packages/airflow/example_dags/example_branch_day_of_week_operator.py
[2024-10-09T18:19:03.195-0300] {logging_mixin.py:149} INFO - [2024-10-09T18:19:03.194-0300] {dag.py:2726} INFO - Sync 1 DAGs
[2024-10-09T18:19:03.232-0300] {logging_mixin.py:149} INFO - [2024-10-09T18:19:03.232-0300] {dag.py:3486} INFO - Setting next_dagrun for example_weekday_branch_operator to 2024-10-08T00:00:00+00:00, run_after=2024-10-09T00:00:00+00:00
[2024-10-09T18:19:03.449-0300] {processor.py:178} INFO - Processing /home/marti/Lighthouse/airflow_tooltorial/venv/lib/python3.8/site-packages/airflow/example_dags/example_branch_day_of_week_operator.py took 0.349 seconds
[2024-10-09T18:52:03.056-0300] {processor.py:156} INFO - Started process (PID=71036) to work on /home/marti/Lighthouse/airflow_tooltorial/venv/lib/python3.8/site-packages/airflow/example_dags/example_branch_day_of_week_operator.py
[2024-10-09T18:52:03.057-0300] {processor.py:799} INFO - Processing file /home/marti/Lighthouse/airflow_tooltorial/venv/lib/python3.8/site-packages/airflow/example_dags/example_branch_day_of_week_operator.py for tasks to queue
[2024-10-09T18:52:03.058-0300] {logging_mixin.py:149} INFO - [2024-10-09T18:52:03.058-0300] {dagbag.py:541} INFO - Filling up the DagBag from /home/marti/Lighthouse/airflow_tooltorial/venv/lib/python3.8/site-packages/airflow/example_dags/example_branch_day_of_week_operator.py
[2024-10-09T18:52:03.071-0300] {processor.py:809} INFO - DAG(s) dict_keys(['example_weekday_branch_operator']) retrieved from /home/marti/Lighthouse/airflow_tooltorial/venv/lib/python3.8/site-packages/airflow/example_dags/example_branch_day_of_week_operator.py
[2024-10-09T18:52:03.096-0300] {logging_mixin.py:149} INFO - [2024-10-09T18:52:03.096-0300] {dag.py:2726} INFO - Sync 1 DAGs
[2024-10-09T18:52:03.118-0300] {logging_mixin.py:149} INFO - [2024-10-09T18:52:03.118-0300] {dag.py:3486} INFO - Setting next_dagrun for example_weekday_branch_operator to 2024-10-08T00:00:00+00:00, run_after=2024-10-09T00:00:00+00:00
[2024-10-09T18:52:03.328-0300] {processor.py:178} INFO - Processing /home/marti/Lighthouse/airflow_tooltorial/venv/lib/python3.8/site-packages/airflow/example_dags/example_branch_day_of_week_operator.py took 0.277 seconds
