[2024-10-09T18:06:56.946-0300] {processor.py:156} INFO - Started process (PID=61381) to work on /home/marti/Lighthouse/airflow_tooltorial/venv/lib/python3.8/site-packages/airflow/example_dags/example_latest_only_with_trigger.py
[2024-10-09T18:06:56.947-0300] {processor.py:799} INFO - Processing file /home/marti/Lighthouse/airflow_tooltorial/venv/lib/python3.8/site-packages/airflow/example_dags/example_latest_only_with_trigger.py for tasks to queue
[2024-10-09T18:06:56.948-0300] {logging_mixin.py:149} INFO - [2024-10-09T18:06:56.948-0300] {dagbag.py:541} INFO - Filling up the DagBag from /home/marti/Lighthouse/airflow_tooltorial/venv/lib/python3.8/site-packages/airflow/example_dags/example_latest_only_with_trigger.py
[2024-10-09T18:06:56.959-0300] {processor.py:809} INFO - DAG(s) dict_keys(['latest_only_with_trigger']) retrieved from /home/marti/Lighthouse/airflow_tooltorial/venv/lib/python3.8/site-packages/airflow/example_dags/example_latest_only_with_trigger.py
[2024-10-09T18:06:58.077-0300] {logging_mixin.py:149} INFO - [2024-10-09T18:06:58.076-0300] {manager.py:504} INFO - Created Permission View: can read on DAG:latest_only_with_trigger
[2024-10-09T18:06:58.399-0300] {logging_mixin.py:149} INFO - [2024-10-09T18:06:58.398-0300] {manager.py:504} INFO - Created Permission View: can edit on DAG:latest_only_with_trigger
[2024-10-09T18:06:58.709-0300] {logging_mixin.py:149} INFO - [2024-10-09T18:06:58.709-0300] {manager.py:504} INFO - Created Permission View: can delete on DAG:latest_only_with_trigger
[2024-10-09T18:06:58.709-0300] {logging_mixin.py:149} INFO - [2024-10-09T18:06:58.709-0300] {dag.py:2726} INFO - Sync 1 DAGs
[2024-10-09T18:06:58.721-0300] {logging_mixin.py:149} INFO - [2024-10-09T18:06:58.721-0300] {dag.py:2747} INFO - Creating ORM DAG for latest_only_with_trigger
[2024-10-09T18:06:58.732-0300] {logging_mixin.py:149} INFO - [2024-10-09T18:06:58.732-0300] {dag.py:3486} INFO - Setting next_dagrun for latest_only_with_trigger to 2024-10-09T17:06:58.732094+00:00, run_after=2024-10-09T21:06:58.732094+00:00
[2024-10-09T18:06:59.269-0300] {processor.py:178} INFO - Processing /home/marti/Lighthouse/airflow_tooltorial/venv/lib/python3.8/site-packages/airflow/example_dags/example_latest_only_with_trigger.py took 2.329 seconds
[2024-10-09T18:08:30.986-0300] {processor.py:156} INFO - Started process (PID=61813) to work on /home/marti/Lighthouse/airflow_tooltorial/venv/lib/python3.8/site-packages/airflow/example_dags/example_latest_only_with_trigger.py
[2024-10-09T18:08:31.027-0300] {processor.py:799} INFO - Processing file /home/marti/Lighthouse/airflow_tooltorial/venv/lib/python3.8/site-packages/airflow/example_dags/example_latest_only_with_trigger.py for tasks to queue
[2024-10-09T18:08:31.028-0300] {logging_mixin.py:149} INFO - [2024-10-09T18:08:31.028-0300] {dagbag.py:541} INFO - Filling up the DagBag from /home/marti/Lighthouse/airflow_tooltorial/venv/lib/python3.8/site-packages/airflow/example_dags/example_latest_only_with_trigger.py
[2024-10-09T18:08:31.041-0300] {processor.py:809} INFO - DAG(s) dict_keys(['latest_only_with_trigger']) retrieved from /home/marti/Lighthouse/airflow_tooltorial/venv/lib/python3.8/site-packages/airflow/example_dags/example_latest_only_with_trigger.py
[2024-10-09T18:08:31.239-0300] {logging_mixin.py:149} INFO - [2024-10-09T18:08:31.239-0300] {dag.py:2726} INFO - Sync 1 DAGs
[2024-10-09T18:08:31.458-0300] {logging_mixin.py:149} INFO - [2024-10-09T18:08:31.457-0300] {dag.py:3486} INFO - Setting next_dagrun for latest_only_with_trigger to 2024-10-09T17:08:31.457539+00:00, run_after=2024-10-09T21:08:31.457539+00:00
[2024-10-09T18:08:31.765-0300] {processor.py:178} INFO - Processing /home/marti/Lighthouse/airflow_tooltorial/venv/lib/python3.8/site-packages/airflow/example_dags/example_latest_only_with_trigger.py took 0.786 seconds
[2024-10-09T18:09:36.656-0300] {processor.py:156} INFO - Started process (PID=62113) to work on /home/marti/Lighthouse/airflow_tooltorial/venv/lib/python3.8/site-packages/airflow/example_dags/example_latest_only_with_trigger.py
[2024-10-09T18:09:36.684-0300] {processor.py:799} INFO - Processing file /home/marti/Lighthouse/airflow_tooltorial/venv/lib/python3.8/site-packages/airflow/example_dags/example_latest_only_with_trigger.py for tasks to queue
[2024-10-09T18:09:36.687-0300] {logging_mixin.py:149} INFO - [2024-10-09T18:09:36.686-0300] {dagbag.py:541} INFO - Filling up the DagBag from /home/marti/Lighthouse/airflow_tooltorial/venv/lib/python3.8/site-packages/airflow/example_dags/example_latest_only_with_trigger.py
[2024-10-09T18:09:36.707-0300] {processor.py:809} INFO - DAG(s) dict_keys(['latest_only_with_trigger']) retrieved from /home/marti/Lighthouse/airflow_tooltorial/venv/lib/python3.8/site-packages/airflow/example_dags/example_latest_only_with_trigger.py
[2024-10-09T18:09:36.739-0300] {logging_mixin.py:149} INFO - [2024-10-09T18:09:36.739-0300] {dag.py:2726} INFO - Sync 1 DAGs
[2024-10-09T18:09:36.754-0300] {logging_mixin.py:149} INFO - [2024-10-09T18:09:36.754-0300] {dag.py:3486} INFO - Setting next_dagrun for latest_only_with_trigger to 2024-10-09T17:09:36.754662+00:00, run_after=2024-10-09T21:09:36.754662+00:00
[2024-10-09T18:09:36.946-0300] {processor.py:178} INFO - Processing /home/marti/Lighthouse/airflow_tooltorial/venv/lib/python3.8/site-packages/airflow/example_dags/example_latest_only_with_trigger.py took 0.295 seconds
[2024-10-09T18:10:30.361-0300] {processor.py:156} INFO - Started process (PID=62279) to work on /home/marti/Lighthouse/airflow_tooltorial/venv/lib/python3.8/site-packages/airflow/example_dags/example_latest_only_with_trigger.py
[2024-10-09T18:10:30.389-0300] {processor.py:799} INFO - Processing file /home/marti/Lighthouse/airflow_tooltorial/venv/lib/python3.8/site-packages/airflow/example_dags/example_latest_only_with_trigger.py for tasks to queue
[2024-10-09T18:10:30.389-0300] {logging_mixin.py:149} INFO - [2024-10-09T18:10:30.389-0300] {dagbag.py:541} INFO - Filling up the DagBag from /home/marti/Lighthouse/airflow_tooltorial/venv/lib/python3.8/site-packages/airflow/example_dags/example_latest_only_with_trigger.py
[2024-10-09T18:10:30.395-0300] {processor.py:809} INFO - DAG(s) dict_keys(['latest_only_with_trigger']) retrieved from /home/marti/Lighthouse/airflow_tooltorial/venv/lib/python3.8/site-packages/airflow/example_dags/example_latest_only_with_trigger.py
[2024-10-09T18:10:30.414-0300] {logging_mixin.py:149} INFO - [2024-10-09T18:10:30.414-0300] {dag.py:2726} INFO - Sync 1 DAGs
[2024-10-09T18:10:30.430-0300] {logging_mixin.py:149} INFO - [2024-10-09T18:10:30.430-0300] {dag.py:3486} INFO - Setting next_dagrun for latest_only_with_trigger to 2024-10-09T17:10:30.430358+00:00, run_after=2024-10-09T21:10:30.430358+00:00
[2024-10-09T18:10:30.582-0300] {processor.py:178} INFO - Processing /home/marti/Lighthouse/airflow_tooltorial/venv/lib/python3.8/site-packages/airflow/example_dags/example_latest_only_with_trigger.py took 0.226 seconds
[2024-10-09T18:11:26.799-0300] {processor.py:156} INFO - Started process (PID=62508) to work on /home/marti/Lighthouse/airflow_tooltorial/venv/lib/python3.8/site-packages/airflow/example_dags/example_latest_only_with_trigger.py
[2024-10-09T18:11:26.837-0300] {processor.py:799} INFO - Processing file /home/marti/Lighthouse/airflow_tooltorial/venv/lib/python3.8/site-packages/airflow/example_dags/example_latest_only_with_trigger.py for tasks to queue
[2024-10-09T18:11:26.839-0300] {logging_mixin.py:149} INFO - [2024-10-09T18:11:26.839-0300] {dagbag.py:541} INFO - Filling up the DagBag from /home/marti/Lighthouse/airflow_tooltorial/venv/lib/python3.8/site-packages/airflow/example_dags/example_latest_only_with_trigger.py
[2024-10-09T18:11:26.859-0300] {processor.py:809} INFO - DAG(s) dict_keys(['latest_only_with_trigger']) retrieved from /home/marti/Lighthouse/airflow_tooltorial/venv/lib/python3.8/site-packages/airflow/example_dags/example_latest_only_with_trigger.py
[2024-10-09T18:11:26.889-0300] {logging_mixin.py:149} INFO - [2024-10-09T18:11:26.889-0300] {dag.py:2726} INFO - Sync 1 DAGs
[2024-10-09T18:11:26.905-0300] {logging_mixin.py:149} INFO - [2024-10-09T18:11:26.905-0300] {dag.py:3486} INFO - Setting next_dagrun for latest_only_with_trigger to 2024-10-09T17:11:26.905249+00:00, run_after=2024-10-09T21:11:26.905249+00:00
[2024-10-09T18:11:27.086-0300] {processor.py:178} INFO - Processing /home/marti/Lighthouse/airflow_tooltorial/venv/lib/python3.8/site-packages/airflow/example_dags/example_latest_only_with_trigger.py took 0.292 seconds
[2024-10-09T18:12:21.071-0300] {processor.py:156} INFO - Started process (PID=62634) to work on /home/marti/Lighthouse/airflow_tooltorial/venv/lib/python3.8/site-packages/airflow/example_dags/example_latest_only_with_trigger.py
[2024-10-09T18:12:21.114-0300] {processor.py:799} INFO - Processing file /home/marti/Lighthouse/airflow_tooltorial/venv/lib/python3.8/site-packages/airflow/example_dags/example_latest_only_with_trigger.py for tasks to queue
[2024-10-09T18:12:21.115-0300] {logging_mixin.py:149} INFO - [2024-10-09T18:12:21.115-0300] {dagbag.py:541} INFO - Filling up the DagBag from /home/marti/Lighthouse/airflow_tooltorial/venv/lib/python3.8/site-packages/airflow/example_dags/example_latest_only_with_trigger.py
[2024-10-09T18:12:21.123-0300] {processor.py:809} INFO - DAG(s) dict_keys(['latest_only_with_trigger']) retrieved from /home/marti/Lighthouse/airflow_tooltorial/venv/lib/python3.8/site-packages/airflow/example_dags/example_latest_only_with_trigger.py
[2024-10-09T18:12:21.140-0300] {logging_mixin.py:149} INFO - [2024-10-09T18:12:21.140-0300] {dag.py:2726} INFO - Sync 1 DAGs
[2024-10-09T18:12:21.159-0300] {logging_mixin.py:149} INFO - [2024-10-09T18:12:21.159-0300] {dag.py:3486} INFO - Setting next_dagrun for latest_only_with_trigger to 2024-10-09T17:12:21.159192+00:00, run_after=2024-10-09T21:12:21.159192+00:00
[2024-10-09T18:12:21.313-0300] {processor.py:178} INFO - Processing /home/marti/Lighthouse/airflow_tooltorial/venv/lib/python3.8/site-packages/airflow/example_dags/example_latest_only_with_trigger.py took 0.249 seconds
[2024-10-09T18:13:12.089-0300] {processor.py:156} INFO - Started process (PID=62751) to work on /home/marti/Lighthouse/airflow_tooltorial/venv/lib/python3.8/site-packages/airflow/example_dags/example_latest_only_with_trigger.py
[2024-10-09T18:13:12.108-0300] {processor.py:799} INFO - Processing file /home/marti/Lighthouse/airflow_tooltorial/venv/lib/python3.8/site-packages/airflow/example_dags/example_latest_only_with_trigger.py for tasks to queue
[2024-10-09T18:13:12.110-0300] {logging_mixin.py:149} INFO - [2024-10-09T18:13:12.110-0300] {dagbag.py:541} INFO - Filling up the DagBag from /home/marti/Lighthouse/airflow_tooltorial/venv/lib/python3.8/site-packages/airflow/example_dags/example_latest_only_with_trigger.py
[2024-10-09T18:13:12.129-0300] {processor.py:809} INFO - DAG(s) dict_keys(['latest_only_with_trigger']) retrieved from /home/marti/Lighthouse/airflow_tooltorial/venv/lib/python3.8/site-packages/airflow/example_dags/example_latest_only_with_trigger.py
[2024-10-09T18:13:12.156-0300] {logging_mixin.py:149} INFO - [2024-10-09T18:13:12.156-0300] {dag.py:2726} INFO - Sync 1 DAGs
[2024-10-09T18:13:12.172-0300] {logging_mixin.py:149} INFO - [2024-10-09T18:13:12.172-0300] {dag.py:3486} INFO - Setting next_dagrun for latest_only_with_trigger to 2024-10-09T17:13:12.172207+00:00, run_after=2024-10-09T21:13:12.172207+00:00
[2024-10-09T18:13:12.321-0300] {processor.py:178} INFO - Processing /home/marti/Lighthouse/airflow_tooltorial/venv/lib/python3.8/site-packages/airflow/example_dags/example_latest_only_with_trigger.py took 0.238 seconds
[2024-10-09T18:14:06.364-0300] {processor.py:156} INFO - Started process (PID=62868) to work on /home/marti/Lighthouse/airflow_tooltorial/venv/lib/python3.8/site-packages/airflow/example_dags/example_latest_only_with_trigger.py
[2024-10-09T18:14:06.413-0300] {processor.py:799} INFO - Processing file /home/marti/Lighthouse/airflow_tooltorial/venv/lib/python3.8/site-packages/airflow/example_dags/example_latest_only_with_trigger.py for tasks to queue
[2024-10-09T18:14:06.415-0300] {logging_mixin.py:149} INFO - [2024-10-09T18:14:06.414-0300] {dagbag.py:541} INFO - Filling up the DagBag from /home/marti/Lighthouse/airflow_tooltorial/venv/lib/python3.8/site-packages/airflow/example_dags/example_latest_only_with_trigger.py
[2024-10-09T18:14:06.433-0300] {processor.py:809} INFO - DAG(s) dict_keys(['latest_only_with_trigger']) retrieved from /home/marti/Lighthouse/airflow_tooltorial/venv/lib/python3.8/site-packages/airflow/example_dags/example_latest_only_with_trigger.py
[2024-10-09T18:14:06.459-0300] {logging_mixin.py:149} INFO - [2024-10-09T18:14:06.459-0300] {dag.py:2726} INFO - Sync 1 DAGs
[2024-10-09T18:14:06.475-0300] {logging_mixin.py:149} INFO - [2024-10-09T18:14:06.475-0300] {dag.py:3486} INFO - Setting next_dagrun for latest_only_with_trigger to 2024-10-09T17:14:06.475300+00:00, run_after=2024-10-09T21:14:06.475300+00:00
[2024-10-09T18:14:06.601-0300] {processor.py:178} INFO - Processing /home/marti/Lighthouse/airflow_tooltorial/venv/lib/python3.8/site-packages/airflow/example_dags/example_latest_only_with_trigger.py took 0.240 seconds
[2024-10-09T18:15:03.213-0300] {processor.py:156} INFO - Started process (PID=63054) to work on /home/marti/Lighthouse/airflow_tooltorial/venv/lib/python3.8/site-packages/airflow/example_dags/example_latest_only_with_trigger.py
[2024-10-09T18:15:03.224-0300] {processor.py:799} INFO - Processing file /home/marti/Lighthouse/airflow_tooltorial/venv/lib/python3.8/site-packages/airflow/example_dags/example_latest_only_with_trigger.py for tasks to queue
[2024-10-09T18:15:03.225-0300] {logging_mixin.py:149} INFO - [2024-10-09T18:15:03.224-0300] {dagbag.py:541} INFO - Filling up the DagBag from /home/marti/Lighthouse/airflow_tooltorial/venv/lib/python3.8/site-packages/airflow/example_dags/example_latest_only_with_trigger.py
[2024-10-09T18:15:03.232-0300] {processor.py:809} INFO - DAG(s) dict_keys(['latest_only_with_trigger']) retrieved from /home/marti/Lighthouse/airflow_tooltorial/venv/lib/python3.8/site-packages/airflow/example_dags/example_latest_only_with_trigger.py
[2024-10-09T18:15:03.250-0300] {logging_mixin.py:149} INFO - [2024-10-09T18:15:03.249-0300] {dag.py:2726} INFO - Sync 1 DAGs
[2024-10-09T18:15:03.268-0300] {logging_mixin.py:149} INFO - [2024-10-09T18:15:03.268-0300] {dag.py:3486} INFO - Setting next_dagrun for latest_only_with_trigger to 2024-10-09T17:15:03.268356+00:00, run_after=2024-10-09T21:15:03.268356+00:00
[2024-10-09T18:15:03.449-0300] {processor.py:178} INFO - Processing /home/marti/Lighthouse/airflow_tooltorial/venv/lib/python3.8/site-packages/airflow/example_dags/example_latest_only_with_trigger.py took 0.243 seconds
[2024-10-09T18:15:56.949-0300] {processor.py:156} INFO - Started process (PID=63257) to work on /home/marti/Lighthouse/airflow_tooltorial/venv/lib/python3.8/site-packages/airflow/example_dags/example_latest_only_with_trigger.py
[2024-10-09T18:15:56.951-0300] {processor.py:799} INFO - Processing file /home/marti/Lighthouse/airflow_tooltorial/venv/lib/python3.8/site-packages/airflow/example_dags/example_latest_only_with_trigger.py for tasks to queue
[2024-10-09T18:15:56.952-0300] {logging_mixin.py:149} INFO - [2024-10-09T18:15:56.951-0300] {dagbag.py:541} INFO - Filling up the DagBag from /home/marti/Lighthouse/airflow_tooltorial/venv/lib/python3.8/site-packages/airflow/example_dags/example_latest_only_with_trigger.py
[2024-10-09T18:15:56.961-0300] {processor.py:809} INFO - DAG(s) dict_keys(['latest_only_with_trigger']) retrieved from /home/marti/Lighthouse/airflow_tooltorial/venv/lib/python3.8/site-packages/airflow/example_dags/example_latest_only_with_trigger.py
[2024-10-09T18:15:56.983-0300] {logging_mixin.py:149} INFO - [2024-10-09T18:15:56.983-0300] {dag.py:2726} INFO - Sync 1 DAGs
[2024-10-09T18:15:56.999-0300] {logging_mixin.py:149} INFO - [2024-10-09T18:15:56.998-0300] {dag.py:3486} INFO - Setting next_dagrun for latest_only_with_trigger to 2024-10-09T17:15:56.998713+00:00, run_after=2024-10-09T21:15:56.998713+00:00
[2024-10-09T18:15:57.173-0300] {processor.py:178} INFO - Processing /home/marti/Lighthouse/airflow_tooltorial/venv/lib/python3.8/site-packages/airflow/example_dags/example_latest_only_with_trigger.py took 0.229 seconds
[2024-10-09T18:16:45.910-0300] {processor.py:156} INFO - Started process (PID=63405) to work on /home/marti/Lighthouse/airflow_tooltorial/venv/lib/python3.8/site-packages/airflow/example_dags/example_latest_only_with_trigger.py
[2024-10-09T18:16:45.913-0300] {processor.py:799} INFO - Processing file /home/marti/Lighthouse/airflow_tooltorial/venv/lib/python3.8/site-packages/airflow/example_dags/example_latest_only_with_trigger.py for tasks to queue
[2024-10-09T18:16:45.915-0300] {logging_mixin.py:149} INFO - [2024-10-09T18:16:45.914-0300] {dagbag.py:541} INFO - Filling up the DagBag from /home/marti/Lighthouse/airflow_tooltorial/venv/lib/python3.8/site-packages/airflow/example_dags/example_latest_only_with_trigger.py
[2024-10-09T18:16:45.929-0300] {processor.py:809} INFO - DAG(s) dict_keys(['latest_only_with_trigger']) retrieved from /home/marti/Lighthouse/airflow_tooltorial/venv/lib/python3.8/site-packages/airflow/example_dags/example_latest_only_with_trigger.py
[2024-10-09T18:16:46.303-0300] {logging_mixin.py:149} INFO - [2024-10-09T18:16:46.302-0300] {dag.py:2726} INFO - Sync 1 DAGs
[2024-10-09T18:16:47.104-0300] {logging_mixin.py:149} INFO - [2024-10-09T18:16:47.103-0300] {dag.py:3486} INFO - Setting next_dagrun for latest_only_with_trigger to 2024-10-09T17:16:47.103186+00:00, run_after=2024-10-09T21:16:47.103186+00:00
[2024-10-09T18:16:47.248-0300] {processor.py:178} INFO - Processing /home/marti/Lighthouse/airflow_tooltorial/venv/lib/python3.8/site-packages/airflow/example_dags/example_latest_only_with_trigger.py took 1.350 seconds
[2024-10-09T18:17:54.907-0300] {processor.py:156} INFO - Started process (PID=64047) to work on /home/marti/Lighthouse/airflow_tooltorial/venv/lib/python3.8/site-packages/airflow/example_dags/example_latest_only_with_trigger.py
[2024-10-09T18:17:54.925-0300] {processor.py:799} INFO - Processing file /home/marti/Lighthouse/airflow_tooltorial/venv/lib/python3.8/site-packages/airflow/example_dags/example_latest_only_with_trigger.py for tasks to queue
[2024-10-09T18:17:54.926-0300] {logging_mixin.py:149} INFO - [2024-10-09T18:17:54.926-0300] {dagbag.py:541} INFO - Filling up the DagBag from /home/marti/Lighthouse/airflow_tooltorial/venv/lib/python3.8/site-packages/airflow/example_dags/example_latest_only_with_trigger.py
[2024-10-09T18:17:54.934-0300] {processor.py:809} INFO - DAG(s) dict_keys(['latest_only_with_trigger']) retrieved from /home/marti/Lighthouse/airflow_tooltorial/venv/lib/python3.8/site-packages/airflow/example_dags/example_latest_only_with_trigger.py
[2024-10-09T18:17:54.992-0300] {logging_mixin.py:149} INFO - [2024-10-09T18:17:54.992-0300] {dag.py:2726} INFO - Sync 1 DAGs
[2024-10-09T18:17:55.029-0300] {logging_mixin.py:149} INFO - [2024-10-09T18:17:55.029-0300] {dag.py:3486} INFO - Setting next_dagrun for latest_only_with_trigger to 2024-10-09T17:17:55.028850+00:00, run_after=2024-10-09T21:17:55.028850+00:00
[2024-10-09T18:17:55.135-0300] {processor.py:178} INFO - Processing /home/marti/Lighthouse/airflow_tooltorial/venv/lib/python3.8/site-packages/airflow/example_dags/example_latest_only_with_trigger.py took 0.234 seconds
[2024-10-09T18:18:49.503-0300] {processor.py:156} INFO - Started process (PID=64320) to work on /home/marti/Lighthouse/airflow_tooltorial/venv/lib/python3.8/site-packages/airflow/example_dags/example_latest_only_with_trigger.py
[2024-10-09T18:18:49.545-0300] {processor.py:799} INFO - Processing file /home/marti/Lighthouse/airflow_tooltorial/venv/lib/python3.8/site-packages/airflow/example_dags/example_latest_only_with_trigger.py for tasks to queue
[2024-10-09T18:18:49.547-0300] {logging_mixin.py:149} INFO - [2024-10-09T18:18:49.547-0300] {dagbag.py:541} INFO - Filling up the DagBag from /home/marti/Lighthouse/airflow_tooltorial/venv/lib/python3.8/site-packages/airflow/example_dags/example_latest_only_with_trigger.py
[2024-10-09T18:18:49.567-0300] {processor.py:809} INFO - DAG(s) dict_keys(['latest_only_with_trigger']) retrieved from /home/marti/Lighthouse/airflow_tooltorial/venv/lib/python3.8/site-packages/airflow/example_dags/example_latest_only_with_trigger.py
[2024-10-09T18:18:49.599-0300] {logging_mixin.py:149} INFO - [2024-10-09T18:18:49.598-0300] {dag.py:2726} INFO - Sync 1 DAGs
[2024-10-09T18:18:49.615-0300] {logging_mixin.py:149} INFO - [2024-10-09T18:18:49.614-0300] {dag.py:3486} INFO - Setting next_dagrun for latest_only_with_trigger to 2024-10-09T17:18:49.614679+00:00, run_after=2024-10-09T21:18:49.614679+00:00
[2024-10-09T18:18:49.714-0300] {processor.py:178} INFO - Processing /home/marti/Lighthouse/airflow_tooltorial/venv/lib/python3.8/site-packages/airflow/example_dags/example_latest_only_with_trigger.py took 0.214 seconds
[2024-10-09T18:51:40.871-0300] {processor.py:156} INFO - Started process (PID=71005) to work on /home/marti/Lighthouse/airflow_tooltorial/venv/lib/python3.8/site-packages/airflow/example_dags/example_latest_only_with_trigger.py
[2024-10-09T18:51:40.917-0300] {processor.py:799} INFO - Processing file /home/marti/Lighthouse/airflow_tooltorial/venv/lib/python3.8/site-packages/airflow/example_dags/example_latest_only_with_trigger.py for tasks to queue
[2024-10-09T18:51:40.920-0300] {logging_mixin.py:149} INFO - [2024-10-09T18:51:40.919-0300] {dagbag.py:541} INFO - Filling up the DagBag from /home/marti/Lighthouse/airflow_tooltorial/venv/lib/python3.8/site-packages/airflow/example_dags/example_latest_only_with_trigger.py
[2024-10-09T18:51:40.939-0300] {processor.py:809} INFO - DAG(s) dict_keys(['latest_only_with_trigger']) retrieved from /home/marti/Lighthouse/airflow_tooltorial/venv/lib/python3.8/site-packages/airflow/example_dags/example_latest_only_with_trigger.py
[2024-10-09T18:51:40.954-0300] {logging_mixin.py:149} INFO - [2024-10-09T18:51:40.953-0300] {dag.py:2726} INFO - Sync 1 DAGs
[2024-10-09T18:51:40.978-0300] {logging_mixin.py:149} INFO - [2024-10-09T18:51:40.978-0300] {dag.py:3486} INFO - Setting next_dagrun for latest_only_with_trigger to 2024-10-09T17:51:40.978057+00:00, run_after=2024-10-09T21:51:40.978057+00:00
[2024-10-09T18:51:41.111-0300] {processor.py:178} INFO - Processing /home/marti/Lighthouse/airflow_tooltorial/venv/lib/python3.8/site-packages/airflow/example_dags/example_latest_only_with_trigger.py took 0.254 seconds
