[2024-10-09T18:07:46.219-0300] {processor.py:156} INFO - Started process (PID=61435) to work on /home/marti/Lighthouse/airflow_tooltorial/venv/lib/python3.8/site-packages/airflow/example_dags/example_kubernetes_executor.py
[2024-10-09T18:07:46.220-0300] {processor.py:799} INFO - Processing file /home/marti/Lighthouse/airflow_tooltorial/venv/lib/python3.8/site-packages/airflow/example_dags/example_kubernetes_executor.py for tasks to queue
[2024-10-09T18:07:46.221-0300] {logging_mixin.py:149} INFO - [2024-10-09T18:07:46.221-0300] {dagbag.py:541} INFO - Filling up the DagBag from /home/marti/Lighthouse/airflow_tooltorial/venv/lib/python3.8/site-packages/airflow/example_dags/example_kubernetes_executor.py
[2024-10-09T18:07:46.225-0300] {logging_mixin.py:149} INFO - [2024-10-09T18:07:46.225-0300] {example_kubernetes_executor.py:41} WARNING - The example_kubernetes_executor example DAG requires the kubernetes provider. Please install it with: pip install apache-airflow[cncf.kubernetes]
[2024-10-09T18:07:46.226-0300] {processor.py:811} WARNING - No viable dags retrieved from /home/marti/Lighthouse/airflow_tooltorial/venv/lib/python3.8/site-packages/airflow/example_dags/example_kubernetes_executor.py
[2024-10-09T18:07:46.245-0300] {processor.py:178} INFO - Processing /home/marti/Lighthouse/airflow_tooltorial/venv/lib/python3.8/site-packages/airflow/example_dags/example_kubernetes_executor.py took 0.031 seconds
[2024-10-09T18:09:15.278-0300] {processor.py:156} INFO - Started process (PID=62095) to work on /home/marti/Lighthouse/airflow_tooltorial/venv/lib/python3.8/site-packages/airflow/example_dags/example_kubernetes_executor.py
[2024-10-09T18:09:15.282-0300] {processor.py:799} INFO - Processing file /home/marti/Lighthouse/airflow_tooltorial/venv/lib/python3.8/site-packages/airflow/example_dags/example_kubernetes_executor.py for tasks to queue
[2024-10-09T18:09:15.286-0300] {logging_mixin.py:149} INFO - [2024-10-09T18:09:15.285-0300] {dagbag.py:541} INFO - Filling up the DagBag from /home/marti/Lighthouse/airflow_tooltorial/venv/lib/python3.8/site-packages/airflow/example_dags/example_kubernetes_executor.py
[2024-10-09T18:09:15.295-0300] {logging_mixin.py:149} INFO - [2024-10-09T18:09:15.295-0300] {example_kubernetes_executor.py:41} WARNING - The example_kubernetes_executor example DAG requires the kubernetes provider. Please install it with: pip install apache-airflow[cncf.kubernetes]
[2024-10-09T18:09:15.296-0300] {processor.py:811} WARNING - No viable dags retrieved from /home/marti/Lighthouse/airflow_tooltorial/venv/lib/python3.8/site-packages/airflow/example_dags/example_kubernetes_executor.py
[2024-10-09T18:09:15.315-0300] {processor.py:178} INFO - Processing /home/marti/Lighthouse/airflow_tooltorial/venv/lib/python3.8/site-packages/airflow/example_dags/example_kubernetes_executor.py took 0.051 seconds
[2024-10-09T18:10:11.181-0300] {processor.py:156} INFO - Started process (PID=62245) to work on /home/marti/Lighthouse/airflow_tooltorial/venv/lib/python3.8/site-packages/airflow/example_dags/example_kubernetes_executor.py
[2024-10-09T18:10:11.213-0300] {processor.py:799} INFO - Processing file /home/marti/Lighthouse/airflow_tooltorial/venv/lib/python3.8/site-packages/airflow/example_dags/example_kubernetes_executor.py for tasks to queue
[2024-10-09T18:10:11.214-0300] {logging_mixin.py:149} INFO - [2024-10-09T18:10:11.214-0300] {dagbag.py:541} INFO - Filling up the DagBag from /home/marti/Lighthouse/airflow_tooltorial/venv/lib/python3.8/site-packages/airflow/example_dags/example_kubernetes_executor.py
[2024-10-09T18:10:11.216-0300] {logging_mixin.py:149} INFO - [2024-10-09T18:10:11.216-0300] {example_kubernetes_executor.py:41} WARNING - The example_kubernetes_executor example DAG requires the kubernetes provider. Please install it with: pip install apache-airflow[cncf.kubernetes]
[2024-10-09T18:10:11.217-0300] {processor.py:811} WARNING - No viable dags retrieved from /home/marti/Lighthouse/airflow_tooltorial/venv/lib/python3.8/site-packages/airflow/example_dags/example_kubernetes_executor.py
[2024-10-09T18:10:11.230-0300] {processor.py:178} INFO - Processing /home/marti/Lighthouse/airflow_tooltorial/venv/lib/python3.8/site-packages/airflow/example_dags/example_kubernetes_executor.py took 0.061 seconds
[2024-10-09T18:11:07.204-0300] {processor.py:156} INFO - Started process (PID=62477) to work on /home/marti/Lighthouse/airflow_tooltorial/venv/lib/python3.8/site-packages/airflow/example_dags/example_kubernetes_executor.py
[2024-10-09T18:11:07.210-0300] {processor.py:799} INFO - Processing file /home/marti/Lighthouse/airflow_tooltorial/venv/lib/python3.8/site-packages/airflow/example_dags/example_kubernetes_executor.py for tasks to queue
[2024-10-09T18:11:07.210-0300] {logging_mixin.py:149} INFO - [2024-10-09T18:11:07.210-0300] {dagbag.py:541} INFO - Filling up the DagBag from /home/marti/Lighthouse/airflow_tooltorial/venv/lib/python3.8/site-packages/airflow/example_dags/example_kubernetes_executor.py
[2024-10-09T18:11:07.213-0300] {logging_mixin.py:149} INFO - [2024-10-09T18:11:07.213-0300] {example_kubernetes_executor.py:41} WARNING - The example_kubernetes_executor example DAG requires the kubernetes provider. Please install it with: pip install apache-airflow[cncf.kubernetes]
[2024-10-09T18:11:07.213-0300] {processor.py:811} WARNING - No viable dags retrieved from /home/marti/Lighthouse/airflow_tooltorial/venv/lib/python3.8/site-packages/airflow/example_dags/example_kubernetes_executor.py
[2024-10-09T18:11:07.224-0300] {processor.py:178} INFO - Processing /home/marti/Lighthouse/airflow_tooltorial/venv/lib/python3.8/site-packages/airflow/example_dags/example_kubernetes_executor.py took 0.023 seconds
[2024-10-09T18:12:04.969-0300] {processor.py:156} INFO - Started process (PID=62617) to work on /home/marti/Lighthouse/airflow_tooltorial/venv/lib/python3.8/site-packages/airflow/example_dags/example_kubernetes_executor.py
[2024-10-09T18:12:04.974-0300] {processor.py:799} INFO - Processing file /home/marti/Lighthouse/airflow_tooltorial/venv/lib/python3.8/site-packages/airflow/example_dags/example_kubernetes_executor.py for tasks to queue
[2024-10-09T18:12:04.975-0300] {logging_mixin.py:149} INFO - [2024-10-09T18:12:04.975-0300] {dagbag.py:541} INFO - Filling up the DagBag from /home/marti/Lighthouse/airflow_tooltorial/venv/lib/python3.8/site-packages/airflow/example_dags/example_kubernetes_executor.py
[2024-10-09T18:12:04.977-0300] {logging_mixin.py:149} INFO - [2024-10-09T18:12:04.977-0300] {example_kubernetes_executor.py:41} WARNING - The example_kubernetes_executor example DAG requires the kubernetes provider. Please install it with: pip install apache-airflow[cncf.kubernetes]
[2024-10-09T18:12:04.977-0300] {processor.py:811} WARNING - No viable dags retrieved from /home/marti/Lighthouse/airflow_tooltorial/venv/lib/python3.8/site-packages/airflow/example_dags/example_kubernetes_executor.py
[2024-10-09T18:12:04.987-0300] {processor.py:178} INFO - Processing /home/marti/Lighthouse/airflow_tooltorial/venv/lib/python3.8/site-packages/airflow/example_dags/example_kubernetes_executor.py took 0.020 seconds
[2024-10-09T18:12:58.852-0300] {processor.py:156} INFO - Started process (PID=62727) to work on /home/marti/Lighthouse/airflow_tooltorial/venv/lib/python3.8/site-packages/airflow/example_dags/example_kubernetes_executor.py
[2024-10-09T18:12:58.893-0300] {processor.py:799} INFO - Processing file /home/marti/Lighthouse/airflow_tooltorial/venv/lib/python3.8/site-packages/airflow/example_dags/example_kubernetes_executor.py for tasks to queue
[2024-10-09T18:12:58.896-0300] {logging_mixin.py:149} INFO - [2024-10-09T18:12:58.896-0300] {dagbag.py:541} INFO - Filling up the DagBag from /home/marti/Lighthouse/airflow_tooltorial/venv/lib/python3.8/site-packages/airflow/example_dags/example_kubernetes_executor.py
[2024-10-09T18:12:58.908-0300] {logging_mixin.py:149} INFO - [2024-10-09T18:12:58.907-0300] {example_kubernetes_executor.py:41} WARNING - The example_kubernetes_executor example DAG requires the kubernetes provider. Please install it with: pip install apache-airflow[cncf.kubernetes]
[2024-10-09T18:12:58.909-0300] {processor.py:811} WARNING - No viable dags retrieved from /home/marti/Lighthouse/airflow_tooltorial/venv/lib/python3.8/site-packages/airflow/example_dags/example_kubernetes_executor.py
[2024-10-09T18:12:58.934-0300] {processor.py:178} INFO - Processing /home/marti/Lighthouse/airflow_tooltorial/venv/lib/python3.8/site-packages/airflow/example_dags/example_kubernetes_executor.py took 0.088 seconds
[2024-10-09T18:13:54.384-0300] {processor.py:156} INFO - Started process (PID=62854) to work on /home/marti/Lighthouse/airflow_tooltorial/venv/lib/python3.8/site-packages/airflow/example_dags/example_kubernetes_executor.py
[2024-10-09T18:13:54.386-0300] {processor.py:799} INFO - Processing file /home/marti/Lighthouse/airflow_tooltorial/venv/lib/python3.8/site-packages/airflow/example_dags/example_kubernetes_executor.py for tasks to queue
[2024-10-09T18:13:54.388-0300] {logging_mixin.py:149} INFO - [2024-10-09T18:13:54.388-0300] {dagbag.py:541} INFO - Filling up the DagBag from /home/marti/Lighthouse/airflow_tooltorial/venv/lib/python3.8/site-packages/airflow/example_dags/example_kubernetes_executor.py
[2024-10-09T18:13:54.394-0300] {logging_mixin.py:149} INFO - [2024-10-09T18:13:54.393-0300] {example_kubernetes_executor.py:41} WARNING - The example_kubernetes_executor example DAG requires the kubernetes provider. Please install it with: pip install apache-airflow[cncf.kubernetes]
[2024-10-09T18:13:54.394-0300] {processor.py:811} WARNING - No viable dags retrieved from /home/marti/Lighthouse/airflow_tooltorial/venv/lib/python3.8/site-packages/airflow/example_dags/example_kubernetes_executor.py
[2024-10-09T18:13:54.409-0300] {processor.py:178} INFO - Processing /home/marti/Lighthouse/airflow_tooltorial/venv/lib/python3.8/site-packages/airflow/example_dags/example_kubernetes_executor.py took 0.034 seconds
[2024-10-09T18:15:14.490-0300] {processor.py:156} INFO - Started process (PID=63067) to work on /home/marti/Lighthouse/airflow_tooltorial/venv/lib/python3.8/site-packages/airflow/example_dags/example_kubernetes_executor.py
[2024-10-09T18:15:14.513-0300] {processor.py:799} INFO - Processing file /home/marti/Lighthouse/airflow_tooltorial/venv/lib/python3.8/site-packages/airflow/example_dags/example_kubernetes_executor.py for tasks to queue
[2024-10-09T18:15:14.515-0300] {logging_mixin.py:149} INFO - [2024-10-09T18:15:14.514-0300] {dagbag.py:541} INFO - Filling up the DagBag from /home/marti/Lighthouse/airflow_tooltorial/venv/lib/python3.8/site-packages/airflow/example_dags/example_kubernetes_executor.py
[2024-10-09T18:15:14.522-0300] {logging_mixin.py:149} INFO - [2024-10-09T18:15:14.522-0300] {example_kubernetes_executor.py:41} WARNING - The example_kubernetes_executor example DAG requires the kubernetes provider. Please install it with: pip install apache-airflow[cncf.kubernetes]
[2024-10-09T18:15:14.523-0300] {processor.py:811} WARNING - No viable dags retrieved from /home/marti/Lighthouse/airflow_tooltorial/venv/lib/python3.8/site-packages/airflow/example_dags/example_kubernetes_executor.py
[2024-10-09T18:15:14.544-0300] {processor.py:178} INFO - Processing /home/marti/Lighthouse/airflow_tooltorial/venv/lib/python3.8/site-packages/airflow/example_dags/example_kubernetes_executor.py took 0.057 seconds
[2024-10-09T18:16:07.179-0300] {processor.py:156} INFO - Started process (PID=63274) to work on /home/marti/Lighthouse/airflow_tooltorial/venv/lib/python3.8/site-packages/airflow/example_dags/example_kubernetes_executor.py
[2024-10-09T18:16:07.217-0300] {processor.py:799} INFO - Processing file /home/marti/Lighthouse/airflow_tooltorial/venv/lib/python3.8/site-packages/airflow/example_dags/example_kubernetes_executor.py for tasks to queue
[2024-10-09T18:16:07.218-0300] {logging_mixin.py:149} INFO - [2024-10-09T18:16:07.218-0300] {dagbag.py:541} INFO - Filling up the DagBag from /home/marti/Lighthouse/airflow_tooltorial/venv/lib/python3.8/site-packages/airflow/example_dags/example_kubernetes_executor.py
[2024-10-09T18:16:07.224-0300] {logging_mixin.py:149} INFO - [2024-10-09T18:16:07.223-0300] {example_kubernetes_executor.py:41} WARNING - The example_kubernetes_executor example DAG requires the kubernetes provider. Please install it with: pip install apache-airflow[cncf.kubernetes]
[2024-10-09T18:16:07.224-0300] {processor.py:811} WARNING - No viable dags retrieved from /home/marti/Lighthouse/airflow_tooltorial/venv/lib/python3.8/site-packages/airflow/example_dags/example_kubernetes_executor.py
[2024-10-09T18:16:07.245-0300] {processor.py:178} INFO - Processing /home/marti/Lighthouse/airflow_tooltorial/venv/lib/python3.8/site-packages/airflow/example_dags/example_kubernetes_executor.py took 0.071 seconds
[2024-10-09T18:17:31.200-0300] {processor.py:156} INFO - Started process (PID=63933) to work on /home/marti/Lighthouse/airflow_tooltorial/venv/lib/python3.8/site-packages/airflow/example_dags/example_kubernetes_executor.py
[2024-10-09T18:17:31.272-0300] {processor.py:799} INFO - Processing file /home/marti/Lighthouse/airflow_tooltorial/venv/lib/python3.8/site-packages/airflow/example_dags/example_kubernetes_executor.py for tasks to queue
[2024-10-09T18:17:31.275-0300] {logging_mixin.py:149} INFO - [2024-10-09T18:17:31.274-0300] {dagbag.py:541} INFO - Filling up the DagBag from /home/marti/Lighthouse/airflow_tooltorial/venv/lib/python3.8/site-packages/airflow/example_dags/example_kubernetes_executor.py
[2024-10-09T18:17:31.282-0300] {logging_mixin.py:149} INFO - [2024-10-09T18:17:31.282-0300] {example_kubernetes_executor.py:41} WARNING - The example_kubernetes_executor example DAG requires the kubernetes provider. Please install it with: pip install apache-airflow[cncf.kubernetes]
[2024-10-09T18:17:31.283-0300] {processor.py:811} WARNING - No viable dags retrieved from /home/marti/Lighthouse/airflow_tooltorial/venv/lib/python3.8/site-packages/airflow/example_dags/example_kubernetes_executor.py
[2024-10-09T18:17:31.318-0300] {processor.py:178} INFO - Processing /home/marti/Lighthouse/airflow_tooltorial/venv/lib/python3.8/site-packages/airflow/example_dags/example_kubernetes_executor.py took 0.124 seconds
[2024-10-09T18:18:27.124-0300] {processor.py:156} INFO - Started process (PID=64088) to work on /home/marti/Lighthouse/airflow_tooltorial/venv/lib/python3.8/site-packages/airflow/example_dags/example_kubernetes_executor.py
[2024-10-09T18:18:27.164-0300] {processor.py:799} INFO - Processing file /home/marti/Lighthouse/airflow_tooltorial/venv/lib/python3.8/site-packages/airflow/example_dags/example_kubernetes_executor.py for tasks to queue
[2024-10-09T18:18:27.164-0300] {logging_mixin.py:149} INFO - [2024-10-09T18:18:27.164-0300] {dagbag.py:541} INFO - Filling up the DagBag from /home/marti/Lighthouse/airflow_tooltorial/venv/lib/python3.8/site-packages/airflow/example_dags/example_kubernetes_executor.py
[2024-10-09T18:18:27.166-0300] {logging_mixin.py:149} INFO - [2024-10-09T18:18:27.166-0300] {example_kubernetes_executor.py:41} WARNING - The example_kubernetes_executor example DAG requires the kubernetes provider. Please install it with: pip install apache-airflow[cncf.kubernetes]
[2024-10-09T18:18:27.166-0300] {processor.py:811} WARNING - No viable dags retrieved from /home/marti/Lighthouse/airflow_tooltorial/venv/lib/python3.8/site-packages/airflow/example_dags/example_kubernetes_executor.py
[2024-10-09T18:18:27.174-0300] {processor.py:178} INFO - Processing /home/marti/Lighthouse/airflow_tooltorial/venv/lib/python3.8/site-packages/airflow/example_dags/example_kubernetes_executor.py took 0.054 seconds
[2024-10-09T18:52:06.435-0300] {processor.py:156} INFO - Started process (PID=71039) to work on /home/marti/Lighthouse/airflow_tooltorial/venv/lib/python3.8/site-packages/airflow/example_dags/example_kubernetes_executor.py
[2024-10-09T18:52:06.459-0300] {processor.py:799} INFO - Processing file /home/marti/Lighthouse/airflow_tooltorial/venv/lib/python3.8/site-packages/airflow/example_dags/example_kubernetes_executor.py for tasks to queue
[2024-10-09T18:52:06.461-0300] {logging_mixin.py:149} INFO - [2024-10-09T18:52:06.461-0300] {dagbag.py:541} INFO - Filling up the DagBag from /home/marti/Lighthouse/airflow_tooltorial/venv/lib/python3.8/site-packages/airflow/example_dags/example_kubernetes_executor.py
[2024-10-09T18:52:06.470-0300] {logging_mixin.py:149} INFO - [2024-10-09T18:52:06.469-0300] {example_kubernetes_executor.py:41} WARNING - The example_kubernetes_executor example DAG requires the kubernetes provider. Please install it with: pip install apache-airflow[cncf.kubernetes]
[2024-10-09T18:52:06.471-0300] {processor.py:811} WARNING - No viable dags retrieved from /home/marti/Lighthouse/airflow_tooltorial/venv/lib/python3.8/site-packages/airflow/example_dags/example_kubernetes_executor.py
[2024-10-09T18:52:06.491-0300] {processor.py:178} INFO - Processing /home/marti/Lighthouse/airflow_tooltorial/venv/lib/python3.8/site-packages/airflow/example_dags/example_kubernetes_executor.py took 0.060 seconds
