[2024-10-09T18:07:53.101-0300] {processor.py:156} INFO - Started process (PID=61507) to work on /home/marti/Lighthouse/airflow_tooltorial/venv/lib/python3.8/site-packages/airflow/example_dags/example_nested_branch_dag.py
[2024-10-09T18:07:53.102-0300] {processor.py:799} INFO - Processing file /home/marti/Lighthouse/airflow_tooltorial/venv/lib/python3.8/site-packages/airflow/example_dags/example_nested_branch_dag.py for tasks to queue
[2024-10-09T18:07:53.104-0300] {logging_mixin.py:149} INFO - [2024-10-09T18:07:53.104-0300] {dagbag.py:541} INFO - Filling up the DagBag from /home/marti/Lighthouse/airflow_tooltorial/venv/lib/python3.8/site-packages/airflow/example_dags/example_nested_branch_dag.py
[2024-10-09T18:07:53.118-0300] {processor.py:809} INFO - DAG(s) dict_keys(['example_nested_branch_dag']) retrieved from /home/marti/Lighthouse/airflow_tooltorial/venv/lib/python3.8/site-packages/airflow/example_dags/example_nested_branch_dag.py
[2024-10-09T18:07:53.612-0300] {logging_mixin.py:149} INFO - [2024-10-09T18:07:53.611-0300] {manager.py:504} INFO - Created Permission View: can read on DAG:example_nested_branch_dag
[2024-10-09T18:07:53.757-0300] {logging_mixin.py:149} INFO - [2024-10-09T18:07:53.756-0300] {manager.py:504} INFO - Created Permission View: can edit on DAG:example_nested_branch_dag
[2024-10-09T18:07:53.890-0300] {logging_mixin.py:149} INFO - [2024-10-09T18:07:53.890-0300] {manager.py:504} INFO - Created Permission View: can delete on DAG:example_nested_branch_dag
[2024-10-09T18:07:53.892-0300] {logging_mixin.py:149} INFO - [2024-10-09T18:07:53.892-0300] {dag.py:2726} INFO - Sync 1 DAGs
[2024-10-09T18:07:53.973-0300] {logging_mixin.py:149} INFO - [2024-10-09T18:07:53.972-0300] {dag.py:2747} INFO - Creating ORM DAG for example_nested_branch_dag
[2024-10-09T18:07:54.086-0300] {logging_mixin.py:149} INFO - [2024-10-09T18:07:54.086-0300] {dag.py:3486} INFO - Setting next_dagrun for example_nested_branch_dag to 2024-10-08T00:00:00+00:00, run_after=2024-10-09T00:00:00+00:00
[2024-10-09T18:07:54.518-0300] {processor.py:178} INFO - Processing /home/marti/Lighthouse/airflow_tooltorial/venv/lib/python3.8/site-packages/airflow/example_dags/example_nested_branch_dag.py took 1.423 seconds
[2024-10-09T18:09:21.437-0300] {processor.py:156} INFO - Started process (PID=62100) to work on /home/marti/Lighthouse/airflow_tooltorial/venv/lib/python3.8/site-packages/airflow/example_dags/example_nested_branch_dag.py
[2024-10-09T18:09:21.469-0300] {processor.py:799} INFO - Processing file /home/marti/Lighthouse/airflow_tooltorial/venv/lib/python3.8/site-packages/airflow/example_dags/example_nested_branch_dag.py for tasks to queue
[2024-10-09T18:09:21.474-0300] {logging_mixin.py:149} INFO - [2024-10-09T18:09:21.473-0300] {dagbag.py:541} INFO - Filling up the DagBag from /home/marti/Lighthouse/airflow_tooltorial/venv/lib/python3.8/site-packages/airflow/example_dags/example_nested_branch_dag.py
[2024-10-09T18:09:21.628-0300] {processor.py:809} INFO - DAG(s) dict_keys(['example_nested_branch_dag']) retrieved from /home/marti/Lighthouse/airflow_tooltorial/venv/lib/python3.8/site-packages/airflow/example_dags/example_nested_branch_dag.py
[2024-10-09T18:09:21.662-0300] {logging_mixin.py:149} INFO - [2024-10-09T18:09:21.661-0300] {dag.py:2726} INFO - Sync 1 DAGs
[2024-10-09T18:09:21.677-0300] {logging_mixin.py:149} INFO - [2024-10-09T18:09:21.677-0300] {dag.py:3486} INFO - Setting next_dagrun for example_nested_branch_dag to 2024-10-08T00:00:00+00:00, run_after=2024-10-09T00:00:00+00:00
[2024-10-09T18:09:21.801-0300] {processor.py:178} INFO - Processing /home/marti/Lighthouse/airflow_tooltorial/venv/lib/python3.8/site-packages/airflow/example_dags/example_nested_branch_dag.py took 0.379 seconds
[2024-10-09T18:10:16.995-0300] {processor.py:156} INFO - Started process (PID=62262) to work on /home/marti/Lighthouse/airflow_tooltorial/venv/lib/python3.8/site-packages/airflow/example_dags/example_nested_branch_dag.py
[2024-10-09T18:10:17.017-0300] {processor.py:799} INFO - Processing file /home/marti/Lighthouse/airflow_tooltorial/venv/lib/python3.8/site-packages/airflow/example_dags/example_nested_branch_dag.py for tasks to queue
[2024-10-09T18:10:17.018-0300] {logging_mixin.py:149} INFO - [2024-10-09T18:10:17.018-0300] {dagbag.py:541} INFO - Filling up the DagBag from /home/marti/Lighthouse/airflow_tooltorial/venv/lib/python3.8/site-packages/airflow/example_dags/example_nested_branch_dag.py
[2024-10-09T18:10:17.026-0300] {processor.py:809} INFO - DAG(s) dict_keys(['example_nested_branch_dag']) retrieved from /home/marti/Lighthouse/airflow_tooltorial/venv/lib/python3.8/site-packages/airflow/example_dags/example_nested_branch_dag.py
[2024-10-09T18:10:17.046-0300] {logging_mixin.py:149} INFO - [2024-10-09T18:10:17.046-0300] {dag.py:2726} INFO - Sync 1 DAGs
[2024-10-09T18:10:17.071-0300] {logging_mixin.py:149} INFO - [2024-10-09T18:10:17.071-0300] {dag.py:3486} INFO - Setting next_dagrun for example_nested_branch_dag to 2024-10-08T00:00:00+00:00, run_after=2024-10-09T00:00:00+00:00
[2024-10-09T18:10:17.376-0300] {processor.py:178} INFO - Processing /home/marti/Lighthouse/airflow_tooltorial/venv/lib/python3.8/site-packages/airflow/example_dags/example_nested_branch_dag.py took 0.383 seconds
[2024-10-09T18:11:13.744-0300] {processor.py:156} INFO - Started process (PID=62490) to work on /home/marti/Lighthouse/airflow_tooltorial/venv/lib/python3.8/site-packages/airflow/example_dags/example_nested_branch_dag.py
[2024-10-09T18:11:13.781-0300] {processor.py:799} INFO - Processing file /home/marti/Lighthouse/airflow_tooltorial/venv/lib/python3.8/site-packages/airflow/example_dags/example_nested_branch_dag.py for tasks to queue
[2024-10-09T18:11:13.783-0300] {logging_mixin.py:149} INFO - [2024-10-09T18:11:13.782-0300] {dagbag.py:541} INFO - Filling up the DagBag from /home/marti/Lighthouse/airflow_tooltorial/venv/lib/python3.8/site-packages/airflow/example_dags/example_nested_branch_dag.py
[2024-10-09T18:11:13.810-0300] {processor.py:809} INFO - DAG(s) dict_keys(['example_nested_branch_dag']) retrieved from /home/marti/Lighthouse/airflow_tooltorial/venv/lib/python3.8/site-packages/airflow/example_dags/example_nested_branch_dag.py
[2024-10-09T18:11:13.832-0300] {logging_mixin.py:149} INFO - [2024-10-09T18:11:13.832-0300] {dag.py:2726} INFO - Sync 1 DAGs
[2024-10-09T18:11:13.849-0300] {logging_mixin.py:149} INFO - [2024-10-09T18:11:13.849-0300] {dag.py:3486} INFO - Setting next_dagrun for example_nested_branch_dag to 2024-10-08T00:00:00+00:00, run_after=2024-10-09T00:00:00+00:00
[2024-10-09T18:11:13.984-0300] {processor.py:178} INFO - Processing /home/marti/Lighthouse/airflow_tooltorial/venv/lib/python3.8/site-packages/airflow/example_dags/example_nested_branch_dag.py took 0.248 seconds
[2024-10-09T18:12:10.857-0300] {processor.py:156} INFO - Started process (PID=62622) to work on /home/marti/Lighthouse/airflow_tooltorial/venv/lib/python3.8/site-packages/airflow/example_dags/example_nested_branch_dag.py
[2024-10-09T18:12:10.887-0300] {processor.py:799} INFO - Processing file /home/marti/Lighthouse/airflow_tooltorial/venv/lib/python3.8/site-packages/airflow/example_dags/example_nested_branch_dag.py for tasks to queue
[2024-10-09T18:12:10.889-0300] {logging_mixin.py:149} INFO - [2024-10-09T18:12:10.889-0300] {dagbag.py:541} INFO - Filling up the DagBag from /home/marti/Lighthouse/airflow_tooltorial/venv/lib/python3.8/site-packages/airflow/example_dags/example_nested_branch_dag.py
[2024-10-09T18:12:10.918-0300] {processor.py:809} INFO - DAG(s) dict_keys(['example_nested_branch_dag']) retrieved from /home/marti/Lighthouse/airflow_tooltorial/venv/lib/python3.8/site-packages/airflow/example_dags/example_nested_branch_dag.py
[2024-10-09T18:12:10.941-0300] {logging_mixin.py:149} INFO - [2024-10-09T18:12:10.941-0300] {dag.py:2726} INFO - Sync 1 DAGs
[2024-10-09T18:12:10.958-0300] {logging_mixin.py:149} INFO - [2024-10-09T18:12:10.958-0300] {dag.py:3486} INFO - Setting next_dagrun for example_nested_branch_dag to 2024-10-08T00:00:00+00:00, run_after=2024-10-09T00:00:00+00:00
[2024-10-09T18:12:11.201-0300] {processor.py:178} INFO - Processing /home/marti/Lighthouse/airflow_tooltorial/venv/lib/python3.8/site-packages/airflow/example_dags/example_nested_branch_dag.py took 0.349 seconds
[2024-10-09T18:13:28.496-0300] {processor.py:156} INFO - Started process (PID=62764) to work on /home/marti/Lighthouse/airflow_tooltorial/venv/lib/python3.8/site-packages/airflow/example_dags/example_nested_branch_dag.py
[2024-10-09T18:13:28.541-0300] {processor.py:799} INFO - Processing file /home/marti/Lighthouse/airflow_tooltorial/venv/lib/python3.8/site-packages/airflow/example_dags/example_nested_branch_dag.py for tasks to queue
[2024-10-09T18:13:28.543-0300] {logging_mixin.py:149} INFO - [2024-10-09T18:13:28.543-0300] {dagbag.py:541} INFO - Filling up the DagBag from /home/marti/Lighthouse/airflow_tooltorial/venv/lib/python3.8/site-packages/airflow/example_dags/example_nested_branch_dag.py
[2024-10-09T18:13:28.576-0300] {processor.py:809} INFO - DAG(s) dict_keys(['example_nested_branch_dag']) retrieved from /home/marti/Lighthouse/airflow_tooltorial/venv/lib/python3.8/site-packages/airflow/example_dags/example_nested_branch_dag.py
[2024-10-09T18:13:28.602-0300] {logging_mixin.py:149} INFO - [2024-10-09T18:13:28.602-0300] {dag.py:2726} INFO - Sync 1 DAGs
[2024-10-09T18:13:28.619-0300] {logging_mixin.py:149} INFO - [2024-10-09T18:13:28.619-0300] {dag.py:3486} INFO - Setting next_dagrun for example_nested_branch_dag to 2024-10-08T00:00:00+00:00, run_after=2024-10-09T00:00:00+00:00
[2024-10-09T18:13:28.766-0300] {processor.py:178} INFO - Processing /home/marti/Lighthouse/airflow_tooltorial/venv/lib/python3.8/site-packages/airflow/example_dags/example_nested_branch_dag.py took 0.279 seconds
[2024-10-09T18:14:50.604-0300] {processor.py:156} INFO - Started process (PID=63008) to work on /home/marti/Lighthouse/airflow_tooltorial/venv/lib/python3.8/site-packages/airflow/example_dags/example_nested_branch_dag.py
[2024-10-09T18:14:50.618-0300] {processor.py:799} INFO - Processing file /home/marti/Lighthouse/airflow_tooltorial/venv/lib/python3.8/site-packages/airflow/example_dags/example_nested_branch_dag.py for tasks to queue
[2024-10-09T18:14:50.620-0300] {logging_mixin.py:149} INFO - [2024-10-09T18:14:50.619-0300] {dagbag.py:541} INFO - Filling up the DagBag from /home/marti/Lighthouse/airflow_tooltorial/venv/lib/python3.8/site-packages/airflow/example_dags/example_nested_branch_dag.py
[2024-10-09T18:14:50.638-0300] {processor.py:809} INFO - DAG(s) dict_keys(['example_nested_branch_dag']) retrieved from /home/marti/Lighthouse/airflow_tooltorial/venv/lib/python3.8/site-packages/airflow/example_dags/example_nested_branch_dag.py
[2024-10-09T18:14:50.658-0300] {logging_mixin.py:149} INFO - [2024-10-09T18:14:50.658-0300] {dag.py:2726} INFO - Sync 1 DAGs
[2024-10-09T18:14:50.674-0300] {logging_mixin.py:149} INFO - [2024-10-09T18:14:50.674-0300] {dag.py:3486} INFO - Setting next_dagrun for example_nested_branch_dag to 2024-10-08T00:00:00+00:00, run_after=2024-10-09T00:00:00+00:00
[2024-10-09T18:14:51.016-0300] {processor.py:178} INFO - Processing /home/marti/Lighthouse/airflow_tooltorial/venv/lib/python3.8/site-packages/airflow/example_dags/example_nested_branch_dag.py took 0.418 seconds
[2024-10-09T18:15:47.002-0300] {processor.py:156} INFO - Started process (PID=63112) to work on /home/marti/Lighthouse/airflow_tooltorial/venv/lib/python3.8/site-packages/airflow/example_dags/example_nested_branch_dag.py
[2024-10-09T18:15:47.028-0300] {processor.py:799} INFO - Processing file /home/marti/Lighthouse/airflow_tooltorial/venv/lib/python3.8/site-packages/airflow/example_dags/example_nested_branch_dag.py for tasks to queue
[2024-10-09T18:15:47.029-0300] {logging_mixin.py:149} INFO - [2024-10-09T18:15:47.029-0300] {dagbag.py:541} INFO - Filling up the DagBag from /home/marti/Lighthouse/airflow_tooltorial/venv/lib/python3.8/site-packages/airflow/example_dags/example_nested_branch_dag.py
[2024-10-09T18:15:47.052-0300] {processor.py:809} INFO - DAG(s) dict_keys(['example_nested_branch_dag']) retrieved from /home/marti/Lighthouse/airflow_tooltorial/venv/lib/python3.8/site-packages/airflow/example_dags/example_nested_branch_dag.py
[2024-10-09T18:15:47.082-0300] {logging_mixin.py:149} INFO - [2024-10-09T18:15:47.082-0300] {dag.py:2726} INFO - Sync 1 DAGs
[2024-10-09T18:15:47.101-0300] {logging_mixin.py:149} INFO - [2024-10-09T18:15:47.101-0300] {dag.py:3486} INFO - Setting next_dagrun for example_nested_branch_dag to 2024-10-08T00:00:00+00:00, run_after=2024-10-09T00:00:00+00:00
[2024-10-09T18:15:47.216-0300] {processor.py:178} INFO - Processing /home/marti/Lighthouse/airflow_tooltorial/venv/lib/python3.8/site-packages/airflow/example_dags/example_nested_branch_dag.py took 0.222 seconds
[2024-10-09T18:17:02.514-0300] {processor.py:156} INFO - Started process (PID=63562) to work on /home/marti/Lighthouse/airflow_tooltorial/venv/lib/python3.8/site-packages/airflow/example_dags/example_nested_branch_dag.py
[2024-10-09T18:17:02.539-0300] {processor.py:799} INFO - Processing file /home/marti/Lighthouse/airflow_tooltorial/venv/lib/python3.8/site-packages/airflow/example_dags/example_nested_branch_dag.py for tasks to queue
[2024-10-09T18:17:02.540-0300] {logging_mixin.py:149} INFO - [2024-10-09T18:17:02.540-0300] {dagbag.py:541} INFO - Filling up the DagBag from /home/marti/Lighthouse/airflow_tooltorial/venv/lib/python3.8/site-packages/airflow/example_dags/example_nested_branch_dag.py
[2024-10-09T18:17:02.553-0300] {processor.py:809} INFO - DAG(s) dict_keys(['example_nested_branch_dag']) retrieved from /home/marti/Lighthouse/airflow_tooltorial/venv/lib/python3.8/site-packages/airflow/example_dags/example_nested_branch_dag.py
[2024-10-09T18:17:02.586-0300] {logging_mixin.py:149} INFO - [2024-10-09T18:17:02.585-0300] {dag.py:2726} INFO - Sync 1 DAGs
[2024-10-09T18:17:02.616-0300] {logging_mixin.py:149} INFO - [2024-10-09T18:17:02.616-0300] {dag.py:3486} INFO - Setting next_dagrun for example_nested_branch_dag to 2024-10-08T00:00:00+00:00, run_after=2024-10-09T00:00:00+00:00
[2024-10-09T18:17:02.832-0300] {processor.py:178} INFO - Processing /home/marti/Lighthouse/airflow_tooltorial/venv/lib/python3.8/site-packages/airflow/example_dags/example_nested_branch_dag.py took 0.321 seconds
[2024-10-09T18:18:08.796-0300] {processor.py:156} INFO - Started process (PID=64070) to work on /home/marti/Lighthouse/airflow_tooltorial/venv/lib/python3.8/site-packages/airflow/example_dags/example_nested_branch_dag.py
[2024-10-09T18:18:08.825-0300] {processor.py:799} INFO - Processing file /home/marti/Lighthouse/airflow_tooltorial/venv/lib/python3.8/site-packages/airflow/example_dags/example_nested_branch_dag.py for tasks to queue
[2024-10-09T18:18:08.829-0300] {logging_mixin.py:149} INFO - [2024-10-09T18:18:08.828-0300] {dagbag.py:541} INFO - Filling up the DagBag from /home/marti/Lighthouse/airflow_tooltorial/venv/lib/python3.8/site-packages/airflow/example_dags/example_nested_branch_dag.py
[2024-10-09T18:18:08.880-0300] {processor.py:809} INFO - DAG(s) dict_keys(['example_nested_branch_dag']) retrieved from /home/marti/Lighthouse/airflow_tooltorial/venv/lib/python3.8/site-packages/airflow/example_dags/example_nested_branch_dag.py
[2024-10-09T18:18:09.070-0300] {logging_mixin.py:149} INFO - [2024-10-09T18:18:09.069-0300] {dag.py:2726} INFO - Sync 1 DAGs
[2024-10-09T18:18:09.113-0300] {logging_mixin.py:149} INFO - [2024-10-09T18:18:09.113-0300] {dag.py:3486} INFO - Setting next_dagrun for example_nested_branch_dag to 2024-10-08T00:00:00+00:00, run_after=2024-10-09T00:00:00+00:00
[2024-10-09T18:18:09.250-0300] {processor.py:178} INFO - Processing /home/marti/Lighthouse/airflow_tooltorial/venv/lib/python3.8/site-packages/airflow/example_dags/example_nested_branch_dag.py took 0.458 seconds
