[2024-10-09T18:07:56.028-0300] {processor.py:156} INFO - Started process (PID=61540) to work on /home/marti/Lighthouse/airflow_tooltorial/venv/lib/python3.8/site-packages/airflow/example_dags/example_branch_labels.py
[2024-10-09T18:07:56.029-0300] {processor.py:799} INFO - Processing file /home/marti/Lighthouse/airflow_tooltorial/venv/lib/python3.8/site-packages/airflow/example_dags/example_branch_labels.py for tasks to queue
[2024-10-09T18:07:56.031-0300] {logging_mixin.py:149} INFO - [2024-10-09T18:07:56.030-0300] {dagbag.py:541} INFO - Filling up the DagBag from /home/marti/Lighthouse/airflow_tooltorial/venv/lib/python3.8/site-packages/airflow/example_dags/example_branch_labels.py
[2024-10-09T18:07:56.042-0300] {processor.py:809} INFO - DAG(s) dict_keys(['example_branch_labels']) retrieved from /home/marti/Lighthouse/airflow_tooltorial/venv/lib/python3.8/site-packages/airflow/example_dags/example_branch_labels.py
[2024-10-09T18:08:00.114-0300] {logging_mixin.py:149} INFO - [2024-10-09T18:08:00.113-0300] {manager.py:504} INFO - Created Permission View: can read on DAG:example_branch_labels
[2024-10-09T18:08:00.225-0300] {logging_mixin.py:149} INFO - [2024-10-09T18:08:00.224-0300] {manager.py:504} INFO - Created Permission View: can edit on DAG:example_branch_labels
[2024-10-09T18:08:00.325-0300] {logging_mixin.py:149} INFO - [2024-10-09T18:08:00.325-0300] {manager.py:504} INFO - Created Permission View: can delete on DAG:example_branch_labels
[2024-10-09T18:08:00.326-0300] {logging_mixin.py:149} INFO - [2024-10-09T18:08:00.326-0300] {dag.py:2726} INFO - Sync 1 DAGs
[2024-10-09T18:08:00.449-0300] {logging_mixin.py:149} INFO - [2024-10-09T18:08:00.448-0300] {dag.py:2747} INFO - Creating ORM DAG for example_branch_labels
[2024-10-09T18:08:00.639-0300] {logging_mixin.py:149} INFO - [2024-10-09T18:08:00.638-0300] {dag.py:3486} INFO - Setting next_dagrun for example_branch_labels to 2024-10-08T00:00:00+00:00, run_after=2024-10-09T00:00:00+00:00
[2024-10-09T18:08:01.216-0300] {processor.py:178} INFO - Processing /home/marti/Lighthouse/airflow_tooltorial/venv/lib/python3.8/site-packages/airflow/example_dags/example_branch_labels.py took 5.194 seconds
[2024-10-09T18:09:22.916-0300] {processor.py:156} INFO - Started process (PID=62101) to work on /home/marti/Lighthouse/airflow_tooltorial/venv/lib/python3.8/site-packages/airflow/example_dags/example_branch_labels.py
[2024-10-09T18:09:22.973-0300] {processor.py:799} INFO - Processing file /home/marti/Lighthouse/airflow_tooltorial/venv/lib/python3.8/site-packages/airflow/example_dags/example_branch_labels.py for tasks to queue
[2024-10-09T18:09:22.975-0300] {logging_mixin.py:149} INFO - [2024-10-09T18:09:22.974-0300] {dagbag.py:541} INFO - Filling up the DagBag from /home/marti/Lighthouse/airflow_tooltorial/venv/lib/python3.8/site-packages/airflow/example_dags/example_branch_labels.py
[2024-10-09T18:09:23.095-0300] {processor.py:809} INFO - DAG(s) dict_keys(['example_branch_labels']) retrieved from /home/marti/Lighthouse/airflow_tooltorial/venv/lib/python3.8/site-packages/airflow/example_dags/example_branch_labels.py
[2024-10-09T18:09:23.108-0300] {logging_mixin.py:149} INFO - [2024-10-09T18:09:23.108-0300] {dag.py:2726} INFO - Sync 1 DAGs
[2024-10-09T18:09:23.125-0300] {logging_mixin.py:149} INFO - [2024-10-09T18:09:23.125-0300] {dag.py:3486} INFO - Setting next_dagrun for example_branch_labels to 2024-10-08T00:00:00+00:00, run_after=2024-10-09T00:00:00+00:00
[2024-10-09T18:09:23.245-0300] {processor.py:178} INFO - Processing /home/marti/Lighthouse/airflow_tooltorial/venv/lib/python3.8/site-packages/airflow/example_dags/example_branch_labels.py took 0.333 seconds
[2024-10-09T18:10:18.487-0300] {processor.py:156} INFO - Started process (PID=62264) to work on /home/marti/Lighthouse/airflow_tooltorial/venv/lib/python3.8/site-packages/airflow/example_dags/example_branch_labels.py
[2024-10-09T18:10:18.519-0300] {processor.py:799} INFO - Processing file /home/marti/Lighthouse/airflow_tooltorial/venv/lib/python3.8/site-packages/airflow/example_dags/example_branch_labels.py for tasks to queue
[2024-10-09T18:10:18.522-0300] {logging_mixin.py:149} INFO - [2024-10-09T18:10:18.521-0300] {dagbag.py:541} INFO - Filling up the DagBag from /home/marti/Lighthouse/airflow_tooltorial/venv/lib/python3.8/site-packages/airflow/example_dags/example_branch_labels.py
[2024-10-09T18:10:18.547-0300] {processor.py:809} INFO - DAG(s) dict_keys(['example_branch_labels']) retrieved from /home/marti/Lighthouse/airflow_tooltorial/venv/lib/python3.8/site-packages/airflow/example_dags/example_branch_labels.py
[2024-10-09T18:10:18.572-0300] {logging_mixin.py:149} INFO - [2024-10-09T18:10:18.572-0300] {dag.py:2726} INFO - Sync 1 DAGs
[2024-10-09T18:10:18.589-0300] {logging_mixin.py:149} INFO - [2024-10-09T18:10:18.589-0300] {dag.py:3486} INFO - Setting next_dagrun for example_branch_labels to 2024-10-08T00:00:00+00:00, run_after=2024-10-09T00:00:00+00:00
[2024-10-09T18:10:18.728-0300] {processor.py:178} INFO - Processing /home/marti/Lighthouse/airflow_tooltorial/venv/lib/python3.8/site-packages/airflow/example_dags/example_branch_labels.py took 0.250 seconds
[2024-10-09T18:11:15.109-0300] {processor.py:156} INFO - Started process (PID=62491) to work on /home/marti/Lighthouse/airflow_tooltorial/venv/lib/python3.8/site-packages/airflow/example_dags/example_branch_labels.py
[2024-10-09T18:11:15.129-0300] {processor.py:799} INFO - Processing file /home/marti/Lighthouse/airflow_tooltorial/venv/lib/python3.8/site-packages/airflow/example_dags/example_branch_labels.py for tasks to queue
[2024-10-09T18:11:15.132-0300] {logging_mixin.py:149} INFO - [2024-10-09T18:11:15.131-0300] {dagbag.py:541} INFO - Filling up the DagBag from /home/marti/Lighthouse/airflow_tooltorial/venv/lib/python3.8/site-packages/airflow/example_dags/example_branch_labels.py
[2024-10-09T18:11:15.160-0300] {processor.py:809} INFO - DAG(s) dict_keys(['example_branch_labels']) retrieved from /home/marti/Lighthouse/airflow_tooltorial/venv/lib/python3.8/site-packages/airflow/example_dags/example_branch_labels.py
[2024-10-09T18:11:15.185-0300] {logging_mixin.py:149} INFO - [2024-10-09T18:11:15.185-0300] {dag.py:2726} INFO - Sync 1 DAGs
[2024-10-09T18:11:15.205-0300] {logging_mixin.py:149} INFO - [2024-10-09T18:11:15.205-0300] {dag.py:3486} INFO - Setting next_dagrun for example_branch_labels to 2024-10-08T00:00:00+00:00, run_after=2024-10-09T00:00:00+00:00
[2024-10-09T18:11:15.340-0300] {processor.py:178} INFO - Processing /home/marti/Lighthouse/airflow_tooltorial/venv/lib/python3.8/site-packages/airflow/example_dags/example_branch_labels.py took 0.241 seconds
[2024-10-09T18:12:36.337-0300] {processor.py:156} INFO - Started process (PID=62646) to work on /home/marti/Lighthouse/airflow_tooltorial/venv/lib/python3.8/site-packages/airflow/example_dags/example_branch_labels.py
[2024-10-09T18:12:36.346-0300] {processor.py:799} INFO - Processing file /home/marti/Lighthouse/airflow_tooltorial/venv/lib/python3.8/site-packages/airflow/example_dags/example_branch_labels.py for tasks to queue
[2024-10-09T18:12:36.348-0300] {logging_mixin.py:149} INFO - [2024-10-09T18:12:36.347-0300] {dagbag.py:541} INFO - Filling up the DagBag from /home/marti/Lighthouse/airflow_tooltorial/venv/lib/python3.8/site-packages/airflow/example_dags/example_branch_labels.py
[2024-10-09T18:12:36.368-0300] {processor.py:809} INFO - DAG(s) dict_keys(['example_branch_labels']) retrieved from /home/marti/Lighthouse/airflow_tooltorial/venv/lib/python3.8/site-packages/airflow/example_dags/example_branch_labels.py
[2024-10-09T18:12:36.390-0300] {logging_mixin.py:149} INFO - [2024-10-09T18:12:36.390-0300] {dag.py:2726} INFO - Sync 1 DAGs
[2024-10-09T18:12:36.406-0300] {logging_mixin.py:149} INFO - [2024-10-09T18:12:36.406-0300] {dag.py:3486} INFO - Setting next_dagrun for example_branch_labels to 2024-10-08T00:00:00+00:00, run_after=2024-10-09T00:00:00+00:00
[2024-10-09T18:12:36.548-0300] {processor.py:178} INFO - Processing /home/marti/Lighthouse/airflow_tooltorial/venv/lib/python3.8/site-packages/airflow/example_dags/example_branch_labels.py took 0.217 seconds
[2024-10-09T18:13:56.823-0300] {processor.py:156} INFO - Started process (PID=62856) to work on /home/marti/Lighthouse/airflow_tooltorial/venv/lib/python3.8/site-packages/airflow/example_dags/example_branch_labels.py
[2024-10-09T18:13:56.872-0300] {processor.py:799} INFO - Processing file /home/marti/Lighthouse/airflow_tooltorial/venv/lib/python3.8/site-packages/airflow/example_dags/example_branch_labels.py for tasks to queue
[2024-10-09T18:13:56.874-0300] {logging_mixin.py:149} INFO - [2024-10-09T18:13:56.874-0300] {dagbag.py:541} INFO - Filling up the DagBag from /home/marti/Lighthouse/airflow_tooltorial/venv/lib/python3.8/site-packages/airflow/example_dags/example_branch_labels.py
[2024-10-09T18:13:56.898-0300] {processor.py:809} INFO - DAG(s) dict_keys(['example_branch_labels']) retrieved from /home/marti/Lighthouse/airflow_tooltorial/venv/lib/python3.8/site-packages/airflow/example_dags/example_branch_labels.py
[2024-10-09T18:13:56.923-0300] {logging_mixin.py:149} INFO - [2024-10-09T18:13:56.923-0300] {dag.py:2726} INFO - Sync 1 DAGs
[2024-10-09T18:13:56.940-0300] {logging_mixin.py:149} INFO - [2024-10-09T18:13:56.940-0300] {dag.py:3486} INFO - Setting next_dagrun for example_branch_labels to 2024-10-08T00:00:00+00:00, run_after=2024-10-09T00:00:00+00:00
[2024-10-09T18:13:57.050-0300] {processor.py:178} INFO - Processing /home/marti/Lighthouse/airflow_tooltorial/venv/lib/python3.8/site-packages/airflow/example_dags/example_branch_labels.py took 0.232 seconds
[2024-10-09T18:15:19.775-0300] {processor.py:156} INFO - Started process (PID=63072) to work on /home/marti/Lighthouse/airflow_tooltorial/venv/lib/python3.8/site-packages/airflow/example_dags/example_branch_labels.py
[2024-10-09T18:15:19.799-0300] {processor.py:799} INFO - Processing file /home/marti/Lighthouse/airflow_tooltorial/venv/lib/python3.8/site-packages/airflow/example_dags/example_branch_labels.py for tasks to queue
[2024-10-09T18:15:19.800-0300] {logging_mixin.py:149} INFO - [2024-10-09T18:15:19.800-0300] {dagbag.py:541} INFO - Filling up the DagBag from /home/marti/Lighthouse/airflow_tooltorial/venv/lib/python3.8/site-packages/airflow/example_dags/example_branch_labels.py
[2024-10-09T18:15:19.812-0300] {processor.py:809} INFO - DAG(s) dict_keys(['example_branch_labels']) retrieved from /home/marti/Lighthouse/airflow_tooltorial/venv/lib/python3.8/site-packages/airflow/example_dags/example_branch_labels.py
[2024-10-09T18:15:19.841-0300] {logging_mixin.py:149} INFO - [2024-10-09T18:15:19.841-0300] {dag.py:2726} INFO - Sync 1 DAGs
[2024-10-09T18:15:19.858-0300] {logging_mixin.py:149} INFO - [2024-10-09T18:15:19.858-0300] {dag.py:3486} INFO - Setting next_dagrun for example_branch_labels to 2024-10-08T00:00:00+00:00, run_after=2024-10-09T00:00:00+00:00
[2024-10-09T18:15:19.970-0300] {processor.py:178} INFO - Processing /home/marti/Lighthouse/airflow_tooltorial/venv/lib/python3.8/site-packages/airflow/example_dags/example_branch_labels.py took 0.198 seconds
[2024-10-09T18:16:33.403-0300] {processor.py:156} INFO - Started process (PID=63319) to work on /home/marti/Lighthouse/airflow_tooltorial/venv/lib/python3.8/site-packages/airflow/example_dags/example_branch_labels.py
[2024-10-09T18:16:33.445-0300] {processor.py:799} INFO - Processing file /home/marti/Lighthouse/airflow_tooltorial/venv/lib/python3.8/site-packages/airflow/example_dags/example_branch_labels.py for tasks to queue
[2024-10-09T18:16:33.447-0300] {logging_mixin.py:149} INFO - [2024-10-09T18:16:33.446-0300] {dagbag.py:541} INFO - Filling up the DagBag from /home/marti/Lighthouse/airflow_tooltorial/venv/lib/python3.8/site-packages/airflow/example_dags/example_branch_labels.py
[2024-10-09T18:16:33.471-0300] {processor.py:809} INFO - DAG(s) dict_keys(['example_branch_labels']) retrieved from /home/marti/Lighthouse/airflow_tooltorial/venv/lib/python3.8/site-packages/airflow/example_dags/example_branch_labels.py
[2024-10-09T18:16:33.499-0300] {logging_mixin.py:149} INFO - [2024-10-09T18:16:33.498-0300] {dag.py:2726} INFO - Sync 1 DAGs
[2024-10-09T18:16:33.515-0300] {logging_mixin.py:149} INFO - [2024-10-09T18:16:33.515-0300] {dag.py:3486} INFO - Setting next_dagrun for example_branch_labels to 2024-10-08T00:00:00+00:00, run_after=2024-10-09T00:00:00+00:00
[2024-10-09T18:16:33.634-0300] {processor.py:178} INFO - Processing /home/marti/Lighthouse/airflow_tooltorial/venv/lib/python3.8/site-packages/airflow/example_dags/example_branch_labels.py took 0.238 seconds
[2024-10-09T18:17:37.521-0300] {processor.py:156} INFO - Started process (PID=63942) to work on /home/marti/Lighthouse/airflow_tooltorial/venv/lib/python3.8/site-packages/airflow/example_dags/example_branch_labels.py
[2024-10-09T18:17:37.531-0300] {processor.py:799} INFO - Processing file /home/marti/Lighthouse/airflow_tooltorial/venv/lib/python3.8/site-packages/airflow/example_dags/example_branch_labels.py for tasks to queue
[2024-10-09T18:17:37.532-0300] {logging_mixin.py:149} INFO - [2024-10-09T18:17:37.532-0300] {dagbag.py:541} INFO - Filling up the DagBag from /home/marti/Lighthouse/airflow_tooltorial/venv/lib/python3.8/site-packages/airflow/example_dags/example_branch_labels.py
[2024-10-09T18:17:37.539-0300] {processor.py:809} INFO - DAG(s) dict_keys(['example_branch_labels']) retrieved from /home/marti/Lighthouse/airflow_tooltorial/venv/lib/python3.8/site-packages/airflow/example_dags/example_branch_labels.py
[2024-10-09T18:17:37.559-0300] {logging_mixin.py:149} INFO - [2024-10-09T18:17:37.558-0300] {dag.py:2726} INFO - Sync 1 DAGs
[2024-10-09T18:17:37.579-0300] {logging_mixin.py:149} INFO - [2024-10-09T18:17:37.579-0300] {dag.py:3486} INFO - Setting next_dagrun for example_branch_labels to 2024-10-08T00:00:00+00:00, run_after=2024-10-09T00:00:00+00:00
[2024-10-09T18:17:37.730-0300] {processor.py:178} INFO - Processing /home/marti/Lighthouse/airflow_tooltorial/venv/lib/python3.8/site-packages/airflow/example_dags/example_branch_labels.py took 0.212 seconds
[2024-10-09T18:18:33.360-0300] {processor.py:156} INFO - Started process (PID=64102) to work on /home/marti/Lighthouse/airflow_tooltorial/venv/lib/python3.8/site-packages/airflow/example_dags/example_branch_labels.py
[2024-10-09T18:18:33.386-0300] {processor.py:799} INFO - Processing file /home/marti/Lighthouse/airflow_tooltorial/venv/lib/python3.8/site-packages/airflow/example_dags/example_branch_labels.py for tasks to queue
[2024-10-09T18:18:33.387-0300] {logging_mixin.py:149} INFO - [2024-10-09T18:18:33.387-0300] {dagbag.py:541} INFO - Filling up the DagBag from /home/marti/Lighthouse/airflow_tooltorial/venv/lib/python3.8/site-packages/airflow/example_dags/example_branch_labels.py
[2024-10-09T18:18:33.395-0300] {processor.py:809} INFO - DAG(s) dict_keys(['example_branch_labels']) retrieved from /home/marti/Lighthouse/airflow_tooltorial/venv/lib/python3.8/site-packages/airflow/example_dags/example_branch_labels.py
[2024-10-09T18:18:33.426-0300] {logging_mixin.py:149} INFO - [2024-10-09T18:18:33.426-0300] {dag.py:2726} INFO - Sync 1 DAGs
[2024-10-09T18:18:33.456-0300] {logging_mixin.py:149} INFO - [2024-10-09T18:18:33.455-0300] {dag.py:3486} INFO - Setting next_dagrun for example_branch_labels to 2024-10-08T00:00:00+00:00, run_after=2024-10-09T00:00:00+00:00
[2024-10-09T18:18:33.557-0300] {processor.py:178} INFO - Processing /home/marti/Lighthouse/airflow_tooltorial/venv/lib/python3.8/site-packages/airflow/example_dags/example_branch_labels.py took 0.202 seconds
