[2024-10-09T18:08:04.914-0300] {processor.py:156} INFO - Started process (PID=61656) to work on /home/marti/Lighthouse/airflow_tooltorial/venv/lib/python3.8/site-packages/airflow/example_dags/example_params_ui_tutorial.py
[2024-10-09T18:08:04.917-0300] {processor.py:799} INFO - Processing file /home/marti/Lighthouse/airflow_tooltorial/venv/lib/python3.8/site-packages/airflow/example_dags/example_params_ui_tutorial.py for tasks to queue
[2024-10-09T18:08:04.918-0300] {logging_mixin.py:149} INFO - [2024-10-09T18:08:04.918-0300] {dagbag.py:541} INFO - Filling up the DagBag from /home/marti/Lighthouse/airflow_tooltorial/venv/lib/python3.8/site-packages/airflow/example_dags/example_params_ui_tutorial.py
[2024-10-09T18:08:04.993-0300] {processor.py:809} INFO - DAG(s) dict_keys(['example_params_ui_tutorial']) retrieved from /home/marti/Lighthouse/airflow_tooltorial/venv/lib/python3.8/site-packages/airflow/example_dags/example_params_ui_tutorial.py
[2024-10-09T18:08:05.416-0300] {logging_mixin.py:149} INFO - [2024-10-09T18:08:05.415-0300] {manager.py:504} INFO - Created Permission View: can read on DAG:example_params_ui_tutorial
[2024-10-09T18:08:05.527-0300] {logging_mixin.py:149} INFO - [2024-10-09T18:08:05.526-0300] {manager.py:504} INFO - Created Permission View: can edit on DAG:example_params_ui_tutorial
[2024-10-09T18:08:05.638-0300] {logging_mixin.py:149} INFO - [2024-10-09T18:08:05.637-0300] {manager.py:504} INFO - Created Permission View: can delete on DAG:example_params_ui_tutorial
[2024-10-09T18:08:05.639-0300] {logging_mixin.py:149} INFO - [2024-10-09T18:08:05.638-0300] {dag.py:2726} INFO - Sync 1 DAGs
[2024-10-09T18:08:05.663-0300] {logging_mixin.py:149} INFO - [2024-10-09T18:08:05.663-0300] {dag.py:2747} INFO - Creating ORM DAG for example_params_ui_tutorial
[2024-10-09T18:08:05.673-0300] {logging_mixin.py:149} INFO - [2024-10-09T18:08:05.673-0300] {dag.py:3486} INFO - Setting next_dagrun for example_params_ui_tutorial to None, run_after=None
[2024-10-09T18:08:05.862-0300] {processor.py:178} INFO - Processing /home/marti/Lighthouse/airflow_tooltorial/venv/lib/python3.8/site-packages/airflow/example_dags/example_params_ui_tutorial.py took 0.959 seconds
[2024-10-09T18:09:26.156-0300] {processor.py:156} INFO - Started process (PID=62103) to work on /home/marti/Lighthouse/airflow_tooltorial/venv/lib/python3.8/site-packages/airflow/example_dags/example_params_ui_tutorial.py
[2024-10-09T18:09:26.187-0300] {processor.py:799} INFO - Processing file /home/marti/Lighthouse/airflow_tooltorial/venv/lib/python3.8/site-packages/airflow/example_dags/example_params_ui_tutorial.py for tasks to queue
[2024-10-09T18:09:26.191-0300] {logging_mixin.py:149} INFO - [2024-10-09T18:09:26.190-0300] {dagbag.py:541} INFO - Filling up the DagBag from /home/marti/Lighthouse/airflow_tooltorial/venv/lib/python3.8/site-packages/airflow/example_dags/example_params_ui_tutorial.py
[2024-10-09T18:09:26.302-0300] {processor.py:809} INFO - DAG(s) dict_keys(['example_params_ui_tutorial']) retrieved from /home/marti/Lighthouse/airflow_tooltorial/venv/lib/python3.8/site-packages/airflow/example_dags/example_params_ui_tutorial.py
[2024-10-09T18:09:26.364-0300] {logging_mixin.py:149} INFO - [2024-10-09T18:09:26.364-0300] {dag.py:2726} INFO - Sync 1 DAGs
[2024-10-09T18:09:26.389-0300] {logging_mixin.py:149} INFO - [2024-10-09T18:09:26.388-0300] {dag.py:3486} INFO - Setting next_dagrun for example_params_ui_tutorial to None, run_after=None
[2024-10-09T18:09:26.547-0300] {processor.py:178} INFO - Processing /home/marti/Lighthouse/airflow_tooltorial/venv/lib/python3.8/site-packages/airflow/example_dags/example_params_ui_tutorial.py took 0.397 seconds
[2024-10-09T18:10:47.842-0300] {processor.py:156} INFO - Started process (PID=62348) to work on /home/marti/Lighthouse/airflow_tooltorial/venv/lib/python3.8/site-packages/airflow/example_dags/example_params_ui_tutorial.py
[2024-10-09T18:10:47.877-0300] {processor.py:799} INFO - Processing file /home/marti/Lighthouse/airflow_tooltorial/venv/lib/python3.8/site-packages/airflow/example_dags/example_params_ui_tutorial.py for tasks to queue
[2024-10-09T18:10:47.881-0300] {logging_mixin.py:149} INFO - [2024-10-09T18:10:47.880-0300] {dagbag.py:541} INFO - Filling up the DagBag from /home/marti/Lighthouse/airflow_tooltorial/venv/lib/python3.8/site-packages/airflow/example_dags/example_params_ui_tutorial.py
[2024-10-09T18:10:47.938-0300] {processor.py:809} INFO - DAG(s) dict_keys(['example_params_ui_tutorial']) retrieved from /home/marti/Lighthouse/airflow_tooltorial/venv/lib/python3.8/site-packages/airflow/example_dags/example_params_ui_tutorial.py
[2024-10-09T18:10:48.054-0300] {logging_mixin.py:149} INFO - [2024-10-09T18:10:48.053-0300] {dag.py:2726} INFO - Sync 1 DAGs
[2024-10-09T18:10:48.069-0300] {logging_mixin.py:149} INFO - [2024-10-09T18:10:48.068-0300] {dag.py:3486} INFO - Setting next_dagrun for example_params_ui_tutorial to None, run_after=None
[2024-10-09T18:10:48.206-0300] {processor.py:178} INFO - Processing /home/marti/Lighthouse/airflow_tooltorial/venv/lib/python3.8/site-packages/airflow/example_dags/example_params_ui_tutorial.py took 0.367 seconds
[2024-10-09T18:12:11.599-0300] {processor.py:156} INFO - Started process (PID=62623) to work on /home/marti/Lighthouse/airflow_tooltorial/venv/lib/python3.8/site-packages/airflow/example_dags/example_params_ui_tutorial.py
[2024-10-09T18:12:11.631-0300] {processor.py:799} INFO - Processing file /home/marti/Lighthouse/airflow_tooltorial/venv/lib/python3.8/site-packages/airflow/example_dags/example_params_ui_tutorial.py for tasks to queue
[2024-10-09T18:12:11.633-0300] {logging_mixin.py:149} INFO - [2024-10-09T18:12:11.633-0300] {dagbag.py:541} INFO - Filling up the DagBag from /home/marti/Lighthouse/airflow_tooltorial/venv/lib/python3.8/site-packages/airflow/example_dags/example_params_ui_tutorial.py
[2024-10-09T18:12:11.691-0300] {processor.py:809} INFO - DAG(s) dict_keys(['example_params_ui_tutorial']) retrieved from /home/marti/Lighthouse/airflow_tooltorial/venv/lib/python3.8/site-packages/airflow/example_dags/example_params_ui_tutorial.py
[2024-10-09T18:12:11.740-0300] {logging_mixin.py:149} INFO - [2024-10-09T18:12:11.740-0300] {dag.py:2726} INFO - Sync 1 DAGs
[2024-10-09T18:12:11.755-0300] {logging_mixin.py:149} INFO - [2024-10-09T18:12:11.755-0300] {dag.py:3486} INFO - Setting next_dagrun for example_params_ui_tutorial to None, run_after=None
[2024-10-09T18:12:11.891-0300] {processor.py:178} INFO - Processing /home/marti/Lighthouse/airflow_tooltorial/venv/lib/python3.8/site-packages/airflow/example_dags/example_params_ui_tutorial.py took 0.295 seconds
[2024-10-09T18:13:29.845-0300] {processor.py:156} INFO - Started process (PID=62765) to work on /home/marti/Lighthouse/airflow_tooltorial/venv/lib/python3.8/site-packages/airflow/example_dags/example_params_ui_tutorial.py
[2024-10-09T18:13:29.896-0300] {processor.py:799} INFO - Processing file /home/marti/Lighthouse/airflow_tooltorial/venv/lib/python3.8/site-packages/airflow/example_dags/example_params_ui_tutorial.py for tasks to queue
[2024-10-09T18:13:29.897-0300] {logging_mixin.py:149} INFO - [2024-10-09T18:13:29.897-0300] {dagbag.py:541} INFO - Filling up the DagBag from /home/marti/Lighthouse/airflow_tooltorial/venv/lib/python3.8/site-packages/airflow/example_dags/example_params_ui_tutorial.py
[2024-10-09T18:13:29.950-0300] {processor.py:809} INFO - DAG(s) dict_keys(['example_params_ui_tutorial']) retrieved from /home/marti/Lighthouse/airflow_tooltorial/venv/lib/python3.8/site-packages/airflow/example_dags/example_params_ui_tutorial.py
[2024-10-09T18:13:30.001-0300] {logging_mixin.py:149} INFO - [2024-10-09T18:13:30.001-0300] {dag.py:2726} INFO - Sync 1 DAGs
[2024-10-09T18:13:30.017-0300] {logging_mixin.py:149} INFO - [2024-10-09T18:13:30.016-0300] {dag.py:3486} INFO - Setting next_dagrun for example_params_ui_tutorial to None, run_after=None
[2024-10-09T18:13:30.178-0300] {processor.py:178} INFO - Processing /home/marti/Lighthouse/airflow_tooltorial/venv/lib/python3.8/site-packages/airflow/example_dags/example_params_ui_tutorial.py took 0.336 seconds
[2024-10-09T18:14:52.172-0300] {processor.py:156} INFO - Started process (PID=63019) to work on /home/marti/Lighthouse/airflow_tooltorial/venv/lib/python3.8/site-packages/airflow/example_dags/example_params_ui_tutorial.py
[2024-10-09T18:14:52.243-0300] {processor.py:799} INFO - Processing file /home/marti/Lighthouse/airflow_tooltorial/venv/lib/python3.8/site-packages/airflow/example_dags/example_params_ui_tutorial.py for tasks to queue
[2024-10-09T18:14:52.244-0300] {logging_mixin.py:149} INFO - [2024-10-09T18:14:52.244-0300] {dagbag.py:541} INFO - Filling up the DagBag from /home/marti/Lighthouse/airflow_tooltorial/venv/lib/python3.8/site-packages/airflow/example_dags/example_params_ui_tutorial.py
[2024-10-09T18:14:52.302-0300] {processor.py:809} INFO - DAG(s) dict_keys(['example_params_ui_tutorial']) retrieved from /home/marti/Lighthouse/airflow_tooltorial/venv/lib/python3.8/site-packages/airflow/example_dags/example_params_ui_tutorial.py
[2024-10-09T18:14:52.348-0300] {logging_mixin.py:149} INFO - [2024-10-09T18:14:52.348-0300] {dag.py:2726} INFO - Sync 1 DAGs
[2024-10-09T18:14:52.363-0300] {logging_mixin.py:149} INFO - [2024-10-09T18:14:52.363-0300] {dag.py:3486} INFO - Setting next_dagrun for example_params_ui_tutorial to None, run_after=None
[2024-10-09T18:14:52.625-0300] {processor.py:178} INFO - Processing /home/marti/Lighthouse/airflow_tooltorial/venv/lib/python3.8/site-packages/airflow/example_dags/example_params_ui_tutorial.py took 0.455 seconds
[2024-10-09T18:16:10.173-0300] {processor.py:156} INFO - Started process (PID=63281) to work on /home/marti/Lighthouse/airflow_tooltorial/venv/lib/python3.8/site-packages/airflow/example_dags/example_params_ui_tutorial.py
[2024-10-09T18:16:10.184-0300] {processor.py:799} INFO - Processing file /home/marti/Lighthouse/airflow_tooltorial/venv/lib/python3.8/site-packages/airflow/example_dags/example_params_ui_tutorial.py for tasks to queue
[2024-10-09T18:16:10.185-0300] {logging_mixin.py:149} INFO - [2024-10-09T18:16:10.185-0300] {dagbag.py:541} INFO - Filling up the DagBag from /home/marti/Lighthouse/airflow_tooltorial/venv/lib/python3.8/site-packages/airflow/example_dags/example_params_ui_tutorial.py
[2024-10-09T18:16:10.221-0300] {processor.py:809} INFO - DAG(s) dict_keys(['example_params_ui_tutorial']) retrieved from /home/marti/Lighthouse/airflow_tooltorial/venv/lib/python3.8/site-packages/airflow/example_dags/example_params_ui_tutorial.py
[2024-10-09T18:16:10.266-0300] {logging_mixin.py:149} INFO - [2024-10-09T18:16:10.266-0300] {dag.py:2726} INFO - Sync 1 DAGs
[2024-10-09T18:16:10.281-0300] {logging_mixin.py:149} INFO - [2024-10-09T18:16:10.281-0300] {dag.py:3486} INFO - Setting next_dagrun for example_params_ui_tutorial to None, run_after=None
[2024-10-09T18:16:10.403-0300] {processor.py:178} INFO - Processing /home/marti/Lighthouse/airflow_tooltorial/venv/lib/python3.8/site-packages/airflow/example_dags/example_params_ui_tutorial.py took 0.234 seconds
[2024-10-09T18:17:40.003-0300] {processor.py:156} INFO - Started process (PID=63944) to work on /home/marti/Lighthouse/airflow_tooltorial/venv/lib/python3.8/site-packages/airflow/example_dags/example_params_ui_tutorial.py
[2024-10-09T18:17:40.037-0300] {processor.py:799} INFO - Processing file /home/marti/Lighthouse/airflow_tooltorial/venv/lib/python3.8/site-packages/airflow/example_dags/example_params_ui_tutorial.py for tasks to queue
[2024-10-09T18:17:40.038-0300] {logging_mixin.py:149} INFO - [2024-10-09T18:17:40.038-0300] {dagbag.py:541} INFO - Filling up the DagBag from /home/marti/Lighthouse/airflow_tooltorial/venv/lib/python3.8/site-packages/airflow/example_dags/example_params_ui_tutorial.py
[2024-10-09T18:17:40.075-0300] {processor.py:809} INFO - DAG(s) dict_keys(['example_params_ui_tutorial']) retrieved from /home/marti/Lighthouse/airflow_tooltorial/venv/lib/python3.8/site-packages/airflow/example_dags/example_params_ui_tutorial.py
[2024-10-09T18:17:40.127-0300] {logging_mixin.py:149} INFO - [2024-10-09T18:17:40.127-0300] {dag.py:2726} INFO - Sync 1 DAGs
[2024-10-09T18:17:40.143-0300] {logging_mixin.py:149} INFO - [2024-10-09T18:17:40.143-0300] {dag.py:3486} INFO - Setting next_dagrun for example_params_ui_tutorial to None, run_after=None
[2024-10-09T18:17:40.291-0300] {processor.py:178} INFO - Processing /home/marti/Lighthouse/airflow_tooltorial/venv/lib/python3.8/site-packages/airflow/example_dags/example_params_ui_tutorial.py took 0.292 seconds
[2024-10-09T18:19:05.750-0300] {processor.py:156} INFO - Started process (PID=64531) to work on /home/marti/Lighthouse/airflow_tooltorial/venv/lib/python3.8/site-packages/airflow/example_dags/example_params_ui_tutorial.py
[2024-10-09T18:19:05.786-0300] {processor.py:799} INFO - Processing file /home/marti/Lighthouse/airflow_tooltorial/venv/lib/python3.8/site-packages/airflow/example_dags/example_params_ui_tutorial.py for tasks to queue
[2024-10-09T18:19:05.788-0300] {logging_mixin.py:149} INFO - [2024-10-09T18:19:05.788-0300] {dagbag.py:541} INFO - Filling up the DagBag from /home/marti/Lighthouse/airflow_tooltorial/venv/lib/python3.8/site-packages/airflow/example_dags/example_params_ui_tutorial.py
[2024-10-09T18:19:05.846-0300] {processor.py:809} INFO - DAG(s) dict_keys(['example_params_ui_tutorial']) retrieved from /home/marti/Lighthouse/airflow_tooltorial/venv/lib/python3.8/site-packages/airflow/example_dags/example_params_ui_tutorial.py
[2024-10-09T18:19:05.891-0300] {logging_mixin.py:149} INFO - [2024-10-09T18:19:05.891-0300] {dag.py:2726} INFO - Sync 1 DAGs
[2024-10-09T18:19:05.907-0300] {logging_mixin.py:149} INFO - [2024-10-09T18:19:05.907-0300] {dag.py:3486} INFO - Setting next_dagrun for example_params_ui_tutorial to None, run_after=None
[2024-10-09T18:19:06.043-0300] {processor.py:178} INFO - Processing /home/marti/Lighthouse/airflow_tooltorial/venv/lib/python3.8/site-packages/airflow/example_dags/example_params_ui_tutorial.py took 0.301 seconds
