[2024-10-09T18:07:21.971-0300] {processor.py:156} INFO - Started process (PID=61404) to work on /home/marti/Lighthouse/airflow_tooltorial/venv/lib/python3.8/site-packages/airflow/example_dags/example_bash_operator.py
[2024-10-09T18:07:21.972-0300] {processor.py:799} INFO - Processing file /home/marti/Lighthouse/airflow_tooltorial/venv/lib/python3.8/site-packages/airflow/example_dags/example_bash_operator.py for tasks to queue
[2024-10-09T18:07:21.973-0300] {logging_mixin.py:149} INFO - [2024-10-09T18:07:21.973-0300] {dagbag.py:541} INFO - Filling up the DagBag from /home/marti/Lighthouse/airflow_tooltorial/venv/lib/python3.8/site-packages/airflow/example_dags/example_bash_operator.py
[2024-10-09T18:07:21.990-0300] {processor.py:809} INFO - DAG(s) dict_keys(['example_bash_operator']) retrieved from /home/marti/Lighthouse/airflow_tooltorial/venv/lib/python3.8/site-packages/airflow/example_dags/example_bash_operator.py
[2024-10-09T18:07:22.803-0300] {logging_mixin.py:149} INFO - [2024-10-09T18:07:22.803-0300] {manager.py:504} INFO - Created Permission View: can read on DAG:example_bash_operator
[2024-10-09T18:07:22.914-0300] {logging_mixin.py:149} INFO - [2024-10-09T18:07:22.914-0300] {manager.py:504} INFO - Created Permission View: can edit on DAG:example_bash_operator
[2024-10-09T18:07:23.014-0300] {logging_mixin.py:149} INFO - [2024-10-09T18:07:23.014-0300] {manager.py:504} INFO - Created Permission View: can delete on DAG:example_bash_operator
[2024-10-09T18:07:23.015-0300] {logging_mixin.py:149} INFO - [2024-10-09T18:07:23.015-0300] {dag.py:2726} INFO - Sync 1 DAGs
[2024-10-09T18:07:23.045-0300] {logging_mixin.py:149} INFO - [2024-10-09T18:07:23.045-0300] {dag.py:2747} INFO - Creating ORM DAG for example_bash_operator
[2024-10-09T18:07:23.057-0300] {logging_mixin.py:149} INFO - [2024-10-09T18:07:23.057-0300] {dag.py:3486} INFO - Setting next_dagrun for example_bash_operator to 2024-10-08T00:00:00+00:00, run_after=2024-10-09T00:00:00+00:00
[2024-10-09T18:07:23.572-0300] {processor.py:178} INFO - Processing /home/marti/Lighthouse/airflow_tooltorial/venv/lib/python3.8/site-packages/airflow/example_dags/example_bash_operator.py took 1.605 seconds
[2024-10-09T18:08:44.792-0300] {processor.py:156} INFO - Started process (PID=61957) to work on /home/marti/Lighthouse/airflow_tooltorial/venv/lib/python3.8/site-packages/airflow/example_dags/example_bash_operator.py
[2024-10-09T18:08:44.840-0300] {processor.py:799} INFO - Processing file /home/marti/Lighthouse/airflow_tooltorial/venv/lib/python3.8/site-packages/airflow/example_dags/example_bash_operator.py for tasks to queue
[2024-10-09T18:08:44.842-0300] {logging_mixin.py:149} INFO - [2024-10-09T18:08:44.842-0300] {dagbag.py:541} INFO - Filling up the DagBag from /home/marti/Lighthouse/airflow_tooltorial/venv/lib/python3.8/site-packages/airflow/example_dags/example_bash_operator.py
[2024-10-09T18:08:44.886-0300] {processor.py:809} INFO - DAG(s) dict_keys(['example_bash_operator']) retrieved from /home/marti/Lighthouse/airflow_tooltorial/venv/lib/python3.8/site-packages/airflow/example_dags/example_bash_operator.py
[2024-10-09T18:08:45.040-0300] {logging_mixin.py:149} INFO - [2024-10-09T18:08:45.040-0300] {dag.py:2726} INFO - Sync 1 DAGs
[2024-10-09T18:08:45.063-0300] {logging_mixin.py:149} INFO - [2024-10-09T18:08:45.063-0300] {dag.py:3486} INFO - Setting next_dagrun for example_bash_operator to 2024-10-08T00:00:00+00:00, run_after=2024-10-09T00:00:00+00:00
[2024-10-09T18:08:45.249-0300] {processor.py:178} INFO - Processing /home/marti/Lighthouse/airflow_tooltorial/venv/lib/python3.8/site-packages/airflow/example_dags/example_bash_operator.py took 0.472 seconds
[2024-10-09T18:09:47.999-0300] {processor.py:156} INFO - Started process (PID=62151) to work on /home/marti/Lighthouse/airflow_tooltorial/venv/lib/python3.8/site-packages/airflow/example_dags/example_bash_operator.py
[2024-10-09T18:09:48.022-0300] {processor.py:799} INFO - Processing file /home/marti/Lighthouse/airflow_tooltorial/venv/lib/python3.8/site-packages/airflow/example_dags/example_bash_operator.py for tasks to queue
[2024-10-09T18:09:48.024-0300] {logging_mixin.py:149} INFO - [2024-10-09T18:09:48.024-0300] {dagbag.py:541} INFO - Filling up the DagBag from /home/marti/Lighthouse/airflow_tooltorial/venv/lib/python3.8/site-packages/airflow/example_dags/example_bash_operator.py
[2024-10-09T18:09:48.056-0300] {processor.py:809} INFO - DAG(s) dict_keys(['example_bash_operator']) retrieved from /home/marti/Lighthouse/airflow_tooltorial/venv/lib/python3.8/site-packages/airflow/example_dags/example_bash_operator.py
[2024-10-09T18:09:48.246-0300] {logging_mixin.py:149} INFO - [2024-10-09T18:09:48.246-0300] {dag.py:2726} INFO - Sync 1 DAGs
[2024-10-09T18:09:48.267-0300] {logging_mixin.py:149} INFO - [2024-10-09T18:09:48.267-0300] {dag.py:3486} INFO - Setting next_dagrun for example_bash_operator to 2024-10-08T00:00:00+00:00, run_after=2024-10-09T00:00:00+00:00
[2024-10-09T18:09:48.406-0300] {processor.py:178} INFO - Processing /home/marti/Lighthouse/airflow_tooltorial/venv/lib/python3.8/site-packages/airflow/example_dags/example_bash_operator.py took 0.411 seconds
[2024-10-09T18:10:44.228-0300] {processor.py:156} INFO - Started process (PID=62315) to work on /home/marti/Lighthouse/airflow_tooltorial/venv/lib/python3.8/site-packages/airflow/example_dags/example_bash_operator.py
[2024-10-09T18:10:44.261-0300] {processor.py:799} INFO - Processing file /home/marti/Lighthouse/airflow_tooltorial/venv/lib/python3.8/site-packages/airflow/example_dags/example_bash_operator.py for tasks to queue
[2024-10-09T18:10:44.264-0300] {logging_mixin.py:149} INFO - [2024-10-09T18:10:44.263-0300] {dagbag.py:541} INFO - Filling up the DagBag from /home/marti/Lighthouse/airflow_tooltorial/venv/lib/python3.8/site-packages/airflow/example_dags/example_bash_operator.py
[2024-10-09T18:10:44.301-0300] {processor.py:809} INFO - DAG(s) dict_keys(['example_bash_operator']) retrieved from /home/marti/Lighthouse/airflow_tooltorial/venv/lib/python3.8/site-packages/airflow/example_dags/example_bash_operator.py
[2024-10-09T18:10:44.330-0300] {logging_mixin.py:149} INFO - [2024-10-09T18:10:44.330-0300] {dag.py:2726} INFO - Sync 1 DAGs
[2024-10-09T18:10:44.346-0300] {logging_mixin.py:149} INFO - [2024-10-09T18:10:44.346-0300] {dag.py:3486} INFO - Setting next_dagrun for example_bash_operator to 2024-10-08T00:00:00+00:00, run_after=2024-10-09T00:00:00+00:00
[2024-10-09T18:10:44.478-0300] {processor.py:178} INFO - Processing /home/marti/Lighthouse/airflow_tooltorial/venv/lib/python3.8/site-packages/airflow/example_dags/example_bash_operator.py took 0.257 seconds
[2024-10-09T18:11:40.463-0300] {processor.py:156} INFO - Started process (PID=62519) to work on /home/marti/Lighthouse/airflow_tooltorial/venv/lib/python3.8/site-packages/airflow/example_dags/example_bash_operator.py
[2024-10-09T18:11:40.509-0300] {processor.py:799} INFO - Processing file /home/marti/Lighthouse/airflow_tooltorial/venv/lib/python3.8/site-packages/airflow/example_dags/example_bash_operator.py for tasks to queue
[2024-10-09T18:11:40.511-0300] {logging_mixin.py:149} INFO - [2024-10-09T18:11:40.511-0300] {dagbag.py:541} INFO - Filling up the DagBag from /home/marti/Lighthouse/airflow_tooltorial/venv/lib/python3.8/site-packages/airflow/example_dags/example_bash_operator.py
[2024-10-09T18:11:40.530-0300] {processor.py:809} INFO - DAG(s) dict_keys(['example_bash_operator']) retrieved from /home/marti/Lighthouse/airflow_tooltorial/venv/lib/python3.8/site-packages/airflow/example_dags/example_bash_operator.py
[2024-10-09T18:11:40.556-0300] {logging_mixin.py:149} INFO - [2024-10-09T18:11:40.556-0300] {dag.py:2726} INFO - Sync 1 DAGs
[2024-10-09T18:11:40.573-0300] {logging_mixin.py:149} INFO - [2024-10-09T18:11:40.573-0300] {dag.py:3486} INFO - Setting next_dagrun for example_bash_operator to 2024-10-08T00:00:00+00:00, run_after=2024-10-09T00:00:00+00:00
[2024-10-09T18:11:40.706-0300] {processor.py:178} INFO - Processing /home/marti/Lighthouse/airflow_tooltorial/venv/lib/python3.8/site-packages/airflow/example_dags/example_bash_operator.py took 0.246 seconds
[2024-10-09T18:12:33.469-0300] {processor.py:156} INFO - Started process (PID=62644) to work on /home/marti/Lighthouse/airflow_tooltorial/venv/lib/python3.8/site-packages/airflow/example_dags/example_bash_operator.py
[2024-10-09T18:12:33.505-0300] {processor.py:799} INFO - Processing file /home/marti/Lighthouse/airflow_tooltorial/venv/lib/python3.8/site-packages/airflow/example_dags/example_bash_operator.py for tasks to queue
[2024-10-09T18:12:33.505-0300] {logging_mixin.py:149} INFO - [2024-10-09T18:12:33.505-0300] {dagbag.py:541} INFO - Filling up the DagBag from /home/marti/Lighthouse/airflow_tooltorial/venv/lib/python3.8/site-packages/airflow/example_dags/example_bash_operator.py
[2024-10-09T18:12:33.520-0300] {processor.py:809} INFO - DAG(s) dict_keys(['example_bash_operator']) retrieved from /home/marti/Lighthouse/airflow_tooltorial/venv/lib/python3.8/site-packages/airflow/example_dags/example_bash_operator.py
[2024-10-09T18:12:33.546-0300] {logging_mixin.py:149} INFO - [2024-10-09T18:12:33.546-0300] {dag.py:2726} INFO - Sync 1 DAGs
[2024-10-09T18:12:33.563-0300] {logging_mixin.py:149} INFO - [2024-10-09T18:12:33.563-0300] {dag.py:3486} INFO - Setting next_dagrun for example_bash_operator to 2024-10-08T00:00:00+00:00, run_after=2024-10-09T00:00:00+00:00
[2024-10-09T18:12:33.672-0300] {processor.py:178} INFO - Processing /home/marti/Lighthouse/airflow_tooltorial/venv/lib/python3.8/site-packages/airflow/example_dags/example_bash_operator.py took 0.213 seconds
[2024-10-09T18:13:42.417-0300] {processor.py:156} INFO - Started process (PID=62779) to work on /home/marti/Lighthouse/airflow_tooltorial/venv/lib/python3.8/site-packages/airflow/example_dags/example_bash_operator.py
[2024-10-09T18:13:42.432-0300] {processor.py:799} INFO - Processing file /home/marti/Lighthouse/airflow_tooltorial/venv/lib/python3.8/site-packages/airflow/example_dags/example_bash_operator.py for tasks to queue
[2024-10-09T18:13:42.435-0300] {logging_mixin.py:149} INFO - [2024-10-09T18:13:42.434-0300] {dagbag.py:541} INFO - Filling up the DagBag from /home/marti/Lighthouse/airflow_tooltorial/venv/lib/python3.8/site-packages/airflow/example_dags/example_bash_operator.py
[2024-10-09T18:13:42.462-0300] {processor.py:809} INFO - DAG(s) dict_keys(['example_bash_operator']) retrieved from /home/marti/Lighthouse/airflow_tooltorial/venv/lib/python3.8/site-packages/airflow/example_dags/example_bash_operator.py
[2024-10-09T18:13:42.489-0300] {logging_mixin.py:149} INFO - [2024-10-09T18:13:42.489-0300] {dag.py:2726} INFO - Sync 1 DAGs
[2024-10-09T18:13:42.506-0300] {logging_mixin.py:149} INFO - [2024-10-09T18:13:42.505-0300] {dag.py:3486} INFO - Setting next_dagrun for example_bash_operator to 2024-10-08T00:00:00+00:00, run_after=2024-10-09T00:00:00+00:00
[2024-10-09T18:13:42.624-0300] {processor.py:178} INFO - Processing /home/marti/Lighthouse/airflow_tooltorial/venv/lib/python3.8/site-packages/airflow/example_dags/example_bash_operator.py took 0.210 seconds
[2024-10-09T18:14:35.478-0300] {processor.py:156} INFO - Started process (PID=62919) to work on /home/marti/Lighthouse/airflow_tooltorial/venv/lib/python3.8/site-packages/airflow/example_dags/example_bash_operator.py
[2024-10-09T18:14:35.543-0300] {processor.py:799} INFO - Processing file /home/marti/Lighthouse/airflow_tooltorial/venv/lib/python3.8/site-packages/airflow/example_dags/example_bash_operator.py for tasks to queue
[2024-10-09T18:14:35.544-0300] {logging_mixin.py:149} INFO - [2024-10-09T18:14:35.544-0300] {dagbag.py:541} INFO - Filling up the DagBag from /home/marti/Lighthouse/airflow_tooltorial/venv/lib/python3.8/site-packages/airflow/example_dags/example_bash_operator.py
[2024-10-09T18:14:35.570-0300] {processor.py:809} INFO - DAG(s) dict_keys(['example_bash_operator']) retrieved from /home/marti/Lighthouse/airflow_tooltorial/venv/lib/python3.8/site-packages/airflow/example_dags/example_bash_operator.py
[2024-10-09T18:14:35.610-0300] {logging_mixin.py:149} INFO - [2024-10-09T18:14:35.610-0300] {dag.py:2726} INFO - Sync 1 DAGs
[2024-10-09T18:14:35.637-0300] {logging_mixin.py:149} INFO - [2024-10-09T18:14:35.636-0300] {dag.py:3486} INFO - Setting next_dagrun for example_bash_operator to 2024-10-08T00:00:00+00:00, run_after=2024-10-09T00:00:00+00:00
[2024-10-09T18:14:35.795-0300] {processor.py:178} INFO - Processing /home/marti/Lighthouse/airflow_tooltorial/venv/lib/python3.8/site-packages/airflow/example_dags/example_bash_operator.py took 0.332 seconds
[2024-10-09T18:15:33.806-0300] {processor.py:156} INFO - Started process (PID=63091) to work on /home/marti/Lighthouse/airflow_tooltorial/venv/lib/python3.8/site-packages/airflow/example_dags/example_bash_operator.py
[2024-10-09T18:15:33.848-0300] {processor.py:799} INFO - Processing file /home/marti/Lighthouse/airflow_tooltorial/venv/lib/python3.8/site-packages/airflow/example_dags/example_bash_operator.py for tasks to queue
[2024-10-09T18:15:33.850-0300] {logging_mixin.py:149} INFO - [2024-10-09T18:15:33.850-0300] {dagbag.py:541} INFO - Filling up the DagBag from /home/marti/Lighthouse/airflow_tooltorial/venv/lib/python3.8/site-packages/airflow/example_dags/example_bash_operator.py
[2024-10-09T18:15:33.885-0300] {processor.py:809} INFO - DAG(s) dict_keys(['example_bash_operator']) retrieved from /home/marti/Lighthouse/airflow_tooltorial/venv/lib/python3.8/site-packages/airflow/example_dags/example_bash_operator.py
[2024-10-09T18:15:33.913-0300] {logging_mixin.py:149} INFO - [2024-10-09T18:15:33.913-0300] {dag.py:2726} INFO - Sync 1 DAGs
[2024-10-09T18:15:33.930-0300] {logging_mixin.py:149} INFO - [2024-10-09T18:15:33.929-0300] {dag.py:3486} INFO - Setting next_dagrun for example_bash_operator to 2024-10-08T00:00:00+00:00, run_after=2024-10-09T00:00:00+00:00
[2024-10-09T18:15:34.031-0300] {processor.py:178} INFO - Processing /home/marti/Lighthouse/airflow_tooltorial/venv/lib/python3.8/site-packages/airflow/example_dags/example_bash_operator.py took 0.233 seconds
[2024-10-09T18:16:22.563-0300] {processor.py:156} INFO - Started process (PID=63300) to work on /home/marti/Lighthouse/airflow_tooltorial/venv/lib/python3.8/site-packages/airflow/example_dags/example_bash_operator.py
[2024-10-09T18:16:22.593-0300] {processor.py:799} INFO - Processing file /home/marti/Lighthouse/airflow_tooltorial/venv/lib/python3.8/site-packages/airflow/example_dags/example_bash_operator.py for tasks to queue
[2024-10-09T18:16:22.596-0300] {logging_mixin.py:149} INFO - [2024-10-09T18:16:22.595-0300] {dagbag.py:541} INFO - Filling up the DagBag from /home/marti/Lighthouse/airflow_tooltorial/venv/lib/python3.8/site-packages/airflow/example_dags/example_bash_operator.py
[2024-10-09T18:16:22.631-0300] {processor.py:809} INFO - DAG(s) dict_keys(['example_bash_operator']) retrieved from /home/marti/Lighthouse/airflow_tooltorial/venv/lib/python3.8/site-packages/airflow/example_dags/example_bash_operator.py
[2024-10-09T18:16:22.659-0300] {logging_mixin.py:149} INFO - [2024-10-09T18:16:22.659-0300] {dag.py:2726} INFO - Sync 1 DAGs
[2024-10-09T18:16:22.676-0300] {logging_mixin.py:149} INFO - [2024-10-09T18:16:22.676-0300] {dag.py:3486} INFO - Setting next_dagrun for example_bash_operator to 2024-10-08T00:00:00+00:00, run_after=2024-10-09T00:00:00+00:00
[2024-10-09T18:16:22.802-0300] {processor.py:178} INFO - Processing /home/marti/Lighthouse/airflow_tooltorial/venv/lib/python3.8/site-packages/airflow/example_dags/example_bash_operator.py took 0.245 seconds
[2024-10-09T18:17:22.287-0300] {processor.py:156} INFO - Started process (PID=63927) to work on /home/marti/Lighthouse/airflow_tooltorial/venv/lib/python3.8/site-packages/airflow/example_dags/example_bash_operator.py
[2024-10-09T18:17:22.358-0300] {processor.py:799} INFO - Processing file /home/marti/Lighthouse/airflow_tooltorial/venv/lib/python3.8/site-packages/airflow/example_dags/example_bash_operator.py for tasks to queue
[2024-10-09T18:17:22.360-0300] {logging_mixin.py:149} INFO - [2024-10-09T18:17:22.359-0300] {dagbag.py:541} INFO - Filling up the DagBag from /home/marti/Lighthouse/airflow_tooltorial/venv/lib/python3.8/site-packages/airflow/example_dags/example_bash_operator.py
[2024-10-09T18:17:22.391-0300] {processor.py:809} INFO - DAG(s) dict_keys(['example_bash_operator']) retrieved from /home/marti/Lighthouse/airflow_tooltorial/venv/lib/python3.8/site-packages/airflow/example_dags/example_bash_operator.py
[2024-10-09T18:17:22.420-0300] {logging_mixin.py:149} INFO - [2024-10-09T18:17:22.420-0300] {dag.py:2726} INFO - Sync 1 DAGs
[2024-10-09T18:17:22.436-0300] {logging_mixin.py:149} INFO - [2024-10-09T18:17:22.436-0300] {dag.py:3486} INFO - Setting next_dagrun for example_bash_operator to 2024-10-08T00:00:00+00:00, run_after=2024-10-09T00:00:00+00:00
[2024-10-09T18:17:22.715-0300] {processor.py:178} INFO - Processing /home/marti/Lighthouse/airflow_tooltorial/venv/lib/python3.8/site-packages/airflow/example_dags/example_bash_operator.py took 0.432 seconds
[2024-10-09T18:18:19.143-0300] {processor.py:156} INFO - Started process (PID=64082) to work on /home/marti/Lighthouse/airflow_tooltorial/venv/lib/python3.8/site-packages/airflow/example_dags/example_bash_operator.py
[2024-10-09T18:18:19.151-0300] {processor.py:799} INFO - Processing file /home/marti/Lighthouse/airflow_tooltorial/venv/lib/python3.8/site-packages/airflow/example_dags/example_bash_operator.py for tasks to queue
[2024-10-09T18:18:19.153-0300] {logging_mixin.py:149} INFO - [2024-10-09T18:18:19.152-0300] {dagbag.py:541} INFO - Filling up the DagBag from /home/marti/Lighthouse/airflow_tooltorial/venv/lib/python3.8/site-packages/airflow/example_dags/example_bash_operator.py
[2024-10-09T18:18:19.181-0300] {processor.py:809} INFO - DAG(s) dict_keys(['example_bash_operator']) retrieved from /home/marti/Lighthouse/airflow_tooltorial/venv/lib/python3.8/site-packages/airflow/example_dags/example_bash_operator.py
[2024-10-09T18:18:19.209-0300] {logging_mixin.py:149} INFO - [2024-10-09T18:18:19.209-0300] {dag.py:2726} INFO - Sync 1 DAGs
[2024-10-09T18:18:19.227-0300] {logging_mixin.py:149} INFO - [2024-10-09T18:18:19.227-0300] {dag.py:3486} INFO - Setting next_dagrun for example_bash_operator to 2024-10-08T00:00:00+00:00, run_after=2024-10-09T00:00:00+00:00
[2024-10-09T18:18:19.358-0300] {processor.py:178} INFO - Processing /home/marti/Lighthouse/airflow_tooltorial/venv/lib/python3.8/site-packages/airflow/example_dags/example_bash_operator.py took 0.225 seconds
[2024-10-09T18:51:53.467-0300] {processor.py:156} INFO - Started process (PID=71021) to work on /home/marti/Lighthouse/airflow_tooltorial/venv/lib/python3.8/site-packages/airflow/example_dags/example_bash_operator.py
[2024-10-09T18:51:53.495-0300] {processor.py:799} INFO - Processing file /home/marti/Lighthouse/airflow_tooltorial/venv/lib/python3.8/site-packages/airflow/example_dags/example_bash_operator.py for tasks to queue
[2024-10-09T18:51:53.498-0300] {logging_mixin.py:149} INFO - [2024-10-09T18:51:53.497-0300] {dagbag.py:541} INFO - Filling up the DagBag from /home/marti/Lighthouse/airflow_tooltorial/venv/lib/python3.8/site-packages/airflow/example_dags/example_bash_operator.py
[2024-10-09T18:51:53.568-0300] {processor.py:809} INFO - DAG(s) dict_keys(['example_bash_operator']) retrieved from /home/marti/Lighthouse/airflow_tooltorial/venv/lib/python3.8/site-packages/airflow/example_dags/example_bash_operator.py
[2024-10-09T18:51:53.619-0300] {logging_mixin.py:149} INFO - [2024-10-09T18:51:53.619-0300] {dag.py:2726} INFO - Sync 1 DAGs
[2024-10-09T18:51:53.641-0300] {logging_mixin.py:149} INFO - [2024-10-09T18:51:53.641-0300] {dag.py:3486} INFO - Setting next_dagrun for example_bash_operator to 2024-10-08T00:00:00+00:00, run_after=2024-10-09T00:00:00+00:00
[2024-10-09T18:51:53.863-0300] {processor.py:178} INFO - Processing /home/marti/Lighthouse/airflow_tooltorial/venv/lib/python3.8/site-packages/airflow/example_dags/example_bash_operator.py took 0.402 seconds
