[2024-10-09T18:06:50.382-0300] {processor.py:156} INFO - Started process (PID=61305) to work on /home/marti/Lighthouse/airflow_tooltorial/venv/lib/python3.8/site-packages/airflow/example_dags/example_subdag_operator.py
[2024-10-09T18:06:50.383-0300] {processor.py:799} INFO - Processing file /home/marti/Lighthouse/airflow_tooltorial/venv/lib/python3.8/site-packages/airflow/example_dags/example_subdag_operator.py for tasks to queue
[2024-10-09T18:06:50.383-0300] {logging_mixin.py:149} INFO - [2024-10-09T18:06:50.383-0300] {dagbag.py:541} INFO - Filling up the DagBag from /home/marti/Lighthouse/airflow_tooltorial/venv/lib/python3.8/site-packages/airflow/example_dags/example_subdag_operator.py
[2024-10-09T18:06:50.399-0300] {processor.py:809} INFO - DAG(s) dict_keys(['example_subdag_operator.section-1', 'example_subdag_operator.section-2', 'example_subdag_operator']) retrieved from /home/marti/Lighthouse/airflow_tooltorial/venv/lib/python3.8/site-packages/airflow/example_dags/example_subdag_operator.py
[2024-10-09T18:06:50.961-0300] {logging_mixin.py:149} INFO - [2024-10-09T18:06:50.960-0300] {manager.py:504} INFO - Created Permission View: can read on DAG:example_subdag_operator
[2024-10-09T18:06:51.095-0300] {logging_mixin.py:149} INFO - [2024-10-09T18:06:51.094-0300] {manager.py:504} INFO - Created Permission View: can edit on DAG:example_subdag_operator
[2024-10-09T18:06:51.205-0300] {logging_mixin.py:149} INFO - [2024-10-09T18:06:51.205-0300] {manager.py:504} INFO - Created Permission View: can delete on DAG:example_subdag_operator
[2024-10-09T18:06:51.206-0300] {logging_mixin.py:149} INFO - [2024-10-09T18:06:51.206-0300] {dag.py:2726} INFO - Sync 3 DAGs
[2024-10-09T18:06:51.238-0300] {logging_mixin.py:149} INFO - [2024-10-09T18:06:51.238-0300] {dag.py:2747} INFO - Creating ORM DAG for example_subdag_operator
[2024-10-09T18:06:51.239-0300] {logging_mixin.py:149} INFO - [2024-10-09T18:06:51.239-0300] {dag.py:2747} INFO - Creating ORM DAG for example_subdag_operator.section-1
[2024-10-09T18:06:51.240-0300] {logging_mixin.py:149} INFO - [2024-10-09T18:06:51.240-0300] {dag.py:2747} INFO - Creating ORM DAG for example_subdag_operator.section-2
[2024-10-09T18:06:51.252-0300] {logging_mixin.py:149} INFO - [2024-10-09T18:06:51.252-0300] {dag.py:3486} INFO - Setting next_dagrun for example_subdag_operator to 2022-01-01T00:00:00+00:00, run_after=2022-01-01T00:00:00+00:00
[2024-10-09T18:06:51.252-0300] {logging_mixin.py:149} INFO - [2024-10-09T18:06:51.252-0300] {dag.py:3486} INFO - Setting next_dagrun for example_subdag_operator.section-1 to None, run_after=None
[2024-10-09T18:06:51.253-0300] {logging_mixin.py:149} INFO - [2024-10-09T18:06:51.253-0300] {dag.py:3486} INFO - Setting next_dagrun for example_subdag_operator.section-2 to None, run_after=None
[2024-10-09T18:06:51.259-0300] {logging_mixin.py:149} INFO - [2024-10-09T18:06:51.259-0300] {dag.py:2726} INFO - Sync 2 DAGs
[2024-10-09T18:06:51.263-0300] {logging_mixin.py:149} INFO - [2024-10-09T18:06:51.263-0300] {dag.py:3486} INFO - Setting next_dagrun for example_subdag_operator.section-1 to None, run_after=None
[2024-10-09T18:06:51.265-0300] {logging_mixin.py:149} INFO - [2024-10-09T18:06:51.265-0300] {dag.py:3486} INFO - Setting next_dagrun for example_subdag_operator.section-2 to None, run_after=None
[2024-10-09T18:06:51.418-0300] {processor.py:178} INFO - Processing /home/marti/Lighthouse/airflow_tooltorial/venv/lib/python3.8/site-packages/airflow/example_dags/example_subdag_operator.py took 1.039 seconds
[2024-10-09T18:08:22.004-0300] {processor.py:156} INFO - Started process (PID=61744) to work on /home/marti/Lighthouse/airflow_tooltorial/venv/lib/python3.8/site-packages/airflow/example_dags/example_subdag_operator.py
[2024-10-09T18:08:22.019-0300] {processor.py:799} INFO - Processing file /home/marti/Lighthouse/airflow_tooltorial/venv/lib/python3.8/site-packages/airflow/example_dags/example_subdag_operator.py for tasks to queue
[2024-10-09T18:08:22.023-0300] {logging_mixin.py:149} INFO - [2024-10-09T18:08:22.022-0300] {dagbag.py:541} INFO - Filling up the DagBag from /home/marti/Lighthouse/airflow_tooltorial/venv/lib/python3.8/site-packages/airflow/example_dags/example_subdag_operator.py
[2024-10-09T18:08:22.081-0300] {processor.py:809} INFO - DAG(s) dict_keys(['example_subdag_operator.section-1', 'example_subdag_operator.section-2', 'example_subdag_operator']) retrieved from /home/marti/Lighthouse/airflow_tooltorial/venv/lib/python3.8/site-packages/airflow/example_dags/example_subdag_operator.py
[2024-10-09T18:08:22.108-0300] {logging_mixin.py:149} INFO - [2024-10-09T18:08:22.108-0300] {dag.py:2726} INFO - Sync 3 DAGs
[2024-10-09T18:08:22.231-0300] {logging_mixin.py:149} INFO - [2024-10-09T18:08:22.231-0300] {dag.py:3486} INFO - Setting next_dagrun for example_subdag_operator to 2022-01-01T00:00:00+00:00, run_after=2022-01-01T00:00:00+00:00
[2024-10-09T18:08:22.238-0300] {logging_mixin.py:149} INFO - [2024-10-09T18:08:22.237-0300] {dag.py:3486} INFO - Setting next_dagrun for example_subdag_operator.section-1 to None, run_after=None
[2024-10-09T18:08:22.239-0300] {logging_mixin.py:149} INFO - [2024-10-09T18:08:22.238-0300] {dag.py:3486} INFO - Setting next_dagrun for example_subdag_operator.section-2 to None, run_after=None
[2024-10-09T18:08:22.245-0300] {logging_mixin.py:149} INFO - [2024-10-09T18:08:22.245-0300] {dag.py:2726} INFO - Sync 2 DAGs
[2024-10-09T18:08:22.250-0300] {logging_mixin.py:149} INFO - [2024-10-09T18:08:22.250-0300] {dag.py:3486} INFO - Setting next_dagrun for example_subdag_operator.section-1 to None, run_after=None
[2024-10-09T18:08:22.251-0300] {logging_mixin.py:149} INFO - [2024-10-09T18:08:22.250-0300] {dag.py:3486} INFO - Setting next_dagrun for example_subdag_operator.section-2 to None, run_after=None
[2024-10-09T18:08:22.387-0300] {processor.py:178} INFO - Processing /home/marti/Lighthouse/airflow_tooltorial/venv/lib/python3.8/site-packages/airflow/example_dags/example_subdag_operator.py took 0.397 seconds
[2024-10-09T18:09:07.986-0300] {processor.py:156} INFO - Started process (PID=62089) to work on /home/marti/Lighthouse/airflow_tooltorial/venv/lib/python3.8/site-packages/airflow/example_dags/example_subdag_operator.py
[2024-10-09T18:09:08.001-0300] {processor.py:799} INFO - Processing file /home/marti/Lighthouse/airflow_tooltorial/venv/lib/python3.8/site-packages/airflow/example_dags/example_subdag_operator.py for tasks to queue
[2024-10-09T18:09:08.003-0300] {logging_mixin.py:149} INFO - [2024-10-09T18:09:08.003-0300] {dagbag.py:541} INFO - Filling up the DagBag from /home/marti/Lighthouse/airflow_tooltorial/venv/lib/python3.8/site-packages/airflow/example_dags/example_subdag_operator.py
[2024-10-09T18:09:08.041-0300] {processor.py:809} INFO - DAG(s) dict_keys(['example_subdag_operator.section-1', 'example_subdag_operator.section-2', 'example_subdag_operator']) retrieved from /home/marti/Lighthouse/airflow_tooltorial/venv/lib/python3.8/site-packages/airflow/example_dags/example_subdag_operator.py
[2024-10-09T18:09:08.186-0300] {logging_mixin.py:149} INFO - [2024-10-09T18:09:08.185-0300] {dag.py:2726} INFO - Sync 3 DAGs
[2024-10-09T18:09:08.207-0300] {logging_mixin.py:149} INFO - [2024-10-09T18:09:08.207-0300] {dag.py:3486} INFO - Setting next_dagrun for example_subdag_operator to 2022-01-01T00:00:00+00:00, run_after=2022-01-01T00:00:00+00:00
[2024-10-09T18:09:08.210-0300] {logging_mixin.py:149} INFO - [2024-10-09T18:09:08.209-0300] {dag.py:3486} INFO - Setting next_dagrun for example_subdag_operator.section-1 to None, run_after=None
[2024-10-09T18:09:08.210-0300] {logging_mixin.py:149} INFO - [2024-10-09T18:09:08.210-0300] {dag.py:3486} INFO - Setting next_dagrun for example_subdag_operator.section-2 to None, run_after=None
[2024-10-09T18:09:08.220-0300] {logging_mixin.py:149} INFO - [2024-10-09T18:09:08.220-0300] {dag.py:2726} INFO - Sync 2 DAGs
[2024-10-09T18:09:08.224-0300] {logging_mixin.py:149} INFO - [2024-10-09T18:09:08.224-0300] {dag.py:3486} INFO - Setting next_dagrun for example_subdag_operator.section-1 to None, run_after=None
[2024-10-09T18:09:08.224-0300] {logging_mixin.py:149} INFO - [2024-10-09T18:09:08.224-0300] {dag.py:3486} INFO - Setting next_dagrun for example_subdag_operator.section-2 to None, run_after=None
[2024-10-09T18:09:08.358-0300] {processor.py:178} INFO - Processing /home/marti/Lighthouse/airflow_tooltorial/venv/lib/python3.8/site-packages/airflow/example_dags/example_subdag_operator.py took 0.384 seconds
[2024-10-09T18:10:04.031-0300] {processor.py:156} INFO - Started process (PID=62229) to work on /home/marti/Lighthouse/airflow_tooltorial/venv/lib/python3.8/site-packages/airflow/example_dags/example_subdag_operator.py
[2024-10-09T18:10:04.044-0300] {processor.py:799} INFO - Processing file /home/marti/Lighthouse/airflow_tooltorial/venv/lib/python3.8/site-packages/airflow/example_dags/example_subdag_operator.py for tasks to queue
[2024-10-09T18:10:04.045-0300] {logging_mixin.py:149} INFO - [2024-10-09T18:10:04.045-0300] {dagbag.py:541} INFO - Filling up the DagBag from /home/marti/Lighthouse/airflow_tooltorial/venv/lib/python3.8/site-packages/airflow/example_dags/example_subdag_operator.py
[2024-10-09T18:10:04.428-0300] {processor.py:809} INFO - DAG(s) dict_keys(['example_subdag_operator.section-1', 'example_subdag_operator.section-2', 'example_subdag_operator']) retrieved from /home/marti/Lighthouse/airflow_tooltorial/venv/lib/python3.8/site-packages/airflow/example_dags/example_subdag_operator.py
[2024-10-09T18:10:04.453-0300] {logging_mixin.py:149} INFO - [2024-10-09T18:10:04.453-0300] {dag.py:2726} INFO - Sync 3 DAGs
[2024-10-09T18:10:04.469-0300] {logging_mixin.py:149} INFO - [2024-10-09T18:10:04.469-0300] {dag.py:3486} INFO - Setting next_dagrun for example_subdag_operator to 2022-01-01T00:00:00+00:00, run_after=2022-01-01T00:00:00+00:00
[2024-10-09T18:10:04.472-0300] {logging_mixin.py:149} INFO - [2024-10-09T18:10:04.471-0300] {dag.py:3486} INFO - Setting next_dagrun for example_subdag_operator.section-1 to None, run_after=None
[2024-10-09T18:10:04.472-0300] {logging_mixin.py:149} INFO - [2024-10-09T18:10:04.472-0300] {dag.py:3486} INFO - Setting next_dagrun for example_subdag_operator.section-2 to None, run_after=None
[2024-10-09T18:10:04.477-0300] {logging_mixin.py:149} INFO - [2024-10-09T18:10:04.477-0300] {dag.py:2726} INFO - Sync 2 DAGs
[2024-10-09T18:10:04.480-0300] {logging_mixin.py:149} INFO - [2024-10-09T18:10:04.480-0300] {dag.py:3486} INFO - Setting next_dagrun for example_subdag_operator.section-1 to None, run_after=None
[2024-10-09T18:10:04.480-0300] {logging_mixin.py:149} INFO - [2024-10-09T18:10:04.480-0300] {dag.py:3486} INFO - Setting next_dagrun for example_subdag_operator.section-2 to None, run_after=None
[2024-10-09T18:10:04.709-0300] {processor.py:178} INFO - Processing /home/marti/Lighthouse/airflow_tooltorial/venv/lib/python3.8/site-packages/airflow/example_dags/example_subdag_operator.py took 0.682 seconds
[2024-10-09T18:10:57.753-0300] {processor.py:156} INFO - Started process (PID=62465) to work on /home/marti/Lighthouse/airflow_tooltorial/venv/lib/python3.8/site-packages/airflow/example_dags/example_subdag_operator.py
[2024-10-09T18:10:57.754-0300] {processor.py:799} INFO - Processing file /home/marti/Lighthouse/airflow_tooltorial/venv/lib/python3.8/site-packages/airflow/example_dags/example_subdag_operator.py for tasks to queue
[2024-10-09T18:10:57.755-0300] {logging_mixin.py:149} INFO - [2024-10-09T18:10:57.755-0300] {dagbag.py:541} INFO - Filling up the DagBag from /home/marti/Lighthouse/airflow_tooltorial/venv/lib/python3.8/site-packages/airflow/example_dags/example_subdag_operator.py
[2024-10-09T18:10:57.774-0300] {processor.py:809} INFO - DAG(s) dict_keys(['example_subdag_operator.section-1', 'example_subdag_operator.section-2', 'example_subdag_operator']) retrieved from /home/marti/Lighthouse/airflow_tooltorial/venv/lib/python3.8/site-packages/airflow/example_dags/example_subdag_operator.py
[2024-10-09T18:10:57.789-0300] {logging_mixin.py:149} INFO - [2024-10-09T18:10:57.789-0300] {dag.py:2726} INFO - Sync 3 DAGs
[2024-10-09T18:10:57.804-0300] {logging_mixin.py:149} INFO - [2024-10-09T18:10:57.804-0300] {dag.py:3486} INFO - Setting next_dagrun for example_subdag_operator to 2022-01-01T00:00:00+00:00, run_after=2022-01-01T00:00:00+00:00
[2024-10-09T18:10:57.806-0300] {logging_mixin.py:149} INFO - [2024-10-09T18:10:57.806-0300] {dag.py:3486} INFO - Setting next_dagrun for example_subdag_operator.section-1 to None, run_after=None
[2024-10-09T18:10:57.807-0300] {logging_mixin.py:149} INFO - [2024-10-09T18:10:57.807-0300] {dag.py:3486} INFO - Setting next_dagrun for example_subdag_operator.section-2 to None, run_after=None
[2024-10-09T18:10:57.811-0300] {logging_mixin.py:149} INFO - [2024-10-09T18:10:57.811-0300] {dag.py:2726} INFO - Sync 2 DAGs
[2024-10-09T18:10:57.815-0300] {logging_mixin.py:149} INFO - [2024-10-09T18:10:57.815-0300] {dag.py:3486} INFO - Setting next_dagrun for example_subdag_operator.section-1 to None, run_after=None
[2024-10-09T18:10:57.815-0300] {logging_mixin.py:149} INFO - [2024-10-09T18:10:57.815-0300] {dag.py:3486} INFO - Setting next_dagrun for example_subdag_operator.section-2 to None, run_after=None
[2024-10-09T18:10:57.944-0300] {processor.py:178} INFO - Processing /home/marti/Lighthouse/airflow_tooltorial/venv/lib/python3.8/site-packages/airflow/example_dags/example_subdag_operator.py took 0.196 seconds
[2024-10-09T18:11:52.532-0300] {processor.py:156} INFO - Started process (PID=62595) to work on /home/marti/Lighthouse/airflow_tooltorial/venv/lib/python3.8/site-packages/airflow/example_dags/example_subdag_operator.py
[2024-10-09T18:11:52.563-0300] {processor.py:799} INFO - Processing file /home/marti/Lighthouse/airflow_tooltorial/venv/lib/python3.8/site-packages/airflow/example_dags/example_subdag_operator.py for tasks to queue
[2024-10-09T18:11:52.565-0300] {logging_mixin.py:149} INFO - [2024-10-09T18:11:52.565-0300] {dagbag.py:541} INFO - Filling up the DagBag from /home/marti/Lighthouse/airflow_tooltorial/venv/lib/python3.8/site-packages/airflow/example_dags/example_subdag_operator.py
[2024-10-09T18:11:52.606-0300] {processor.py:809} INFO - DAG(s) dict_keys(['example_subdag_operator.section-1', 'example_subdag_operator.section-2', 'example_subdag_operator']) retrieved from /home/marti/Lighthouse/airflow_tooltorial/venv/lib/python3.8/site-packages/airflow/example_dags/example_subdag_operator.py
[2024-10-09T18:11:52.621-0300] {logging_mixin.py:149} INFO - [2024-10-09T18:11:52.621-0300] {dag.py:2726} INFO - Sync 3 DAGs
[2024-10-09T18:11:52.637-0300] {logging_mixin.py:149} INFO - [2024-10-09T18:11:52.637-0300] {dag.py:3486} INFO - Setting next_dagrun for example_subdag_operator to 2022-01-01T00:00:00+00:00, run_after=2022-01-01T00:00:00+00:00
[2024-10-09T18:11:52.639-0300] {logging_mixin.py:149} INFO - [2024-10-09T18:11:52.639-0300] {dag.py:3486} INFO - Setting next_dagrun for example_subdag_operator.section-1 to None, run_after=None
[2024-10-09T18:11:52.640-0300] {logging_mixin.py:149} INFO - [2024-10-09T18:11:52.640-0300] {dag.py:3486} INFO - Setting next_dagrun for example_subdag_operator.section-2 to None, run_after=None
[2024-10-09T18:11:52.644-0300] {logging_mixin.py:149} INFO - [2024-10-09T18:11:52.644-0300] {dag.py:2726} INFO - Sync 2 DAGs
[2024-10-09T18:11:52.647-0300] {logging_mixin.py:149} INFO - [2024-10-09T18:11:52.647-0300] {dag.py:3486} INFO - Setting next_dagrun for example_subdag_operator.section-1 to None, run_after=None
[2024-10-09T18:11:52.647-0300] {logging_mixin.py:149} INFO - [2024-10-09T18:11:52.647-0300] {dag.py:3486} INFO - Setting next_dagrun for example_subdag_operator.section-2 to None, run_after=None
[2024-10-09T18:11:52.773-0300] {processor.py:178} INFO - Processing /home/marti/Lighthouse/airflow_tooltorial/venv/lib/python3.8/site-packages/airflow/example_dags/example_subdag_operator.py took 0.244 seconds
[2024-10-09T18:12:46.839-0300] {processor.py:156} INFO - Started process (PID=62654) to work on /home/marti/Lighthouse/airflow_tooltorial/venv/lib/python3.8/site-packages/airflow/example_dags/example_subdag_operator.py
[2024-10-09T18:12:46.857-0300] {processor.py:799} INFO - Processing file /home/marti/Lighthouse/airflow_tooltorial/venv/lib/python3.8/site-packages/airflow/example_dags/example_subdag_operator.py for tasks to queue
[2024-10-09T18:12:46.859-0300] {logging_mixin.py:149} INFO - [2024-10-09T18:12:46.858-0300] {dagbag.py:541} INFO - Filling up the DagBag from /home/marti/Lighthouse/airflow_tooltorial/venv/lib/python3.8/site-packages/airflow/example_dags/example_subdag_operator.py
[2024-10-09T18:12:46.897-0300] {processor.py:809} INFO - DAG(s) dict_keys(['example_subdag_operator.section-1', 'example_subdag_operator.section-2', 'example_subdag_operator']) retrieved from /home/marti/Lighthouse/airflow_tooltorial/venv/lib/python3.8/site-packages/airflow/example_dags/example_subdag_operator.py
[2024-10-09T18:12:46.913-0300] {logging_mixin.py:149} INFO - [2024-10-09T18:12:46.912-0300] {dag.py:2726} INFO - Sync 3 DAGs
[2024-10-09T18:12:46.927-0300] {logging_mixin.py:149} INFO - [2024-10-09T18:12:46.927-0300] {dag.py:3486} INFO - Setting next_dagrun for example_subdag_operator to 2022-01-01T00:00:00+00:00, run_after=2022-01-01T00:00:00+00:00
[2024-10-09T18:12:46.930-0300] {logging_mixin.py:149} INFO - [2024-10-09T18:12:46.930-0300] {dag.py:3486} INFO - Setting next_dagrun for example_subdag_operator.section-1 to None, run_after=None
[2024-10-09T18:12:46.930-0300] {logging_mixin.py:149} INFO - [2024-10-09T18:12:46.930-0300] {dag.py:3486} INFO - Setting next_dagrun for example_subdag_operator.section-2 to None, run_after=None
[2024-10-09T18:12:46.935-0300] {logging_mixin.py:149} INFO - [2024-10-09T18:12:46.935-0300] {dag.py:2726} INFO - Sync 2 DAGs
[2024-10-09T18:12:46.939-0300] {logging_mixin.py:149} INFO - [2024-10-09T18:12:46.939-0300] {dag.py:3486} INFO - Setting next_dagrun for example_subdag_operator.section-1 to None, run_after=None
[2024-10-09T18:12:46.940-0300] {logging_mixin.py:149} INFO - [2024-10-09T18:12:46.940-0300] {dag.py:3486} INFO - Setting next_dagrun for example_subdag_operator.section-2 to None, run_after=None
[2024-10-09T18:12:47.062-0300] {processor.py:178} INFO - Processing /home/marti/Lighthouse/airflow_tooltorial/venv/lib/python3.8/site-packages/airflow/example_dags/example_subdag_operator.py took 0.232 seconds
[2024-10-09T18:13:39.717-0300] {processor.py:156} INFO - Started process (PID=62777) to work on /home/marti/Lighthouse/airflow_tooltorial/venv/lib/python3.8/site-packages/airflow/example_dags/example_subdag_operator.py
[2024-10-09T18:13:39.775-0300] {processor.py:799} INFO - Processing file /home/marti/Lighthouse/airflow_tooltorial/venv/lib/python3.8/site-packages/airflow/example_dags/example_subdag_operator.py for tasks to queue
[2024-10-09T18:13:39.778-0300] {logging_mixin.py:149} INFO - [2024-10-09T18:13:39.777-0300] {dagbag.py:541} INFO - Filling up the DagBag from /home/marti/Lighthouse/airflow_tooltorial/venv/lib/python3.8/site-packages/airflow/example_dags/example_subdag_operator.py
[2024-10-09T18:13:39.823-0300] {processor.py:809} INFO - DAG(s) dict_keys(['example_subdag_operator.section-1', 'example_subdag_operator.section-2', 'example_subdag_operator']) retrieved from /home/marti/Lighthouse/airflow_tooltorial/venv/lib/python3.8/site-packages/airflow/example_dags/example_subdag_operator.py
[2024-10-09T18:13:39.839-0300] {logging_mixin.py:149} INFO - [2024-10-09T18:13:39.839-0300] {dag.py:2726} INFO - Sync 3 DAGs
[2024-10-09T18:13:39.854-0300] {logging_mixin.py:149} INFO - [2024-10-09T18:13:39.854-0300] {dag.py:3486} INFO - Setting next_dagrun for example_subdag_operator to 2022-01-01T00:00:00+00:00, run_after=2022-01-01T00:00:00+00:00
[2024-10-09T18:13:39.857-0300] {logging_mixin.py:149} INFO - [2024-10-09T18:13:39.856-0300] {dag.py:3486} INFO - Setting next_dagrun for example_subdag_operator.section-1 to None, run_after=None
[2024-10-09T18:13:39.857-0300] {logging_mixin.py:149} INFO - [2024-10-09T18:13:39.857-0300] {dag.py:3486} INFO - Setting next_dagrun for example_subdag_operator.section-2 to None, run_after=None
[2024-10-09T18:13:39.862-0300] {logging_mixin.py:149} INFO - [2024-10-09T18:13:39.862-0300] {dag.py:2726} INFO - Sync 2 DAGs
[2024-10-09T18:13:39.865-0300] {logging_mixin.py:149} INFO - [2024-10-09T18:13:39.865-0300] {dag.py:3486} INFO - Setting next_dagrun for example_subdag_operator.section-1 to None, run_after=None
[2024-10-09T18:13:39.865-0300] {logging_mixin.py:149} INFO - [2024-10-09T18:13:39.865-0300] {dag.py:3486} INFO - Setting next_dagrun for example_subdag_operator.section-2 to None, run_after=None
[2024-10-09T18:13:39.964-0300] {processor.py:178} INFO - Processing /home/marti/Lighthouse/airflow_tooltorial/venv/lib/python3.8/site-packages/airflow/example_dags/example_subdag_operator.py took 0.256 seconds
[2024-10-09T18:14:32.622-0300] {processor.py:156} INFO - Started process (PID=62917) to work on /home/marti/Lighthouse/airflow_tooltorial/venv/lib/python3.8/site-packages/airflow/example_dags/example_subdag_operator.py
[2024-10-09T18:14:32.638-0300] {processor.py:799} INFO - Processing file /home/marti/Lighthouse/airflow_tooltorial/venv/lib/python3.8/site-packages/airflow/example_dags/example_subdag_operator.py for tasks to queue
[2024-10-09T18:14:32.640-0300] {logging_mixin.py:149} INFO - [2024-10-09T18:14:32.639-0300] {dagbag.py:541} INFO - Filling up the DagBag from /home/marti/Lighthouse/airflow_tooltorial/venv/lib/python3.8/site-packages/airflow/example_dags/example_subdag_operator.py
[2024-10-09T18:14:32.678-0300] {processor.py:809} INFO - DAG(s) dict_keys(['example_subdag_operator.section-1', 'example_subdag_operator.section-2', 'example_subdag_operator']) retrieved from /home/marti/Lighthouse/airflow_tooltorial/venv/lib/python3.8/site-packages/airflow/example_dags/example_subdag_operator.py
[2024-10-09T18:14:32.695-0300] {logging_mixin.py:149} INFO - [2024-10-09T18:14:32.695-0300] {dag.py:2726} INFO - Sync 3 DAGs
[2024-10-09T18:14:32.718-0300] {logging_mixin.py:149} INFO - [2024-10-09T18:14:32.717-0300] {dag.py:3486} INFO - Setting next_dagrun for example_subdag_operator to 2022-01-01T00:00:00+00:00, run_after=2022-01-01T00:00:00+00:00
[2024-10-09T18:14:32.725-0300] {logging_mixin.py:149} INFO - [2024-10-09T18:14:32.725-0300] {dag.py:3486} INFO - Setting next_dagrun for example_subdag_operator.section-1 to None, run_after=None
[2024-10-09T18:14:32.726-0300] {logging_mixin.py:149} INFO - [2024-10-09T18:14:32.725-0300] {dag.py:3486} INFO - Setting next_dagrun for example_subdag_operator.section-2 to None, run_after=None
[2024-10-09T18:14:32.730-0300] {logging_mixin.py:149} INFO - [2024-10-09T18:14:32.730-0300] {dag.py:2726} INFO - Sync 2 DAGs
[2024-10-09T18:14:32.736-0300] {logging_mixin.py:149} INFO - [2024-10-09T18:14:32.736-0300] {dag.py:3486} INFO - Setting next_dagrun for example_subdag_operator.section-1 to None, run_after=None
[2024-10-09T18:14:32.736-0300] {logging_mixin.py:149} INFO - [2024-10-09T18:14:32.736-0300] {dag.py:3486} INFO - Setting next_dagrun for example_subdag_operator.section-2 to None, run_after=None
[2024-10-09T18:14:32.865-0300] {processor.py:178} INFO - Processing /home/marti/Lighthouse/airflow_tooltorial/venv/lib/python3.8/site-packages/airflow/example_dags/example_subdag_operator.py took 0.251 seconds
[2024-10-09T18:15:31.324-0300] {processor.py:156} INFO - Started process (PID=63082) to work on /home/marti/Lighthouse/airflow_tooltorial/venv/lib/python3.8/site-packages/airflow/example_dags/example_subdag_operator.py
[2024-10-09T18:15:31.334-0300] {processor.py:799} INFO - Processing file /home/marti/Lighthouse/airflow_tooltorial/venv/lib/python3.8/site-packages/airflow/example_dags/example_subdag_operator.py for tasks to queue
[2024-10-09T18:15:31.335-0300] {logging_mixin.py:149} INFO - [2024-10-09T18:15:31.335-0300] {dagbag.py:541} INFO - Filling up the DagBag from /home/marti/Lighthouse/airflow_tooltorial/venv/lib/python3.8/site-packages/airflow/example_dags/example_subdag_operator.py
[2024-10-09T18:15:31.354-0300] {processor.py:809} INFO - DAG(s) dict_keys(['example_subdag_operator.section-1', 'example_subdag_operator.section-2', 'example_subdag_operator']) retrieved from /home/marti/Lighthouse/airflow_tooltorial/venv/lib/python3.8/site-packages/airflow/example_dags/example_subdag_operator.py
[2024-10-09T18:15:31.368-0300] {logging_mixin.py:149} INFO - [2024-10-09T18:15:31.368-0300] {dag.py:2726} INFO - Sync 3 DAGs
[2024-10-09T18:15:31.383-0300] {logging_mixin.py:149} INFO - [2024-10-09T18:15:31.383-0300] {dag.py:3486} INFO - Setting next_dagrun for example_subdag_operator to 2022-01-01T00:00:00+00:00, run_after=2022-01-01T00:00:00+00:00
[2024-10-09T18:15:31.385-0300] {logging_mixin.py:149} INFO - [2024-10-09T18:15:31.385-0300] {dag.py:3486} INFO - Setting next_dagrun for example_subdag_operator.section-1 to None, run_after=None
[2024-10-09T18:15:31.386-0300] {logging_mixin.py:149} INFO - [2024-10-09T18:15:31.386-0300] {dag.py:3486} INFO - Setting next_dagrun for example_subdag_operator.section-2 to None, run_after=None
[2024-10-09T18:15:31.390-0300] {logging_mixin.py:149} INFO - [2024-10-09T18:15:31.390-0300] {dag.py:2726} INFO - Sync 2 DAGs
[2024-10-09T18:15:31.394-0300] {logging_mixin.py:149} INFO - [2024-10-09T18:15:31.394-0300] {dag.py:3486} INFO - Setting next_dagrun for example_subdag_operator.section-1 to None, run_after=None
[2024-10-09T18:15:31.394-0300] {logging_mixin.py:149} INFO - [2024-10-09T18:15:31.394-0300] {dag.py:3486} INFO - Setting next_dagrun for example_subdag_operator.section-2 to None, run_after=None
[2024-10-09T18:15:31.528-0300] {processor.py:178} INFO - Processing /home/marti/Lighthouse/airflow_tooltorial/venv/lib/python3.8/site-packages/airflow/example_dags/example_subdag_operator.py took 0.207 seconds
[2024-10-09T18:16:19.752-0300] {processor.py:156} INFO - Started process (PID=63298) to work on /home/marti/Lighthouse/airflow_tooltorial/venv/lib/python3.8/site-packages/airflow/example_dags/example_subdag_operator.py
[2024-10-09T18:16:19.795-0300] {processor.py:799} INFO - Processing file /home/marti/Lighthouse/airflow_tooltorial/venv/lib/python3.8/site-packages/airflow/example_dags/example_subdag_operator.py for tasks to queue
[2024-10-09T18:16:19.797-0300] {logging_mixin.py:149} INFO - [2024-10-09T18:16:19.796-0300] {dagbag.py:541} INFO - Filling up the DagBag from /home/marti/Lighthouse/airflow_tooltorial/venv/lib/python3.8/site-packages/airflow/example_dags/example_subdag_operator.py
[2024-10-09T18:16:19.841-0300] {processor.py:809} INFO - DAG(s) dict_keys(['example_subdag_operator.section-1', 'example_subdag_operator.section-2', 'example_subdag_operator']) retrieved from /home/marti/Lighthouse/airflow_tooltorial/venv/lib/python3.8/site-packages/airflow/example_dags/example_subdag_operator.py
[2024-10-09T18:16:19.857-0300] {logging_mixin.py:149} INFO - [2024-10-09T18:16:19.857-0300] {dag.py:2726} INFO - Sync 3 DAGs
[2024-10-09T18:16:19.872-0300] {logging_mixin.py:149} INFO - [2024-10-09T18:16:19.872-0300] {dag.py:3486} INFO - Setting next_dagrun for example_subdag_operator to 2022-01-01T00:00:00+00:00, run_after=2022-01-01T00:00:00+00:00
[2024-10-09T18:16:19.874-0300] {logging_mixin.py:149} INFO - [2024-10-09T18:16:19.874-0300] {dag.py:3486} INFO - Setting next_dagrun for example_subdag_operator.section-1 to None, run_after=None
[2024-10-09T18:16:19.875-0300] {logging_mixin.py:149} INFO - [2024-10-09T18:16:19.875-0300] {dag.py:3486} INFO - Setting next_dagrun for example_subdag_operator.section-2 to None, run_after=None
[2024-10-09T18:16:19.880-0300] {logging_mixin.py:149} INFO - [2024-10-09T18:16:19.879-0300] {dag.py:2726} INFO - Sync 2 DAGs
[2024-10-09T18:16:19.883-0300] {logging_mixin.py:149} INFO - [2024-10-09T18:16:19.883-0300] {dag.py:3486} INFO - Setting next_dagrun for example_subdag_operator.section-1 to None, run_after=None
[2024-10-09T18:16:19.883-0300] {logging_mixin.py:149} INFO - [2024-10-09T18:16:19.883-0300] {dag.py:3486} INFO - Setting next_dagrun for example_subdag_operator.section-2 to None, run_after=None
[2024-10-09T18:16:20.010-0300] {processor.py:178} INFO - Processing /home/marti/Lighthouse/airflow_tooltorial/venv/lib/python3.8/site-packages/airflow/example_dags/example_subdag_operator.py took 0.264 seconds
[2024-10-09T18:17:16.544-0300] {processor.py:156} INFO - Started process (PID=63918) to work on /home/marti/Lighthouse/airflow_tooltorial/venv/lib/python3.8/site-packages/airflow/example_dags/example_subdag_operator.py
[2024-10-09T18:17:16.571-0300] {processor.py:799} INFO - Processing file /home/marti/Lighthouse/airflow_tooltorial/venv/lib/python3.8/site-packages/airflow/example_dags/example_subdag_operator.py for tasks to queue
[2024-10-09T18:17:16.572-0300] {logging_mixin.py:149} INFO - [2024-10-09T18:17:16.572-0300] {dagbag.py:541} INFO - Filling up the DagBag from /home/marti/Lighthouse/airflow_tooltorial/venv/lib/python3.8/site-packages/airflow/example_dags/example_subdag_operator.py
[2024-10-09T18:17:16.596-0300] {processor.py:809} INFO - DAG(s) dict_keys(['example_subdag_operator.section-1', 'example_subdag_operator.section-2', 'example_subdag_operator']) retrieved from /home/marti/Lighthouse/airflow_tooltorial/venv/lib/python3.8/site-packages/airflow/example_dags/example_subdag_operator.py
[2024-10-09T18:17:16.621-0300] {logging_mixin.py:149} INFO - [2024-10-09T18:17:16.620-0300] {dag.py:2726} INFO - Sync 3 DAGs
[2024-10-09T18:17:16.644-0300] {logging_mixin.py:149} INFO - [2024-10-09T18:17:16.644-0300] {dag.py:3486} INFO - Setting next_dagrun for example_subdag_operator to 2022-01-01T00:00:00+00:00, run_after=2022-01-01T00:00:00+00:00
[2024-10-09T18:17:16.648-0300] {logging_mixin.py:149} INFO - [2024-10-09T18:17:16.647-0300] {dag.py:3486} INFO - Setting next_dagrun for example_subdag_operator.section-1 to None, run_after=None
[2024-10-09T18:17:16.649-0300] {logging_mixin.py:149} INFO - [2024-10-09T18:17:16.649-0300] {dag.py:3486} INFO - Setting next_dagrun for example_subdag_operator.section-2 to None, run_after=None
[2024-10-09T18:17:16.657-0300] {logging_mixin.py:149} INFO - [2024-10-09T18:17:16.657-0300] {dag.py:2726} INFO - Sync 2 DAGs
[2024-10-09T18:17:16.662-0300] {logging_mixin.py:149} INFO - [2024-10-09T18:17:16.662-0300] {dag.py:3486} INFO - Setting next_dagrun for example_subdag_operator.section-1 to None, run_after=None
[2024-10-09T18:17:16.663-0300] {logging_mixin.py:149} INFO - [2024-10-09T18:17:16.663-0300] {dag.py:3486} INFO - Setting next_dagrun for example_subdag_operator.section-2 to None, run_after=None
[2024-10-09T18:17:16.925-0300] {processor.py:178} INFO - Processing /home/marti/Lighthouse/airflow_tooltorial/venv/lib/python3.8/site-packages/airflow/example_dags/example_subdag_operator.py took 0.383 seconds
[2024-10-09T18:18:13.942-0300] {processor.py:156} INFO - Started process (PID=64078) to work on /home/marti/Lighthouse/airflow_tooltorial/venv/lib/python3.8/site-packages/airflow/example_dags/example_subdag_operator.py
[2024-10-09T18:18:14.010-0300] {processor.py:799} INFO - Processing file /home/marti/Lighthouse/airflow_tooltorial/venv/lib/python3.8/site-packages/airflow/example_dags/example_subdag_operator.py for tasks to queue
[2024-10-09T18:18:14.013-0300] {logging_mixin.py:149} INFO - [2024-10-09T18:18:14.012-0300] {dagbag.py:541} INFO - Filling up the DagBag from /home/marti/Lighthouse/airflow_tooltorial/venv/lib/python3.8/site-packages/airflow/example_dags/example_subdag_operator.py
[2024-10-09T18:18:14.085-0300] {processor.py:809} INFO - DAG(s) dict_keys(['example_subdag_operator.section-1', 'example_subdag_operator.section-2', 'example_subdag_operator']) retrieved from /home/marti/Lighthouse/airflow_tooltorial/venv/lib/python3.8/site-packages/airflow/example_dags/example_subdag_operator.py
[2024-10-09T18:18:14.110-0300] {logging_mixin.py:149} INFO - [2024-10-09T18:18:14.110-0300] {dag.py:2726} INFO - Sync 3 DAGs
[2024-10-09T18:18:14.132-0300] {logging_mixin.py:149} INFO - [2024-10-09T18:18:14.132-0300] {dag.py:3486} INFO - Setting next_dagrun for example_subdag_operator to 2022-01-01T00:00:00+00:00, run_after=2022-01-01T00:00:00+00:00
[2024-10-09T18:18:14.138-0300] {logging_mixin.py:149} INFO - [2024-10-09T18:18:14.137-0300] {dag.py:3486} INFO - Setting next_dagrun for example_subdag_operator.section-1 to None, run_after=None
[2024-10-09T18:18:14.140-0300] {logging_mixin.py:149} INFO - [2024-10-09T18:18:14.140-0300] {dag.py:3486} INFO - Setting next_dagrun for example_subdag_operator.section-2 to None, run_after=None
[2024-10-09T18:18:14.145-0300] {logging_mixin.py:149} INFO - [2024-10-09T18:18:14.145-0300] {dag.py:2726} INFO - Sync 2 DAGs
[2024-10-09T18:18:14.150-0300] {logging_mixin.py:149} INFO - [2024-10-09T18:18:14.150-0300] {dag.py:3486} INFO - Setting next_dagrun for example_subdag_operator.section-1 to None, run_after=None
[2024-10-09T18:18:14.150-0300] {logging_mixin.py:149} INFO - [2024-10-09T18:18:14.150-0300] {dag.py:3486} INFO - Setting next_dagrun for example_subdag_operator.section-2 to None, run_after=None
[2024-10-09T18:18:14.260-0300] {processor.py:178} INFO - Processing /home/marti/Lighthouse/airflow_tooltorial/venv/lib/python3.8/site-packages/airflow/example_dags/example_subdag_operator.py took 0.332 seconds
[2024-10-09T18:48:08.215-0300] {processor.py:156} INFO - Started process (PID=69631) to work on /home/marti/Lighthouse/airflow_tooltorial/venv/lib/python3.8/site-packages/airflow/example_dags/example_subdag_operator.py
[2024-10-09T18:48:08.239-0300] {processor.py:799} INFO - Processing file /home/marti/Lighthouse/airflow_tooltorial/venv/lib/python3.8/site-packages/airflow/example_dags/example_subdag_operator.py for tasks to queue
[2024-10-09T18:48:08.242-0300] {logging_mixin.py:149} INFO - [2024-10-09T18:48:08.241-0300] {dagbag.py:541} INFO - Filling up the DagBag from /home/marti/Lighthouse/airflow_tooltorial/venv/lib/python3.8/site-packages/airflow/example_dags/example_subdag_operator.py
[2024-10-09T18:48:08.306-0300] {processor.py:809} INFO - DAG(s) dict_keys(['example_subdag_operator.section-1', 'example_subdag_operator.section-2', 'example_subdag_operator']) retrieved from /home/marti/Lighthouse/airflow_tooltorial/venv/lib/python3.8/site-packages/airflow/example_dags/example_subdag_operator.py
[2024-10-09T18:48:08.313-0300] {logging_mixin.py:149} INFO - [2024-10-09T18:48:08.313-0300] {dag.py:2726} INFO - Sync 3 DAGs
[2024-10-09T18:48:08.347-0300] {logging_mixin.py:149} INFO - [2024-10-09T18:48:08.347-0300] {dag.py:3486} INFO - Setting next_dagrun for example_subdag_operator to 2022-01-01T00:00:00+00:00, run_after=2022-01-01T00:00:00+00:00
[2024-10-09T18:48:08.351-0300] {logging_mixin.py:149} INFO - [2024-10-09T18:48:08.351-0300] {dag.py:3486} INFO - Setting next_dagrun for example_subdag_operator.section-1 to None, run_after=None
[2024-10-09T18:48:08.353-0300] {logging_mixin.py:149} INFO - [2024-10-09T18:48:08.353-0300] {dag.py:3486} INFO - Setting next_dagrun for example_subdag_operator.section-2 to None, run_after=None
[2024-10-09T18:48:08.362-0300] {logging_mixin.py:149} INFO - [2024-10-09T18:48:08.362-0300] {dag.py:2726} INFO - Sync 2 DAGs
[2024-10-09T18:48:08.366-0300] {logging_mixin.py:149} INFO - [2024-10-09T18:48:08.365-0300] {dag.py:3486} INFO - Setting next_dagrun for example_subdag_operator.section-1 to None, run_after=None
[2024-10-09T18:48:08.366-0300] {logging_mixin.py:149} INFO - [2024-10-09T18:48:08.366-0300] {dag.py:3486} INFO - Setting next_dagrun for example_subdag_operator.section-2 to None, run_after=None
[2024-10-09T18:48:08.487-0300] {processor.py:178} INFO - Processing /home/marti/Lighthouse/airflow_tooltorial/venv/lib/python3.8/site-packages/airflow/example_dags/example_subdag_operator.py took 0.275 seconds
[2024-10-09T18:51:35.172-0300] {processor.py:156} INFO - Started process (PID=70993) to work on /home/marti/Lighthouse/airflow_tooltorial/venv/lib/python3.8/site-packages/airflow/example_dags/example_subdag_operator.py
[2024-10-09T18:51:35.236-0300] {processor.py:799} INFO - Processing file /home/marti/Lighthouse/airflow_tooltorial/venv/lib/python3.8/site-packages/airflow/example_dags/example_subdag_operator.py for tasks to queue
[2024-10-09T18:51:35.239-0300] {logging_mixin.py:149} INFO - [2024-10-09T18:51:35.238-0300] {dagbag.py:541} INFO - Filling up the DagBag from /home/marti/Lighthouse/airflow_tooltorial/venv/lib/python3.8/site-packages/airflow/example_dags/example_subdag_operator.py
[2024-10-09T18:51:35.316-0300] {processor.py:809} INFO - DAG(s) dict_keys(['example_subdag_operator.section-1', 'example_subdag_operator.section-2', 'example_subdag_operator']) retrieved from /home/marti/Lighthouse/airflow_tooltorial/venv/lib/python3.8/site-packages/airflow/example_dags/example_subdag_operator.py
[2024-10-09T18:51:35.323-0300] {logging_mixin.py:149} INFO - [2024-10-09T18:51:35.322-0300] {dag.py:2726} INFO - Sync 3 DAGs
[2024-10-09T18:51:35.354-0300] {logging_mixin.py:149} INFO - [2024-10-09T18:51:35.354-0300] {dag.py:3486} INFO - Setting next_dagrun for example_subdag_operator to 2022-01-01T00:00:00+00:00, run_after=2022-01-01T00:00:00+00:00
[2024-10-09T18:51:35.359-0300] {logging_mixin.py:149} INFO - [2024-10-09T18:51:35.359-0300] {dag.py:3486} INFO - Setting next_dagrun for example_subdag_operator.section-1 to None, run_after=None
[2024-10-09T18:51:35.361-0300] {logging_mixin.py:149} INFO - [2024-10-09T18:51:35.361-0300] {dag.py:3486} INFO - Setting next_dagrun for example_subdag_operator.section-2 to None, run_after=None
[2024-10-09T18:51:35.366-0300] {logging_mixin.py:149} INFO - [2024-10-09T18:51:35.366-0300] {dag.py:2726} INFO - Sync 2 DAGs
[2024-10-09T18:51:35.370-0300] {logging_mixin.py:149} INFO - [2024-10-09T18:51:35.370-0300] {dag.py:3486} INFO - Setting next_dagrun for example_subdag_operator.section-1 to None, run_after=None
[2024-10-09T18:51:35.371-0300] {logging_mixin.py:149} INFO - [2024-10-09T18:51:35.371-0300] {dag.py:3486} INFO - Setting next_dagrun for example_subdag_operator.section-2 to None, run_after=None
[2024-10-09T18:51:35.652-0300] {processor.py:178} INFO - Processing /home/marti/Lighthouse/airflow_tooltorial/venv/lib/python3.8/site-packages/airflow/example_dags/example_subdag_operator.py took 0.484 seconds
