[2024-10-09T18:07:49.726-0300] {processor.py:156} INFO - Started process (PID=61505) to work on /home/marti/Lighthouse/airflow_tooltorial/venv/lib/python3.8/site-packages/airflow/example_dags/example_dynamic_task_mapping.py
[2024-10-09T18:07:49.727-0300] {processor.py:799} INFO - Processing file /home/marti/Lighthouse/airflow_tooltorial/venv/lib/python3.8/site-packages/airflow/example_dags/example_dynamic_task_mapping.py for tasks to queue
[2024-10-09T18:07:49.727-0300] {logging_mixin.py:149} INFO - [2024-10-09T18:07:49.727-0300] {dagbag.py:541} INFO - Filling up the DagBag from /home/marti/Lighthouse/airflow_tooltorial/venv/lib/python3.8/site-packages/airflow/example_dags/example_dynamic_task_mapping.py
[2024-10-09T18:07:49.735-0300] {processor.py:809} INFO - DAG(s) dict_keys(['example_dynamic_task_mapping']) retrieved from /home/marti/Lighthouse/airflow_tooltorial/venv/lib/python3.8/site-packages/airflow/example_dags/example_dynamic_task_mapping.py
[2024-10-09T18:07:50.145-0300] {logging_mixin.py:149} INFO - [2024-10-09T18:07:50.144-0300] {manager.py:504} INFO - Created Permission View: can read on DAG:example_dynamic_task_mapping
[2024-10-09T18:07:50.245-0300] {logging_mixin.py:149} INFO - [2024-10-09T18:07:50.244-0300] {manager.py:504} INFO - Created Permission View: can edit on DAG:example_dynamic_task_mapping
[2024-10-09T18:07:50.345-0300] {logging_mixin.py:149} INFO - [2024-10-09T18:07:50.344-0300] {manager.py:504} INFO - Created Permission View: can delete on DAG:example_dynamic_task_mapping
[2024-10-09T18:07:50.346-0300] {logging_mixin.py:149} INFO - [2024-10-09T18:07:50.345-0300] {dag.py:2726} INFO - Sync 1 DAGs
[2024-10-09T18:07:50.377-0300] {logging_mixin.py:149} INFO - [2024-10-09T18:07:50.376-0300] {dag.py:2747} INFO - Creating ORM DAG for example_dynamic_task_mapping
[2024-10-09T18:07:50.390-0300] {logging_mixin.py:149} INFO - [2024-10-09T18:07:50.390-0300] {dag.py:3486} INFO - Setting next_dagrun for example_dynamic_task_mapping to 2022-03-04T00:00:00+00:00, run_after=2022-03-05T00:00:00+00:00
[2024-10-09T18:07:50.656-0300] {processor.py:178} INFO - Processing /home/marti/Lighthouse/airflow_tooltorial/venv/lib/python3.8/site-packages/airflow/example_dags/example_dynamic_task_mapping.py took 0.935 seconds
[2024-10-09T18:09:19.077-0300] {processor.py:156} INFO - Started process (PID=62098) to work on /home/marti/Lighthouse/airflow_tooltorial/venv/lib/python3.8/site-packages/airflow/example_dags/example_dynamic_task_mapping.py
[2024-10-09T18:09:19.111-0300] {processor.py:799} INFO - Processing file /home/marti/Lighthouse/airflow_tooltorial/venv/lib/python3.8/site-packages/airflow/example_dags/example_dynamic_task_mapping.py for tasks to queue
[2024-10-09T18:09:19.114-0300] {logging_mixin.py:149} INFO - [2024-10-09T18:09:19.114-0300] {dagbag.py:541} INFO - Filling up the DagBag from /home/marti/Lighthouse/airflow_tooltorial/venv/lib/python3.8/site-packages/airflow/example_dags/example_dynamic_task_mapping.py
[2024-10-09T18:09:19.227-0300] {processor.py:809} INFO - DAG(s) dict_keys(['example_dynamic_task_mapping']) retrieved from /home/marti/Lighthouse/airflow_tooltorial/venv/lib/python3.8/site-packages/airflow/example_dags/example_dynamic_task_mapping.py
[2024-10-09T18:09:19.240-0300] {logging_mixin.py:149} INFO - [2024-10-09T18:09:19.240-0300] {dag.py:2726} INFO - Sync 1 DAGs
[2024-10-09T18:09:19.256-0300] {logging_mixin.py:149} INFO - [2024-10-09T18:09:19.255-0300] {dag.py:3486} INFO - Setting next_dagrun for example_dynamic_task_mapping to 2022-03-04T00:00:00+00:00, run_after=2022-03-05T00:00:00+00:00
[2024-10-09T18:09:19.425-0300] {processor.py:178} INFO - Processing /home/marti/Lighthouse/airflow_tooltorial/venv/lib/python3.8/site-packages/airflow/example_dags/example_dynamic_task_mapping.py took 0.355 seconds
[2024-10-09T18:10:14.596-0300] {processor.py:156} INFO - Started process (PID=62250) to work on /home/marti/Lighthouse/airflow_tooltorial/venv/lib/python3.8/site-packages/airflow/example_dags/example_dynamic_task_mapping.py
[2024-10-09T18:10:14.599-0300] {processor.py:799} INFO - Processing file /home/marti/Lighthouse/airflow_tooltorial/venv/lib/python3.8/site-packages/airflow/example_dags/example_dynamic_task_mapping.py for tasks to queue
[2024-10-09T18:10:14.601-0300] {logging_mixin.py:149} INFO - [2024-10-09T18:10:14.601-0300] {dagbag.py:541} INFO - Filling up the DagBag from /home/marti/Lighthouse/airflow_tooltorial/venv/lib/python3.8/site-packages/airflow/example_dags/example_dynamic_task_mapping.py
[2024-10-09T18:10:14.613-0300] {processor.py:809} INFO - DAG(s) dict_keys(['example_dynamic_task_mapping']) retrieved from /home/marti/Lighthouse/airflow_tooltorial/venv/lib/python3.8/site-packages/airflow/example_dags/example_dynamic_task_mapping.py
[2024-10-09T18:10:14.631-0300] {logging_mixin.py:149} INFO - [2024-10-09T18:10:14.631-0300] {dag.py:2726} INFO - Sync 1 DAGs
[2024-10-09T18:10:14.646-0300] {logging_mixin.py:149} INFO - [2024-10-09T18:10:14.646-0300] {dag.py:3486} INFO - Setting next_dagrun for example_dynamic_task_mapping to 2022-03-04T00:00:00+00:00, run_after=2022-03-05T00:00:00+00:00
[2024-10-09T18:10:14.770-0300] {processor.py:178} INFO - Processing /home/marti/Lighthouse/airflow_tooltorial/venv/lib/python3.8/site-packages/airflow/example_dags/example_dynamic_task_mapping.py took 0.183 seconds
[2024-10-09T18:11:11.024-0300] {processor.py:156} INFO - Started process (PID=62484) to work on /home/marti/Lighthouse/airflow_tooltorial/venv/lib/python3.8/site-packages/airflow/example_dags/example_dynamic_task_mapping.py
[2024-10-09T18:11:11.058-0300] {processor.py:799} INFO - Processing file /home/marti/Lighthouse/airflow_tooltorial/venv/lib/python3.8/site-packages/airflow/example_dags/example_dynamic_task_mapping.py for tasks to queue
[2024-10-09T18:11:11.059-0300] {logging_mixin.py:149} INFO - [2024-10-09T18:11:11.059-0300] {dagbag.py:541} INFO - Filling up the DagBag from /home/marti/Lighthouse/airflow_tooltorial/venv/lib/python3.8/site-packages/airflow/example_dags/example_dynamic_task_mapping.py
[2024-10-09T18:11:11.070-0300] {processor.py:809} INFO - DAG(s) dict_keys(['example_dynamic_task_mapping']) retrieved from /home/marti/Lighthouse/airflow_tooltorial/venv/lib/python3.8/site-packages/airflow/example_dags/example_dynamic_task_mapping.py
[2024-10-09T18:11:11.091-0300] {logging_mixin.py:149} INFO - [2024-10-09T18:11:11.091-0300] {dag.py:2726} INFO - Sync 1 DAGs
[2024-10-09T18:11:11.107-0300] {logging_mixin.py:149} INFO - [2024-10-09T18:11:11.107-0300] {dag.py:3486} INFO - Setting next_dagrun for example_dynamic_task_mapping to 2022-03-04T00:00:00+00:00, run_after=2022-03-05T00:00:00+00:00
[2024-10-09T18:11:11.227-0300] {processor.py:178} INFO - Processing /home/marti/Lighthouse/airflow_tooltorial/venv/lib/python3.8/site-packages/airflow/example_dags/example_dynamic_task_mapping.py took 0.210 seconds
[2024-10-09T18:12:08.446-0300] {processor.py:156} INFO - Started process (PID=62620) to work on /home/marti/Lighthouse/airflow_tooltorial/venv/lib/python3.8/site-packages/airflow/example_dags/example_dynamic_task_mapping.py
[2024-10-09T18:12:08.448-0300] {processor.py:799} INFO - Processing file /home/marti/Lighthouse/airflow_tooltorial/venv/lib/python3.8/site-packages/airflow/example_dags/example_dynamic_task_mapping.py for tasks to queue
[2024-10-09T18:12:08.448-0300] {logging_mixin.py:149} INFO - [2024-10-09T18:12:08.448-0300] {dagbag.py:541} INFO - Filling up the DagBag from /home/marti/Lighthouse/airflow_tooltorial/venv/lib/python3.8/site-packages/airflow/example_dags/example_dynamic_task_mapping.py
[2024-10-09T18:12:08.455-0300] {processor.py:809} INFO - DAG(s) dict_keys(['example_dynamic_task_mapping']) retrieved from /home/marti/Lighthouse/airflow_tooltorial/venv/lib/python3.8/site-packages/airflow/example_dags/example_dynamic_task_mapping.py
[2024-10-09T18:12:08.472-0300] {logging_mixin.py:149} INFO - [2024-10-09T18:12:08.471-0300] {dag.py:2726} INFO - Sync 1 DAGs
[2024-10-09T18:12:08.490-0300] {logging_mixin.py:149} INFO - [2024-10-09T18:12:08.490-0300] {dag.py:3486} INFO - Setting next_dagrun for example_dynamic_task_mapping to 2022-03-04T00:00:00+00:00, run_after=2022-03-05T00:00:00+00:00
[2024-10-09T18:12:08.634-0300] {processor.py:178} INFO - Processing /home/marti/Lighthouse/airflow_tooltorial/venv/lib/python3.8/site-packages/airflow/example_dags/example_dynamic_task_mapping.py took 0.189 seconds
[2024-10-09T18:13:25.819-0300] {processor.py:156} INFO - Started process (PID=62762) to work on /home/marti/Lighthouse/airflow_tooltorial/venv/lib/python3.8/site-packages/airflow/example_dags/example_dynamic_task_mapping.py
[2024-10-09T18:13:25.868-0300] {processor.py:799} INFO - Processing file /home/marti/Lighthouse/airflow_tooltorial/venv/lib/python3.8/site-packages/airflow/example_dags/example_dynamic_task_mapping.py for tasks to queue
[2024-10-09T18:13:25.869-0300] {logging_mixin.py:149} INFO - [2024-10-09T18:13:25.869-0300] {dagbag.py:541} INFO - Filling up the DagBag from /home/marti/Lighthouse/airflow_tooltorial/venv/lib/python3.8/site-packages/airflow/example_dags/example_dynamic_task_mapping.py
[2024-10-09T18:13:25.878-0300] {processor.py:809} INFO - DAG(s) dict_keys(['example_dynamic_task_mapping']) retrieved from /home/marti/Lighthouse/airflow_tooltorial/venv/lib/python3.8/site-packages/airflow/example_dags/example_dynamic_task_mapping.py
[2024-10-09T18:13:25.904-0300] {logging_mixin.py:149} INFO - [2024-10-09T18:13:25.904-0300] {dag.py:2726} INFO - Sync 1 DAGs
[2024-10-09T18:13:25.922-0300] {logging_mixin.py:149} INFO - [2024-10-09T18:13:25.922-0300] {dag.py:3486} INFO - Setting next_dagrun for example_dynamic_task_mapping to 2022-03-04T00:00:00+00:00, run_after=2022-03-05T00:00:00+00:00
[2024-10-09T18:13:26.055-0300] {processor.py:178} INFO - Processing /home/marti/Lighthouse/airflow_tooltorial/venv/lib/python3.8/site-packages/airflow/example_dags/example_dynamic_task_mapping.py took 0.238 seconds
[2024-10-09T18:14:19.970-0300] {processor.py:156} INFO - Started process (PID=62879) to work on /home/marti/Lighthouse/airflow_tooltorial/venv/lib/python3.8/site-packages/airflow/example_dags/example_dynamic_task_mapping.py
[2024-10-09T18:14:19.999-0300] {processor.py:799} INFO - Processing file /home/marti/Lighthouse/airflow_tooltorial/venv/lib/python3.8/site-packages/airflow/example_dags/example_dynamic_task_mapping.py for tasks to queue
[2024-10-09T18:14:20.001-0300] {logging_mixin.py:149} INFO - [2024-10-09T18:14:20.001-0300] {dagbag.py:541} INFO - Filling up the DagBag from /home/marti/Lighthouse/airflow_tooltorial/venv/lib/python3.8/site-packages/airflow/example_dags/example_dynamic_task_mapping.py
[2024-10-09T18:14:20.022-0300] {processor.py:809} INFO - DAG(s) dict_keys(['example_dynamic_task_mapping']) retrieved from /home/marti/Lighthouse/airflow_tooltorial/venv/lib/python3.8/site-packages/airflow/example_dags/example_dynamic_task_mapping.py
[2024-10-09T18:14:20.046-0300] {logging_mixin.py:149} INFO - [2024-10-09T18:14:20.046-0300] {dag.py:2726} INFO - Sync 1 DAGs
[2024-10-09T18:14:20.062-0300] {logging_mixin.py:149} INFO - [2024-10-09T18:14:20.061-0300] {dag.py:3486} INFO - Setting next_dagrun for example_dynamic_task_mapping to 2022-03-04T00:00:00+00:00, run_after=2022-03-05T00:00:00+00:00
[2024-10-09T18:14:20.202-0300] {processor.py:178} INFO - Processing /home/marti/Lighthouse/airflow_tooltorial/venv/lib/python3.8/site-packages/airflow/example_dags/example_dynamic_task_mapping.py took 0.236 seconds
[2024-10-09T18:15:17.750-0300] {processor.py:156} INFO - Started process (PID=63070) to work on /home/marti/Lighthouse/airflow_tooltorial/venv/lib/python3.8/site-packages/airflow/example_dags/example_dynamic_task_mapping.py
[2024-10-09T18:15:17.806-0300] {processor.py:799} INFO - Processing file /home/marti/Lighthouse/airflow_tooltorial/venv/lib/python3.8/site-packages/airflow/example_dags/example_dynamic_task_mapping.py for tasks to queue
[2024-10-09T18:15:17.809-0300] {logging_mixin.py:149} INFO - [2024-10-09T18:15:17.808-0300] {dagbag.py:541} INFO - Filling up the DagBag from /home/marti/Lighthouse/airflow_tooltorial/venv/lib/python3.8/site-packages/airflow/example_dags/example_dynamic_task_mapping.py
[2024-10-09T18:15:17.832-0300] {processor.py:809} INFO - DAG(s) dict_keys(['example_dynamic_task_mapping']) retrieved from /home/marti/Lighthouse/airflow_tooltorial/venv/lib/python3.8/site-packages/airflow/example_dags/example_dynamic_task_mapping.py
[2024-10-09T18:15:17.857-0300] {logging_mixin.py:149} INFO - [2024-10-09T18:15:17.857-0300] {dag.py:2726} INFO - Sync 1 DAGs
[2024-10-09T18:15:17.873-0300] {logging_mixin.py:149} INFO - [2024-10-09T18:15:17.873-0300] {dag.py:3486} INFO - Setting next_dagrun for example_dynamic_task_mapping to 2022-03-04T00:00:00+00:00, run_after=2022-03-05T00:00:00+00:00
[2024-10-09T18:15:17.985-0300] {processor.py:178} INFO - Processing /home/marti/Lighthouse/airflow_tooltorial/venv/lib/python3.8/site-packages/airflow/example_dags/example_dynamic_task_mapping.py took 0.244 seconds
[2024-10-09T18:16:30.708-0300] {processor.py:156} INFO - Started process (PID=63314) to work on /home/marti/Lighthouse/airflow_tooltorial/venv/lib/python3.8/site-packages/airflow/example_dags/example_dynamic_task_mapping.py
[2024-10-09T18:16:30.765-0300] {processor.py:799} INFO - Processing file /home/marti/Lighthouse/airflow_tooltorial/venv/lib/python3.8/site-packages/airflow/example_dags/example_dynamic_task_mapping.py for tasks to queue
[2024-10-09T18:16:30.767-0300] {logging_mixin.py:149} INFO - [2024-10-09T18:16:30.767-0300] {dagbag.py:541} INFO - Filling up the DagBag from /home/marti/Lighthouse/airflow_tooltorial/venv/lib/python3.8/site-packages/airflow/example_dags/example_dynamic_task_mapping.py
[2024-10-09T18:16:30.789-0300] {processor.py:809} INFO - DAG(s) dict_keys(['example_dynamic_task_mapping']) retrieved from /home/marti/Lighthouse/airflow_tooltorial/venv/lib/python3.8/site-packages/airflow/example_dags/example_dynamic_task_mapping.py
[2024-10-09T18:16:30.815-0300] {logging_mixin.py:149} INFO - [2024-10-09T18:16:30.815-0300] {dag.py:2726} INFO - Sync 1 DAGs
[2024-10-09T18:16:30.831-0300] {logging_mixin.py:149} INFO - [2024-10-09T18:16:30.831-0300] {dag.py:3486} INFO - Setting next_dagrun for example_dynamic_task_mapping to 2022-03-04T00:00:00+00:00, run_after=2022-03-05T00:00:00+00:00
[2024-10-09T18:16:30.961-0300] {processor.py:178} INFO - Processing /home/marti/Lighthouse/airflow_tooltorial/venv/lib/python3.8/site-packages/airflow/example_dags/example_dynamic_task_mapping.py took 0.262 seconds
[2024-10-09T18:17:34.934-0300] {processor.py:156} INFO - Started process (PID=63937) to work on /home/marti/Lighthouse/airflow_tooltorial/venv/lib/python3.8/site-packages/airflow/example_dags/example_dynamic_task_mapping.py
[2024-10-09T18:17:34.996-0300] {processor.py:799} INFO - Processing file /home/marti/Lighthouse/airflow_tooltorial/venv/lib/python3.8/site-packages/airflow/example_dags/example_dynamic_task_mapping.py for tasks to queue
[2024-10-09T18:17:34.996-0300] {logging_mixin.py:149} INFO - [2024-10-09T18:17:34.996-0300] {dagbag.py:541} INFO - Filling up the DagBag from /home/marti/Lighthouse/airflow_tooltorial/venv/lib/python3.8/site-packages/airflow/example_dags/example_dynamic_task_mapping.py
[2024-10-09T18:17:35.004-0300] {processor.py:809} INFO - DAG(s) dict_keys(['example_dynamic_task_mapping']) retrieved from /home/marti/Lighthouse/airflow_tooltorial/venv/lib/python3.8/site-packages/airflow/example_dags/example_dynamic_task_mapping.py
[2024-10-09T18:17:35.024-0300] {logging_mixin.py:149} INFO - [2024-10-09T18:17:35.024-0300] {dag.py:2726} INFO - Sync 1 DAGs
[2024-10-09T18:17:35.044-0300] {logging_mixin.py:149} INFO - [2024-10-09T18:17:35.044-0300] {dag.py:3486} INFO - Setting next_dagrun for example_dynamic_task_mapping to 2022-03-04T00:00:00+00:00, run_after=2022-03-05T00:00:00+00:00
[2024-10-09T18:17:36.099-0300] {processor.py:178} INFO - Processing /home/marti/Lighthouse/airflow_tooltorial/venv/lib/python3.8/site-packages/airflow/example_dags/example_dynamic_task_mapping.py took 1.172 seconds
[2024-10-09T18:18:30.828-0300] {processor.py:156} INFO - Started process (PID=64091) to work on /home/marti/Lighthouse/airflow_tooltorial/venv/lib/python3.8/site-packages/airflow/example_dags/example_dynamic_task_mapping.py
[2024-10-09T18:18:30.853-0300] {processor.py:799} INFO - Processing file /home/marti/Lighthouse/airflow_tooltorial/venv/lib/python3.8/site-packages/airflow/example_dags/example_dynamic_task_mapping.py for tasks to queue
[2024-10-09T18:18:30.855-0300] {logging_mixin.py:149} INFO - [2024-10-09T18:18:30.855-0300] {dagbag.py:541} INFO - Filling up the DagBag from /home/marti/Lighthouse/airflow_tooltorial/venv/lib/python3.8/site-packages/airflow/example_dags/example_dynamic_task_mapping.py
[2024-10-09T18:18:30.874-0300] {processor.py:809} INFO - DAG(s) dict_keys(['example_dynamic_task_mapping']) retrieved from /home/marti/Lighthouse/airflow_tooltorial/venv/lib/python3.8/site-packages/airflow/example_dags/example_dynamic_task_mapping.py
[2024-10-09T18:18:30.896-0300] {logging_mixin.py:149} INFO - [2024-10-09T18:18:30.895-0300] {dag.py:2726} INFO - Sync 1 DAGs
[2024-10-09T18:18:30.911-0300] {logging_mixin.py:149} INFO - [2024-10-09T18:18:30.911-0300] {dag.py:3486} INFO - Setting next_dagrun for example_dynamic_task_mapping to 2022-03-04T00:00:00+00:00, run_after=2022-03-05T00:00:00+00:00
[2024-10-09T18:18:31.031-0300] {processor.py:178} INFO - Processing /home/marti/Lighthouse/airflow_tooltorial/venv/lib/python3.8/site-packages/airflow/example_dags/example_dynamic_task_mapping.py took 0.206 seconds
