[2024-10-09T18:06:43.677-0300] {processor.py:156} INFO - Started process (PID=61233) to work on /home/marti/Lighthouse/airflow_tooltorial/venv/lib/python3.8/site-packages/airflow/example_dags/example_xcomargs.py
[2024-10-09T18:06:43.678-0300] {processor.py:799} INFO - Processing file /home/marti/Lighthouse/airflow_tooltorial/venv/lib/python3.8/site-packages/airflow/example_dags/example_xcomargs.py for tasks to queue
[2024-10-09T18:06:43.679-0300] {logging_mixin.py:149} INFO - [2024-10-09T18:06:43.679-0300] {dagbag.py:541} INFO - Filling up the DagBag from /home/marti/Lighthouse/airflow_tooltorial/venv/lib/python3.8/site-packages/airflow/example_dags/example_xcomargs.py
[2024-10-09T18:06:43.687-0300] {processor.py:809} INFO - DAG(s) dict_keys(['example_xcom_args_with_operators', 'example_xcom_args']) retrieved from /home/marti/Lighthouse/airflow_tooltorial/venv/lib/python3.8/site-packages/airflow/example_dags/example_xcomargs.py
[2024-10-09T18:06:44.247-0300] {logging_mixin.py:149} INFO - [2024-10-09T18:06:44.246-0300] {manager.py:504} INFO - Created Permission View: can read on DAG:example_xcom_args_with_operators
[2024-10-09T18:06:44.370-0300] {logging_mixin.py:149} INFO - [2024-10-09T18:06:44.369-0300] {manager.py:504} INFO - Created Permission View: can edit on DAG:example_xcom_args_with_operators
[2024-10-09T18:06:44.493-0300] {logging_mixin.py:149} INFO - [2024-10-09T18:06:44.492-0300] {manager.py:504} INFO - Created Permission View: can delete on DAG:example_xcom_args_with_operators
[2024-10-09T18:06:44.781-0300] {logging_mixin.py:149} INFO - [2024-10-09T18:06:44.781-0300] {manager.py:504} INFO - Created Permission View: can read on DAG:example_xcom_args
[2024-10-09T18:06:44.893-0300] {logging_mixin.py:149} INFO - [2024-10-09T18:06:44.892-0300] {manager.py:504} INFO - Created Permission View: can edit on DAG:example_xcom_args
[2024-10-09T18:06:45.148-0300] {logging_mixin.py:149} INFO - [2024-10-09T18:06:45.147-0300] {manager.py:504} INFO - Created Permission View: can delete on DAG:example_xcom_args
[2024-10-09T18:06:45.149-0300] {logging_mixin.py:149} INFO - [2024-10-09T18:06:45.149-0300] {dag.py:2726} INFO - Sync 2 DAGs
[2024-10-09T18:06:45.182-0300] {logging_mixin.py:149} INFO - [2024-10-09T18:06:45.181-0300] {dag.py:2747} INFO - Creating ORM DAG for example_xcom_args_with_operators
[2024-10-09T18:06:45.183-0300] {logging_mixin.py:149} INFO - [2024-10-09T18:06:45.182-0300] {dag.py:2747} INFO - Creating ORM DAG for example_xcom_args
[2024-10-09T18:06:45.194-0300] {logging_mixin.py:149} INFO - [2024-10-09T18:06:45.194-0300] {dag.py:3486} INFO - Setting next_dagrun for example_xcom_args to None, run_after=None
[2024-10-09T18:06:45.195-0300] {logging_mixin.py:149} INFO - [2024-10-09T18:06:45.195-0300] {dag.py:3486} INFO - Setting next_dagrun for example_xcom_args_with_operators to None, run_after=None
[2024-10-09T18:06:45.410-0300] {processor.py:178} INFO - Processing /home/marti/Lighthouse/airflow_tooltorial/venv/lib/python3.8/site-packages/airflow/example_dags/example_xcomargs.py took 1.735 seconds
[2024-10-09T18:08:17.562-0300] {processor.py:156} INFO - Started process (PID=61737) to work on /home/marti/Lighthouse/airflow_tooltorial/venv/lib/python3.8/site-packages/airflow/example_dags/example_xcomargs.py
[2024-10-09T18:08:17.579-0300] {processor.py:799} INFO - Processing file /home/marti/Lighthouse/airflow_tooltorial/venv/lib/python3.8/site-packages/airflow/example_dags/example_xcomargs.py for tasks to queue
[2024-10-09T18:08:17.580-0300] {logging_mixin.py:149} INFO - [2024-10-09T18:08:17.580-0300] {dagbag.py:541} INFO - Filling up the DagBag from /home/marti/Lighthouse/airflow_tooltorial/venv/lib/python3.8/site-packages/airflow/example_dags/example_xcomargs.py
[2024-10-09T18:08:17.592-0300] {processor.py:809} INFO - DAG(s) dict_keys(['example_xcom_args_with_operators', 'example_xcom_args']) retrieved from /home/marti/Lighthouse/airflow_tooltorial/venv/lib/python3.8/site-packages/airflow/example_dags/example_xcomargs.py
[2024-10-09T18:08:17.616-0300] {logging_mixin.py:149} INFO - [2024-10-09T18:08:17.616-0300] {dag.py:2726} INFO - Sync 2 DAGs
[2024-10-09T18:08:17.707-0300] {logging_mixin.py:149} INFO - [2024-10-09T18:08:17.707-0300] {dag.py:3486} INFO - Setting next_dagrun for example_xcom_args to None, run_after=None
[2024-10-09T18:08:17.710-0300] {logging_mixin.py:149} INFO - [2024-10-09T18:08:17.709-0300] {dag.py:3486} INFO - Setting next_dagrun for example_xcom_args_with_operators to None, run_after=None
[2024-10-09T18:08:17.869-0300] {processor.py:178} INFO - Processing /home/marti/Lighthouse/airflow_tooltorial/venv/lib/python3.8/site-packages/airflow/example_dags/example_xcomargs.py took 0.312 seconds
[2024-10-09T18:09:03.951-0300] {processor.py:156} INFO - Started process (PID=62086) to work on /home/marti/Lighthouse/airflow_tooltorial/venv/lib/python3.8/site-packages/airflow/example_dags/example_xcomargs.py
[2024-10-09T18:09:04.004-0300] {processor.py:799} INFO - Processing file /home/marti/Lighthouse/airflow_tooltorial/venv/lib/python3.8/site-packages/airflow/example_dags/example_xcomargs.py for tasks to queue
[2024-10-09T18:09:04.006-0300] {logging_mixin.py:149} INFO - [2024-10-09T18:09:04.005-0300] {dagbag.py:541} INFO - Filling up the DagBag from /home/marti/Lighthouse/airflow_tooltorial/venv/lib/python3.8/site-packages/airflow/example_dags/example_xcomargs.py
[2024-10-09T18:09:04.028-0300] {processor.py:809} INFO - DAG(s) dict_keys(['example_xcom_args', 'example_xcom_args_with_operators']) retrieved from /home/marti/Lighthouse/airflow_tooltorial/venv/lib/python3.8/site-packages/airflow/example_dags/example_xcomargs.py
[2024-10-09T18:09:04.054-0300] {logging_mixin.py:149} INFO - [2024-10-09T18:09:04.053-0300] {dag.py:2726} INFO - Sync 2 DAGs
[2024-10-09T18:09:04.146-0300] {logging_mixin.py:149} INFO - [2024-10-09T18:09:04.146-0300] {dag.py:3486} INFO - Setting next_dagrun for example_xcom_args to None, run_after=None
[2024-10-09T18:09:04.148-0300] {logging_mixin.py:149} INFO - [2024-10-09T18:09:04.148-0300] {dag.py:3486} INFO - Setting next_dagrun for example_xcom_args_with_operators to None, run_after=None
[2024-10-09T18:09:04.274-0300] {processor.py:178} INFO - Processing /home/marti/Lighthouse/airflow_tooltorial/venv/lib/python3.8/site-packages/airflow/example_dags/example_xcomargs.py took 0.327 seconds
[2024-10-09T18:09:59.918-0300] {processor.py:156} INFO - Started process (PID=62226) to work on /home/marti/Lighthouse/airflow_tooltorial/venv/lib/python3.8/site-packages/airflow/example_dags/example_xcomargs.py
[2024-10-09T18:09:59.978-0300] {processor.py:799} INFO - Processing file /home/marti/Lighthouse/airflow_tooltorial/venv/lib/python3.8/site-packages/airflow/example_dags/example_xcomargs.py for tasks to queue
[2024-10-09T18:09:59.982-0300] {logging_mixin.py:149} INFO - [2024-10-09T18:09:59.981-0300] {dagbag.py:541} INFO - Filling up the DagBag from /home/marti/Lighthouse/airflow_tooltorial/venv/lib/python3.8/site-packages/airflow/example_dags/example_xcomargs.py
[2024-10-09T18:10:00.010-0300] {processor.py:809} INFO - DAG(s) dict_keys(['example_xcom_args', 'example_xcom_args_with_operators']) retrieved from /home/marti/Lighthouse/airflow_tooltorial/venv/lib/python3.8/site-packages/airflow/example_dags/example_xcomargs.py
[2024-10-09T18:10:00.037-0300] {logging_mixin.py:149} INFO - [2024-10-09T18:10:00.037-0300] {dag.py:2726} INFO - Sync 2 DAGs
[2024-10-09T18:10:00.054-0300] {logging_mixin.py:149} INFO - [2024-10-09T18:10:00.053-0300] {dag.py:3486} INFO - Setting next_dagrun for example_xcom_args to None, run_after=None
[2024-10-09T18:10:00.056-0300] {logging_mixin.py:149} INFO - [2024-10-09T18:10:00.056-0300] {dag.py:3486} INFO - Setting next_dagrun for example_xcom_args_with_operators to None, run_after=None
[2024-10-09T18:10:00.164-0300] {processor.py:178} INFO - Processing /home/marti/Lighthouse/airflow_tooltorial/venv/lib/python3.8/site-packages/airflow/example_dags/example_xcomargs.py took 0.248 seconds
[2024-10-09T18:10:54.790-0300] {processor.py:156} INFO - Started process (PID=62458) to work on /home/marti/Lighthouse/airflow_tooltorial/venv/lib/python3.8/site-packages/airflow/example_dags/example_xcomargs.py
[2024-10-09T18:10:54.844-0300] {processor.py:799} INFO - Processing file /home/marti/Lighthouse/airflow_tooltorial/venv/lib/python3.8/site-packages/airflow/example_dags/example_xcomargs.py for tasks to queue
[2024-10-09T18:10:54.846-0300] {logging_mixin.py:149} INFO - [2024-10-09T18:10:54.846-0300] {dagbag.py:541} INFO - Filling up the DagBag from /home/marti/Lighthouse/airflow_tooltorial/venv/lib/python3.8/site-packages/airflow/example_dags/example_xcomargs.py
[2024-10-09T18:10:54.871-0300] {processor.py:809} INFO - DAG(s) dict_keys(['example_xcom_args', 'example_xcom_args_with_operators']) retrieved from /home/marti/Lighthouse/airflow_tooltorial/venv/lib/python3.8/site-packages/airflow/example_dags/example_xcomargs.py
[2024-10-09T18:10:54.901-0300] {logging_mixin.py:149} INFO - [2024-10-09T18:10:54.901-0300] {dag.py:2726} INFO - Sync 2 DAGs
[2024-10-09T18:10:54.916-0300] {logging_mixin.py:149} INFO - [2024-10-09T18:10:54.916-0300] {dag.py:3486} INFO - Setting next_dagrun for example_xcom_args to None, run_after=None
[2024-10-09T18:10:54.919-0300] {logging_mixin.py:149} INFO - [2024-10-09T18:10:54.919-0300] {dag.py:3486} INFO - Setting next_dagrun for example_xcom_args_with_operators to None, run_after=None
[2024-10-09T18:10:55.032-0300] {processor.py:178} INFO - Processing /home/marti/Lighthouse/airflow_tooltorial/venv/lib/python3.8/site-packages/airflow/example_dags/example_xcomargs.py took 0.246 seconds
[2024-10-09T18:11:48.920-0300] {processor.py:156} INFO - Started process (PID=62592) to work on /home/marti/Lighthouse/airflow_tooltorial/venv/lib/python3.8/site-packages/airflow/example_dags/example_xcomargs.py
[2024-10-09T18:11:48.968-0300] {processor.py:799} INFO - Processing file /home/marti/Lighthouse/airflow_tooltorial/venv/lib/python3.8/site-packages/airflow/example_dags/example_xcomargs.py for tasks to queue
[2024-10-09T18:11:48.970-0300] {logging_mixin.py:149} INFO - [2024-10-09T18:11:48.969-0300] {dagbag.py:541} INFO - Filling up the DagBag from /home/marti/Lighthouse/airflow_tooltorial/venv/lib/python3.8/site-packages/airflow/example_dags/example_xcomargs.py
[2024-10-09T18:11:49.000-0300] {processor.py:809} INFO - DAG(s) dict_keys(['example_xcom_args', 'example_xcom_args_with_operators']) retrieved from /home/marti/Lighthouse/airflow_tooltorial/venv/lib/python3.8/site-packages/airflow/example_dags/example_xcomargs.py
[2024-10-09T18:11:49.067-0300] {logging_mixin.py:149} INFO - [2024-10-09T18:11:49.067-0300] {dag.py:2726} INFO - Sync 2 DAGs
[2024-10-09T18:11:49.092-0300] {logging_mixin.py:149} INFO - [2024-10-09T18:11:49.092-0300] {dag.py:3486} INFO - Setting next_dagrun for example_xcom_args to None, run_after=None
[2024-10-09T18:11:49.094-0300] {logging_mixin.py:149} INFO - [2024-10-09T18:11:49.094-0300] {dag.py:3486} INFO - Setting next_dagrun for example_xcom_args_with_operators to None, run_after=None
[2024-10-09T18:11:49.209-0300] {processor.py:178} INFO - Processing /home/marti/Lighthouse/airflow_tooltorial/venv/lib/python3.8/site-packages/airflow/example_dags/example_xcomargs.py took 0.297 seconds
[2024-10-09T18:12:43.332-0300] {processor.py:156} INFO - Started process (PID=62651) to work on /home/marti/Lighthouse/airflow_tooltorial/venv/lib/python3.8/site-packages/airflow/example_dags/example_xcomargs.py
[2024-10-09T18:12:43.385-0300] {processor.py:799} INFO - Processing file /home/marti/Lighthouse/airflow_tooltorial/venv/lib/python3.8/site-packages/airflow/example_dags/example_xcomargs.py for tasks to queue
[2024-10-09T18:12:43.387-0300] {logging_mixin.py:149} INFO - [2024-10-09T18:12:43.387-0300] {dagbag.py:541} INFO - Filling up the DagBag from /home/marti/Lighthouse/airflow_tooltorial/venv/lib/python3.8/site-packages/airflow/example_dags/example_xcomargs.py
[2024-10-09T18:12:43.414-0300] {processor.py:809} INFO - DAG(s) dict_keys(['example_xcom_args_with_operators', 'example_xcom_args']) retrieved from /home/marti/Lighthouse/airflow_tooltorial/venv/lib/python3.8/site-packages/airflow/example_dags/example_xcomargs.py
[2024-10-09T18:12:43.441-0300] {logging_mixin.py:149} INFO - [2024-10-09T18:12:43.441-0300] {dag.py:2726} INFO - Sync 2 DAGs
[2024-10-09T18:12:43.456-0300] {logging_mixin.py:149} INFO - [2024-10-09T18:12:43.456-0300] {dag.py:3486} INFO - Setting next_dagrun for example_xcom_args to None, run_after=None
[2024-10-09T18:12:43.458-0300] {logging_mixin.py:149} INFO - [2024-10-09T18:12:43.458-0300] {dag.py:3486} INFO - Setting next_dagrun for example_xcom_args_with_operators to None, run_after=None
[2024-10-09T18:12:43.576-0300] {processor.py:178} INFO - Processing /home/marti/Lighthouse/airflow_tooltorial/venv/lib/python3.8/site-packages/airflow/example_dags/example_xcomargs.py took 0.251 seconds
[2024-10-09T18:13:35.473-0300] {processor.py:156} INFO - Started process (PID=62773) to work on /home/marti/Lighthouse/airflow_tooltorial/venv/lib/python3.8/site-packages/airflow/example_dags/example_xcomargs.py
[2024-10-09T18:13:35.559-0300] {processor.py:799} INFO - Processing file /home/marti/Lighthouse/airflow_tooltorial/venv/lib/python3.8/site-packages/airflow/example_dags/example_xcomargs.py for tasks to queue
[2024-10-09T18:13:35.562-0300] {logging_mixin.py:149} INFO - [2024-10-09T18:13:35.562-0300] {dagbag.py:541} INFO - Filling up the DagBag from /home/marti/Lighthouse/airflow_tooltorial/venv/lib/python3.8/site-packages/airflow/example_dags/example_xcomargs.py
[2024-10-09T18:13:35.588-0300] {processor.py:809} INFO - DAG(s) dict_keys(['example_xcom_args', 'example_xcom_args_with_operators']) retrieved from /home/marti/Lighthouse/airflow_tooltorial/venv/lib/python3.8/site-packages/airflow/example_dags/example_xcomargs.py
[2024-10-09T18:13:35.613-0300] {logging_mixin.py:149} INFO - [2024-10-09T18:13:35.613-0300] {dag.py:2726} INFO - Sync 2 DAGs
[2024-10-09T18:13:35.628-0300] {logging_mixin.py:149} INFO - [2024-10-09T18:13:35.628-0300] {dag.py:3486} INFO - Setting next_dagrun for example_xcom_args to None, run_after=None
[2024-10-09T18:13:35.631-0300] {logging_mixin.py:149} INFO - [2024-10-09T18:13:35.630-0300] {dag.py:3486} INFO - Setting next_dagrun for example_xcom_args_with_operators to None, run_after=None
[2024-10-09T18:13:35.760-0300] {processor.py:178} INFO - Processing /home/marti/Lighthouse/airflow_tooltorial/venv/lib/python3.8/site-packages/airflow/example_dags/example_xcomargs.py took 0.292 seconds
[2024-10-09T18:14:29.165-0300] {processor.py:156} INFO - Started process (PID=62886) to work on /home/marti/Lighthouse/airflow_tooltorial/venv/lib/python3.8/site-packages/airflow/example_dags/example_xcomargs.py
[2024-10-09T18:14:29.181-0300] {processor.py:799} INFO - Processing file /home/marti/Lighthouse/airflow_tooltorial/venv/lib/python3.8/site-packages/airflow/example_dags/example_xcomargs.py for tasks to queue
[2024-10-09T18:14:29.184-0300] {logging_mixin.py:149} INFO - [2024-10-09T18:14:29.183-0300] {dagbag.py:541} INFO - Filling up the DagBag from /home/marti/Lighthouse/airflow_tooltorial/venv/lib/python3.8/site-packages/airflow/example_dags/example_xcomargs.py
[2024-10-09T18:14:29.218-0300] {processor.py:809} INFO - DAG(s) dict_keys(['example_xcom_args', 'example_xcom_args_with_operators']) retrieved from /home/marti/Lighthouse/airflow_tooltorial/venv/lib/python3.8/site-packages/airflow/example_dags/example_xcomargs.py
[2024-10-09T18:14:29.264-0300] {logging_mixin.py:149} INFO - [2024-10-09T18:14:29.264-0300] {dag.py:2726} INFO - Sync 2 DAGs
[2024-10-09T18:14:29.282-0300] {logging_mixin.py:149} INFO - [2024-10-09T18:14:29.282-0300] {dag.py:3486} INFO - Setting next_dagrun for example_xcom_args to None, run_after=None
[2024-10-09T18:14:29.286-0300] {logging_mixin.py:149} INFO - [2024-10-09T18:14:29.285-0300] {dag.py:3486} INFO - Setting next_dagrun for example_xcom_args_with_operators to None, run_after=None
[2024-10-09T18:14:29.396-0300] {processor.py:178} INFO - Processing /home/marti/Lighthouse/airflow_tooltorial/venv/lib/python3.8/site-packages/airflow/example_dags/example_xcomargs.py took 0.245 seconds
[2024-10-09T18:15:27.329-0300] {processor.py:156} INFO - Started process (PID=63079) to work on /home/marti/Lighthouse/airflow_tooltorial/venv/lib/python3.8/site-packages/airflow/example_dags/example_xcomargs.py
[2024-10-09T18:15:27.355-0300] {processor.py:799} INFO - Processing file /home/marti/Lighthouse/airflow_tooltorial/venv/lib/python3.8/site-packages/airflow/example_dags/example_xcomargs.py for tasks to queue
[2024-10-09T18:15:27.358-0300] {logging_mixin.py:149} INFO - [2024-10-09T18:15:27.357-0300] {dagbag.py:541} INFO - Filling up the DagBag from /home/marti/Lighthouse/airflow_tooltorial/venv/lib/python3.8/site-packages/airflow/example_dags/example_xcomargs.py
[2024-10-09T18:15:27.383-0300] {processor.py:809} INFO - DAG(s) dict_keys(['example_xcom_args', 'example_xcom_args_with_operators']) retrieved from /home/marti/Lighthouse/airflow_tooltorial/venv/lib/python3.8/site-packages/airflow/example_dags/example_xcomargs.py
[2024-10-09T18:15:27.409-0300] {logging_mixin.py:149} INFO - [2024-10-09T18:15:27.408-0300] {dag.py:2726} INFO - Sync 2 DAGs
[2024-10-09T18:15:27.424-0300] {logging_mixin.py:149} INFO - [2024-10-09T18:15:27.424-0300] {dag.py:3486} INFO - Setting next_dagrun for example_xcom_args to None, run_after=None
[2024-10-09T18:15:27.427-0300] {logging_mixin.py:149} INFO - [2024-10-09T18:15:27.426-0300] {dag.py:3486} INFO - Setting next_dagrun for example_xcom_args_with_operators to None, run_after=None
[2024-10-09T18:15:27.546-0300] {processor.py:178} INFO - Processing /home/marti/Lighthouse/airflow_tooltorial/venv/lib/python3.8/site-packages/airflow/example_dags/example_xcomargs.py took 0.220 seconds
[2024-10-09T18:16:16.171-0300] {processor.py:156} INFO - Started process (PID=63291) to work on /home/marti/Lighthouse/airflow_tooltorial/venv/lib/python3.8/site-packages/airflow/example_dags/example_xcomargs.py
[2024-10-09T18:16:16.236-0300] {processor.py:799} INFO - Processing file /home/marti/Lighthouse/airflow_tooltorial/venv/lib/python3.8/site-packages/airflow/example_dags/example_xcomargs.py for tasks to queue
[2024-10-09T18:16:16.238-0300] {logging_mixin.py:149} INFO - [2024-10-09T18:16:16.238-0300] {dagbag.py:541} INFO - Filling up the DagBag from /home/marti/Lighthouse/airflow_tooltorial/venv/lib/python3.8/site-packages/airflow/example_dags/example_xcomargs.py
[2024-10-09T18:16:16.265-0300] {processor.py:809} INFO - DAG(s) dict_keys(['example_xcom_args', 'example_xcom_args_with_operators']) retrieved from /home/marti/Lighthouse/airflow_tooltorial/venv/lib/python3.8/site-packages/airflow/example_dags/example_xcomargs.py
[2024-10-09T18:16:16.292-0300] {logging_mixin.py:149} INFO - [2024-10-09T18:16:16.292-0300] {dag.py:2726} INFO - Sync 2 DAGs
[2024-10-09T18:16:16.308-0300] {logging_mixin.py:149} INFO - [2024-10-09T18:16:16.308-0300] {dag.py:3486} INFO - Setting next_dagrun for example_xcom_args to None, run_after=None
[2024-10-09T18:16:16.310-0300] {logging_mixin.py:149} INFO - [2024-10-09T18:16:16.310-0300] {dag.py:3486} INFO - Setting next_dagrun for example_xcom_args_with_operators to None, run_after=None
[2024-10-09T18:16:16.423-0300] {processor.py:178} INFO - Processing /home/marti/Lighthouse/airflow_tooltorial/venv/lib/python3.8/site-packages/airflow/example_dags/example_xcomargs.py took 0.256 seconds
[2024-10-09T18:17:12.508-0300] {processor.py:156} INFO - Started process (PID=63614) to work on /home/marti/Lighthouse/airflow_tooltorial/venv/lib/python3.8/site-packages/airflow/example_dags/example_xcomargs.py
[2024-10-09T18:17:12.579-0300] {processor.py:799} INFO - Processing file /home/marti/Lighthouse/airflow_tooltorial/venv/lib/python3.8/site-packages/airflow/example_dags/example_xcomargs.py for tasks to queue
[2024-10-09T18:17:12.580-0300] {logging_mixin.py:149} INFO - [2024-10-09T18:17:12.580-0300] {dagbag.py:541} INFO - Filling up the DagBag from /home/marti/Lighthouse/airflow_tooltorial/venv/lib/python3.8/site-packages/airflow/example_dags/example_xcomargs.py
[2024-10-09T18:17:12.595-0300] {processor.py:809} INFO - DAG(s) dict_keys(['example_xcom_args_with_operators', 'example_xcom_args']) retrieved from /home/marti/Lighthouse/airflow_tooltorial/venv/lib/python3.8/site-packages/airflow/example_dags/example_xcomargs.py
[2024-10-09T18:17:12.640-0300] {logging_mixin.py:149} INFO - [2024-10-09T18:17:12.639-0300] {dag.py:2726} INFO - Sync 2 DAGs
[2024-10-09T18:17:12.683-0300] {logging_mixin.py:149} INFO - [2024-10-09T18:17:12.683-0300] {dag.py:3486} INFO - Setting next_dagrun for example_xcom_args to None, run_after=None
[2024-10-09T18:17:12.692-0300] {logging_mixin.py:149} INFO - [2024-10-09T18:17:12.691-0300] {dag.py:3486} INFO - Setting next_dagrun for example_xcom_args_with_operators to None, run_after=None
[2024-10-09T18:17:12.875-0300] {processor.py:178} INFO - Processing /home/marti/Lighthouse/airflow_tooltorial/venv/lib/python3.8/site-packages/airflow/example_dags/example_xcomargs.py took 0.381 seconds
[2024-10-09T18:18:09.645-0300] {processor.py:156} INFO - Started process (PID=64071) to work on /home/marti/Lighthouse/airflow_tooltorial/venv/lib/python3.8/site-packages/airflow/example_dags/example_xcomargs.py
[2024-10-09T18:18:09.691-0300] {processor.py:799} INFO - Processing file /home/marti/Lighthouse/airflow_tooltorial/venv/lib/python3.8/site-packages/airflow/example_dags/example_xcomargs.py for tasks to queue
[2024-10-09T18:18:09.693-0300] {logging_mixin.py:149} INFO - [2024-10-09T18:18:09.692-0300] {dagbag.py:541} INFO - Filling up the DagBag from /home/marti/Lighthouse/airflow_tooltorial/venv/lib/python3.8/site-packages/airflow/example_dags/example_xcomargs.py
[2024-10-09T18:18:09.717-0300] {processor.py:809} INFO - DAG(s) dict_keys(['example_xcom_args_with_operators', 'example_xcom_args']) retrieved from /home/marti/Lighthouse/airflow_tooltorial/venv/lib/python3.8/site-packages/airflow/example_dags/example_xcomargs.py
[2024-10-09T18:18:09.772-0300] {logging_mixin.py:149} INFO - [2024-10-09T18:18:09.772-0300] {dag.py:2726} INFO - Sync 2 DAGs
[2024-10-09T18:18:09.791-0300] {logging_mixin.py:149} INFO - [2024-10-09T18:18:09.791-0300] {dag.py:3486} INFO - Setting next_dagrun for example_xcom_args to None, run_after=None
[2024-10-09T18:18:09.793-0300] {logging_mixin.py:149} INFO - [2024-10-09T18:18:09.793-0300] {dag.py:3486} INFO - Setting next_dagrun for example_xcom_args_with_operators to None, run_after=None
[2024-10-09T18:18:09.887-0300] {processor.py:178} INFO - Processing /home/marti/Lighthouse/airflow_tooltorial/venv/lib/python3.8/site-packages/airflow/example_dags/example_xcomargs.py took 0.251 seconds
[2024-10-09T18:48:05.593-0300] {processor.py:156} INFO - Started process (PID=69550) to work on /home/marti/Lighthouse/airflow_tooltorial/venv/lib/python3.8/site-packages/airflow/example_dags/example_xcomargs.py
[2024-10-09T18:48:05.610-0300] {processor.py:799} INFO - Processing file /home/marti/Lighthouse/airflow_tooltorial/venv/lib/python3.8/site-packages/airflow/example_dags/example_xcomargs.py for tasks to queue
[2024-10-09T18:48:05.613-0300] {logging_mixin.py:149} INFO - [2024-10-09T18:48:05.612-0300] {dagbag.py:541} INFO - Filling up the DagBag from /home/marti/Lighthouse/airflow_tooltorial/venv/lib/python3.8/site-packages/airflow/example_dags/example_xcomargs.py
[2024-10-09T18:48:05.649-0300] {processor.py:809} INFO - DAG(s) dict_keys(['example_xcom_args', 'example_xcom_args_with_operators']) retrieved from /home/marti/Lighthouse/airflow_tooltorial/venv/lib/python3.8/site-packages/airflow/example_dags/example_xcomargs.py
[2024-10-09T18:48:05.667-0300] {logging_mixin.py:149} INFO - [2024-10-09T18:48:05.667-0300] {dag.py:2726} INFO - Sync 2 DAGs
[2024-10-09T18:48:05.696-0300] {logging_mixin.py:149} INFO - [2024-10-09T18:48:05.695-0300] {dag.py:3486} INFO - Setting next_dagrun for example_xcom_args to None, run_after=None
[2024-10-09T18:48:05.698-0300] {logging_mixin.py:149} INFO - [2024-10-09T18:48:05.698-0300] {dag.py:3486} INFO - Setting next_dagrun for example_xcom_args_with_operators to None, run_after=None
[2024-10-09T18:48:05.832-0300] {processor.py:178} INFO - Processing /home/marti/Lighthouse/airflow_tooltorial/venv/lib/python3.8/site-packages/airflow/example_dags/example_xcomargs.py took 0.243 seconds
[2024-10-09T18:51:32.541-0300] {processor.py:156} INFO - Started process (PID=70990) to work on /home/marti/Lighthouse/airflow_tooltorial/venv/lib/python3.8/site-packages/airflow/example_dags/example_xcomargs.py
[2024-10-09T18:51:32.566-0300] {processor.py:799} INFO - Processing file /home/marti/Lighthouse/airflow_tooltorial/venv/lib/python3.8/site-packages/airflow/example_dags/example_xcomargs.py for tasks to queue
[2024-10-09T18:51:32.568-0300] {logging_mixin.py:149} INFO - [2024-10-09T18:51:32.568-0300] {dagbag.py:541} INFO - Filling up the DagBag from /home/marti/Lighthouse/airflow_tooltorial/venv/lib/python3.8/site-packages/airflow/example_dags/example_xcomargs.py
[2024-10-09T18:51:32.594-0300] {processor.py:809} INFO - DAG(s) dict_keys(['example_xcom_args_with_operators', 'example_xcom_args']) retrieved from /home/marti/Lighthouse/airflow_tooltorial/venv/lib/python3.8/site-packages/airflow/example_dags/example_xcomargs.py
[2024-10-09T18:51:32.605-0300] {logging_mixin.py:149} INFO - [2024-10-09T18:51:32.605-0300] {dag.py:2726} INFO - Sync 2 DAGs
[2024-10-09T18:51:32.625-0300] {logging_mixin.py:149} INFO - [2024-10-09T18:51:32.624-0300] {dag.py:3486} INFO - Setting next_dagrun for example_xcom_args to None, run_after=None
[2024-10-09T18:51:32.627-0300] {logging_mixin.py:149} INFO - [2024-10-09T18:51:32.627-0300] {dag.py:3486} INFO - Setting next_dagrun for example_xcom_args_with_operators to None, run_after=None
[2024-10-09T18:51:32.749-0300] {processor.py:178} INFO - Processing /home/marti/Lighthouse/airflow_tooltorial/venv/lib/python3.8/site-packages/airflow/example_dags/example_xcomargs.py took 0.218 seconds
