[2024-10-09T18:07:09.262-0300] {processor.py:156} INFO - Started process (PID=61389) to work on /home/marti/Lighthouse/airflow_tooltorial/venv/lib/python3.8/site-packages/airflow/example_dags/example_short_circuit_decorator.py
[2024-10-09T18:07:09.265-0300] {processor.py:799} INFO - Processing file /home/marti/Lighthouse/airflow_tooltorial/venv/lib/python3.8/site-packages/airflow/example_dags/example_short_circuit_decorator.py for tasks to queue
[2024-10-09T18:07:09.267-0300] {logging_mixin.py:149} INFO - [2024-10-09T18:07:09.267-0300] {dagbag.py:541} INFO - Filling up the DagBag from /home/marti/Lighthouse/airflow_tooltorial/venv/lib/python3.8/site-packages/airflow/example_dags/example_short_circuit_decorator.py
[2024-10-09T18:07:09.284-0300] {processor.py:809} INFO - DAG(s) dict_keys(['example_short_circuit_decorator']) retrieved from /home/marti/Lighthouse/airflow_tooltorial/venv/lib/python3.8/site-packages/airflow/example_dags/example_short_circuit_decorator.py
[2024-10-09T18:07:09.821-0300] {logging_mixin.py:149} INFO - [2024-10-09T18:07:09.821-0300] {manager.py:504} INFO - Created Permission View: can read on DAG:example_short_circuit_decorator
[2024-10-09T18:07:09.933-0300] {logging_mixin.py:149} INFO - [2024-10-09T18:07:09.932-0300] {manager.py:504} INFO - Created Permission View: can edit on DAG:example_short_circuit_decorator
[2024-10-09T18:07:10.055-0300] {logging_mixin.py:149} INFO - [2024-10-09T18:07:10.054-0300] {manager.py:504} INFO - Created Permission View: can delete on DAG:example_short_circuit_decorator
[2024-10-09T18:07:10.056-0300] {logging_mixin.py:149} INFO - [2024-10-09T18:07:10.055-0300] {dag.py:2726} INFO - Sync 1 DAGs
[2024-10-09T18:07:10.092-0300] {logging_mixin.py:149} INFO - [2024-10-09T18:07:10.091-0300] {dag.py:2747} INFO - Creating ORM DAG for example_short_circuit_decorator
[2024-10-09T18:07:10.101-0300] {logging_mixin.py:149} INFO - [2024-10-09T18:07:10.101-0300] {dag.py:3486} INFO - Setting next_dagrun for example_short_circuit_decorator to 2024-10-08T21:07:10.101493+00:00, run_after=2024-10-09T21:07:10.101493+00:00
[2024-10-09T18:07:10.300-0300] {processor.py:178} INFO - Processing /home/marti/Lighthouse/airflow_tooltorial/venv/lib/python3.8/site-packages/airflow/example_dags/example_short_circuit_decorator.py took 1.046 seconds
[2024-10-09T18:08:37.730-0300] {processor.py:156} INFO - Started process (PID=61951) to work on /home/marti/Lighthouse/airflow_tooltorial/venv/lib/python3.8/site-packages/airflow/example_dags/example_short_circuit_decorator.py
[2024-10-09T18:08:37.755-0300] {processor.py:799} INFO - Processing file /home/marti/Lighthouse/airflow_tooltorial/venv/lib/python3.8/site-packages/airflow/example_dags/example_short_circuit_decorator.py for tasks to queue
[2024-10-09T18:08:37.759-0300] {logging_mixin.py:149} INFO - [2024-10-09T18:08:37.758-0300] {dagbag.py:541} INFO - Filling up the DagBag from /home/marti/Lighthouse/airflow_tooltorial/venv/lib/python3.8/site-packages/airflow/example_dags/example_short_circuit_decorator.py
[2024-10-09T18:08:37.811-0300] {processor.py:809} INFO - DAG(s) dict_keys(['example_short_circuit_decorator']) retrieved from /home/marti/Lighthouse/airflow_tooltorial/venv/lib/python3.8/site-packages/airflow/example_dags/example_short_circuit_decorator.py
[2024-10-09T18:08:37.851-0300] {logging_mixin.py:149} INFO - [2024-10-09T18:08:37.851-0300] {dag.py:2726} INFO - Sync 1 DAGs
[2024-10-09T18:08:37.994-0300] {logging_mixin.py:149} INFO - [2024-10-09T18:08:37.994-0300] {dag.py:3486} INFO - Setting next_dagrun for example_short_circuit_decorator to 2024-10-08T21:08:37.993832+00:00, run_after=2024-10-09T21:08:37.993832+00:00
[2024-10-09T18:08:38.149-0300] {processor.py:178} INFO - Processing /home/marti/Lighthouse/airflow_tooltorial/venv/lib/python3.8/site-packages/airflow/example_dags/example_short_circuit_decorator.py took 0.423 seconds
[2024-10-09T18:09:41.655-0300] {processor.py:156} INFO - Started process (PID=62118) to work on /home/marti/Lighthouse/airflow_tooltorial/venv/lib/python3.8/site-packages/airflow/example_dags/example_short_circuit_decorator.py
[2024-10-09T18:09:41.691-0300] {processor.py:799} INFO - Processing file /home/marti/Lighthouse/airflow_tooltorial/venv/lib/python3.8/site-packages/airflow/example_dags/example_short_circuit_decorator.py for tasks to queue
[2024-10-09T18:09:41.692-0300] {logging_mixin.py:149} INFO - [2024-10-09T18:09:41.692-0300] {dagbag.py:541} INFO - Filling up the DagBag from /home/marti/Lighthouse/airflow_tooltorial/venv/lib/python3.8/site-packages/airflow/example_dags/example_short_circuit_decorator.py
[2024-10-09T18:09:41.700-0300] {processor.py:809} INFO - DAG(s) dict_keys(['example_short_circuit_decorator']) retrieved from /home/marti/Lighthouse/airflow_tooltorial/venv/lib/python3.8/site-packages/airflow/example_dags/example_short_circuit_decorator.py
[2024-10-09T18:09:41.717-0300] {logging_mixin.py:149} INFO - [2024-10-09T18:09:41.717-0300] {dag.py:2726} INFO - Sync 1 DAGs
[2024-10-09T18:09:41.732-0300] {logging_mixin.py:149} INFO - [2024-10-09T18:09:41.731-0300] {dag.py:3486} INFO - Setting next_dagrun for example_short_circuit_decorator to 2024-10-08T21:09:41.731756+00:00, run_after=2024-10-09T21:09:41.731756+00:00
[2024-10-09T18:09:41.865-0300] {processor.py:178} INFO - Processing /home/marti/Lighthouse/airflow_tooltorial/venv/lib/python3.8/site-packages/airflow/example_dags/example_short_circuit_decorator.py took 0.216 seconds
[2024-10-09T18:10:36.073-0300] {processor.py:156} INFO - Started process (PID=62299) to work on /home/marti/Lighthouse/airflow_tooltorial/venv/lib/python3.8/site-packages/airflow/example_dags/example_short_circuit_decorator.py
[2024-10-09T18:10:36.139-0300] {processor.py:799} INFO - Processing file /home/marti/Lighthouse/airflow_tooltorial/venv/lib/python3.8/site-packages/airflow/example_dags/example_short_circuit_decorator.py for tasks to queue
[2024-10-09T18:10:36.141-0300] {logging_mixin.py:149} INFO - [2024-10-09T18:10:36.141-0300] {dagbag.py:541} INFO - Filling up the DagBag from /home/marti/Lighthouse/airflow_tooltorial/venv/lib/python3.8/site-packages/airflow/example_dags/example_short_circuit_decorator.py
[2024-10-09T18:10:36.172-0300] {processor.py:809} INFO - DAG(s) dict_keys(['example_short_circuit_decorator']) retrieved from /home/marti/Lighthouse/airflow_tooltorial/venv/lib/python3.8/site-packages/airflow/example_dags/example_short_circuit_decorator.py
[2024-10-09T18:10:36.220-0300] {logging_mixin.py:149} INFO - [2024-10-09T18:10:36.220-0300] {dag.py:2726} INFO - Sync 1 DAGs
[2024-10-09T18:10:36.239-0300] {logging_mixin.py:149} INFO - [2024-10-09T18:10:36.239-0300] {dag.py:3486} INFO - Setting next_dagrun for example_short_circuit_decorator to 2024-10-08T21:10:36.238903+00:00, run_after=2024-10-09T21:10:36.238903+00:00
[2024-10-09T18:10:36.384-0300] {processor.py:178} INFO - Processing /home/marti/Lighthouse/airflow_tooltorial/venv/lib/python3.8/site-packages/airflow/example_dags/example_short_circuit_decorator.py took 0.318 seconds
[2024-10-09T18:11:31.936-0300] {processor.py:156} INFO - Started process (PID=62512) to work on /home/marti/Lighthouse/airflow_tooltorial/venv/lib/python3.8/site-packages/airflow/example_dags/example_short_circuit_decorator.py
[2024-10-09T18:11:31.975-0300] {processor.py:799} INFO - Processing file /home/marti/Lighthouse/airflow_tooltorial/venv/lib/python3.8/site-packages/airflow/example_dags/example_short_circuit_decorator.py for tasks to queue
[2024-10-09T18:11:31.978-0300] {logging_mixin.py:149} INFO - [2024-10-09T18:11:31.977-0300] {dagbag.py:541} INFO - Filling up the DagBag from /home/marti/Lighthouse/airflow_tooltorial/venv/lib/python3.8/site-packages/airflow/example_dags/example_short_circuit_decorator.py
[2024-10-09T18:11:32.007-0300] {processor.py:809} INFO - DAG(s) dict_keys(['example_short_circuit_decorator']) retrieved from /home/marti/Lighthouse/airflow_tooltorial/venv/lib/python3.8/site-packages/airflow/example_dags/example_short_circuit_decorator.py
[2024-10-09T18:11:32.032-0300] {logging_mixin.py:149} INFO - [2024-10-09T18:11:32.032-0300] {dag.py:2726} INFO - Sync 1 DAGs
[2024-10-09T18:11:32.047-0300] {logging_mixin.py:149} INFO - [2024-10-09T18:11:32.047-0300] {dag.py:3486} INFO - Setting next_dagrun for example_short_circuit_decorator to 2024-10-08T21:11:32.047341+00:00, run_after=2024-10-09T21:11:32.047341+00:00
[2024-10-09T18:11:32.197-0300] {processor.py:178} INFO - Processing /home/marti/Lighthouse/airflow_tooltorial/venv/lib/python3.8/site-packages/airflow/example_dags/example_short_circuit_decorator.py took 0.267 seconds
[2024-10-09T18:12:26.614-0300] {processor.py:156} INFO - Started process (PID=62638) to work on /home/marti/Lighthouse/airflow_tooltorial/venv/lib/python3.8/site-packages/airflow/example_dags/example_short_circuit_decorator.py
[2024-10-09T18:12:26.634-0300] {processor.py:799} INFO - Processing file /home/marti/Lighthouse/airflow_tooltorial/venv/lib/python3.8/site-packages/airflow/example_dags/example_short_circuit_decorator.py for tasks to queue
[2024-10-09T18:12:26.636-0300] {logging_mixin.py:149} INFO - [2024-10-09T18:12:26.636-0300] {dagbag.py:541} INFO - Filling up the DagBag from /home/marti/Lighthouse/airflow_tooltorial/venv/lib/python3.8/site-packages/airflow/example_dags/example_short_circuit_decorator.py
[2024-10-09T18:12:26.668-0300] {processor.py:809} INFO - DAG(s) dict_keys(['example_short_circuit_decorator']) retrieved from /home/marti/Lighthouse/airflow_tooltorial/venv/lib/python3.8/site-packages/airflow/example_dags/example_short_circuit_decorator.py
[2024-10-09T18:12:26.714-0300] {logging_mixin.py:149} INFO - [2024-10-09T18:12:26.714-0300] {dag.py:2726} INFO - Sync 1 DAGs
[2024-10-09T18:12:26.732-0300] {logging_mixin.py:149} INFO - [2024-10-09T18:12:26.732-0300] {dag.py:3486} INFO - Setting next_dagrun for example_short_circuit_decorator to 2024-10-08T21:12:26.732005+00:00, run_after=2024-10-09T21:12:26.732005+00:00
[2024-10-09T18:12:26.846-0300] {processor.py:178} INFO - Processing /home/marti/Lighthouse/airflow_tooltorial/venv/lib/python3.8/site-packages/airflow/example_dags/example_short_circuit_decorator.py took 0.235 seconds
[2024-10-09T18:13:17.587-0300] {processor.py:156} INFO - Started process (PID=62756) to work on /home/marti/Lighthouse/airflow_tooltorial/venv/lib/python3.8/site-packages/airflow/example_dags/example_short_circuit_decorator.py
[2024-10-09T18:13:17.612-0300] {processor.py:799} INFO - Processing file /home/marti/Lighthouse/airflow_tooltorial/venv/lib/python3.8/site-packages/airflow/example_dags/example_short_circuit_decorator.py for tasks to queue
[2024-10-09T18:13:17.614-0300] {logging_mixin.py:149} INFO - [2024-10-09T18:13:17.614-0300] {dagbag.py:541} INFO - Filling up the DagBag from /home/marti/Lighthouse/airflow_tooltorial/venv/lib/python3.8/site-packages/airflow/example_dags/example_short_circuit_decorator.py
[2024-10-09T18:13:17.639-0300] {processor.py:809} INFO - DAG(s) dict_keys(['example_short_circuit_decorator']) retrieved from /home/marti/Lighthouse/airflow_tooltorial/venv/lib/python3.8/site-packages/airflow/example_dags/example_short_circuit_decorator.py
[2024-10-09T18:13:17.662-0300] {logging_mixin.py:149} INFO - [2024-10-09T18:13:17.662-0300] {dag.py:2726} INFO - Sync 1 DAGs
[2024-10-09T18:13:17.678-0300] {logging_mixin.py:149} INFO - [2024-10-09T18:13:17.678-0300] {dag.py:3486} INFO - Setting next_dagrun for example_short_circuit_decorator to 2024-10-08T21:13:17.677867+00:00, run_after=2024-10-09T21:13:17.677867+00:00
[2024-10-09T18:13:17.819-0300] {processor.py:178} INFO - Processing /home/marti/Lighthouse/airflow_tooltorial/venv/lib/python3.8/site-packages/airflow/example_dags/example_short_circuit_decorator.py took 0.241 seconds
[2024-10-09T18:14:11.854-0300] {processor.py:156} INFO - Started process (PID=62873) to work on /home/marti/Lighthouse/airflow_tooltorial/venv/lib/python3.8/site-packages/airflow/example_dags/example_short_circuit_decorator.py
[2024-10-09T18:14:11.874-0300] {processor.py:799} INFO - Processing file /home/marti/Lighthouse/airflow_tooltorial/venv/lib/python3.8/site-packages/airflow/example_dags/example_short_circuit_decorator.py for tasks to queue
[2024-10-09T18:14:11.876-0300] {logging_mixin.py:149} INFO - [2024-10-09T18:14:11.875-0300] {dagbag.py:541} INFO - Filling up the DagBag from /home/marti/Lighthouse/airflow_tooltorial/venv/lib/python3.8/site-packages/airflow/example_dags/example_short_circuit_decorator.py
[2024-10-09T18:14:11.900-0300] {processor.py:809} INFO - DAG(s) dict_keys(['example_short_circuit_decorator']) retrieved from /home/marti/Lighthouse/airflow_tooltorial/venv/lib/python3.8/site-packages/airflow/example_dags/example_short_circuit_decorator.py
[2024-10-09T18:14:11.924-0300] {logging_mixin.py:149} INFO - [2024-10-09T18:14:11.924-0300] {dag.py:2726} INFO - Sync 1 DAGs
[2024-10-09T18:14:11.941-0300] {logging_mixin.py:149} INFO - [2024-10-09T18:14:11.941-0300] {dag.py:3486} INFO - Setting next_dagrun for example_short_circuit_decorator to 2024-10-08T21:14:11.941236+00:00, run_after=2024-10-09T21:14:11.941236+00:00
[2024-10-09T18:14:12.077-0300] {processor.py:178} INFO - Processing /home/marti/Lighthouse/airflow_tooltorial/venv/lib/python3.8/site-packages/airflow/example_dags/example_short_circuit_decorator.py took 0.229 seconds
[2024-10-09T18:15:08.608-0300] {processor.py:156} INFO - Started process (PID=63062) to work on /home/marti/Lighthouse/airflow_tooltorial/venv/lib/python3.8/site-packages/airflow/example_dags/example_short_circuit_decorator.py
[2024-10-09T18:15:08.609-0300] {processor.py:799} INFO - Processing file /home/marti/Lighthouse/airflow_tooltorial/venv/lib/python3.8/site-packages/airflow/example_dags/example_short_circuit_decorator.py for tasks to queue
[2024-10-09T18:15:08.610-0300] {logging_mixin.py:149} INFO - [2024-10-09T18:15:08.609-0300] {dagbag.py:541} INFO - Filling up the DagBag from /home/marti/Lighthouse/airflow_tooltorial/venv/lib/python3.8/site-packages/airflow/example_dags/example_short_circuit_decorator.py
[2024-10-09T18:15:08.617-0300] {processor.py:809} INFO - DAG(s) dict_keys(['example_short_circuit_decorator']) retrieved from /home/marti/Lighthouse/airflow_tooltorial/venv/lib/python3.8/site-packages/airflow/example_dags/example_short_circuit_decorator.py
[2024-10-09T18:15:08.644-0300] {logging_mixin.py:149} INFO - [2024-10-09T18:15:08.644-0300] {dag.py:2726} INFO - Sync 1 DAGs
[2024-10-09T18:15:08.666-0300] {logging_mixin.py:149} INFO - [2024-10-09T18:15:08.665-0300] {dag.py:3486} INFO - Setting next_dagrun for example_short_circuit_decorator to 2024-10-08T21:15:08.665713+00:00, run_after=2024-10-09T21:15:08.665713+00:00
[2024-10-09T18:15:09.037-0300] {processor.py:178} INFO - Processing /home/marti/Lighthouse/airflow_tooltorial/venv/lib/python3.8/site-packages/airflow/example_dags/example_short_circuit_decorator.py took 0.431 seconds
[2024-10-09T18:16:02.179-0300] {processor.py:156} INFO - Started process (PID=63265) to work on /home/marti/Lighthouse/airflow_tooltorial/venv/lib/python3.8/site-packages/airflow/example_dags/example_short_circuit_decorator.py
[2024-10-09T18:16:02.235-0300] {processor.py:799} INFO - Processing file /home/marti/Lighthouse/airflow_tooltorial/venv/lib/python3.8/site-packages/airflow/example_dags/example_short_circuit_decorator.py for tasks to queue
[2024-10-09T18:16:02.237-0300] {logging_mixin.py:149} INFO - [2024-10-09T18:16:02.237-0300] {dagbag.py:541} INFO - Filling up the DagBag from /home/marti/Lighthouse/airflow_tooltorial/venv/lib/python3.8/site-packages/airflow/example_dags/example_short_circuit_decorator.py
[2024-10-09T18:16:02.266-0300] {processor.py:809} INFO - DAG(s) dict_keys(['example_short_circuit_decorator']) retrieved from /home/marti/Lighthouse/airflow_tooltorial/venv/lib/python3.8/site-packages/airflow/example_dags/example_short_circuit_decorator.py
[2024-10-09T18:16:02.289-0300] {logging_mixin.py:149} INFO - [2024-10-09T18:16:02.289-0300] {dag.py:2726} INFO - Sync 1 DAGs
[2024-10-09T18:16:02.305-0300] {logging_mixin.py:149} INFO - [2024-10-09T18:16:02.305-0300] {dag.py:3486} INFO - Setting next_dagrun for example_short_circuit_decorator to 2024-10-08T21:16:02.304832+00:00, run_after=2024-10-09T21:16:02.304832+00:00
[2024-10-09T18:16:02.884-0300] {processor.py:178} INFO - Processing /home/marti/Lighthouse/airflow_tooltorial/venv/lib/python3.8/site-packages/airflow/example_dags/example_short_circuit_decorator.py took 0.715 seconds
[2024-10-09T18:16:52.809-0300] {processor.py:156} INFO - Started process (PID=63473) to work on /home/marti/Lighthouse/airflow_tooltorial/venv/lib/python3.8/site-packages/airflow/example_dags/example_short_circuit_decorator.py
[2024-10-09T18:16:52.810-0300] {processor.py:799} INFO - Processing file /home/marti/Lighthouse/airflow_tooltorial/venv/lib/python3.8/site-packages/airflow/example_dags/example_short_circuit_decorator.py for tasks to queue
[2024-10-09T18:16:52.811-0300] {logging_mixin.py:149} INFO - [2024-10-09T18:16:52.811-0300] {dagbag.py:541} INFO - Filling up the DagBag from /home/marti/Lighthouse/airflow_tooltorial/venv/lib/python3.8/site-packages/airflow/example_dags/example_short_circuit_decorator.py
[2024-10-09T18:16:52.825-0300] {processor.py:809} INFO - DAG(s) dict_keys(['example_short_circuit_decorator']) retrieved from /home/marti/Lighthouse/airflow_tooltorial/venv/lib/python3.8/site-packages/airflow/example_dags/example_short_circuit_decorator.py
[2024-10-09T18:16:52.844-0300] {logging_mixin.py:149} INFO - [2024-10-09T18:16:52.843-0300] {dag.py:2726} INFO - Sync 1 DAGs
[2024-10-09T18:16:52.859-0300] {logging_mixin.py:149} INFO - [2024-10-09T18:16:52.859-0300] {dag.py:3486} INFO - Setting next_dagrun for example_short_circuit_decorator to 2024-10-08T21:16:52.858845+00:00, run_after=2024-10-09T21:16:52.858845+00:00
[2024-10-09T18:16:53.012-0300] {processor.py:178} INFO - Processing /home/marti/Lighthouse/airflow_tooltorial/venv/lib/python3.8/site-packages/airflow/example_dags/example_short_circuit_decorator.py took 0.208 seconds
[2024-10-09T18:18:00.314-0300] {processor.py:156} INFO - Started process (PID=64056) to work on /home/marti/Lighthouse/airflow_tooltorial/venv/lib/python3.8/site-packages/airflow/example_dags/example_short_circuit_decorator.py
[2024-10-09T18:18:00.371-0300] {processor.py:799} INFO - Processing file /home/marti/Lighthouse/airflow_tooltorial/venv/lib/python3.8/site-packages/airflow/example_dags/example_short_circuit_decorator.py for tasks to queue
[2024-10-09T18:18:00.375-0300] {logging_mixin.py:149} INFO - [2024-10-09T18:18:00.374-0300] {dagbag.py:541} INFO - Filling up the DagBag from /home/marti/Lighthouse/airflow_tooltorial/venv/lib/python3.8/site-packages/airflow/example_dags/example_short_circuit_decorator.py
[2024-10-09T18:18:00.401-0300] {processor.py:809} INFO - DAG(s) dict_keys(['example_short_circuit_decorator']) retrieved from /home/marti/Lighthouse/airflow_tooltorial/venv/lib/python3.8/site-packages/airflow/example_dags/example_short_circuit_decorator.py
[2024-10-09T18:18:00.432-0300] {logging_mixin.py:149} INFO - [2024-10-09T18:18:00.432-0300] {dag.py:2726} INFO - Sync 1 DAGs
[2024-10-09T18:18:00.458-0300] {logging_mixin.py:149} INFO - [2024-10-09T18:18:00.458-0300] {dag.py:3486} INFO - Setting next_dagrun for example_short_circuit_decorator to 2024-10-08T21:18:00.457714+00:00, run_after=2024-10-09T21:18:00.457714+00:00
[2024-10-09T18:18:00.569-0300] {processor.py:178} INFO - Processing /home/marti/Lighthouse/airflow_tooltorial/venv/lib/python3.8/site-packages/airflow/example_dags/example_short_circuit_decorator.py took 0.269 seconds
[2024-10-09T18:18:53.631-0300] {processor.py:156} INFO - Started process (PID=64350) to work on /home/marti/Lighthouse/airflow_tooltorial/venv/lib/python3.8/site-packages/airflow/example_dags/example_short_circuit_decorator.py
[2024-10-09T18:18:53.662-0300] {processor.py:799} INFO - Processing file /home/marti/Lighthouse/airflow_tooltorial/venv/lib/python3.8/site-packages/airflow/example_dags/example_short_circuit_decorator.py for tasks to queue
[2024-10-09T18:18:53.663-0300] {logging_mixin.py:149} INFO - [2024-10-09T18:18:53.663-0300] {dagbag.py:541} INFO - Filling up the DagBag from /home/marti/Lighthouse/airflow_tooltorial/venv/lib/python3.8/site-packages/airflow/example_dags/example_short_circuit_decorator.py
[2024-10-09T18:18:53.676-0300] {processor.py:809} INFO - DAG(s) dict_keys(['example_short_circuit_decorator']) retrieved from /home/marti/Lighthouse/airflow_tooltorial/venv/lib/python3.8/site-packages/airflow/example_dags/example_short_circuit_decorator.py
[2024-10-09T18:18:53.703-0300] {logging_mixin.py:149} INFO - [2024-10-09T18:18:53.702-0300] {dag.py:2726} INFO - Sync 1 DAGs
[2024-10-09T18:18:53.721-0300] {logging_mixin.py:149} INFO - [2024-10-09T18:18:53.721-0300] {dag.py:3486} INFO - Setting next_dagrun for example_short_circuit_decorator to 2024-10-08T21:18:53.721409+00:00, run_after=2024-10-09T21:18:53.721409+00:00
[2024-10-09T18:18:53.878-0300] {processor.py:178} INFO - Processing /home/marti/Lighthouse/airflow_tooltorial/venv/lib/python3.8/site-packages/airflow/example_dags/example_short_circuit_decorator.py took 0.251 seconds
[2024-10-09T18:51:46.327-0300] {processor.py:156} INFO - Started process (PID=71013) to work on /home/marti/Lighthouse/airflow_tooltorial/venv/lib/python3.8/site-packages/airflow/example_dags/example_short_circuit_decorator.py
[2024-10-09T18:51:46.330-0300] {processor.py:799} INFO - Processing file /home/marti/Lighthouse/airflow_tooltorial/venv/lib/python3.8/site-packages/airflow/example_dags/example_short_circuit_decorator.py for tasks to queue
[2024-10-09T18:51:46.333-0300] {logging_mixin.py:149} INFO - [2024-10-09T18:51:46.333-0300] {dagbag.py:541} INFO - Filling up the DagBag from /home/marti/Lighthouse/airflow_tooltorial/venv/lib/python3.8/site-packages/airflow/example_dags/example_short_circuit_decorator.py
[2024-10-09T18:51:46.360-0300] {processor.py:809} INFO - DAG(s) dict_keys(['example_short_circuit_decorator']) retrieved from /home/marti/Lighthouse/airflow_tooltorial/venv/lib/python3.8/site-packages/airflow/example_dags/example_short_circuit_decorator.py
[2024-10-09T18:51:46.374-0300] {logging_mixin.py:149} INFO - [2024-10-09T18:51:46.373-0300] {dag.py:2726} INFO - Sync 1 DAGs
[2024-10-09T18:51:46.395-0300] {logging_mixin.py:149} INFO - [2024-10-09T18:51:46.395-0300] {dag.py:3486} INFO - Setting next_dagrun for example_short_circuit_decorator to 2024-10-08T21:51:46.394995+00:00, run_after=2024-10-09T21:51:46.394995+00:00
[2024-10-09T18:51:46.566-0300] {processor.py:178} INFO - Processing /home/marti/Lighthouse/airflow_tooltorial/venv/lib/python3.8/site-packages/airflow/example_dags/example_short_circuit_decorator.py took 0.248 seconds
