[2024-10-09T18:06:47.679-0300] {processor.py:156} INFO - Started process (PID=61266) to work on /home/marti/Lighthouse/airflow_tooltorial/venv/lib/python3.8/site-packages/airflow/example_dags/example_time_delta_sensor_async.py
[2024-10-09T18:06:47.680-0300] {processor.py:799} INFO - Processing file /home/marti/Lighthouse/airflow_tooltorial/venv/lib/python3.8/site-packages/airflow/example_dags/example_time_delta_sensor_async.py for tasks to queue
[2024-10-09T18:06:47.681-0300] {logging_mixin.py:149} INFO - [2024-10-09T18:06:47.681-0300] {dagbag.py:541} INFO - Filling up the DagBag from /home/marti/Lighthouse/airflow_tooltorial/venv/lib/python3.8/site-packages/airflow/example_dags/example_time_delta_sensor_async.py
[2024-10-09T18:06:47.688-0300] {processor.py:809} INFO - DAG(s) dict_keys(['example_time_delta_sensor_async']) retrieved from /home/marti/Lighthouse/airflow_tooltorial/venv/lib/python3.8/site-packages/airflow/example_dags/example_time_delta_sensor_async.py
[2024-10-09T18:06:48.227-0300] {logging_mixin.py:149} INFO - [2024-10-09T18:06:48.226-0300] {manager.py:504} INFO - Created Permission View: can read on DAG:example_time_delta_sensor_async
[2024-10-09T18:06:48.449-0300] {logging_mixin.py:149} INFO - [2024-10-09T18:06:48.448-0300] {manager.py:504} INFO - Created Permission View: can edit on DAG:example_time_delta_sensor_async
[2024-10-09T18:06:48.583-0300] {logging_mixin.py:149} INFO - [2024-10-09T18:06:48.582-0300] {manager.py:504} INFO - Created Permission View: can delete on DAG:example_time_delta_sensor_async
[2024-10-09T18:06:48.585-0300] {logging_mixin.py:149} INFO - [2024-10-09T18:06:48.584-0300] {dag.py:2726} INFO - Sync 1 DAGs
[2024-10-09T18:06:48.810-0300] {logging_mixin.py:149} INFO - [2024-10-09T18:06:48.809-0300] {dag.py:2747} INFO - Creating ORM DAG for example_time_delta_sensor_async
[2024-10-09T18:06:48.836-0300] {logging_mixin.py:149} INFO - [2024-10-09T18:06:48.836-0300] {dag.py:3486} INFO - Setting next_dagrun for example_time_delta_sensor_async to None, run_after=None
[2024-10-09T18:06:49.040-0300] {processor.py:178} INFO - Processing /home/marti/Lighthouse/airflow_tooltorial/venv/lib/python3.8/site-packages/airflow/example_dags/example_time_delta_sensor_async.py took 1.364 seconds
[2024-10-09T18:08:20.486-0300] {processor.py:156} INFO - Started process (PID=61743) to work on /home/marti/Lighthouse/airflow_tooltorial/venv/lib/python3.8/site-packages/airflow/example_dags/example_time_delta_sensor_async.py
[2024-10-09T18:08:20.527-0300] {processor.py:799} INFO - Processing file /home/marti/Lighthouse/airflow_tooltorial/venv/lib/python3.8/site-packages/airflow/example_dags/example_time_delta_sensor_async.py for tasks to queue
[2024-10-09T18:08:20.528-0300] {logging_mixin.py:149} INFO - [2024-10-09T18:08:20.528-0300] {dagbag.py:541} INFO - Filling up the DagBag from /home/marti/Lighthouse/airflow_tooltorial/venv/lib/python3.8/site-packages/airflow/example_dags/example_time_delta_sensor_async.py
[2024-10-09T18:08:20.536-0300] {processor.py:809} INFO - DAG(s) dict_keys(['example_time_delta_sensor_async']) retrieved from /home/marti/Lighthouse/airflow_tooltorial/venv/lib/python3.8/site-packages/airflow/example_dags/example_time_delta_sensor_async.py
[2024-10-09T18:08:20.564-0300] {logging_mixin.py:149} INFO - [2024-10-09T18:08:20.564-0300] {dag.py:2726} INFO - Sync 1 DAGs
[2024-10-09T18:08:20.671-0300] {logging_mixin.py:149} INFO - [2024-10-09T18:08:20.671-0300] {dag.py:3486} INFO - Setting next_dagrun for example_time_delta_sensor_async to None, run_after=None
[2024-10-09T18:08:20.819-0300] {processor.py:178} INFO - Processing /home/marti/Lighthouse/airflow_tooltorial/venv/lib/python3.8/site-packages/airflow/example_dags/example_time_delta_sensor_async.py took 0.338 seconds
[2024-10-09T18:09:07.019-0300] {processor.py:156} INFO - Started process (PID=62088) to work on /home/marti/Lighthouse/airflow_tooltorial/venv/lib/python3.8/site-packages/airflow/example_dags/example_time_delta_sensor_async.py
[2024-10-09T18:09:07.056-0300] {processor.py:799} INFO - Processing file /home/marti/Lighthouse/airflow_tooltorial/venv/lib/python3.8/site-packages/airflow/example_dags/example_time_delta_sensor_async.py for tasks to queue
[2024-10-09T18:09:07.058-0300] {logging_mixin.py:149} INFO - [2024-10-09T18:09:07.058-0300] {dagbag.py:541} INFO - Filling up the DagBag from /home/marti/Lighthouse/airflow_tooltorial/venv/lib/python3.8/site-packages/airflow/example_dags/example_time_delta_sensor_async.py
[2024-10-09T18:09:07.072-0300] {processor.py:809} INFO - DAG(s) dict_keys(['example_time_delta_sensor_async']) retrieved from /home/marti/Lighthouse/airflow_tooltorial/venv/lib/python3.8/site-packages/airflow/example_dags/example_time_delta_sensor_async.py
[2024-10-09T18:09:07.105-0300] {logging_mixin.py:149} INFO - [2024-10-09T18:09:07.104-0300] {dag.py:2726} INFO - Sync 1 DAGs
[2024-10-09T18:09:07.205-0300] {logging_mixin.py:149} INFO - [2024-10-09T18:09:07.204-0300] {dag.py:3486} INFO - Setting next_dagrun for example_time_delta_sensor_async to None, run_after=None
[2024-10-09T18:09:07.312-0300] {processor.py:178} INFO - Processing /home/marti/Lighthouse/airflow_tooltorial/venv/lib/python3.8/site-packages/airflow/example_dags/example_time_delta_sensor_async.py took 0.298 seconds
[2024-10-09T18:10:02.512-0300] {processor.py:156} INFO - Started process (PID=62228) to work on /home/marti/Lighthouse/airflow_tooltorial/venv/lib/python3.8/site-packages/airflow/example_dags/example_time_delta_sensor_async.py
[2024-10-09T18:10:02.557-0300] {processor.py:799} INFO - Processing file /home/marti/Lighthouse/airflow_tooltorial/venv/lib/python3.8/site-packages/airflow/example_dags/example_time_delta_sensor_async.py for tasks to queue
[2024-10-09T18:10:02.558-0300] {logging_mixin.py:149} INFO - [2024-10-09T18:10:02.558-0300] {dagbag.py:541} INFO - Filling up the DagBag from /home/marti/Lighthouse/airflow_tooltorial/venv/lib/python3.8/site-packages/airflow/example_dags/example_time_delta_sensor_async.py
[2024-10-09T18:10:02.563-0300] {processor.py:809} INFO - DAG(s) dict_keys(['example_time_delta_sensor_async']) retrieved from /home/marti/Lighthouse/airflow_tooltorial/venv/lib/python3.8/site-packages/airflow/example_dags/example_time_delta_sensor_async.py
[2024-10-09T18:10:02.582-0300] {logging_mixin.py:149} INFO - [2024-10-09T18:10:02.582-0300] {dag.py:2726} INFO - Sync 1 DAGs
[2024-10-09T18:10:02.597-0300] {logging_mixin.py:149} INFO - [2024-10-09T18:10:02.597-0300] {dag.py:3486} INFO - Setting next_dagrun for example_time_delta_sensor_async to None, run_after=None
[2024-10-09T18:10:02.736-0300] {processor.py:178} INFO - Processing /home/marti/Lighthouse/airflow_tooltorial/venv/lib/python3.8/site-packages/airflow/example_dags/example_time_delta_sensor_async.py took 0.227 seconds
[2024-10-09T18:10:56.065-0300] {processor.py:156} INFO - Started process (PID=62460) to work on /home/marti/Lighthouse/airflow_tooltorial/venv/lib/python3.8/site-packages/airflow/example_dags/example_time_delta_sensor_async.py
[2024-10-09T18:10:56.087-0300] {processor.py:799} INFO - Processing file /home/marti/Lighthouse/airflow_tooltorial/venv/lib/python3.8/site-packages/airflow/example_dags/example_time_delta_sensor_async.py for tasks to queue
[2024-10-09T18:10:56.089-0300] {logging_mixin.py:149} INFO - [2024-10-09T18:10:56.088-0300] {dagbag.py:541} INFO - Filling up the DagBag from /home/marti/Lighthouse/airflow_tooltorial/venv/lib/python3.8/site-packages/airflow/example_dags/example_time_delta_sensor_async.py
[2024-10-09T18:10:56.103-0300] {processor.py:809} INFO - DAG(s) dict_keys(['example_time_delta_sensor_async']) retrieved from /home/marti/Lighthouse/airflow_tooltorial/venv/lib/python3.8/site-packages/airflow/example_dags/example_time_delta_sensor_async.py
[2024-10-09T18:10:56.129-0300] {logging_mixin.py:149} INFO - [2024-10-09T18:10:56.129-0300] {dag.py:2726} INFO - Sync 1 DAGs
[2024-10-09T18:10:56.145-0300] {logging_mixin.py:149} INFO - [2024-10-09T18:10:56.144-0300] {dag.py:3486} INFO - Setting next_dagrun for example_time_delta_sensor_async to None, run_after=None
[2024-10-09T18:10:56.502-0300] {processor.py:178} INFO - Processing /home/marti/Lighthouse/airflow_tooltorial/venv/lib/python3.8/site-packages/airflow/example_dags/example_time_delta_sensor_async.py took 0.446 seconds
[2024-10-09T18:11:51.184-0300] {processor.py:156} INFO - Started process (PID=62594) to work on /home/marti/Lighthouse/airflow_tooltorial/venv/lib/python3.8/site-packages/airflow/example_dags/example_time_delta_sensor_async.py
[2024-10-09T18:11:51.218-0300] {processor.py:799} INFO - Processing file /home/marti/Lighthouse/airflow_tooltorial/venv/lib/python3.8/site-packages/airflow/example_dags/example_time_delta_sensor_async.py for tasks to queue
[2024-10-09T18:11:51.221-0300] {logging_mixin.py:149} INFO - [2024-10-09T18:11:51.220-0300] {dagbag.py:541} INFO - Filling up the DagBag from /home/marti/Lighthouse/airflow_tooltorial/venv/lib/python3.8/site-packages/airflow/example_dags/example_time_delta_sensor_async.py
[2024-10-09T18:11:51.236-0300] {processor.py:809} INFO - DAG(s) dict_keys(['example_time_delta_sensor_async']) retrieved from /home/marti/Lighthouse/airflow_tooltorial/venv/lib/python3.8/site-packages/airflow/example_dags/example_time_delta_sensor_async.py
[2024-10-09T18:11:51.277-0300] {logging_mixin.py:149} INFO - [2024-10-09T18:11:51.276-0300] {dag.py:2726} INFO - Sync 1 DAGs
[2024-10-09T18:11:51.294-0300] {logging_mixin.py:149} INFO - [2024-10-09T18:11:51.294-0300] {dag.py:3486} INFO - Setting next_dagrun for example_time_delta_sensor_async to None, run_after=None
[2024-10-09T18:11:51.443-0300] {processor.py:178} INFO - Processing /home/marti/Lighthouse/airflow_tooltorial/venv/lib/python3.8/site-packages/airflow/example_dags/example_time_delta_sensor_async.py took 0.269 seconds
[2024-10-09T18:12:45.572-0300] {processor.py:156} INFO - Started process (PID=62653) to work on /home/marti/Lighthouse/airflow_tooltorial/venv/lib/python3.8/site-packages/airflow/example_dags/example_time_delta_sensor_async.py
[2024-10-09T18:12:45.580-0300] {processor.py:799} INFO - Processing file /home/marti/Lighthouse/airflow_tooltorial/venv/lib/python3.8/site-packages/airflow/example_dags/example_time_delta_sensor_async.py for tasks to queue
[2024-10-09T18:12:45.582-0300] {logging_mixin.py:149} INFO - [2024-10-09T18:12:45.582-0300] {dagbag.py:541} INFO - Filling up the DagBag from /home/marti/Lighthouse/airflow_tooltorial/venv/lib/python3.8/site-packages/airflow/example_dags/example_time_delta_sensor_async.py
[2024-10-09T18:12:45.595-0300] {processor.py:809} INFO - DAG(s) dict_keys(['example_time_delta_sensor_async']) retrieved from /home/marti/Lighthouse/airflow_tooltorial/venv/lib/python3.8/site-packages/airflow/example_dags/example_time_delta_sensor_async.py
[2024-10-09T18:12:45.619-0300] {logging_mixin.py:149} INFO - [2024-10-09T18:12:45.619-0300] {dag.py:2726} INFO - Sync 1 DAGs
[2024-10-09T18:12:45.634-0300] {logging_mixin.py:149} INFO - [2024-10-09T18:12:45.634-0300] {dag.py:3486} INFO - Setting next_dagrun for example_time_delta_sensor_async to None, run_after=None
[2024-10-09T18:12:45.750-0300] {processor.py:178} INFO - Processing /home/marti/Lighthouse/airflow_tooltorial/venv/lib/python3.8/site-packages/airflow/example_dags/example_time_delta_sensor_async.py took 0.186 seconds
[2024-10-09T18:13:38.101-0300] {processor.py:156} INFO - Started process (PID=62775) to work on /home/marti/Lighthouse/airflow_tooltorial/venv/lib/python3.8/site-packages/airflow/example_dags/example_time_delta_sensor_async.py
[2024-10-09T18:13:38.123-0300] {processor.py:799} INFO - Processing file /home/marti/Lighthouse/airflow_tooltorial/venv/lib/python3.8/site-packages/airflow/example_dags/example_time_delta_sensor_async.py for tasks to queue
[2024-10-09T18:13:38.124-0300] {logging_mixin.py:149} INFO - [2024-10-09T18:13:38.123-0300] {dagbag.py:541} INFO - Filling up the DagBag from /home/marti/Lighthouse/airflow_tooltorial/venv/lib/python3.8/site-packages/airflow/example_dags/example_time_delta_sensor_async.py
[2024-10-09T18:13:38.128-0300] {processor.py:809} INFO - DAG(s) dict_keys(['example_time_delta_sensor_async']) retrieved from /home/marti/Lighthouse/airflow_tooltorial/venv/lib/python3.8/site-packages/airflow/example_dags/example_time_delta_sensor_async.py
[2024-10-09T18:13:38.273-0300] {logging_mixin.py:149} INFO - [2024-10-09T18:13:38.273-0300] {dag.py:2726} INFO - Sync 1 DAGs
[2024-10-09T18:13:38.297-0300] {logging_mixin.py:149} INFO - [2024-10-09T18:13:38.297-0300] {dag.py:3486} INFO - Setting next_dagrun for example_time_delta_sensor_async to None, run_after=None
[2024-10-09T18:13:38.428-0300] {processor.py:178} INFO - Processing /home/marti/Lighthouse/airflow_tooltorial/venv/lib/python3.8/site-packages/airflow/example_dags/example_time_delta_sensor_async.py took 0.331 seconds
[2024-10-09T18:14:31.737-0300] {processor.py:156} INFO - Started process (PID=62916) to work on /home/marti/Lighthouse/airflow_tooltorial/venv/lib/python3.8/site-packages/airflow/example_dags/example_time_delta_sensor_async.py
[2024-10-09T18:14:31.759-0300] {processor.py:799} INFO - Processing file /home/marti/Lighthouse/airflow_tooltorial/venv/lib/python3.8/site-packages/airflow/example_dags/example_time_delta_sensor_async.py for tasks to queue
[2024-10-09T18:14:31.761-0300] {logging_mixin.py:149} INFO - [2024-10-09T18:14:31.760-0300] {dagbag.py:541} INFO - Filling up the DagBag from /home/marti/Lighthouse/airflow_tooltorial/venv/lib/python3.8/site-packages/airflow/example_dags/example_time_delta_sensor_async.py
[2024-10-09T18:14:31.769-0300] {processor.py:809} INFO - DAG(s) dict_keys(['example_time_delta_sensor_async']) retrieved from /home/marti/Lighthouse/airflow_tooltorial/venv/lib/python3.8/site-packages/airflow/example_dags/example_time_delta_sensor_async.py
[2024-10-09T18:14:31.802-0300] {logging_mixin.py:149} INFO - [2024-10-09T18:14:31.801-0300] {dag.py:2726} INFO - Sync 1 DAGs
[2024-10-09T18:14:31.831-0300] {logging_mixin.py:149} INFO - [2024-10-09T18:14:31.831-0300] {dag.py:3486} INFO - Setting next_dagrun for example_time_delta_sensor_async to None, run_after=None
[2024-10-09T18:14:31.949-0300] {processor.py:178} INFO - Processing /home/marti/Lighthouse/airflow_tooltorial/venv/lib/python3.8/site-packages/airflow/example_dags/example_time_delta_sensor_async.py took 0.217 seconds
[2024-10-09T18:15:30.100-0300] {processor.py:156} INFO - Started process (PID=63081) to work on /home/marti/Lighthouse/airflow_tooltorial/venv/lib/python3.8/site-packages/airflow/example_dags/example_time_delta_sensor_async.py
[2024-10-09T18:15:30.507-0300] {processor.py:799} INFO - Processing file /home/marti/Lighthouse/airflow_tooltorial/venv/lib/python3.8/site-packages/airflow/example_dags/example_time_delta_sensor_async.py for tasks to queue
[2024-10-09T18:15:30.509-0300] {logging_mixin.py:149} INFO - [2024-10-09T18:15:30.509-0300] {dagbag.py:541} INFO - Filling up the DagBag from /home/marti/Lighthouse/airflow_tooltorial/venv/lib/python3.8/site-packages/airflow/example_dags/example_time_delta_sensor_async.py
[2024-10-09T18:15:30.525-0300] {processor.py:809} INFO - DAG(s) dict_keys(['example_time_delta_sensor_async']) retrieved from /home/marti/Lighthouse/airflow_tooltorial/venv/lib/python3.8/site-packages/airflow/example_dags/example_time_delta_sensor_async.py
[2024-10-09T18:15:30.558-0300] {logging_mixin.py:149} INFO - [2024-10-09T18:15:30.558-0300] {dag.py:2726} INFO - Sync 1 DAGs
[2024-10-09T18:15:30.574-0300] {logging_mixin.py:149} INFO - [2024-10-09T18:15:30.574-0300] {dag.py:3486} INFO - Setting next_dagrun for example_time_delta_sensor_async to None, run_after=None
[2024-10-09T18:15:30.948-0300] {processor.py:178} INFO - Processing /home/marti/Lighthouse/airflow_tooltorial/venv/lib/python3.8/site-packages/airflow/example_dags/example_time_delta_sensor_async.py took 0.853 seconds
[2024-10-09T18:16:18.907-0300] {processor.py:156} INFO - Started process (PID=63297) to work on /home/marti/Lighthouse/airflow_tooltorial/venv/lib/python3.8/site-packages/airflow/example_dags/example_time_delta_sensor_async.py
[2024-10-09T18:16:18.926-0300] {processor.py:799} INFO - Processing file /home/marti/Lighthouse/airflow_tooltorial/venv/lib/python3.8/site-packages/airflow/example_dags/example_time_delta_sensor_async.py for tasks to queue
[2024-10-09T18:16:18.927-0300] {logging_mixin.py:149} INFO - [2024-10-09T18:16:18.927-0300] {dagbag.py:541} INFO - Filling up the DagBag from /home/marti/Lighthouse/airflow_tooltorial/venv/lib/python3.8/site-packages/airflow/example_dags/example_time_delta_sensor_async.py
[2024-10-09T18:16:18.931-0300] {processor.py:809} INFO - DAG(s) dict_keys(['example_time_delta_sensor_async']) retrieved from /home/marti/Lighthouse/airflow_tooltorial/venv/lib/python3.8/site-packages/airflow/example_dags/example_time_delta_sensor_async.py
[2024-10-09T18:16:19.052-0300] {logging_mixin.py:149} INFO - [2024-10-09T18:16:19.052-0300] {dag.py:2726} INFO - Sync 1 DAGs
[2024-10-09T18:16:19.074-0300] {logging_mixin.py:149} INFO - [2024-10-09T18:16:19.074-0300] {dag.py:3486} INFO - Setting next_dagrun for example_time_delta_sensor_async to None, run_after=None
[2024-10-09T18:16:19.190-0300] {processor.py:178} INFO - Processing /home/marti/Lighthouse/airflow_tooltorial/venv/lib/python3.8/site-packages/airflow/example_dags/example_time_delta_sensor_async.py took 0.285 seconds
[2024-10-09T18:17:14.891-0300] {processor.py:156} INFO - Started process (PID=63693) to work on /home/marti/Lighthouse/airflow_tooltorial/venv/lib/python3.8/site-packages/airflow/example_dags/example_time_delta_sensor_async.py
[2024-10-09T18:17:14.911-0300] {processor.py:799} INFO - Processing file /home/marti/Lighthouse/airflow_tooltorial/venv/lib/python3.8/site-packages/airflow/example_dags/example_time_delta_sensor_async.py for tasks to queue
[2024-10-09T18:17:14.914-0300] {logging_mixin.py:149} INFO - [2024-10-09T18:17:14.914-0300] {dagbag.py:541} INFO - Filling up the DagBag from /home/marti/Lighthouse/airflow_tooltorial/venv/lib/python3.8/site-packages/airflow/example_dags/example_time_delta_sensor_async.py
[2024-10-09T18:17:14.924-0300] {processor.py:809} INFO - DAG(s) dict_keys(['example_time_delta_sensor_async']) retrieved from /home/marti/Lighthouse/airflow_tooltorial/venv/lib/python3.8/site-packages/airflow/example_dags/example_time_delta_sensor_async.py
[2024-10-09T18:17:14.953-0300] {logging_mixin.py:149} INFO - [2024-10-09T18:17:14.953-0300] {dag.py:2726} INFO - Sync 1 DAGs
[2024-10-09T18:17:14.974-0300] {logging_mixin.py:149} INFO - [2024-10-09T18:17:14.973-0300] {dag.py:3486} INFO - Setting next_dagrun for example_time_delta_sensor_async to None, run_after=None
[2024-10-09T18:17:15.151-0300] {processor.py:178} INFO - Processing /home/marti/Lighthouse/airflow_tooltorial/venv/lib/python3.8/site-packages/airflow/example_dags/example_time_delta_sensor_async.py took 0.271 seconds
[2024-10-09T18:18:12.540-0300] {processor.py:156} INFO - Started process (PID=64077) to work on /home/marti/Lighthouse/airflow_tooltorial/venv/lib/python3.8/site-packages/airflow/example_dags/example_time_delta_sensor_async.py
[2024-10-09T18:18:12.553-0300] {processor.py:799} INFO - Processing file /home/marti/Lighthouse/airflow_tooltorial/venv/lib/python3.8/site-packages/airflow/example_dags/example_time_delta_sensor_async.py for tasks to queue
[2024-10-09T18:18:12.555-0300] {logging_mixin.py:149} INFO - [2024-10-09T18:18:12.555-0300] {dagbag.py:541} INFO - Filling up the DagBag from /home/marti/Lighthouse/airflow_tooltorial/venv/lib/python3.8/site-packages/airflow/example_dags/example_time_delta_sensor_async.py
[2024-10-09T18:18:12.560-0300] {processor.py:809} INFO - DAG(s) dict_keys(['example_time_delta_sensor_async']) retrieved from /home/marti/Lighthouse/airflow_tooltorial/venv/lib/python3.8/site-packages/airflow/example_dags/example_time_delta_sensor_async.py
[2024-10-09T18:18:12.590-0300] {logging_mixin.py:149} INFO - [2024-10-09T18:18:12.590-0300] {dag.py:2726} INFO - Sync 1 DAGs
[2024-10-09T18:18:12.621-0300] {logging_mixin.py:149} INFO - [2024-10-09T18:18:12.621-0300] {dag.py:3486} INFO - Setting next_dagrun for example_time_delta_sensor_async to None, run_after=None
[2024-10-09T18:18:12.756-0300] {processor.py:178} INFO - Processing /home/marti/Lighthouse/airflow_tooltorial/venv/lib/python3.8/site-packages/airflow/example_dags/example_time_delta_sensor_async.py took 0.222 seconds
[2024-10-09T18:48:07.621-0300] {processor.py:156} INFO - Started process (PID=69630) to work on /home/marti/Lighthouse/airflow_tooltorial/venv/lib/python3.8/site-packages/airflow/example_dags/example_time_delta_sensor_async.py
[2024-10-09T18:48:07.685-0300] {processor.py:799} INFO - Processing file /home/marti/Lighthouse/airflow_tooltorial/venv/lib/python3.8/site-packages/airflow/example_dags/example_time_delta_sensor_async.py for tasks to queue
[2024-10-09T18:48:07.686-0300] {logging_mixin.py:149} INFO - [2024-10-09T18:48:07.686-0300] {dagbag.py:541} INFO - Filling up the DagBag from /home/marti/Lighthouse/airflow_tooltorial/venv/lib/python3.8/site-packages/airflow/example_dags/example_time_delta_sensor_async.py
[2024-10-09T18:48:07.694-0300] {processor.py:809} INFO - DAG(s) dict_keys(['example_time_delta_sensor_async']) retrieved from /home/marti/Lighthouse/airflow_tooltorial/venv/lib/python3.8/site-packages/airflow/example_dags/example_time_delta_sensor_async.py
[2024-10-09T18:48:07.705-0300] {logging_mixin.py:149} INFO - [2024-10-09T18:48:07.704-0300] {dag.py:2726} INFO - Sync 1 DAGs
[2024-10-09T18:48:07.745-0300] {logging_mixin.py:149} INFO - [2024-10-09T18:48:07.744-0300] {dag.py:3486} INFO - Setting next_dagrun for example_time_delta_sensor_async to None, run_after=None
[2024-10-09T18:48:07.860-0300] {processor.py:178} INFO - Processing /home/marti/Lighthouse/airflow_tooltorial/venv/lib/python3.8/site-packages/airflow/example_dags/example_time_delta_sensor_async.py took 0.243 seconds
[2024-10-09T18:51:34.590-0300] {processor.py:156} INFO - Started process (PID=70992) to work on /home/marti/Lighthouse/airflow_tooltorial/venv/lib/python3.8/site-packages/airflow/example_dags/example_time_delta_sensor_async.py
[2024-10-09T18:51:34.607-0300] {processor.py:799} INFO - Processing file /home/marti/Lighthouse/airflow_tooltorial/venv/lib/python3.8/site-packages/airflow/example_dags/example_time_delta_sensor_async.py for tasks to queue
[2024-10-09T18:51:34.608-0300] {logging_mixin.py:149} INFO - [2024-10-09T18:51:34.608-0300] {dagbag.py:541} INFO - Filling up the DagBag from /home/marti/Lighthouse/airflow_tooltorial/venv/lib/python3.8/site-packages/airflow/example_dags/example_time_delta_sensor_async.py
[2024-10-09T18:51:34.614-0300] {processor.py:809} INFO - DAG(s) dict_keys(['example_time_delta_sensor_async']) retrieved from /home/marti/Lighthouse/airflow_tooltorial/venv/lib/python3.8/site-packages/airflow/example_dags/example_time_delta_sensor_async.py
[2024-10-09T18:51:34.621-0300] {logging_mixin.py:149} INFO - [2024-10-09T18:51:34.621-0300] {dag.py:2726} INFO - Sync 1 DAGs
[2024-10-09T18:51:34.643-0300] {logging_mixin.py:149} INFO - [2024-10-09T18:51:34.643-0300] {dag.py:3486} INFO - Setting next_dagrun for example_time_delta_sensor_async to None, run_after=None
[2024-10-09T18:51:34.759-0300] {processor.py:178} INFO - Processing /home/marti/Lighthouse/airflow_tooltorial/venv/lib/python3.8/site-packages/airflow/example_dags/example_time_delta_sensor_async.py took 0.174 seconds
