[2024-10-09T18:07:41.945-0300] {processor.py:156} INFO - Started process (PID=61429) to work on /home/marti/Lighthouse/airflow_tooltorial/venv/lib/python3.8/site-packages/airflow/example_dags/example_python_operator.py
[2024-10-09T18:07:41.947-0300] {processor.py:799} INFO - Processing file /home/marti/Lighthouse/airflow_tooltorial/venv/lib/python3.8/site-packages/airflow/example_dags/example_python_operator.py for tasks to queue
[2024-10-09T18:07:41.948-0300] {logging_mixin.py:149} INFO - [2024-10-09T18:07:41.947-0300] {dagbag.py:541} INFO - Filling up the DagBag from /home/marti/Lighthouse/airflow_tooltorial/venv/lib/python3.8/site-packages/airflow/example_dags/example_python_operator.py
[2024-10-09T18:07:41.958-0300] {logging_mixin.py:149} INFO - [2024-10-09T18:07:41.958-0300] {taskmixin.py:211} WARNING - Dependency <Task(_PythonDecoratedOperator): print_the_context>, log_sql_query already registered for DAG: example_python_operator
[2024-10-09T18:07:41.959-0300] {logging_mixin.py:149} INFO - [2024-10-09T18:07:41.959-0300] {taskmixin.py:211} WARNING - Dependency <Task(_PythonDecoratedOperator): log_sql_query>, print_the_context already registered for DAG: example_python_operator
[2024-10-09T18:07:41.960-0300] {logging_mixin.py:149} INFO - [2024-10-09T18:07:41.960-0300] {taskmixin.py:211} WARNING - Dependency <Task(_PythonDecoratedOperator): print_the_context>, log_sql_query already registered for DAG: example_python_operator
[2024-10-09T18:07:41.960-0300] {logging_mixin.py:149} INFO - [2024-10-09T18:07:41.960-0300] {taskmixin.py:211} WARNING - Dependency <Task(_PythonDecoratedOperator): log_sql_query>, print_the_context already registered for DAG: example_python_operator
[2024-10-09T18:07:41.962-0300] {logging_mixin.py:149} INFO - [2024-10-09T18:07:41.961-0300] {taskmixin.py:211} WARNING - Dependency <Task(_PythonDecoratedOperator): print_the_context>, log_sql_query already registered for DAG: example_python_operator
[2024-10-09T18:07:41.962-0300] {logging_mixin.py:149} INFO - [2024-10-09T18:07:41.962-0300] {taskmixin.py:211} WARNING - Dependency <Task(_PythonDecoratedOperator): log_sql_query>, print_the_context already registered for DAG: example_python_operator
[2024-10-09T18:07:41.963-0300] {logging_mixin.py:149} INFO - [2024-10-09T18:07:41.963-0300] {taskmixin.py:211} WARNING - Dependency <Task(_PythonDecoratedOperator): print_the_context>, log_sql_query already registered for DAG: example_python_operator
[2024-10-09T18:07:41.963-0300] {logging_mixin.py:149} INFO - [2024-10-09T18:07:41.963-0300] {taskmixin.py:211} WARNING - Dependency <Task(_PythonDecoratedOperator): log_sql_query>, print_the_context already registered for DAG: example_python_operator
[2024-10-09T18:07:41.967-0300] {processor.py:809} INFO - DAG(s) dict_keys(['example_python_operator']) retrieved from /home/marti/Lighthouse/airflow_tooltorial/venv/lib/python3.8/site-packages/airflow/example_dags/example_python_operator.py
[2024-10-09T18:07:42.376-0300] {logging_mixin.py:149} INFO - [2024-10-09T18:07:42.375-0300] {manager.py:504} INFO - Created Permission View: can read on DAG:example_python_operator
[2024-10-09T18:07:42.476-0300] {logging_mixin.py:149} INFO - [2024-10-09T18:07:42.475-0300] {manager.py:504} INFO - Created Permission View: can edit on DAG:example_python_operator
[2024-10-09T18:07:42.598-0300] {logging_mixin.py:149} INFO - [2024-10-09T18:07:42.597-0300] {manager.py:504} INFO - Created Permission View: can delete on DAG:example_python_operator
[2024-10-09T18:07:42.599-0300] {logging_mixin.py:149} INFO - [2024-10-09T18:07:42.599-0300] {dag.py:2726} INFO - Sync 1 DAGs
[2024-10-09T18:07:42.633-0300] {logging_mixin.py:149} INFO - [2024-10-09T18:07:42.633-0300] {dag.py:2747} INFO - Creating ORM DAG for example_python_operator
[2024-10-09T18:07:42.644-0300] {logging_mixin.py:149} INFO - [2024-10-09T18:07:42.644-0300] {dag.py:3486} INFO - Setting next_dagrun for example_python_operator to None, run_after=None
[2024-10-09T18:07:42.843-0300] {processor.py:178} INFO - Processing /home/marti/Lighthouse/airflow_tooltorial/venv/lib/python3.8/site-packages/airflow/example_dags/example_python_operator.py took 0.902 seconds
[2024-10-09T18:09:12.392-0300] {processor.py:156} INFO - Started process (PID=62093) to work on /home/marti/Lighthouse/airflow_tooltorial/venv/lib/python3.8/site-packages/airflow/example_dags/example_python_operator.py
[2024-10-09T18:09:12.413-0300] {processor.py:799} INFO - Processing file /home/marti/Lighthouse/airflow_tooltorial/venv/lib/python3.8/site-packages/airflow/example_dags/example_python_operator.py for tasks to queue
[2024-10-09T18:09:12.414-0300] {logging_mixin.py:149} INFO - [2024-10-09T18:09:12.414-0300] {dagbag.py:541} INFO - Filling up the DagBag from /home/marti/Lighthouse/airflow_tooltorial/venv/lib/python3.8/site-packages/airflow/example_dags/example_python_operator.py
[2024-10-09T18:09:12.419-0300] {logging_mixin.py:149} INFO - [2024-10-09T18:09:12.419-0300] {taskmixin.py:211} WARNING - Dependency <Task(_PythonDecoratedOperator): print_the_context>, log_sql_query already registered for DAG: example_python_operator
[2024-10-09T18:09:12.420-0300] {logging_mixin.py:149} INFO - [2024-10-09T18:09:12.419-0300] {taskmixin.py:211} WARNING - Dependency <Task(_PythonDecoratedOperator): log_sql_query>, print_the_context already registered for DAG: example_python_operator
[2024-10-09T18:09:12.420-0300] {logging_mixin.py:149} INFO - [2024-10-09T18:09:12.420-0300] {taskmixin.py:211} WARNING - Dependency <Task(_PythonDecoratedOperator): print_the_context>, log_sql_query already registered for DAG: example_python_operator
[2024-10-09T18:09:12.420-0300] {logging_mixin.py:149} INFO - [2024-10-09T18:09:12.420-0300] {taskmixin.py:211} WARNING - Dependency <Task(_PythonDecoratedOperator): log_sql_query>, print_the_context already registered for DAG: example_python_operator
[2024-10-09T18:09:12.421-0300] {logging_mixin.py:149} INFO - [2024-10-09T18:09:12.421-0300] {taskmixin.py:211} WARNING - Dependency <Task(_PythonDecoratedOperator): print_the_context>, log_sql_query already registered for DAG: example_python_operator
[2024-10-09T18:09:12.421-0300] {logging_mixin.py:149} INFO - [2024-10-09T18:09:12.421-0300] {taskmixin.py:211} WARNING - Dependency <Task(_PythonDecoratedOperator): log_sql_query>, print_the_context already registered for DAG: example_python_operator
[2024-10-09T18:09:12.421-0300] {logging_mixin.py:149} INFO - [2024-10-09T18:09:12.421-0300] {taskmixin.py:211} WARNING - Dependency <Task(_PythonDecoratedOperator): print_the_context>, log_sql_query already registered for DAG: example_python_operator
[2024-10-09T18:09:12.422-0300] {logging_mixin.py:149} INFO - [2024-10-09T18:09:12.422-0300] {taskmixin.py:211} WARNING - Dependency <Task(_PythonDecoratedOperator): log_sql_query>, print_the_context already registered for DAG: example_python_operator
[2024-10-09T18:09:12.424-0300] {processor.py:809} INFO - DAG(s) dict_keys(['example_python_operator']) retrieved from /home/marti/Lighthouse/airflow_tooltorial/venv/lib/python3.8/site-packages/airflow/example_dags/example_python_operator.py
[2024-10-09T18:09:12.521-0300] {logging_mixin.py:149} INFO - [2024-10-09T18:09:12.521-0300] {dag.py:2726} INFO - Sync 1 DAGs
[2024-10-09T18:09:12.537-0300] {logging_mixin.py:149} INFO - [2024-10-09T18:09:12.536-0300] {dag.py:3486} INFO - Setting next_dagrun for example_python_operator to None, run_after=None
[2024-10-09T18:09:12.670-0300] {processor.py:178} INFO - Processing /home/marti/Lighthouse/airflow_tooltorial/venv/lib/python3.8/site-packages/airflow/example_dags/example_python_operator.py took 0.280 seconds
[2024-10-09T18:10:08.010-0300] {processor.py:156} INFO - Started process (PID=62239) to work on /home/marti/Lighthouse/airflow_tooltorial/venv/lib/python3.8/site-packages/airflow/example_dags/example_python_operator.py
[2024-10-09T18:10:08.024-0300] {processor.py:799} INFO - Processing file /home/marti/Lighthouse/airflow_tooltorial/venv/lib/python3.8/site-packages/airflow/example_dags/example_python_operator.py for tasks to queue
[2024-10-09T18:10:08.026-0300] {logging_mixin.py:149} INFO - [2024-10-09T18:10:08.026-0300] {dagbag.py:541} INFO - Filling up the DagBag from /home/marti/Lighthouse/airflow_tooltorial/venv/lib/python3.8/site-packages/airflow/example_dags/example_python_operator.py
[2024-10-09T18:10:08.045-0300] {logging_mixin.py:149} INFO - [2024-10-09T18:10:08.045-0300] {taskmixin.py:211} WARNING - Dependency <Task(_PythonDecoratedOperator): print_the_context>, log_sql_query already registered for DAG: example_python_operator
[2024-10-09T18:10:08.045-0300] {logging_mixin.py:149} INFO - [2024-10-09T18:10:08.045-0300] {taskmixin.py:211} WARNING - Dependency <Task(_PythonDecoratedOperator): log_sql_query>, print_the_context already registered for DAG: example_python_operator
[2024-10-09T18:10:08.047-0300] {logging_mixin.py:149} INFO - [2024-10-09T18:10:08.046-0300] {taskmixin.py:211} WARNING - Dependency <Task(_PythonDecoratedOperator): print_the_context>, log_sql_query already registered for DAG: example_python_operator
[2024-10-09T18:10:08.047-0300] {logging_mixin.py:149} INFO - [2024-10-09T18:10:08.047-0300] {taskmixin.py:211} WARNING - Dependency <Task(_PythonDecoratedOperator): log_sql_query>, print_the_context already registered for DAG: example_python_operator
[2024-10-09T18:10:08.048-0300] {logging_mixin.py:149} INFO - [2024-10-09T18:10:08.048-0300] {taskmixin.py:211} WARNING - Dependency <Task(_PythonDecoratedOperator): print_the_context>, log_sql_query already registered for DAG: example_python_operator
[2024-10-09T18:10:08.048-0300] {logging_mixin.py:149} INFO - [2024-10-09T18:10:08.048-0300] {taskmixin.py:211} WARNING - Dependency <Task(_PythonDecoratedOperator): log_sql_query>, print_the_context already registered for DAG: example_python_operator
[2024-10-09T18:10:08.050-0300] {logging_mixin.py:149} INFO - [2024-10-09T18:10:08.049-0300] {taskmixin.py:211} WARNING - Dependency <Task(_PythonDecoratedOperator): print_the_context>, log_sql_query already registered for DAG: example_python_operator
[2024-10-09T18:10:08.050-0300] {logging_mixin.py:149} INFO - [2024-10-09T18:10:08.050-0300] {taskmixin.py:211} WARNING - Dependency <Task(_PythonDecoratedOperator): log_sql_query>, print_the_context already registered for DAG: example_python_operator
[2024-10-09T18:10:08.053-0300] {processor.py:809} INFO - DAG(s) dict_keys(['example_python_operator']) retrieved from /home/marti/Lighthouse/airflow_tooltorial/venv/lib/python3.8/site-packages/airflow/example_dags/example_python_operator.py
[2024-10-09T18:10:08.074-0300] {logging_mixin.py:149} INFO - [2024-10-09T18:10:08.073-0300] {dag.py:2726} INFO - Sync 1 DAGs
[2024-10-09T18:10:08.089-0300] {logging_mixin.py:149} INFO - [2024-10-09T18:10:08.089-0300] {dag.py:3486} INFO - Setting next_dagrun for example_python_operator to None, run_after=None
[2024-10-09T18:10:08.214-0300] {processor.py:178} INFO - Processing /home/marti/Lighthouse/airflow_tooltorial/venv/lib/python3.8/site-packages/airflow/example_dags/example_python_operator.py took 0.207 seconds
[2024-10-09T18:11:04.618-0300] {processor.py:156} INFO - Started process (PID=62475) to work on /home/marti/Lighthouse/airflow_tooltorial/venv/lib/python3.8/site-packages/airflow/example_dags/example_python_operator.py
[2024-10-09T18:11:04.687-0300] {processor.py:799} INFO - Processing file /home/marti/Lighthouse/airflow_tooltorial/venv/lib/python3.8/site-packages/airflow/example_dags/example_python_operator.py for tasks to queue
[2024-10-09T18:11:04.690-0300] {logging_mixin.py:149} INFO - [2024-10-09T18:11:04.689-0300] {dagbag.py:541} INFO - Filling up the DagBag from /home/marti/Lighthouse/airflow_tooltorial/venv/lib/python3.8/site-packages/airflow/example_dags/example_python_operator.py
[2024-10-09T18:11:04.711-0300] {logging_mixin.py:149} INFO - [2024-10-09T18:11:04.710-0300] {taskmixin.py:211} WARNING - Dependency <Task(_PythonDecoratedOperator): print_the_context>, log_sql_query already registered for DAG: example_python_operator
[2024-10-09T18:11:04.712-0300] {logging_mixin.py:149} INFO - [2024-10-09T18:11:04.711-0300] {taskmixin.py:211} WARNING - Dependency <Task(_PythonDecoratedOperator): log_sql_query>, print_the_context already registered for DAG: example_python_operator
[2024-10-09T18:11:04.714-0300] {logging_mixin.py:149} INFO - [2024-10-09T18:11:04.714-0300] {taskmixin.py:211} WARNING - Dependency <Task(_PythonDecoratedOperator): print_the_context>, log_sql_query already registered for DAG: example_python_operator
[2024-10-09T18:11:04.714-0300] {logging_mixin.py:149} INFO - [2024-10-09T18:11:04.714-0300] {taskmixin.py:211} WARNING - Dependency <Task(_PythonDecoratedOperator): log_sql_query>, print_the_context already registered for DAG: example_python_operator
[2024-10-09T18:11:04.716-0300] {logging_mixin.py:149} INFO - [2024-10-09T18:11:04.716-0300] {taskmixin.py:211} WARNING - Dependency <Task(_PythonDecoratedOperator): print_the_context>, log_sql_query already registered for DAG: example_python_operator
[2024-10-09T18:11:04.716-0300] {logging_mixin.py:149} INFO - [2024-10-09T18:11:04.716-0300] {taskmixin.py:211} WARNING - Dependency <Task(_PythonDecoratedOperator): log_sql_query>, print_the_context already registered for DAG: example_python_operator
[2024-10-09T18:11:04.718-0300] {logging_mixin.py:149} INFO - [2024-10-09T18:11:04.718-0300] {taskmixin.py:211} WARNING - Dependency <Task(_PythonDecoratedOperator): print_the_context>, log_sql_query already registered for DAG: example_python_operator
[2024-10-09T18:11:04.718-0300] {logging_mixin.py:149} INFO - [2024-10-09T18:11:04.718-0300] {taskmixin.py:211} WARNING - Dependency <Task(_PythonDecoratedOperator): log_sql_query>, print_the_context already registered for DAG: example_python_operator
[2024-10-09T18:11:04.722-0300] {processor.py:809} INFO - DAG(s) dict_keys(['example_python_operator']) retrieved from /home/marti/Lighthouse/airflow_tooltorial/venv/lib/python3.8/site-packages/airflow/example_dags/example_python_operator.py
[2024-10-09T18:11:04.745-0300] {logging_mixin.py:149} INFO - [2024-10-09T18:11:04.745-0300] {dag.py:2726} INFO - Sync 1 DAGs
[2024-10-09T18:11:04.760-0300] {logging_mixin.py:149} INFO - [2024-10-09T18:11:04.759-0300] {dag.py:3486} INFO - Setting next_dagrun for example_python_operator to None, run_after=None
[2024-10-09T18:11:04.904-0300] {processor.py:178} INFO - Processing /home/marti/Lighthouse/airflow_tooltorial/venv/lib/python3.8/site-packages/airflow/example_dags/example_python_operator.py took 0.295 seconds
[2024-10-09T18:12:02.264-0300] {processor.py:156} INFO - Started process (PID=62615) to work on /home/marti/Lighthouse/airflow_tooltorial/venv/lib/python3.8/site-packages/airflow/example_dags/example_python_operator.py
[2024-10-09T18:12:02.295-0300] {processor.py:799} INFO - Processing file /home/marti/Lighthouse/airflow_tooltorial/venv/lib/python3.8/site-packages/airflow/example_dags/example_python_operator.py for tasks to queue
[2024-10-09T18:12:02.297-0300] {logging_mixin.py:149} INFO - [2024-10-09T18:12:02.297-0300] {dagbag.py:541} INFO - Filling up the DagBag from /home/marti/Lighthouse/airflow_tooltorial/venv/lib/python3.8/site-packages/airflow/example_dags/example_python_operator.py
[2024-10-09T18:12:02.320-0300] {logging_mixin.py:149} INFO - [2024-10-09T18:12:02.320-0300] {taskmixin.py:211} WARNING - Dependency <Task(_PythonDecoratedOperator): print_the_context>, log_sql_query already registered for DAG: example_python_operator
[2024-10-09T18:12:02.321-0300] {logging_mixin.py:149} INFO - [2024-10-09T18:12:02.320-0300] {taskmixin.py:211} WARNING - Dependency <Task(_PythonDecoratedOperator): log_sql_query>, print_the_context already registered for DAG: example_python_operator
[2024-10-09T18:12:02.322-0300] {logging_mixin.py:149} INFO - [2024-10-09T18:12:02.322-0300] {taskmixin.py:211} WARNING - Dependency <Task(_PythonDecoratedOperator): print_the_context>, log_sql_query already registered for DAG: example_python_operator
[2024-10-09T18:12:02.323-0300] {logging_mixin.py:149} INFO - [2024-10-09T18:12:02.322-0300] {taskmixin.py:211} WARNING - Dependency <Task(_PythonDecoratedOperator): log_sql_query>, print_the_context already registered for DAG: example_python_operator
[2024-10-09T18:12:02.324-0300] {logging_mixin.py:149} INFO - [2024-10-09T18:12:02.324-0300] {taskmixin.py:211} WARNING - Dependency <Task(_PythonDecoratedOperator): print_the_context>, log_sql_query already registered for DAG: example_python_operator
[2024-10-09T18:12:02.324-0300] {logging_mixin.py:149} INFO - [2024-10-09T18:12:02.324-0300] {taskmixin.py:211} WARNING - Dependency <Task(_PythonDecoratedOperator): log_sql_query>, print_the_context already registered for DAG: example_python_operator
[2024-10-09T18:12:02.326-0300] {logging_mixin.py:149} INFO - [2024-10-09T18:12:02.325-0300] {taskmixin.py:211} WARNING - Dependency <Task(_PythonDecoratedOperator): print_the_context>, log_sql_query already registered for DAG: example_python_operator
[2024-10-09T18:12:02.326-0300] {logging_mixin.py:149} INFO - [2024-10-09T18:12:02.326-0300] {taskmixin.py:211} WARNING - Dependency <Task(_PythonDecoratedOperator): log_sql_query>, print_the_context already registered for DAG: example_python_operator
[2024-10-09T18:12:02.330-0300] {processor.py:809} INFO - DAG(s) dict_keys(['example_python_operator']) retrieved from /home/marti/Lighthouse/airflow_tooltorial/venv/lib/python3.8/site-packages/airflow/example_dags/example_python_operator.py
[2024-10-09T18:12:02.352-0300] {logging_mixin.py:149} INFO - [2024-10-09T18:12:02.351-0300] {dag.py:2726} INFO - Sync 1 DAGs
[2024-10-09T18:12:02.367-0300] {logging_mixin.py:149} INFO - [2024-10-09T18:12:02.367-0300] {dag.py:3486} INFO - Setting next_dagrun for example_python_operator to None, run_after=None
[2024-10-09T18:12:02.503-0300] {processor.py:178} INFO - Processing /home/marti/Lighthouse/airflow_tooltorial/venv/lib/python3.8/site-packages/airflow/example_dags/example_python_operator.py took 0.245 seconds
[2024-10-09T18:12:56.115-0300] {processor.py:156} INFO - Started process (PID=62725) to work on /home/marti/Lighthouse/airflow_tooltorial/venv/lib/python3.8/site-packages/airflow/example_dags/example_python_operator.py
[2024-10-09T18:12:56.125-0300] {processor.py:799} INFO - Processing file /home/marti/Lighthouse/airflow_tooltorial/venv/lib/python3.8/site-packages/airflow/example_dags/example_python_operator.py for tasks to queue
[2024-10-09T18:12:56.126-0300] {logging_mixin.py:149} INFO - [2024-10-09T18:12:56.126-0300] {dagbag.py:541} INFO - Filling up the DagBag from /home/marti/Lighthouse/airflow_tooltorial/venv/lib/python3.8/site-packages/airflow/example_dags/example_python_operator.py
[2024-10-09T18:12:56.134-0300] {logging_mixin.py:149} INFO - [2024-10-09T18:12:56.134-0300] {taskmixin.py:211} WARNING - Dependency <Task(_PythonDecoratedOperator): print_the_context>, log_sql_query already registered for DAG: example_python_operator
[2024-10-09T18:12:56.134-0300] {logging_mixin.py:149} INFO - [2024-10-09T18:12:56.134-0300] {taskmixin.py:211} WARNING - Dependency <Task(_PythonDecoratedOperator): log_sql_query>, print_the_context already registered for DAG: example_python_operator
[2024-10-09T18:12:56.135-0300] {logging_mixin.py:149} INFO - [2024-10-09T18:12:56.135-0300] {taskmixin.py:211} WARNING - Dependency <Task(_PythonDecoratedOperator): print_the_context>, log_sql_query already registered for DAG: example_python_operator
[2024-10-09T18:12:56.135-0300] {logging_mixin.py:149} INFO - [2024-10-09T18:12:56.135-0300] {taskmixin.py:211} WARNING - Dependency <Task(_PythonDecoratedOperator): log_sql_query>, print_the_context already registered for DAG: example_python_operator
[2024-10-09T18:12:56.136-0300] {logging_mixin.py:149} INFO - [2024-10-09T18:12:56.136-0300] {taskmixin.py:211} WARNING - Dependency <Task(_PythonDecoratedOperator): print_the_context>, log_sql_query already registered for DAG: example_python_operator
[2024-10-09T18:12:56.136-0300] {logging_mixin.py:149} INFO - [2024-10-09T18:12:56.136-0300] {taskmixin.py:211} WARNING - Dependency <Task(_PythonDecoratedOperator): log_sql_query>, print_the_context already registered for DAG: example_python_operator
[2024-10-09T18:12:56.137-0300] {logging_mixin.py:149} INFO - [2024-10-09T18:12:56.137-0300] {taskmixin.py:211} WARNING - Dependency <Task(_PythonDecoratedOperator): print_the_context>, log_sql_query already registered for DAG: example_python_operator
[2024-10-09T18:12:56.137-0300] {logging_mixin.py:149} INFO - [2024-10-09T18:12:56.137-0300] {taskmixin.py:211} WARNING - Dependency <Task(_PythonDecoratedOperator): log_sql_query>, print_the_context already registered for DAG: example_python_operator
[2024-10-09T18:12:56.140-0300] {processor.py:809} INFO - DAG(s) dict_keys(['example_python_operator']) retrieved from /home/marti/Lighthouse/airflow_tooltorial/venv/lib/python3.8/site-packages/airflow/example_dags/example_python_operator.py
[2024-10-09T18:12:56.158-0300] {logging_mixin.py:149} INFO - [2024-10-09T18:12:56.158-0300] {dag.py:2726} INFO - Sync 1 DAGs
[2024-10-09T18:12:56.175-0300] {logging_mixin.py:149} INFO - [2024-10-09T18:12:56.175-0300] {dag.py:3486} INFO - Setting next_dagrun for example_python_operator to None, run_after=None
[2024-10-09T18:12:56.315-0300] {processor.py:178} INFO - Processing /home/marti/Lighthouse/airflow_tooltorial/venv/lib/python3.8/site-packages/airflow/example_dags/example_python_operator.py took 0.205 seconds
[2024-10-09T18:13:51.440-0300] {processor.py:156} INFO - Started process (PID=62852) to work on /home/marti/Lighthouse/airflow_tooltorial/venv/lib/python3.8/site-packages/airflow/example_dags/example_python_operator.py
[2024-10-09T18:13:51.505-0300] {processor.py:799} INFO - Processing file /home/marti/Lighthouse/airflow_tooltorial/venv/lib/python3.8/site-packages/airflow/example_dags/example_python_operator.py for tasks to queue
[2024-10-09T18:13:51.508-0300] {logging_mixin.py:149} INFO - [2024-10-09T18:13:51.507-0300] {dagbag.py:541} INFO - Filling up the DagBag from /home/marti/Lighthouse/airflow_tooltorial/venv/lib/python3.8/site-packages/airflow/example_dags/example_python_operator.py
[2024-10-09T18:13:51.530-0300] {logging_mixin.py:149} INFO - [2024-10-09T18:13:51.530-0300] {taskmixin.py:211} WARNING - Dependency <Task(_PythonDecoratedOperator): print_the_context>, log_sql_query already registered for DAG: example_python_operator
[2024-10-09T18:13:51.531-0300] {logging_mixin.py:149} INFO - [2024-10-09T18:13:51.531-0300] {taskmixin.py:211} WARNING - Dependency <Task(_PythonDecoratedOperator): log_sql_query>, print_the_context already registered for DAG: example_python_operator
[2024-10-09T18:13:51.535-0300] {logging_mixin.py:149} INFO - [2024-10-09T18:13:51.534-0300] {taskmixin.py:211} WARNING - Dependency <Task(_PythonDecoratedOperator): print_the_context>, log_sql_query already registered for DAG: example_python_operator
[2024-10-09T18:13:51.536-0300] {logging_mixin.py:149} INFO - [2024-10-09T18:13:51.536-0300] {taskmixin.py:211} WARNING - Dependency <Task(_PythonDecoratedOperator): log_sql_query>, print_the_context already registered for DAG: example_python_operator
[2024-10-09T18:13:51.538-0300] {logging_mixin.py:149} INFO - [2024-10-09T18:13:51.538-0300] {taskmixin.py:211} WARNING - Dependency <Task(_PythonDecoratedOperator): print_the_context>, log_sql_query already registered for DAG: example_python_operator
[2024-10-09T18:13:51.539-0300] {logging_mixin.py:149} INFO - [2024-10-09T18:13:51.539-0300] {taskmixin.py:211} WARNING - Dependency <Task(_PythonDecoratedOperator): log_sql_query>, print_the_context already registered for DAG: example_python_operator
[2024-10-09T18:13:51.541-0300] {logging_mixin.py:149} INFO - [2024-10-09T18:13:51.541-0300] {taskmixin.py:211} WARNING - Dependency <Task(_PythonDecoratedOperator): print_the_context>, log_sql_query already registered for DAG: example_python_operator
[2024-10-09T18:13:51.542-0300] {logging_mixin.py:149} INFO - [2024-10-09T18:13:51.541-0300] {taskmixin.py:211} WARNING - Dependency <Task(_PythonDecoratedOperator): log_sql_query>, print_the_context already registered for DAG: example_python_operator
[2024-10-09T18:13:51.548-0300] {processor.py:809} INFO - DAG(s) dict_keys(['example_python_operator']) retrieved from /home/marti/Lighthouse/airflow_tooltorial/venv/lib/python3.8/site-packages/airflow/example_dags/example_python_operator.py
[2024-10-09T18:13:51.571-0300] {logging_mixin.py:149} INFO - [2024-10-09T18:13:51.571-0300] {dag.py:2726} INFO - Sync 1 DAGs
[2024-10-09T18:13:51.586-0300] {logging_mixin.py:149} INFO - [2024-10-09T18:13:51.586-0300] {dag.py:3486} INFO - Setting next_dagrun for example_python_operator to None, run_after=None
[2024-10-09T18:13:51.724-0300] {processor.py:178} INFO - Processing /home/marti/Lighthouse/airflow_tooltorial/venv/lib/python3.8/site-packages/airflow/example_dags/example_python_operator.py took 0.294 seconds
[2024-10-09T18:14:47.457-0300] {processor.py:156} INFO - Started process (PID=62940) to work on /home/marti/Lighthouse/airflow_tooltorial/venv/lib/python3.8/site-packages/airflow/example_dags/example_python_operator.py
[2024-10-09T18:14:47.501-0300] {processor.py:799} INFO - Processing file /home/marti/Lighthouse/airflow_tooltorial/venv/lib/python3.8/site-packages/airflow/example_dags/example_python_operator.py for tasks to queue
[2024-10-09T18:14:47.503-0300] {logging_mixin.py:149} INFO - [2024-10-09T18:14:47.503-0300] {dagbag.py:541} INFO - Filling up the DagBag from /home/marti/Lighthouse/airflow_tooltorial/venv/lib/python3.8/site-packages/airflow/example_dags/example_python_operator.py
[2024-10-09T18:14:47.523-0300] {logging_mixin.py:149} INFO - [2024-10-09T18:14:47.523-0300] {taskmixin.py:211} WARNING - Dependency <Task(_PythonDecoratedOperator): print_the_context>, log_sql_query already registered for DAG: example_python_operator
[2024-10-09T18:14:47.524-0300] {logging_mixin.py:149} INFO - [2024-10-09T18:14:47.524-0300] {taskmixin.py:211} WARNING - Dependency <Task(_PythonDecoratedOperator): log_sql_query>, print_the_context already registered for DAG: example_python_operator
[2024-10-09T18:14:47.526-0300] {logging_mixin.py:149} INFO - [2024-10-09T18:14:47.526-0300] {taskmixin.py:211} WARNING - Dependency <Task(_PythonDecoratedOperator): print_the_context>, log_sql_query already registered for DAG: example_python_operator
[2024-10-09T18:14:47.527-0300] {logging_mixin.py:149} INFO - [2024-10-09T18:14:47.527-0300] {taskmixin.py:211} WARNING - Dependency <Task(_PythonDecoratedOperator): log_sql_query>, print_the_context already registered for DAG: example_python_operator
[2024-10-09T18:14:47.529-0300] {logging_mixin.py:149} INFO - [2024-10-09T18:14:47.529-0300] {taskmixin.py:211} WARNING - Dependency <Task(_PythonDecoratedOperator): print_the_context>, log_sql_query already registered for DAG: example_python_operator
[2024-10-09T18:14:47.530-0300] {logging_mixin.py:149} INFO - [2024-10-09T18:14:47.530-0300] {taskmixin.py:211} WARNING - Dependency <Task(_PythonDecoratedOperator): log_sql_query>, print_the_context already registered for DAG: example_python_operator
[2024-10-09T18:14:47.532-0300] {logging_mixin.py:149} INFO - [2024-10-09T18:14:47.531-0300] {taskmixin.py:211} WARNING - Dependency <Task(_PythonDecoratedOperator): print_the_context>, log_sql_query already registered for DAG: example_python_operator
[2024-10-09T18:14:47.532-0300] {logging_mixin.py:149} INFO - [2024-10-09T18:14:47.532-0300] {taskmixin.py:211} WARNING - Dependency <Task(_PythonDecoratedOperator): log_sql_query>, print_the_context already registered for DAG: example_python_operator
[2024-10-09T18:14:47.537-0300] {processor.py:809} INFO - DAG(s) dict_keys(['example_python_operator']) retrieved from /home/marti/Lighthouse/airflow_tooltorial/venv/lib/python3.8/site-packages/airflow/example_dags/example_python_operator.py
[2024-10-09T18:14:47.568-0300] {logging_mixin.py:149} INFO - [2024-10-09T18:14:47.568-0300] {dag.py:2726} INFO - Sync 1 DAGs
[2024-10-09T18:14:47.696-0300] {logging_mixin.py:149} INFO - [2024-10-09T18:14:47.695-0300] {dag.py:3486} INFO - Setting next_dagrun for example_python_operator to None, run_after=None
[2024-10-09T18:14:47.852-0300] {processor.py:178} INFO - Processing /home/marti/Lighthouse/airflow_tooltorial/venv/lib/python3.8/site-packages/airflow/example_dags/example_python_operator.py took 0.404 seconds
[2024-10-09T18:15:44.820-0300] {processor.py:156} INFO - Started process (PID=63109) to work on /home/marti/Lighthouse/airflow_tooltorial/venv/lib/python3.8/site-packages/airflow/example_dags/example_python_operator.py
[2024-10-09T18:15:44.866-0300] {processor.py:799} INFO - Processing file /home/marti/Lighthouse/airflow_tooltorial/venv/lib/python3.8/site-packages/airflow/example_dags/example_python_operator.py for tasks to queue
[2024-10-09T18:15:44.868-0300] {logging_mixin.py:149} INFO - [2024-10-09T18:15:44.868-0300] {dagbag.py:541} INFO - Filling up the DagBag from /home/marti/Lighthouse/airflow_tooltorial/venv/lib/python3.8/site-packages/airflow/example_dags/example_python_operator.py
[2024-10-09T18:15:44.893-0300] {logging_mixin.py:149} INFO - [2024-10-09T18:15:44.893-0300] {taskmixin.py:211} WARNING - Dependency <Task(_PythonDecoratedOperator): print_the_context>, log_sql_query already registered for DAG: example_python_operator
[2024-10-09T18:15:44.894-0300] {logging_mixin.py:149} INFO - [2024-10-09T18:15:44.894-0300] {taskmixin.py:211} WARNING - Dependency <Task(_PythonDecoratedOperator): log_sql_query>, print_the_context already registered for DAG: example_python_operator
[2024-10-09T18:15:44.896-0300] {logging_mixin.py:149} INFO - [2024-10-09T18:15:44.896-0300] {taskmixin.py:211} WARNING - Dependency <Task(_PythonDecoratedOperator): print_the_context>, log_sql_query already registered for DAG: example_python_operator
[2024-10-09T18:15:44.897-0300] {logging_mixin.py:149} INFO - [2024-10-09T18:15:44.897-0300] {taskmixin.py:211} WARNING - Dependency <Task(_PythonDecoratedOperator): log_sql_query>, print_the_context already registered for DAG: example_python_operator
[2024-10-09T18:15:44.898-0300] {logging_mixin.py:149} INFO - [2024-10-09T18:15:44.898-0300] {taskmixin.py:211} WARNING - Dependency <Task(_PythonDecoratedOperator): print_the_context>, log_sql_query already registered for DAG: example_python_operator
[2024-10-09T18:15:44.899-0300] {logging_mixin.py:149} INFO - [2024-10-09T18:15:44.899-0300] {taskmixin.py:211} WARNING - Dependency <Task(_PythonDecoratedOperator): log_sql_query>, print_the_context already registered for DAG: example_python_operator
[2024-10-09T18:15:44.900-0300] {logging_mixin.py:149} INFO - [2024-10-09T18:15:44.900-0300] {taskmixin.py:211} WARNING - Dependency <Task(_PythonDecoratedOperator): print_the_context>, log_sql_query already registered for DAG: example_python_operator
[2024-10-09T18:15:44.900-0300] {logging_mixin.py:149} INFO - [2024-10-09T18:15:44.900-0300] {taskmixin.py:211} WARNING - Dependency <Task(_PythonDecoratedOperator): log_sql_query>, print_the_context already registered for DAG: example_python_operator
[2024-10-09T18:15:44.905-0300] {processor.py:809} INFO - DAG(s) dict_keys(['example_python_operator']) retrieved from /home/marti/Lighthouse/airflow_tooltorial/venv/lib/python3.8/site-packages/airflow/example_dags/example_python_operator.py
[2024-10-09T18:15:44.926-0300] {logging_mixin.py:149} INFO - [2024-10-09T18:15:44.926-0300] {dag.py:2726} INFO - Sync 1 DAGs
[2024-10-09T18:15:44.942-0300] {logging_mixin.py:149} INFO - [2024-10-09T18:15:44.942-0300] {dag.py:3486} INFO - Setting next_dagrun for example_python_operator to None, run_after=None
[2024-10-09T18:15:45.067-0300] {processor.py:178} INFO - Processing /home/marti/Lighthouse/airflow_tooltorial/venv/lib/python3.8/site-packages/airflow/example_dags/example_python_operator.py took 0.256 seconds
[2024-10-09T18:16:59.408-0300] {processor.py:156} INFO - Started process (PID=63548) to work on /home/marti/Lighthouse/airflow_tooltorial/venv/lib/python3.8/site-packages/airflow/example_dags/example_python_operator.py
[2024-10-09T18:16:59.442-0300] {processor.py:799} INFO - Processing file /home/marti/Lighthouse/airflow_tooltorial/venv/lib/python3.8/site-packages/airflow/example_dags/example_python_operator.py for tasks to queue
[2024-10-09T18:16:59.445-0300] {logging_mixin.py:149} INFO - [2024-10-09T18:16:59.444-0300] {dagbag.py:541} INFO - Filling up the DagBag from /home/marti/Lighthouse/airflow_tooltorial/venv/lib/python3.8/site-packages/airflow/example_dags/example_python_operator.py
[2024-10-09T18:16:59.480-0300] {logging_mixin.py:149} INFO - [2024-10-09T18:16:59.479-0300] {taskmixin.py:211} WARNING - Dependency <Task(_PythonDecoratedOperator): print_the_context>, log_sql_query already registered for DAG: example_python_operator
[2024-10-09T18:16:59.481-0300] {logging_mixin.py:149} INFO - [2024-10-09T18:16:59.481-0300] {taskmixin.py:211} WARNING - Dependency <Task(_PythonDecoratedOperator): log_sql_query>, print_the_context already registered for DAG: example_python_operator
[2024-10-09T18:16:59.484-0300] {logging_mixin.py:149} INFO - [2024-10-09T18:16:59.484-0300] {taskmixin.py:211} WARNING - Dependency <Task(_PythonDecoratedOperator): print_the_context>, log_sql_query already registered for DAG: example_python_operator
[2024-10-09T18:16:59.486-0300] {logging_mixin.py:149} INFO - [2024-10-09T18:16:59.486-0300] {taskmixin.py:211} WARNING - Dependency <Task(_PythonDecoratedOperator): log_sql_query>, print_the_context already registered for DAG: example_python_operator
[2024-10-09T18:16:59.492-0300] {logging_mixin.py:149} INFO - [2024-10-09T18:16:59.491-0300] {taskmixin.py:211} WARNING - Dependency <Task(_PythonDecoratedOperator): print_the_context>, log_sql_query already registered for DAG: example_python_operator
[2024-10-09T18:16:59.494-0300] {logging_mixin.py:149} INFO - [2024-10-09T18:16:59.493-0300] {taskmixin.py:211} WARNING - Dependency <Task(_PythonDecoratedOperator): log_sql_query>, print_the_context already registered for DAG: example_python_operator
[2024-10-09T18:16:59.497-0300] {logging_mixin.py:149} INFO - [2024-10-09T18:16:59.497-0300] {taskmixin.py:211} WARNING - Dependency <Task(_PythonDecoratedOperator): print_the_context>, log_sql_query already registered for DAG: example_python_operator
[2024-10-09T18:16:59.498-0300] {logging_mixin.py:149} INFO - [2024-10-09T18:16:59.498-0300] {taskmixin.py:211} WARNING - Dependency <Task(_PythonDecoratedOperator): log_sql_query>, print_the_context already registered for DAG: example_python_operator
[2024-10-09T18:16:59.510-0300] {processor.py:809} INFO - DAG(s) dict_keys(['example_python_operator']) retrieved from /home/marti/Lighthouse/airflow_tooltorial/venv/lib/python3.8/site-packages/airflow/example_dags/example_python_operator.py
[2024-10-09T18:16:59.559-0300] {logging_mixin.py:149} INFO - [2024-10-09T18:16:59.559-0300] {dag.py:2726} INFO - Sync 1 DAGs
[2024-10-09T18:16:59.597-0300] {logging_mixin.py:149} INFO - [2024-10-09T18:16:59.597-0300] {dag.py:3486} INFO - Setting next_dagrun for example_python_operator to None, run_after=None
[2024-10-09T18:16:59.731-0300] {processor.py:178} INFO - Processing /home/marti/Lighthouse/airflow_tooltorial/venv/lib/python3.8/site-packages/airflow/example_dags/example_python_operator.py took 0.335 seconds
[2024-10-09T18:18:05.629-0300] {processor.py:156} INFO - Started process (PID=64068) to work on /home/marti/Lighthouse/airflow_tooltorial/venv/lib/python3.8/site-packages/airflow/example_dags/example_python_operator.py
[2024-10-09T18:18:05.664-0300] {processor.py:799} INFO - Processing file /home/marti/Lighthouse/airflow_tooltorial/venv/lib/python3.8/site-packages/airflow/example_dags/example_python_operator.py for tasks to queue
[2024-10-09T18:18:05.666-0300] {logging_mixin.py:149} INFO - [2024-10-09T18:18:05.665-0300] {dagbag.py:541} INFO - Filling up the DagBag from /home/marti/Lighthouse/airflow_tooltorial/venv/lib/python3.8/site-packages/airflow/example_dags/example_python_operator.py
[2024-10-09T18:18:05.681-0300] {logging_mixin.py:149} INFO - [2024-10-09T18:18:05.681-0300] {taskmixin.py:211} WARNING - Dependency <Task(_PythonDecoratedOperator): print_the_context>, log_sql_query already registered for DAG: example_python_operator
[2024-10-09T18:18:05.681-0300] {logging_mixin.py:149} INFO - [2024-10-09T18:18:05.681-0300] {taskmixin.py:211} WARNING - Dependency <Task(_PythonDecoratedOperator): log_sql_query>, print_the_context already registered for DAG: example_python_operator
[2024-10-09T18:18:05.683-0300] {logging_mixin.py:149} INFO - [2024-10-09T18:18:05.683-0300] {taskmixin.py:211} WARNING - Dependency <Task(_PythonDecoratedOperator): print_the_context>, log_sql_query already registered for DAG: example_python_operator
[2024-10-09T18:18:05.683-0300] {logging_mixin.py:149} INFO - [2024-10-09T18:18:05.683-0300] {taskmixin.py:211} WARNING - Dependency <Task(_PythonDecoratedOperator): log_sql_query>, print_the_context already registered for DAG: example_python_operator
[2024-10-09T18:18:05.686-0300] {logging_mixin.py:149} INFO - [2024-10-09T18:18:05.686-0300] {taskmixin.py:211} WARNING - Dependency <Task(_PythonDecoratedOperator): print_the_context>, log_sql_query already registered for DAG: example_python_operator
[2024-10-09T18:18:05.687-0300] {logging_mixin.py:149} INFO - [2024-10-09T18:18:05.687-0300] {taskmixin.py:211} WARNING - Dependency <Task(_PythonDecoratedOperator): log_sql_query>, print_the_context already registered for DAG: example_python_operator
[2024-10-09T18:18:05.689-0300] {logging_mixin.py:149} INFO - [2024-10-09T18:18:05.689-0300] {taskmixin.py:211} WARNING - Dependency <Task(_PythonDecoratedOperator): print_the_context>, log_sql_query already registered for DAG: example_python_operator
[2024-10-09T18:18:05.690-0300] {logging_mixin.py:149} INFO - [2024-10-09T18:18:05.690-0300] {taskmixin.py:211} WARNING - Dependency <Task(_PythonDecoratedOperator): log_sql_query>, print_the_context already registered for DAG: example_python_operator
[2024-10-09T18:18:05.695-0300] {processor.py:809} INFO - DAG(s) dict_keys(['example_python_operator']) retrieved from /home/marti/Lighthouse/airflow_tooltorial/venv/lib/python3.8/site-packages/airflow/example_dags/example_python_operator.py
[2024-10-09T18:18:05.729-0300] {logging_mixin.py:149} INFO - [2024-10-09T18:18:05.728-0300] {dag.py:2726} INFO - Sync 1 DAGs
[2024-10-09T18:18:05.756-0300] {logging_mixin.py:149} INFO - [2024-10-09T18:18:05.756-0300] {dag.py:3486} INFO - Setting next_dagrun for example_python_operator to None, run_after=None
[2024-10-09T18:18:05.872-0300] {processor.py:178} INFO - Processing /home/marti/Lighthouse/airflow_tooltorial/venv/lib/python3.8/site-packages/airflow/example_dags/example_python_operator.py took 0.250 seconds
[2024-10-09T18:19:04.718-0300] {processor.py:156} INFO - Started process (PID=64530) to work on /home/marti/Lighthouse/airflow_tooltorial/venv/lib/python3.8/site-packages/airflow/example_dags/example_python_operator.py
[2024-10-09T18:19:04.754-0300] {processor.py:799} INFO - Processing file /home/marti/Lighthouse/airflow_tooltorial/venv/lib/python3.8/site-packages/airflow/example_dags/example_python_operator.py for tasks to queue
[2024-10-09T18:19:04.757-0300] {logging_mixin.py:149} INFO - [2024-10-09T18:19:04.756-0300] {dagbag.py:541} INFO - Filling up the DagBag from /home/marti/Lighthouse/airflow_tooltorial/venv/lib/python3.8/site-packages/airflow/example_dags/example_python_operator.py
[2024-10-09T18:19:04.785-0300] {logging_mixin.py:149} INFO - [2024-10-09T18:19:04.784-0300] {taskmixin.py:211} WARNING - Dependency <Task(_PythonDecoratedOperator): print_the_context>, log_sql_query already registered for DAG: example_python_operator
[2024-10-09T18:19:04.787-0300] {logging_mixin.py:149} INFO - [2024-10-09T18:19:04.786-0300] {taskmixin.py:211} WARNING - Dependency <Task(_PythonDecoratedOperator): log_sql_query>, print_the_context already registered for DAG: example_python_operator
[2024-10-09T18:19:04.791-0300] {logging_mixin.py:149} INFO - [2024-10-09T18:19:04.790-0300] {taskmixin.py:211} WARNING - Dependency <Task(_PythonDecoratedOperator): print_the_context>, log_sql_query already registered for DAG: example_python_operator
[2024-10-09T18:19:04.792-0300] {logging_mixin.py:149} INFO - [2024-10-09T18:19:04.791-0300] {taskmixin.py:211} WARNING - Dependency <Task(_PythonDecoratedOperator): log_sql_query>, print_the_context already registered for DAG: example_python_operator
[2024-10-09T18:19:04.795-0300] {logging_mixin.py:149} INFO - [2024-10-09T18:19:04.794-0300] {taskmixin.py:211} WARNING - Dependency <Task(_PythonDecoratedOperator): print_the_context>, log_sql_query already registered for DAG: example_python_operator
[2024-10-09T18:19:04.796-0300] {logging_mixin.py:149} INFO - [2024-10-09T18:19:04.795-0300] {taskmixin.py:211} WARNING - Dependency <Task(_PythonDecoratedOperator): log_sql_query>, print_the_context already registered for DAG: example_python_operator
[2024-10-09T18:19:04.798-0300] {logging_mixin.py:149} INFO - [2024-10-09T18:19:04.797-0300] {taskmixin.py:211} WARNING - Dependency <Task(_PythonDecoratedOperator): print_the_context>, log_sql_query already registered for DAG: example_python_operator
[2024-10-09T18:19:04.798-0300] {logging_mixin.py:149} INFO - [2024-10-09T18:19:04.798-0300] {taskmixin.py:211} WARNING - Dependency <Task(_PythonDecoratedOperator): log_sql_query>, print_the_context already registered for DAG: example_python_operator
[2024-10-09T18:19:04.804-0300] {processor.py:809} INFO - DAG(s) dict_keys(['example_python_operator']) retrieved from /home/marti/Lighthouse/airflow_tooltorial/venv/lib/python3.8/site-packages/airflow/example_dags/example_python_operator.py
[2024-10-09T18:19:04.837-0300] {logging_mixin.py:149} INFO - [2024-10-09T18:19:04.836-0300] {dag.py:2726} INFO - Sync 1 DAGs
[2024-10-09T18:19:04.858-0300] {logging_mixin.py:149} INFO - [2024-10-09T18:19:04.858-0300] {dag.py:3486} INFO - Setting next_dagrun for example_python_operator to None, run_after=None
[2024-10-09T18:19:04.969-0300] {processor.py:178} INFO - Processing /home/marti/Lighthouse/airflow_tooltorial/venv/lib/python3.8/site-packages/airflow/example_dags/example_python_operator.py took 0.261 seconds
[2024-10-09T18:52:04.499-0300] {processor.py:156} INFO - Started process (PID=71037) to work on /home/marti/Lighthouse/airflow_tooltorial/venv/lib/python3.8/site-packages/airflow/example_dags/example_python_operator.py
[2024-10-09T18:52:04.500-0300] {processor.py:799} INFO - Processing file /home/marti/Lighthouse/airflow_tooltorial/venv/lib/python3.8/site-packages/airflow/example_dags/example_python_operator.py for tasks to queue
[2024-10-09T18:52:04.502-0300] {logging_mixin.py:149} INFO - [2024-10-09T18:52:04.501-0300] {dagbag.py:541} INFO - Filling up the DagBag from /home/marti/Lighthouse/airflow_tooltorial/venv/lib/python3.8/site-packages/airflow/example_dags/example_python_operator.py
[2024-10-09T18:52:04.513-0300] {logging_mixin.py:149} INFO - [2024-10-09T18:52:04.513-0300] {taskmixin.py:211} WARNING - Dependency <Task(_PythonDecoratedOperator): print_the_context>, log_sql_query already registered for DAG: example_python_operator
[2024-10-09T18:52:04.514-0300] {logging_mixin.py:149} INFO - [2024-10-09T18:52:04.514-0300] {taskmixin.py:211} WARNING - Dependency <Task(_PythonDecoratedOperator): log_sql_query>, print_the_context already registered for DAG: example_python_operator
[2024-10-09T18:52:04.515-0300] {logging_mixin.py:149} INFO - [2024-10-09T18:52:04.515-0300] {taskmixin.py:211} WARNING - Dependency <Task(_PythonDecoratedOperator): print_the_context>, log_sql_query already registered for DAG: example_python_operator
[2024-10-09T18:52:04.515-0300] {logging_mixin.py:149} INFO - [2024-10-09T18:52:04.515-0300] {taskmixin.py:211} WARNING - Dependency <Task(_PythonDecoratedOperator): log_sql_query>, print_the_context already registered for DAG: example_python_operator
[2024-10-09T18:52:04.516-0300] {logging_mixin.py:149} INFO - [2024-10-09T18:52:04.516-0300] {taskmixin.py:211} WARNING - Dependency <Task(_PythonDecoratedOperator): print_the_context>, log_sql_query already registered for DAG: example_python_operator
[2024-10-09T18:52:04.517-0300] {logging_mixin.py:149} INFO - [2024-10-09T18:52:04.516-0300] {taskmixin.py:211} WARNING - Dependency <Task(_PythonDecoratedOperator): log_sql_query>, print_the_context already registered for DAG: example_python_operator
[2024-10-09T18:52:04.517-0300] {logging_mixin.py:149} INFO - [2024-10-09T18:52:04.517-0300] {taskmixin.py:211} WARNING - Dependency <Task(_PythonDecoratedOperator): print_the_context>, log_sql_query already registered for DAG: example_python_operator
[2024-10-09T18:52:04.518-0300] {logging_mixin.py:149} INFO - [2024-10-09T18:52:04.518-0300] {taskmixin.py:211} WARNING - Dependency <Task(_PythonDecoratedOperator): log_sql_query>, print_the_context already registered for DAG: example_python_operator
[2024-10-09T18:52:04.523-0300] {processor.py:809} INFO - DAG(s) dict_keys(['example_python_operator']) retrieved from /home/marti/Lighthouse/airflow_tooltorial/venv/lib/python3.8/site-packages/airflow/example_dags/example_python_operator.py
[2024-10-09T18:52:04.680-0300] {logging_mixin.py:149} INFO - [2024-10-09T18:52:04.680-0300] {dag.py:2726} INFO - Sync 1 DAGs
[2024-10-09T18:52:04.696-0300] {logging_mixin.py:149} INFO - [2024-10-09T18:52:04.696-0300] {dag.py:3486} INFO - Setting next_dagrun for example_python_operator to None, run_after=None
[2024-10-09T18:52:04.819-0300] {processor.py:178} INFO - Processing /home/marti/Lighthouse/airflow_tooltorial/venv/lib/python3.8/site-packages/airflow/example_dags/example_python_operator.py took 0.325 seconds
