[2024-10-09T18:07:24.747-0300] {processor.py:156} INFO - Started process (PID=61409) to work on /home/marti/Lighthouse/airflow_tooltorial/venv/lib/python3.8/site-packages/airflow/example_dags/example_sla_dag.py
[2024-10-09T18:07:24.748-0300] {processor.py:799} INFO - Processing file /home/marti/Lighthouse/airflow_tooltorial/venv/lib/python3.8/site-packages/airflow/example_dags/example_sla_dag.py for tasks to queue
[2024-10-09T18:07:24.749-0300] {logging_mixin.py:149} INFO - [2024-10-09T18:07:24.749-0300] {dagbag.py:541} INFO - Filling up the DagBag from /home/marti/Lighthouse/airflow_tooltorial/venv/lib/python3.8/site-packages/airflow/example_dags/example_sla_dag.py
[2024-10-09T18:07:24.762-0300] {processor.py:809} INFO - DAG(s) dict_keys(['example_sla_dag']) retrieved from /home/marti/Lighthouse/airflow_tooltorial/venv/lib/python3.8/site-packages/airflow/example_dags/example_sla_dag.py
[2024-10-09T18:07:25.338-0300] {logging_mixin.py:149} INFO - [2024-10-09T18:07:25.337-0300] {manager.py:504} INFO - Created Permission View: can read on DAG:example_sla_dag
[2024-10-09T18:07:25.471-0300] {logging_mixin.py:149} INFO - [2024-10-09T18:07:25.470-0300] {manager.py:504} INFO - Created Permission View: can edit on DAG:example_sla_dag
[2024-10-09T18:07:25.604-0300] {logging_mixin.py:149} INFO - [2024-10-09T18:07:25.603-0300] {manager.py:504} INFO - Created Permission View: can delete on DAG:example_sla_dag
[2024-10-09T18:07:25.605-0300] {logging_mixin.py:149} INFO - [2024-10-09T18:07:25.605-0300] {dag.py:2726} INFO - Sync 1 DAGs
[2024-10-09T18:07:25.644-0300] {logging_mixin.py:149} INFO - [2024-10-09T18:07:25.644-0300] {dag.py:2747} INFO - Creating ORM DAG for example_sla_dag
[2024-10-09T18:07:25.659-0300] {logging_mixin.py:149} INFO - [2024-10-09T18:07:25.659-0300] {dag.py:3486} INFO - Setting next_dagrun for example_sla_dag to 2024-10-09T21:04:00+00:00, run_after=2024-10-09T21:06:00+00:00
[2024-10-09T18:07:25.840-0300] {processor.py:178} INFO - Processing /home/marti/Lighthouse/airflow_tooltorial/venv/lib/python3.8/site-packages/airflow/example_dags/example_sla_dag.py took 1.098 seconds
[2024-10-09T18:08:45.578-0300] {processor.py:156} INFO - Started process (PID=61958) to work on /home/marti/Lighthouse/airflow_tooltorial/venv/lib/python3.8/site-packages/airflow/example_dags/example_sla_dag.py
[2024-10-09T18:08:45.608-0300] {processor.py:799} INFO - Processing file /home/marti/Lighthouse/airflow_tooltorial/venv/lib/python3.8/site-packages/airflow/example_dags/example_sla_dag.py for tasks to queue
[2024-10-09T18:08:45.610-0300] {logging_mixin.py:149} INFO - [2024-10-09T18:08:45.609-0300] {dagbag.py:541} INFO - Filling up the DagBag from /home/marti/Lighthouse/airflow_tooltorial/venv/lib/python3.8/site-packages/airflow/example_dags/example_sla_dag.py
[2024-10-09T18:08:45.635-0300] {processor.py:809} INFO - DAG(s) dict_keys(['example_sla_dag']) retrieved from /home/marti/Lighthouse/airflow_tooltorial/venv/lib/python3.8/site-packages/airflow/example_dags/example_sla_dag.py
[2024-10-09T18:08:45.686-0300] {logging_mixin.py:149} INFO - [2024-10-09T18:08:45.686-0300] {dag.py:2726} INFO - Sync 1 DAGs
[2024-10-09T18:08:45.787-0300] {logging_mixin.py:149} INFO - [2024-10-09T18:08:45.787-0300] {dag.py:3486} INFO - Setting next_dagrun for example_sla_dag to 2024-10-09T21:06:00+00:00, run_after=2024-10-09T21:08:00+00:00
[2024-10-09T18:08:45.972-0300] {processor.py:178} INFO - Processing /home/marti/Lighthouse/airflow_tooltorial/venv/lib/python3.8/site-packages/airflow/example_dags/example_sla_dag.py took 0.403 seconds
[2024-10-09T18:09:49.246-0300] {processor.py:156} INFO - Started process (PID=62189) to work on /home/marti/Lighthouse/airflow_tooltorial/venv/lib/python3.8/site-packages/airflow/example_dags/example_sla_dag.py
[2024-10-09T18:09:49.306-0300] {processor.py:799} INFO - Processing file /home/marti/Lighthouse/airflow_tooltorial/venv/lib/python3.8/site-packages/airflow/example_dags/example_sla_dag.py for tasks to queue
[2024-10-09T18:09:49.308-0300] {logging_mixin.py:149} INFO - [2024-10-09T18:09:49.308-0300] {dagbag.py:541} INFO - Filling up the DagBag from /home/marti/Lighthouse/airflow_tooltorial/venv/lib/python3.8/site-packages/airflow/example_dags/example_sla_dag.py
[2024-10-09T18:09:49.332-0300] {processor.py:809} INFO - DAG(s) dict_keys(['example_sla_dag']) retrieved from /home/marti/Lighthouse/airflow_tooltorial/venv/lib/python3.8/site-packages/airflow/example_dags/example_sla_dag.py
[2024-10-09T18:09:49.354-0300] {logging_mixin.py:149} INFO - [2024-10-09T18:09:49.354-0300] {dag.py:2726} INFO - Sync 1 DAGs
[2024-10-09T18:09:49.372-0300] {logging_mixin.py:149} INFO - [2024-10-09T18:09:49.372-0300] {dag.py:3486} INFO - Setting next_dagrun for example_sla_dag to 2024-10-09T21:06:00+00:00, run_after=2024-10-09T21:08:00+00:00
[2024-10-09T18:09:49.516-0300] {processor.py:178} INFO - Processing /home/marti/Lighthouse/airflow_tooltorial/venv/lib/python3.8/site-packages/airflow/example_dags/example_sla_dag.py took 0.276 seconds
[2024-10-09T18:10:45.033-0300] {processor.py:156} INFO - Started process (PID=62316) to work on /home/marti/Lighthouse/airflow_tooltorial/venv/lib/python3.8/site-packages/airflow/example_dags/example_sla_dag.py
[2024-10-09T18:10:45.057-0300] {processor.py:799} INFO - Processing file /home/marti/Lighthouse/airflow_tooltorial/venv/lib/python3.8/site-packages/airflow/example_dags/example_sla_dag.py for tasks to queue
[2024-10-09T18:10:45.059-0300] {logging_mixin.py:149} INFO - [2024-10-09T18:10:45.059-0300] {dagbag.py:541} INFO - Filling up the DagBag from /home/marti/Lighthouse/airflow_tooltorial/venv/lib/python3.8/site-packages/airflow/example_dags/example_sla_dag.py
[2024-10-09T18:10:45.085-0300] {processor.py:809} INFO - DAG(s) dict_keys(['example_sla_dag']) retrieved from /home/marti/Lighthouse/airflow_tooltorial/venv/lib/python3.8/site-packages/airflow/example_dags/example_sla_dag.py
[2024-10-09T18:10:45.107-0300] {logging_mixin.py:149} INFO - [2024-10-09T18:10:45.106-0300] {dag.py:2726} INFO - Sync 1 DAGs
[2024-10-09T18:10:45.127-0300] {logging_mixin.py:149} INFO - [2024-10-09T18:10:45.126-0300] {dag.py:3486} INFO - Setting next_dagrun for example_sla_dag to 2024-10-09T21:08:00+00:00, run_after=2024-10-09T21:10:00+00:00
[2024-10-09T18:10:45.262-0300] {processor.py:178} INFO - Processing /home/marti/Lighthouse/airflow_tooltorial/venv/lib/python3.8/site-packages/airflow/example_dags/example_sla_dag.py took 0.234 seconds
[2024-10-09T18:11:41.858-0300] {processor.py:156} INFO - Started process (PID=62520) to work on /home/marti/Lighthouse/airflow_tooltorial/venv/lib/python3.8/site-packages/airflow/example_dags/example_sla_dag.py
[2024-10-09T18:11:41.860-0300] {processor.py:799} INFO - Processing file /home/marti/Lighthouse/airflow_tooltorial/venv/lib/python3.8/site-packages/airflow/example_dags/example_sla_dag.py for tasks to queue
[2024-10-09T18:11:41.861-0300] {logging_mixin.py:149} INFO - [2024-10-09T18:11:41.860-0300] {dagbag.py:541} INFO - Filling up the DagBag from /home/marti/Lighthouse/airflow_tooltorial/venv/lib/python3.8/site-packages/airflow/example_dags/example_sla_dag.py
[2024-10-09T18:11:41.870-0300] {processor.py:809} INFO - DAG(s) dict_keys(['example_sla_dag']) retrieved from /home/marti/Lighthouse/airflow_tooltorial/venv/lib/python3.8/site-packages/airflow/example_dags/example_sla_dag.py
[2024-10-09T18:11:41.888-0300] {logging_mixin.py:149} INFO - [2024-10-09T18:11:41.888-0300] {dag.py:2726} INFO - Sync 1 DAGs
[2024-10-09T18:11:41.906-0300] {logging_mixin.py:149} INFO - [2024-10-09T18:11:41.906-0300] {dag.py:3486} INFO - Setting next_dagrun for example_sla_dag to 2024-10-09T21:08:00+00:00, run_after=2024-10-09T21:10:00+00:00
[2024-10-09T18:11:42.041-0300] {processor.py:178} INFO - Processing /home/marti/Lighthouse/airflow_tooltorial/venv/lib/python3.8/site-packages/airflow/example_dags/example_sla_dag.py took 0.187 seconds
[2024-10-09T18:12:34.961-0300] {processor.py:156} INFO - Started process (PID=62645) to work on /home/marti/Lighthouse/airflow_tooltorial/venv/lib/python3.8/site-packages/airflow/example_dags/example_sla_dag.py
[2024-10-09T18:12:34.979-0300] {processor.py:799} INFO - Processing file /home/marti/Lighthouse/airflow_tooltorial/venv/lib/python3.8/site-packages/airflow/example_dags/example_sla_dag.py for tasks to queue
[2024-10-09T18:12:34.981-0300] {logging_mixin.py:149} INFO - [2024-10-09T18:12:34.980-0300] {dagbag.py:541} INFO - Filling up the DagBag from /home/marti/Lighthouse/airflow_tooltorial/venv/lib/python3.8/site-packages/airflow/example_dags/example_sla_dag.py
[2024-10-09T18:12:35.000-0300] {processor.py:809} INFO - DAG(s) dict_keys(['example_sla_dag']) retrieved from /home/marti/Lighthouse/airflow_tooltorial/venv/lib/python3.8/site-packages/airflow/example_dags/example_sla_dag.py
[2024-10-09T18:12:35.021-0300] {logging_mixin.py:149} INFO - [2024-10-09T18:12:35.021-0300] {dag.py:2726} INFO - Sync 1 DAGs
[2024-10-09T18:12:35.039-0300] {logging_mixin.py:149} INFO - [2024-10-09T18:12:35.039-0300] {dag.py:3486} INFO - Setting next_dagrun for example_sla_dag to 2024-10-09T21:10:00+00:00, run_after=2024-10-09T21:12:00+00:00
[2024-10-09T18:12:35.165-0300] {processor.py:178} INFO - Processing /home/marti/Lighthouse/airflow_tooltorial/venv/lib/python3.8/site-packages/airflow/example_dags/example_sla_dag.py took 0.210 seconds
[2024-10-09T18:13:43.717-0300] {processor.py:156} INFO - Started process (PID=62780) to work on /home/marti/Lighthouse/airflow_tooltorial/venv/lib/python3.8/site-packages/airflow/example_dags/example_sla_dag.py
[2024-10-09T18:13:43.720-0300] {processor.py:799} INFO - Processing file /home/marti/Lighthouse/airflow_tooltorial/venv/lib/python3.8/site-packages/airflow/example_dags/example_sla_dag.py for tasks to queue
[2024-10-09T18:13:43.722-0300] {logging_mixin.py:149} INFO - [2024-10-09T18:13:43.721-0300] {dagbag.py:541} INFO - Filling up the DagBag from /home/marti/Lighthouse/airflow_tooltorial/venv/lib/python3.8/site-packages/airflow/example_dags/example_sla_dag.py
[2024-10-09T18:13:43.736-0300] {processor.py:809} INFO - DAG(s) dict_keys(['example_sla_dag']) retrieved from /home/marti/Lighthouse/airflow_tooltorial/venv/lib/python3.8/site-packages/airflow/example_dags/example_sla_dag.py
[2024-10-09T18:13:43.754-0300] {logging_mixin.py:149} INFO - [2024-10-09T18:13:43.753-0300] {dag.py:2726} INFO - Sync 1 DAGs
[2024-10-09T18:13:43.771-0300] {logging_mixin.py:149} INFO - [2024-10-09T18:13:43.771-0300] {dag.py:3486} INFO - Setting next_dagrun for example_sla_dag to 2024-10-09T21:10:00+00:00, run_after=2024-10-09T21:12:00+00:00
[2024-10-09T18:13:43.901-0300] {processor.py:178} INFO - Processing /home/marti/Lighthouse/airflow_tooltorial/venv/lib/python3.8/site-packages/airflow/example_dags/example_sla_dag.py took 0.192 seconds
[2024-10-09T18:14:36.952-0300] {processor.py:156} INFO - Started process (PID=62920) to work on /home/marti/Lighthouse/airflow_tooltorial/venv/lib/python3.8/site-packages/airflow/example_dags/example_sla_dag.py
[2024-10-09T18:14:36.958-0300] {processor.py:799} INFO - Processing file /home/marti/Lighthouse/airflow_tooltorial/venv/lib/python3.8/site-packages/airflow/example_dags/example_sla_dag.py for tasks to queue
[2024-10-09T18:14:36.960-0300] {logging_mixin.py:149} INFO - [2024-10-09T18:14:36.959-0300] {dagbag.py:541} INFO - Filling up the DagBag from /home/marti/Lighthouse/airflow_tooltorial/venv/lib/python3.8/site-packages/airflow/example_dags/example_sla_dag.py
[2024-10-09T18:14:36.993-0300] {processor.py:809} INFO - DAG(s) dict_keys(['example_sla_dag']) retrieved from /home/marti/Lighthouse/airflow_tooltorial/venv/lib/python3.8/site-packages/airflow/example_dags/example_sla_dag.py
[2024-10-09T18:14:37.044-0300] {logging_mixin.py:149} INFO - [2024-10-09T18:14:37.043-0300] {dag.py:2726} INFO - Sync 1 DAGs
[2024-10-09T18:14:37.071-0300] {logging_mixin.py:149} INFO - [2024-10-09T18:14:37.071-0300] {dag.py:3486} INFO - Setting next_dagrun for example_sla_dag to 2024-10-09T21:12:00+00:00, run_after=2024-10-09T21:14:00+00:00
[2024-10-09T18:14:37.259-0300] {processor.py:178} INFO - Processing /home/marti/Lighthouse/airflow_tooltorial/venv/lib/python3.8/site-packages/airflow/example_dags/example_sla_dag.py took 0.320 seconds
[2024-10-09T18:15:34.969-0300] {processor.py:156} INFO - Started process (PID=63092) to work on /home/marti/Lighthouse/airflow_tooltorial/venv/lib/python3.8/site-packages/airflow/example_dags/example_sla_dag.py
[2024-10-09T18:15:34.996-0300] {processor.py:799} INFO - Processing file /home/marti/Lighthouse/airflow_tooltorial/venv/lib/python3.8/site-packages/airflow/example_dags/example_sla_dag.py for tasks to queue
[2024-10-09T18:15:34.997-0300] {logging_mixin.py:149} INFO - [2024-10-09T18:15:34.997-0300] {dagbag.py:541} INFO - Filling up the DagBag from /home/marti/Lighthouse/airflow_tooltorial/venv/lib/python3.8/site-packages/airflow/example_dags/example_sla_dag.py
[2024-10-09T18:15:35.014-0300] {processor.py:809} INFO - DAG(s) dict_keys(['example_sla_dag']) retrieved from /home/marti/Lighthouse/airflow_tooltorial/venv/lib/python3.8/site-packages/airflow/example_dags/example_sla_dag.py
[2024-10-09T18:15:35.037-0300] {logging_mixin.py:149} INFO - [2024-10-09T18:15:35.037-0300] {dag.py:2726} INFO - Sync 1 DAGs
[2024-10-09T18:15:35.056-0300] {logging_mixin.py:149} INFO - [2024-10-09T18:15:35.056-0300] {dag.py:3486} INFO - Setting next_dagrun for example_sla_dag to 2024-10-09T21:12:00+00:00, run_after=2024-10-09T21:14:00+00:00
[2024-10-09T18:15:35.161-0300] {processor.py:178} INFO - Processing /home/marti/Lighthouse/airflow_tooltorial/venv/lib/python3.8/site-packages/airflow/example_dags/example_sla_dag.py took 0.198 seconds
[2024-10-09T18:16:23.950-0300] {processor.py:156} INFO - Started process (PID=63305) to work on /home/marti/Lighthouse/airflow_tooltorial/venv/lib/python3.8/site-packages/airflow/example_dags/example_sla_dag.py
[2024-10-09T18:16:23.990-0300] {processor.py:799} INFO - Processing file /home/marti/Lighthouse/airflow_tooltorial/venv/lib/python3.8/site-packages/airflow/example_dags/example_sla_dag.py for tasks to queue
[2024-10-09T18:16:23.991-0300] {logging_mixin.py:149} INFO - [2024-10-09T18:16:23.991-0300] {dagbag.py:541} INFO - Filling up the DagBag from /home/marti/Lighthouse/airflow_tooltorial/venv/lib/python3.8/site-packages/airflow/example_dags/example_sla_dag.py
[2024-10-09T18:16:24.005-0300] {processor.py:809} INFO - DAG(s) dict_keys(['example_sla_dag']) retrieved from /home/marti/Lighthouse/airflow_tooltorial/venv/lib/python3.8/site-packages/airflow/example_dags/example_sla_dag.py
[2024-10-09T18:16:24.037-0300] {logging_mixin.py:149} INFO - [2024-10-09T18:16:24.037-0300] {dag.py:2726} INFO - Sync 1 DAGs
[2024-10-09T18:16:24.071-0300] {logging_mixin.py:149} INFO - [2024-10-09T18:16:24.071-0300] {dag.py:3486} INFO - Setting next_dagrun for example_sla_dag to 2024-10-09T21:14:00+00:00, run_after=2024-10-09T21:16:00+00:00
[2024-10-09T18:16:24.173-0300] {processor.py:178} INFO - Processing /home/marti/Lighthouse/airflow_tooltorial/venv/lib/python3.8/site-packages/airflow/example_dags/example_sla_dag.py took 0.230 seconds
[2024-10-09T18:17:23.874-0300] {processor.py:156} INFO - Started process (PID=63928) to work on /home/marti/Lighthouse/airflow_tooltorial/venv/lib/python3.8/site-packages/airflow/example_dags/example_sla_dag.py
[2024-10-09T18:17:23.883-0300] {processor.py:799} INFO - Processing file /home/marti/Lighthouse/airflow_tooltorial/venv/lib/python3.8/site-packages/airflow/example_dags/example_sla_dag.py for tasks to queue
[2024-10-09T18:17:23.885-0300] {logging_mixin.py:149} INFO - [2024-10-09T18:17:23.884-0300] {dagbag.py:541} INFO - Filling up the DagBag from /home/marti/Lighthouse/airflow_tooltorial/venv/lib/python3.8/site-packages/airflow/example_dags/example_sla_dag.py
[2024-10-09T18:17:23.905-0300] {processor.py:809} INFO - DAG(s) dict_keys(['example_sla_dag']) retrieved from /home/marti/Lighthouse/airflow_tooltorial/venv/lib/python3.8/site-packages/airflow/example_dags/example_sla_dag.py
[2024-10-09T18:17:23.941-0300] {logging_mixin.py:149} INFO - [2024-10-09T18:17:23.941-0300] {dag.py:2726} INFO - Sync 1 DAGs
[2024-10-09T18:17:23.975-0300] {logging_mixin.py:149} INFO - [2024-10-09T18:17:23.975-0300] {dag.py:3486} INFO - Setting next_dagrun for example_sla_dag to 2024-10-09T21:14:00+00:00, run_after=2024-10-09T21:16:00+00:00
[2024-10-09T18:17:24.212-0300] {processor.py:178} INFO - Processing /home/marti/Lighthouse/airflow_tooltorial/venv/lib/python3.8/site-packages/airflow/example_dags/example_sla_dag.py took 0.352 seconds
[2024-10-09T18:18:20.390-0300] {processor.py:156} INFO - Started process (PID=64083) to work on /home/marti/Lighthouse/airflow_tooltorial/venv/lib/python3.8/site-packages/airflow/example_dags/example_sla_dag.py
[2024-10-09T18:18:20.400-0300] {processor.py:799} INFO - Processing file /home/marti/Lighthouse/airflow_tooltorial/venv/lib/python3.8/site-packages/airflow/example_dags/example_sla_dag.py for tasks to queue
[2024-10-09T18:18:20.402-0300] {logging_mixin.py:149} INFO - [2024-10-09T18:18:20.402-0300] {dagbag.py:541} INFO - Filling up the DagBag from /home/marti/Lighthouse/airflow_tooltorial/venv/lib/python3.8/site-packages/airflow/example_dags/example_sla_dag.py
[2024-10-09T18:18:20.427-0300] {processor.py:809} INFO - DAG(s) dict_keys(['example_sla_dag']) retrieved from /home/marti/Lighthouse/airflow_tooltorial/venv/lib/python3.8/site-packages/airflow/example_dags/example_sla_dag.py
[2024-10-09T18:18:20.449-0300] {logging_mixin.py:149} INFO - [2024-10-09T18:18:20.448-0300] {dag.py:2726} INFO - Sync 1 DAGs
[2024-10-09T18:18:20.467-0300] {logging_mixin.py:149} INFO - [2024-10-09T18:18:20.467-0300] {dag.py:3486} INFO - Setting next_dagrun for example_sla_dag to 2024-10-09T21:16:00+00:00, run_after=2024-10-09T21:18:00+00:00
[2024-10-09T18:18:20.582-0300] {processor.py:178} INFO - Processing /home/marti/Lighthouse/airflow_tooltorial/venv/lib/python3.8/site-packages/airflow/example_dags/example_sla_dag.py took 0.201 seconds
[2024-10-09T18:51:55.019-0300] {processor.py:156} INFO - Started process (PID=71022) to work on /home/marti/Lighthouse/airflow_tooltorial/venv/lib/python3.8/site-packages/airflow/example_dags/example_sla_dag.py
[2024-10-09T18:51:55.042-0300] {processor.py:799} INFO - Processing file /home/marti/Lighthouse/airflow_tooltorial/venv/lib/python3.8/site-packages/airflow/example_dags/example_sla_dag.py for tasks to queue
[2024-10-09T18:51:55.045-0300] {logging_mixin.py:149} INFO - [2024-10-09T18:51:55.045-0300] {dagbag.py:541} INFO - Filling up the DagBag from /home/marti/Lighthouse/airflow_tooltorial/venv/lib/python3.8/site-packages/airflow/example_dags/example_sla_dag.py
[2024-10-09T18:51:55.059-0300] {processor.py:809} INFO - DAG(s) dict_keys(['example_sla_dag']) retrieved from /home/marti/Lighthouse/airflow_tooltorial/venv/lib/python3.8/site-packages/airflow/example_dags/example_sla_dag.py
[2024-10-09T18:51:55.077-0300] {logging_mixin.py:149} INFO - [2024-10-09T18:51:55.077-0300] {dag.py:2726} INFO - Sync 1 DAGs
[2024-10-09T18:51:55.097-0300] {logging_mixin.py:149} INFO - [2024-10-09T18:51:55.097-0300] {dag.py:3486} INFO - Setting next_dagrun for example_sla_dag to 2024-10-09T21:48:00+00:00, run_after=2024-10-09T21:50:00+00:00
[2024-10-09T18:51:55.220-0300] {processor.py:178} INFO - Processing /home/marti/Lighthouse/airflow_tooltorial/venv/lib/python3.8/site-packages/airflow/example_dags/example_sla_dag.py took 0.205 seconds
