[2024-10-09T18:06:41.389-0300] {processor.py:156} INFO - Started process (PID=61232) to work on /home/marti/Lighthouse/airflow_tooltorial/venv/lib/python3.8/site-packages/airflow/example_dags/example_task_group.py
[2024-10-09T18:06:41.390-0300] {processor.py:799} INFO - Processing file /home/marti/Lighthouse/airflow_tooltorial/venv/lib/python3.8/site-packages/airflow/example_dags/example_task_group.py for tasks to queue
[2024-10-09T18:06:41.390-0300] {logging_mixin.py:149} INFO - [2024-10-09T18:06:41.390-0300] {dagbag.py:541} INFO - Filling up the DagBag from /home/marti/Lighthouse/airflow_tooltorial/venv/lib/python3.8/site-packages/airflow/example_dags/example_task_group.py
[2024-10-09T18:06:41.398-0300] {processor.py:809} INFO - DAG(s) dict_keys(['example_task_group']) retrieved from /home/marti/Lighthouse/airflow_tooltorial/venv/lib/python3.8/site-packages/airflow/example_dags/example_task_group.py
[2024-10-09T18:06:41.836-0300] {logging_mixin.py:149} INFO - [2024-10-09T18:06:41.835-0300] {manager.py:504} INFO - Created Permission View: can read on DAG:example_task_group
[2024-10-09T18:06:41.958-0300] {logging_mixin.py:149} INFO - [2024-10-09T18:06:41.957-0300] {manager.py:504} INFO - Created Permission View: can edit on DAG:example_task_group
[2024-10-09T18:06:42.102-0300] {logging_mixin.py:149} INFO - [2024-10-09T18:06:42.102-0300] {manager.py:504} INFO - Created Permission View: can delete on DAG:example_task_group
[2024-10-09T18:06:42.103-0300] {logging_mixin.py:149} INFO - [2024-10-09T18:06:42.103-0300] {dag.py:2726} INFO - Sync 1 DAGs
[2024-10-09T18:06:42.135-0300] {logging_mixin.py:149} INFO - [2024-10-09T18:06:42.135-0300] {dag.py:2747} INFO - Creating ORM DAG for example_task_group
[2024-10-09T18:06:42.148-0300] {logging_mixin.py:149} INFO - [2024-10-09T18:06:42.148-0300] {dag.py:3486} INFO - Setting next_dagrun for example_task_group to 2024-10-08T21:06:42.148252+00:00, run_after=2024-10-09T21:06:42.148252+00:00
[2024-10-09T18:06:42.456-0300] {processor.py:178} INFO - Processing /home/marti/Lighthouse/airflow_tooltorial/venv/lib/python3.8/site-packages/airflow/example_dags/example_task_group.py took 1.070 seconds
[2024-10-09T18:08:16.073-0300] {processor.py:156} INFO - Started process (PID=61736) to work on /home/marti/Lighthouse/airflow_tooltorial/venv/lib/python3.8/site-packages/airflow/example_dags/example_task_group.py
[2024-10-09T18:08:16.098-0300] {processor.py:799} INFO - Processing file /home/marti/Lighthouse/airflow_tooltorial/venv/lib/python3.8/site-packages/airflow/example_dags/example_task_group.py for tasks to queue
[2024-10-09T18:08:16.099-0300] {logging_mixin.py:149} INFO - [2024-10-09T18:08:16.099-0300] {dagbag.py:541} INFO - Filling up the DagBag from /home/marti/Lighthouse/airflow_tooltorial/venv/lib/python3.8/site-packages/airflow/example_dags/example_task_group.py
[2024-10-09T18:08:16.111-0300] {processor.py:809} INFO - DAG(s) dict_keys(['example_task_group']) retrieved from /home/marti/Lighthouse/airflow_tooltorial/venv/lib/python3.8/site-packages/airflow/example_dags/example_task_group.py
[2024-10-09T18:08:16.136-0300] {logging_mixin.py:149} INFO - [2024-10-09T18:08:16.136-0300] {dag.py:2726} INFO - Sync 1 DAGs
[2024-10-09T18:08:16.238-0300] {logging_mixin.py:149} INFO - [2024-10-09T18:08:16.237-0300] {dag.py:3486} INFO - Setting next_dagrun for example_task_group to 2024-10-08T21:08:16.237485+00:00, run_after=2024-10-09T21:08:16.237485+00:00
[2024-10-09T18:08:16.368-0300] {processor.py:178} INFO - Processing /home/marti/Lighthouse/airflow_tooltorial/venv/lib/python3.8/site-packages/airflow/example_dags/example_task_group.py took 0.300 seconds
[2024-10-09T18:09:02.263-0300] {processor.py:156} INFO - Started process (PID=62085) to work on /home/marti/Lighthouse/airflow_tooltorial/venv/lib/python3.8/site-packages/airflow/example_dags/example_task_group.py
[2024-10-09T18:09:02.303-0300] {processor.py:799} INFO - Processing file /home/marti/Lighthouse/airflow_tooltorial/venv/lib/python3.8/site-packages/airflow/example_dags/example_task_group.py for tasks to queue
[2024-10-09T18:09:02.305-0300] {logging_mixin.py:149} INFO - [2024-10-09T18:09:02.305-0300] {dagbag.py:541} INFO - Filling up the DagBag from /home/marti/Lighthouse/airflow_tooltorial/venv/lib/python3.8/site-packages/airflow/example_dags/example_task_group.py
[2024-10-09T18:09:02.322-0300] {processor.py:809} INFO - DAG(s) dict_keys(['example_task_group']) retrieved from /home/marti/Lighthouse/airflow_tooltorial/venv/lib/python3.8/site-packages/airflow/example_dags/example_task_group.py
[2024-10-09T18:09:02.362-0300] {logging_mixin.py:149} INFO - [2024-10-09T18:09:02.362-0300] {dag.py:2726} INFO - Sync 1 DAGs
[2024-10-09T18:09:02.505-0300] {logging_mixin.py:149} INFO - [2024-10-09T18:09:02.504-0300] {dag.py:3486} INFO - Setting next_dagrun for example_task_group to 2024-10-08T21:09:02.504586+00:00, run_after=2024-10-09T21:09:02.504586+00:00
[2024-10-09T18:09:02.675-0300] {processor.py:178} INFO - Processing /home/marti/Lighthouse/airflow_tooltorial/venv/lib/python3.8/site-packages/airflow/example_dags/example_task_group.py took 0.421 seconds
[2024-10-09T18:09:58.516-0300] {processor.py:156} INFO - Started process (PID=62225) to work on /home/marti/Lighthouse/airflow_tooltorial/venv/lib/python3.8/site-packages/airflow/example_dags/example_task_group.py
[2024-10-09T18:09:58.530-0300] {processor.py:799} INFO - Processing file /home/marti/Lighthouse/airflow_tooltorial/venv/lib/python3.8/site-packages/airflow/example_dags/example_task_group.py for tasks to queue
[2024-10-09T18:09:58.530-0300] {logging_mixin.py:149} INFO - [2024-10-09T18:09:58.530-0300] {dagbag.py:541} INFO - Filling up the DagBag from /home/marti/Lighthouse/airflow_tooltorial/venv/lib/python3.8/site-packages/airflow/example_dags/example_task_group.py
[2024-10-09T18:09:58.538-0300] {processor.py:809} INFO - DAG(s) dict_keys(['example_task_group']) retrieved from /home/marti/Lighthouse/airflow_tooltorial/venv/lib/python3.8/site-packages/airflow/example_dags/example_task_group.py
[2024-10-09T18:09:58.556-0300] {logging_mixin.py:149} INFO - [2024-10-09T18:09:58.555-0300] {dag.py:2726} INFO - Sync 1 DAGs
[2024-10-09T18:09:58.571-0300] {logging_mixin.py:149} INFO - [2024-10-09T18:09:58.571-0300] {dag.py:3486} INFO - Setting next_dagrun for example_task_group to 2024-10-08T21:09:58.571590+00:00, run_after=2024-10-09T21:09:58.571590+00:00
[2024-10-09T18:09:58.731-0300] {processor.py:178} INFO - Processing /home/marti/Lighthouse/airflow_tooltorial/venv/lib/python3.8/site-packages/airflow/example_dags/example_task_group.py took 0.219 seconds
[2024-10-09T18:10:53.458-0300] {processor.py:156} INFO - Started process (PID=62420) to work on /home/marti/Lighthouse/airflow_tooltorial/venv/lib/python3.8/site-packages/airflow/example_dags/example_task_group.py
[2024-10-09T18:10:53.513-0300] {processor.py:799} INFO - Processing file /home/marti/Lighthouse/airflow_tooltorial/venv/lib/python3.8/site-packages/airflow/example_dags/example_task_group.py for tasks to queue
[2024-10-09T18:10:53.516-0300] {logging_mixin.py:149} INFO - [2024-10-09T18:10:53.515-0300] {dagbag.py:541} INFO - Filling up the DagBag from /home/marti/Lighthouse/airflow_tooltorial/venv/lib/python3.8/site-packages/airflow/example_dags/example_task_group.py
[2024-10-09T18:10:53.541-0300] {processor.py:809} INFO - DAG(s) dict_keys(['example_task_group']) retrieved from /home/marti/Lighthouse/airflow_tooltorial/venv/lib/python3.8/site-packages/airflow/example_dags/example_task_group.py
[2024-10-09T18:10:53.568-0300] {logging_mixin.py:149} INFO - [2024-10-09T18:10:53.568-0300] {dag.py:2726} INFO - Sync 1 DAGs
[2024-10-09T18:10:53.586-0300] {logging_mixin.py:149} INFO - [2024-10-09T18:10:53.586-0300] {dag.py:3486} INFO - Setting next_dagrun for example_task_group to 2024-10-08T21:10:53.586014+00:00, run_after=2024-10-09T21:10:53.586014+00:00
[2024-10-09T18:10:53.724-0300] {processor.py:178} INFO - Processing /home/marti/Lighthouse/airflow_tooltorial/venv/lib/python3.8/site-packages/airflow/example_dags/example_task_group.py took 0.273 seconds
[2024-10-09T18:11:47.533-0300] {processor.py:156} INFO - Started process (PID=62526) to work on /home/marti/Lighthouse/airflow_tooltorial/venv/lib/python3.8/site-packages/airflow/example_dags/example_task_group.py
[2024-10-09T18:11:47.550-0300] {processor.py:799} INFO - Processing file /home/marti/Lighthouse/airflow_tooltorial/venv/lib/python3.8/site-packages/airflow/example_dags/example_task_group.py for tasks to queue
[2024-10-09T18:11:47.551-0300] {logging_mixin.py:149} INFO - [2024-10-09T18:11:47.551-0300] {dagbag.py:541} INFO - Filling up the DagBag from /home/marti/Lighthouse/airflow_tooltorial/venv/lib/python3.8/site-packages/airflow/example_dags/example_task_group.py
[2024-10-09T18:11:47.559-0300] {processor.py:809} INFO - DAG(s) dict_keys(['example_task_group']) retrieved from /home/marti/Lighthouse/airflow_tooltorial/venv/lib/python3.8/site-packages/airflow/example_dags/example_task_group.py
[2024-10-09T18:11:47.576-0300] {logging_mixin.py:149} INFO - [2024-10-09T18:11:47.576-0300] {dag.py:2726} INFO - Sync 1 DAGs
[2024-10-09T18:11:47.592-0300] {logging_mixin.py:149} INFO - [2024-10-09T18:11:47.592-0300] {dag.py:3486} INFO - Setting next_dagrun for example_task_group to 2024-10-08T21:11:47.592003+00:00, run_after=2024-10-09T21:11:47.592003+00:00
[2024-10-09T18:11:47.732-0300] {processor.py:178} INFO - Processing /home/marti/Lighthouse/airflow_tooltorial/venv/lib/python3.8/site-packages/airflow/example_dags/example_task_group.py took 0.205 seconds
[2024-10-09T18:12:41.942-0300] {processor.py:156} INFO - Started process (PID=62650) to work on /home/marti/Lighthouse/airflow_tooltorial/venv/lib/python3.8/site-packages/airflow/example_dags/example_task_group.py
[2024-10-09T18:12:41.969-0300] {processor.py:799} INFO - Processing file /home/marti/Lighthouse/airflow_tooltorial/venv/lib/python3.8/site-packages/airflow/example_dags/example_task_group.py for tasks to queue
[2024-10-09T18:12:41.971-0300] {logging_mixin.py:149} INFO - [2024-10-09T18:12:41.970-0300] {dagbag.py:541} INFO - Filling up the DagBag from /home/marti/Lighthouse/airflow_tooltorial/venv/lib/python3.8/site-packages/airflow/example_dags/example_task_group.py
[2024-10-09T18:12:41.997-0300] {processor.py:809} INFO - DAG(s) dict_keys(['example_task_group']) retrieved from /home/marti/Lighthouse/airflow_tooltorial/venv/lib/python3.8/site-packages/airflow/example_dags/example_task_group.py
[2024-10-09T18:12:42.022-0300] {logging_mixin.py:149} INFO - [2024-10-09T18:12:42.022-0300] {dag.py:2726} INFO - Sync 1 DAGs
[2024-10-09T18:12:42.038-0300] {logging_mixin.py:149} INFO - [2024-10-09T18:12:42.037-0300] {dag.py:3486} INFO - Setting next_dagrun for example_task_group to 2024-10-08T21:12:42.037730+00:00, run_after=2024-10-09T21:12:42.037730+00:00
[2024-10-09T18:12:42.183-0300] {processor.py:178} INFO - Processing /home/marti/Lighthouse/airflow_tooltorial/venv/lib/python3.8/site-packages/airflow/example_dags/example_task_group.py took 0.246 seconds
[2024-10-09T18:13:34.098-0300] {processor.py:156} INFO - Started process (PID=62772) to work on /home/marti/Lighthouse/airflow_tooltorial/venv/lib/python3.8/site-packages/airflow/example_dags/example_task_group.py
[2024-10-09T18:13:34.153-0300] {processor.py:799} INFO - Processing file /home/marti/Lighthouse/airflow_tooltorial/venv/lib/python3.8/site-packages/airflow/example_dags/example_task_group.py for tasks to queue
[2024-10-09T18:13:34.153-0300] {logging_mixin.py:149} INFO - [2024-10-09T18:13:34.153-0300] {dagbag.py:541} INFO - Filling up the DagBag from /home/marti/Lighthouse/airflow_tooltorial/venv/lib/python3.8/site-packages/airflow/example_dags/example_task_group.py
[2024-10-09T18:13:34.162-0300] {processor.py:809} INFO - DAG(s) dict_keys(['example_task_group']) retrieved from /home/marti/Lighthouse/airflow_tooltorial/venv/lib/python3.8/site-packages/airflow/example_dags/example_task_group.py
[2024-10-09T18:13:34.187-0300] {logging_mixin.py:149} INFO - [2024-10-09T18:13:34.187-0300] {dag.py:2726} INFO - Sync 1 DAGs
[2024-10-09T18:13:34.205-0300] {logging_mixin.py:149} INFO - [2024-10-09T18:13:34.204-0300] {dag.py:3486} INFO - Setting next_dagrun for example_task_group to 2024-10-08T21:13:34.204770+00:00, run_after=2024-10-09T21:13:34.204770+00:00
[2024-10-09T18:13:34.343-0300] {processor.py:178} INFO - Processing /home/marti/Lighthouse/airflow_tooltorial/venv/lib/python3.8/site-packages/airflow/example_dags/example_task_group.py took 0.249 seconds
[2024-10-09T18:14:27.728-0300] {processor.py:156} INFO - Started process (PID=62885) to work on /home/marti/Lighthouse/airflow_tooltorial/venv/lib/python3.8/site-packages/airflow/example_dags/example_task_group.py
[2024-10-09T18:14:27.743-0300] {processor.py:799} INFO - Processing file /home/marti/Lighthouse/airflow_tooltorial/venv/lib/python3.8/site-packages/airflow/example_dags/example_task_group.py for tasks to queue
[2024-10-09T18:14:27.743-0300] {logging_mixin.py:149} INFO - [2024-10-09T18:14:27.743-0300] {dagbag.py:541} INFO - Filling up the DagBag from /home/marti/Lighthouse/airflow_tooltorial/venv/lib/python3.8/site-packages/airflow/example_dags/example_task_group.py
[2024-10-09T18:14:27.755-0300] {processor.py:809} INFO - DAG(s) dict_keys(['example_task_group']) retrieved from /home/marti/Lighthouse/airflow_tooltorial/venv/lib/python3.8/site-packages/airflow/example_dags/example_task_group.py
[2024-10-09T18:14:27.796-0300] {logging_mixin.py:149} INFO - [2024-10-09T18:14:27.796-0300] {dag.py:2726} INFO - Sync 1 DAGs
[2024-10-09T18:14:27.821-0300] {logging_mixin.py:149} INFO - [2024-10-09T18:14:27.821-0300] {dag.py:3486} INFO - Setting next_dagrun for example_task_group to 2024-10-08T21:14:27.821102+00:00, run_after=2024-10-09T21:14:27.821102+00:00
[2024-10-09T18:14:27.968-0300] {processor.py:178} INFO - Processing /home/marti/Lighthouse/airflow_tooltorial/venv/lib/python3.8/site-packages/airflow/example_dags/example_task_group.py took 0.244 seconds
[2024-10-09T18:15:25.850-0300] {processor.py:156} INFO - Started process (PID=63078) to work on /home/marti/Lighthouse/airflow_tooltorial/venv/lib/python3.8/site-packages/airflow/example_dags/example_task_group.py
[2024-10-09T18:15:25.906-0300] {processor.py:799} INFO - Processing file /home/marti/Lighthouse/airflow_tooltorial/venv/lib/python3.8/site-packages/airflow/example_dags/example_task_group.py for tasks to queue
[2024-10-09T18:15:25.907-0300] {logging_mixin.py:149} INFO - [2024-10-09T18:15:25.907-0300] {dagbag.py:541} INFO - Filling up the DagBag from /home/marti/Lighthouse/airflow_tooltorial/venv/lib/python3.8/site-packages/airflow/example_dags/example_task_group.py
[2024-10-09T18:15:25.917-0300] {processor.py:809} INFO - DAG(s) dict_keys(['example_task_group']) retrieved from /home/marti/Lighthouse/airflow_tooltorial/venv/lib/python3.8/site-packages/airflow/example_dags/example_task_group.py
[2024-10-09T18:15:25.938-0300] {logging_mixin.py:149} INFO - [2024-10-09T18:15:25.937-0300] {dag.py:2726} INFO - Sync 1 DAGs
[2024-10-09T18:15:25.958-0300] {logging_mixin.py:149} INFO - [2024-10-09T18:15:25.958-0300] {dag.py:3486} INFO - Setting next_dagrun for example_task_group to 2024-10-08T21:15:25.958473+00:00, run_after=2024-10-09T21:15:25.958473+00:00
[2024-10-09T18:15:26.072-0300] {processor.py:178} INFO - Processing /home/marti/Lighthouse/airflow_tooltorial/venv/lib/python3.8/site-packages/airflow/example_dags/example_task_group.py took 0.228 seconds
[2024-10-09T18:16:15.777-0300] {processor.py:156} INFO - Started process (PID=63290) to work on /home/marti/Lighthouse/airflow_tooltorial/venv/lib/python3.8/site-packages/airflow/example_dags/example_task_group.py
[2024-10-09T18:16:15.818-0300] {processor.py:799} INFO - Processing file /home/marti/Lighthouse/airflow_tooltorial/venv/lib/python3.8/site-packages/airflow/example_dags/example_task_group.py for tasks to queue
[2024-10-09T18:16:15.820-0300] {logging_mixin.py:149} INFO - [2024-10-09T18:16:15.820-0300] {dagbag.py:541} INFO - Filling up the DagBag from /home/marti/Lighthouse/airflow_tooltorial/venv/lib/python3.8/site-packages/airflow/example_dags/example_task_group.py
[2024-10-09T18:16:15.844-0300] {processor.py:809} INFO - DAG(s) dict_keys(['example_task_group']) retrieved from /home/marti/Lighthouse/airflow_tooltorial/venv/lib/python3.8/site-packages/airflow/example_dags/example_task_group.py
[2024-10-09T18:16:15.868-0300] {logging_mixin.py:149} INFO - [2024-10-09T18:16:15.868-0300] {dag.py:2726} INFO - Sync 1 DAGs
[2024-10-09T18:16:15.885-0300] {logging_mixin.py:149} INFO - [2024-10-09T18:16:15.885-0300] {dag.py:3486} INFO - Setting next_dagrun for example_task_group to 2024-10-08T21:16:15.885074+00:00, run_after=2024-10-09T21:16:15.885074+00:00
[2024-10-09T18:16:15.988-0300] {processor.py:178} INFO - Processing /home/marti/Lighthouse/airflow_tooltorial/venv/lib/python3.8/site-packages/airflow/example_dags/example_task_group.py took 0.220 seconds
[2024-10-09T18:17:10.849-0300] {processor.py:156} INFO - Started process (PID=63607) to work on /home/marti/Lighthouse/airflow_tooltorial/venv/lib/python3.8/site-packages/airflow/example_dags/example_task_group.py
[2024-10-09T18:17:10.867-0300] {processor.py:799} INFO - Processing file /home/marti/Lighthouse/airflow_tooltorial/venv/lib/python3.8/site-packages/airflow/example_dags/example_task_group.py for tasks to queue
[2024-10-09T18:17:10.871-0300] {logging_mixin.py:149} INFO - [2024-10-09T18:17:10.870-0300] {dagbag.py:541} INFO - Filling up the DagBag from /home/marti/Lighthouse/airflow_tooltorial/venv/lib/python3.8/site-packages/airflow/example_dags/example_task_group.py
[2024-10-09T18:17:10.895-0300] {processor.py:809} INFO - DAG(s) dict_keys(['example_task_group']) retrieved from /home/marti/Lighthouse/airflow_tooltorial/venv/lib/python3.8/site-packages/airflow/example_dags/example_task_group.py
[2024-10-09T18:17:10.928-0300] {logging_mixin.py:149} INFO - [2024-10-09T18:17:10.928-0300] {dag.py:2726} INFO - Sync 1 DAGs
[2024-10-09T18:17:10.949-0300] {logging_mixin.py:149} INFO - [2024-10-09T18:17:10.949-0300] {dag.py:3486} INFO - Setting next_dagrun for example_task_group to 2024-10-08T21:17:10.949204+00:00, run_after=2024-10-09T21:17:10.949204+00:00
[2024-10-09T18:17:11.247-0300] {processor.py:178} INFO - Processing /home/marti/Lighthouse/airflow_tooltorial/venv/lib/python3.8/site-packages/airflow/example_dags/example_task_group.py took 0.410 seconds
[2024-10-09T18:17:50.382-0300] {processor.py:156} INFO - Started process (PID=64030) to work on /home/marti/Lighthouse/airflow_tooltorial/venv/lib/python3.8/site-packages/airflow/example_dags/example_task_group.py
[2024-10-09T18:17:50.406-0300] {processor.py:799} INFO - Processing file /home/marti/Lighthouse/airflow_tooltorial/venv/lib/python3.8/site-packages/airflow/example_dags/example_task_group.py for tasks to queue
[2024-10-09T18:17:50.409-0300] {logging_mixin.py:149} INFO - [2024-10-09T18:17:50.409-0300] {dagbag.py:541} INFO - Filling up the DagBag from /home/marti/Lighthouse/airflow_tooltorial/venv/lib/python3.8/site-packages/airflow/example_dags/example_task_group.py
[2024-10-09T18:17:50.434-0300] {processor.py:809} INFO - DAG(s) dict_keys(['example_task_group']) retrieved from /home/marti/Lighthouse/airflow_tooltorial/venv/lib/python3.8/site-packages/airflow/example_dags/example_task_group.py
[2024-10-09T18:17:50.462-0300] {logging_mixin.py:149} INFO - [2024-10-09T18:17:50.462-0300] {dag.py:2726} INFO - Sync 1 DAGs
[2024-10-09T18:17:50.483-0300] {logging_mixin.py:149} INFO - [2024-10-09T18:17:50.483-0300] {dag.py:3486} INFO - Setting next_dagrun for example_task_group to 2024-10-08T21:17:50.482828+00:00, run_after=2024-10-09T21:17:50.482828+00:00
[2024-10-09T18:17:50.595-0300] {processor.py:178} INFO - Processing /home/marti/Lighthouse/airflow_tooltorial/venv/lib/python3.8/site-packages/airflow/example_dags/example_task_group.py took 0.217 seconds
[2024-10-09T18:18:43.757-0300] {processor.py:156} INFO - Started process (PID=64211) to work on /home/marti/Lighthouse/airflow_tooltorial/venv/lib/python3.8/site-packages/airflow/example_dags/example_task_group.py
[2024-10-09T18:18:43.796-0300] {processor.py:799} INFO - Processing file /home/marti/Lighthouse/airflow_tooltorial/venv/lib/python3.8/site-packages/airflow/example_dags/example_task_group.py for tasks to queue
[2024-10-09T18:18:43.796-0300] {logging_mixin.py:149} INFO - [2024-10-09T18:18:43.796-0300] {dagbag.py:541} INFO - Filling up the DagBag from /home/marti/Lighthouse/airflow_tooltorial/venv/lib/python3.8/site-packages/airflow/example_dags/example_task_group.py
[2024-10-09T18:18:43.803-0300] {processor.py:809} INFO - DAG(s) dict_keys(['example_task_group']) retrieved from /home/marti/Lighthouse/airflow_tooltorial/venv/lib/python3.8/site-packages/airflow/example_dags/example_task_group.py
[2024-10-09T18:18:43.822-0300] {logging_mixin.py:149} INFO - [2024-10-09T18:18:43.822-0300] {dag.py:2726} INFO - Sync 1 DAGs
[2024-10-09T18:18:43.837-0300] {logging_mixin.py:149} INFO - [2024-10-09T18:18:43.837-0300] {dag.py:3486} INFO - Setting next_dagrun for example_task_group to 2024-10-08T21:18:43.837104+00:00, run_after=2024-10-09T21:18:43.837104+00:00
[2024-10-09T18:18:43.948-0300] {processor.py:178} INFO - Processing /home/marti/Lighthouse/airflow_tooltorial/venv/lib/python3.8/site-packages/airflow/example_dags/example_task_group.py took 0.195 seconds
[2024-10-09T18:48:04.229-0300] {processor.py:156} INFO - Started process (PID=69549) to work on /home/marti/Lighthouse/airflow_tooltorial/venv/lib/python3.8/site-packages/airflow/example_dags/example_task_group.py
[2024-10-09T18:48:04.260-0300] {processor.py:799} INFO - Processing file /home/marti/Lighthouse/airflow_tooltorial/venv/lib/python3.8/site-packages/airflow/example_dags/example_task_group.py for tasks to queue
[2024-10-09T18:48:04.261-0300] {logging_mixin.py:149} INFO - [2024-10-09T18:48:04.261-0300] {dagbag.py:541} INFO - Filling up the DagBag from /home/marti/Lighthouse/airflow_tooltorial/venv/lib/python3.8/site-packages/airflow/example_dags/example_task_group.py
[2024-10-09T18:48:04.289-0300] {processor.py:809} INFO - DAG(s) dict_keys(['example_task_group']) retrieved from /home/marti/Lighthouse/airflow_tooltorial/venv/lib/python3.8/site-packages/airflow/example_dags/example_task_group.py
[2024-10-09T18:48:04.311-0300] {logging_mixin.py:149} INFO - [2024-10-09T18:48:04.311-0300] {dag.py:2726} INFO - Sync 1 DAGs
[2024-10-09T18:48:04.338-0300] {logging_mixin.py:149} INFO - [2024-10-09T18:48:04.338-0300] {dag.py:3486} INFO - Setting next_dagrun for example_task_group to 2024-10-08T21:48:04.338433+00:00, run_after=2024-10-09T21:48:04.338433+00:00
[2024-10-09T18:48:04.449-0300] {processor.py:178} INFO - Processing /home/marti/Lighthouse/airflow_tooltorial/venv/lib/python3.8/site-packages/airflow/example_dags/example_task_group.py took 0.227 seconds
[2024-10-09T18:51:31.168-0300] {processor.py:156} INFO - Started process (PID=70985) to work on /home/marti/Lighthouse/airflow_tooltorial/venv/lib/python3.8/site-packages/airflow/example_dags/example_task_group.py
[2024-10-09T18:51:31.208-0300] {processor.py:799} INFO - Processing file /home/marti/Lighthouse/airflow_tooltorial/venv/lib/python3.8/site-packages/airflow/example_dags/example_task_group.py for tasks to queue
[2024-10-09T18:51:31.210-0300] {logging_mixin.py:149} INFO - [2024-10-09T18:51:31.210-0300] {dagbag.py:541} INFO - Filling up the DagBag from /home/marti/Lighthouse/airflow_tooltorial/venv/lib/python3.8/site-packages/airflow/example_dags/example_task_group.py
[2024-10-09T18:51:31.237-0300] {processor.py:809} INFO - DAG(s) dict_keys(['example_task_group']) retrieved from /home/marti/Lighthouse/airflow_tooltorial/venv/lib/python3.8/site-packages/airflow/example_dags/example_task_group.py
[2024-10-09T18:51:31.247-0300] {logging_mixin.py:149} INFO - [2024-10-09T18:51:31.246-0300] {dag.py:2726} INFO - Sync 1 DAGs
[2024-10-09T18:51:31.266-0300] {logging_mixin.py:149} INFO - [2024-10-09T18:51:31.265-0300] {dag.py:3486} INFO - Setting next_dagrun for example_task_group to 2024-10-08T21:51:31.265721+00:00, run_after=2024-10-09T21:51:31.265721+00:00
[2024-10-09T18:51:31.420-0300] {processor.py:178} INFO - Processing /home/marti/Lighthouse/airflow_tooltorial/venv/lib/python3.8/site-packages/airflow/example_dags/example_task_group.py took 0.256 seconds
