[2024-10-09T18:07:30.937-0300] {processor.py:156} INFO - Started process (PID=61416) to work on /home/marti/Lighthouse/airflow_tooltorial/venv/lib/python3.8/site-packages/airflow/example_dags/example_branch_operator_decorator.py
[2024-10-09T18:07:30.938-0300] {processor.py:799} INFO - Processing file /home/marti/Lighthouse/airflow_tooltorial/venv/lib/python3.8/site-packages/airflow/example_dags/example_branch_operator_decorator.py for tasks to queue
[2024-10-09T18:07:30.939-0300] {logging_mixin.py:149} INFO - [2024-10-09T18:07:30.939-0300] {dagbag.py:541} INFO - Filling up the DagBag from /home/marti/Lighthouse/airflow_tooltorial/venv/lib/python3.8/site-packages/airflow/example_dags/example_branch_operator_decorator.py
[2024-10-09T18:07:30.950-0300] {processor.py:809} INFO - DAG(s) dict_keys(['example_branch_python_operator_decorator']) retrieved from /home/marti/Lighthouse/airflow_tooltorial/venv/lib/python3.8/site-packages/airflow/example_dags/example_branch_operator_decorator.py
[2024-10-09T18:07:31.573-0300] {logging_mixin.py:149} INFO - [2024-10-09T18:07:31.572-0300] {manager.py:504} INFO - Created Permission View: can read on DAG:example_branch_python_operator_decorator
[2024-10-09T18:07:31.750-0300] {logging_mixin.py:149} INFO - [2024-10-09T18:07:31.749-0300] {manager.py:504} INFO - Created Permission View: can edit on DAG:example_branch_python_operator_decorator
[2024-10-09T18:07:31.851-0300] {logging_mixin.py:149} INFO - [2024-10-09T18:07:31.850-0300] {manager.py:504} INFO - Created Permission View: can delete on DAG:example_branch_python_operator_decorator
[2024-10-09T18:07:31.853-0300] {logging_mixin.py:149} INFO - [2024-10-09T18:07:31.852-0300] {dag.py:2726} INFO - Sync 1 DAGs
[2024-10-09T18:07:31.892-0300] {logging_mixin.py:149} INFO - [2024-10-09T18:07:31.891-0300] {dag.py:2747} INFO - Creating ORM DAG for example_branch_python_operator_decorator
[2024-10-09T18:07:31.903-0300] {logging_mixin.py:149} INFO - [2024-10-09T18:07:31.903-0300] {dag.py:3486} INFO - Setting next_dagrun for example_branch_python_operator_decorator to 2024-10-08T00:00:00+00:00, run_after=2024-10-09T00:00:00+00:00
[2024-10-09T18:07:32.216-0300] {processor.py:178} INFO - Processing /home/marti/Lighthouse/airflow_tooltorial/venv/lib/python3.8/site-packages/airflow/example_dags/example_branch_operator_decorator.py took 1.283 seconds
[2024-10-09T18:08:50.294-0300] {processor.py:156} INFO - Started process (PID=62024) to work on /home/marti/Lighthouse/airflow_tooltorial/venv/lib/python3.8/site-packages/airflow/example_dags/example_branch_operator_decorator.py
[2024-10-09T18:08:50.314-0300] {processor.py:799} INFO - Processing file /home/marti/Lighthouse/airflow_tooltorial/venv/lib/python3.8/site-packages/airflow/example_dags/example_branch_operator_decorator.py for tasks to queue
[2024-10-09T18:08:50.317-0300] {logging_mixin.py:149} INFO - [2024-10-09T18:08:50.316-0300] {dagbag.py:541} INFO - Filling up the DagBag from /home/marti/Lighthouse/airflow_tooltorial/venv/lib/python3.8/site-packages/airflow/example_dags/example_branch_operator_decorator.py
[2024-10-09T18:08:50.360-0300] {processor.py:809} INFO - DAG(s) dict_keys(['example_branch_python_operator_decorator']) retrieved from /home/marti/Lighthouse/airflow_tooltorial/venv/lib/python3.8/site-packages/airflow/example_dags/example_branch_operator_decorator.py
[2024-10-09T18:08:50.406-0300] {logging_mixin.py:149} INFO - [2024-10-09T18:08:50.406-0300] {dag.py:2726} INFO - Sync 1 DAGs
[2024-10-09T18:08:50.549-0300] {logging_mixin.py:149} INFO - [2024-10-09T18:08:50.549-0300] {dag.py:3486} INFO - Setting next_dagrun for example_branch_python_operator_decorator to 2024-10-08T00:00:00+00:00, run_after=2024-10-09T00:00:00+00:00
[2024-10-09T18:08:50.717-0300] {processor.py:178} INFO - Processing /home/marti/Lighthouse/airflow_tooltorial/venv/lib/python3.8/site-packages/airflow/example_dags/example_branch_operator_decorator.py took 0.436 seconds
[2024-10-09T18:09:52.502-0300] {processor.py:156} INFO - Started process (PID=62192) to work on /home/marti/Lighthouse/airflow_tooltorial/venv/lib/python3.8/site-packages/airflow/example_dags/example_branch_operator_decorator.py
[2024-10-09T18:09:52.537-0300] {processor.py:799} INFO - Processing file /home/marti/Lighthouse/airflow_tooltorial/venv/lib/python3.8/site-packages/airflow/example_dags/example_branch_operator_decorator.py for tasks to queue
[2024-10-09T18:09:52.540-0300] {logging_mixin.py:149} INFO - [2024-10-09T18:09:52.539-0300] {dagbag.py:541} INFO - Filling up the DagBag from /home/marti/Lighthouse/airflow_tooltorial/venv/lib/python3.8/site-packages/airflow/example_dags/example_branch_operator_decorator.py
[2024-10-09T18:09:52.570-0300] {processor.py:809} INFO - DAG(s) dict_keys(['example_branch_python_operator_decorator']) retrieved from /home/marti/Lighthouse/airflow_tooltorial/venv/lib/python3.8/site-packages/airflow/example_dags/example_branch_operator_decorator.py
[2024-10-09T18:09:52.593-0300] {logging_mixin.py:149} INFO - [2024-10-09T18:09:52.592-0300] {dag.py:2726} INFO - Sync 1 DAGs
[2024-10-09T18:09:52.610-0300] {logging_mixin.py:149} INFO - [2024-10-09T18:09:52.610-0300] {dag.py:3486} INFO - Setting next_dagrun for example_branch_python_operator_decorator to 2024-10-08T00:00:00+00:00, run_after=2024-10-09T00:00:00+00:00
[2024-10-09T18:09:52.750-0300] {processor.py:178} INFO - Processing /home/marti/Lighthouse/airflow_tooltorial/venv/lib/python3.8/site-packages/airflow/example_dags/example_branch_operator_decorator.py took 0.257 seconds
[2024-10-09T18:10:59.796-0300] {processor.py:156} INFO - Started process (PID=62467) to work on /home/marti/Lighthouse/airflow_tooltorial/venv/lib/python3.8/site-packages/airflow/example_dags/example_branch_operator_decorator.py
[2024-10-09T18:10:59.835-0300] {processor.py:799} INFO - Processing file /home/marti/Lighthouse/airflow_tooltorial/venv/lib/python3.8/site-packages/airflow/example_dags/example_branch_operator_decorator.py for tasks to queue
[2024-10-09T18:10:59.837-0300] {logging_mixin.py:149} INFO - [2024-10-09T18:10:59.837-0300] {dagbag.py:541} INFO - Filling up the DagBag from /home/marti/Lighthouse/airflow_tooltorial/venv/lib/python3.8/site-packages/airflow/example_dags/example_branch_operator_decorator.py
[2024-10-09T18:10:59.854-0300] {processor.py:809} INFO - DAG(s) dict_keys(['example_branch_python_operator_decorator']) retrieved from /home/marti/Lighthouse/airflow_tooltorial/venv/lib/python3.8/site-packages/airflow/example_dags/example_branch_operator_decorator.py
[2024-10-09T18:10:59.880-0300] {logging_mixin.py:149} INFO - [2024-10-09T18:10:59.880-0300] {dag.py:2726} INFO - Sync 1 DAGs
[2024-10-09T18:10:59.898-0300] {logging_mixin.py:149} INFO - [2024-10-09T18:10:59.898-0300] {dag.py:3486} INFO - Setting next_dagrun for example_branch_python_operator_decorator to 2024-10-08T00:00:00+00:00, run_after=2024-10-09T00:00:00+00:00
[2024-10-09T18:11:00.057-0300] {processor.py:178} INFO - Processing /home/marti/Lighthouse/airflow_tooltorial/venv/lib/python3.8/site-packages/airflow/example_dags/example_branch_operator_decorator.py took 0.271 seconds
[2024-10-09T18:11:56.643-0300] {processor.py:156} INFO - Started process (PID=62609) to work on /home/marti/Lighthouse/airflow_tooltorial/venv/lib/python3.8/site-packages/airflow/example_dags/example_branch_operator_decorator.py
[2024-10-09T18:11:56.645-0300] {processor.py:799} INFO - Processing file /home/marti/Lighthouse/airflow_tooltorial/venv/lib/python3.8/site-packages/airflow/example_dags/example_branch_operator_decorator.py for tasks to queue
[2024-10-09T18:11:56.646-0300] {logging_mixin.py:149} INFO - [2024-10-09T18:11:56.646-0300] {dagbag.py:541} INFO - Filling up the DagBag from /home/marti/Lighthouse/airflow_tooltorial/venv/lib/python3.8/site-packages/airflow/example_dags/example_branch_operator_decorator.py
[2024-10-09T18:11:56.679-0300] {processor.py:809} INFO - DAG(s) dict_keys(['example_branch_python_operator_decorator']) retrieved from /home/marti/Lighthouse/airflow_tooltorial/venv/lib/python3.8/site-packages/airflow/example_dags/example_branch_operator_decorator.py
[2024-10-09T18:11:56.721-0300] {logging_mixin.py:149} INFO - [2024-10-09T18:11:56.721-0300] {dag.py:2726} INFO - Sync 1 DAGs
[2024-10-09T18:11:56.763-0300] {logging_mixin.py:149} INFO - [2024-10-09T18:11:56.762-0300] {dag.py:3486} INFO - Setting next_dagrun for example_branch_python_operator_decorator to 2024-10-08T00:00:00+00:00, run_after=2024-10-09T00:00:00+00:00
[2024-10-09T18:11:57.067-0300] {processor.py:178} INFO - Processing /home/marti/Lighthouse/airflow_tooltorial/venv/lib/python3.8/site-packages/airflow/example_dags/example_branch_operator_decorator.py took 0.430 seconds
[2024-10-09T18:12:50.144-0300] {processor.py:156} INFO - Started process (PID=62720) to work on /home/marti/Lighthouse/airflow_tooltorial/venv/lib/python3.8/site-packages/airflow/example_dags/example_branch_operator_decorator.py
[2024-10-09T18:12:50.161-0300] {processor.py:799} INFO - Processing file /home/marti/Lighthouse/airflow_tooltorial/venv/lib/python3.8/site-packages/airflow/example_dags/example_branch_operator_decorator.py for tasks to queue
[2024-10-09T18:12:50.162-0300] {logging_mixin.py:149} INFO - [2024-10-09T18:12:50.162-0300] {dagbag.py:541} INFO - Filling up the DagBag from /home/marti/Lighthouse/airflow_tooltorial/venv/lib/python3.8/site-packages/airflow/example_dags/example_branch_operator_decorator.py
[2024-10-09T18:12:50.183-0300] {processor.py:809} INFO - DAG(s) dict_keys(['example_branch_python_operator_decorator']) retrieved from /home/marti/Lighthouse/airflow_tooltorial/venv/lib/python3.8/site-packages/airflow/example_dags/example_branch_operator_decorator.py
[2024-10-09T18:12:50.344-0300] {logging_mixin.py:149} INFO - [2024-10-09T18:12:50.343-0300] {dag.py:2726} INFO - Sync 1 DAGs
[2024-10-09T18:12:50.384-0300] {logging_mixin.py:149} INFO - [2024-10-09T18:12:50.384-0300] {dag.py:3486} INFO - Setting next_dagrun for example_branch_python_operator_decorator to 2024-10-08T00:00:00+00:00, run_after=2024-10-09T00:00:00+00:00
[2024-10-09T18:12:50.506-0300] {processor.py:178} INFO - Processing /home/marti/Lighthouse/airflow_tooltorial/venv/lib/python3.8/site-packages/airflow/example_dags/example_branch_operator_decorator.py took 0.369 seconds
[2024-10-09T18:13:46.921-0300] {processor.py:156} INFO - Started process (PID=62783) to work on /home/marti/Lighthouse/airflow_tooltorial/venv/lib/python3.8/site-packages/airflow/example_dags/example_branch_operator_decorator.py
[2024-10-09T18:13:46.979-0300] {processor.py:799} INFO - Processing file /home/marti/Lighthouse/airflow_tooltorial/venv/lib/python3.8/site-packages/airflow/example_dags/example_branch_operator_decorator.py for tasks to queue
[2024-10-09T18:13:46.982-0300] {logging_mixin.py:149} INFO - [2024-10-09T18:13:46.981-0300] {dagbag.py:541} INFO - Filling up the DagBag from /home/marti/Lighthouse/airflow_tooltorial/venv/lib/python3.8/site-packages/airflow/example_dags/example_branch_operator_decorator.py
[2024-10-09T18:13:47.012-0300] {processor.py:809} INFO - DAG(s) dict_keys(['example_branch_python_operator_decorator']) retrieved from /home/marti/Lighthouse/airflow_tooltorial/venv/lib/python3.8/site-packages/airflow/example_dags/example_branch_operator_decorator.py
[2024-10-09T18:13:47.035-0300] {logging_mixin.py:149} INFO - [2024-10-09T18:13:47.035-0300] {dag.py:2726} INFO - Sync 1 DAGs
[2024-10-09T18:13:47.051-0300] {logging_mixin.py:149} INFO - [2024-10-09T18:13:47.051-0300] {dag.py:3486} INFO - Setting next_dagrun for example_branch_python_operator_decorator to 2024-10-08T00:00:00+00:00, run_after=2024-10-09T00:00:00+00:00
[2024-10-09T18:13:47.169-0300] {processor.py:178} INFO - Processing /home/marti/Lighthouse/airflow_tooltorial/venv/lib/python3.8/site-packages/airflow/example_dags/example_branch_operator_decorator.py took 0.251 seconds
[2024-10-09T18:14:41.852-0300] {processor.py:156} INFO - Started process (PID=62923) to work on /home/marti/Lighthouse/airflow_tooltorial/venv/lib/python3.8/site-packages/airflow/example_dags/example_branch_operator_decorator.py
[2024-10-09T18:14:41.880-0300] {processor.py:799} INFO - Processing file /home/marti/Lighthouse/airflow_tooltorial/venv/lib/python3.8/site-packages/airflow/example_dags/example_branch_operator_decorator.py for tasks to queue
[2024-10-09T18:14:41.882-0300] {logging_mixin.py:149} INFO - [2024-10-09T18:14:41.882-0300] {dagbag.py:541} INFO - Filling up the DagBag from /home/marti/Lighthouse/airflow_tooltorial/venv/lib/python3.8/site-packages/airflow/example_dags/example_branch_operator_decorator.py
[2024-10-09T18:14:41.912-0300] {processor.py:809} INFO - DAG(s) dict_keys(['example_branch_python_operator_decorator']) retrieved from /home/marti/Lighthouse/airflow_tooltorial/venv/lib/python3.8/site-packages/airflow/example_dags/example_branch_operator_decorator.py
[2024-10-09T18:14:41.944-0300] {logging_mixin.py:149} INFO - [2024-10-09T18:14:41.944-0300] {dag.py:2726} INFO - Sync 1 DAGs
[2024-10-09T18:14:41.973-0300] {logging_mixin.py:149} INFO - [2024-10-09T18:14:41.973-0300] {dag.py:3486} INFO - Setting next_dagrun for example_branch_python_operator_decorator to 2024-10-08T00:00:00+00:00, run_after=2024-10-09T00:00:00+00:00
[2024-10-09T18:14:42.121-0300] {processor.py:178} INFO - Processing /home/marti/Lighthouse/airflow_tooltorial/venv/lib/python3.8/site-packages/airflow/example_dags/example_branch_operator_decorator.py took 0.287 seconds
[2024-10-09T18:15:39.258-0300] {processor.py:156} INFO - Started process (PID=63100) to work on /home/marti/Lighthouse/airflow_tooltorial/venv/lib/python3.8/site-packages/airflow/example_dags/example_branch_operator_decorator.py
[2024-10-09T18:15:39.266-0300] {processor.py:799} INFO - Processing file /home/marti/Lighthouse/airflow_tooltorial/venv/lib/python3.8/site-packages/airflow/example_dags/example_branch_operator_decorator.py for tasks to queue
[2024-10-09T18:15:39.268-0300] {logging_mixin.py:149} INFO - [2024-10-09T18:15:39.267-0300] {dagbag.py:541} INFO - Filling up the DagBag from /home/marti/Lighthouse/airflow_tooltorial/venv/lib/python3.8/site-packages/airflow/example_dags/example_branch_operator_decorator.py
[2024-10-09T18:15:39.289-0300] {processor.py:809} INFO - DAG(s) dict_keys(['example_branch_python_operator_decorator']) retrieved from /home/marti/Lighthouse/airflow_tooltorial/venv/lib/python3.8/site-packages/airflow/example_dags/example_branch_operator_decorator.py
[2024-10-09T18:15:39.311-0300] {logging_mixin.py:149} INFO - [2024-10-09T18:15:39.311-0300] {dag.py:2726} INFO - Sync 1 DAGs
[2024-10-09T18:15:39.328-0300] {logging_mixin.py:149} INFO - [2024-10-09T18:15:39.328-0300] {dag.py:3486} INFO - Setting next_dagrun for example_branch_python_operator_decorator to 2024-10-08T00:00:00+00:00, run_after=2024-10-09T00:00:00+00:00
[2024-10-09T18:15:39.427-0300] {processor.py:178} INFO - Processing /home/marti/Lighthouse/airflow_tooltorial/venv/lib/python3.8/site-packages/airflow/example_dags/example_branch_operator_decorator.py took 0.176 seconds
[2024-10-09T18:16:28.055-0300] {processor.py:156} INFO - Started process (PID=63308) to work on /home/marti/Lighthouse/airflow_tooltorial/venv/lib/python3.8/site-packages/airflow/example_dags/example_branch_operator_decorator.py
[2024-10-09T18:16:28.111-0300] {processor.py:799} INFO - Processing file /home/marti/Lighthouse/airflow_tooltorial/venv/lib/python3.8/site-packages/airflow/example_dags/example_branch_operator_decorator.py for tasks to queue
[2024-10-09T18:16:28.114-0300] {logging_mixin.py:149} INFO - [2024-10-09T18:16:28.113-0300] {dagbag.py:541} INFO - Filling up the DagBag from /home/marti/Lighthouse/airflow_tooltorial/venv/lib/python3.8/site-packages/airflow/example_dags/example_branch_operator_decorator.py
[2024-10-09T18:16:28.146-0300] {processor.py:809} INFO - DAG(s) dict_keys(['example_branch_python_operator_decorator']) retrieved from /home/marti/Lighthouse/airflow_tooltorial/venv/lib/python3.8/site-packages/airflow/example_dags/example_branch_operator_decorator.py
[2024-10-09T18:16:28.170-0300] {logging_mixin.py:149} INFO - [2024-10-09T18:16:28.170-0300] {dag.py:2726} INFO - Sync 1 DAGs
[2024-10-09T18:16:28.188-0300] {logging_mixin.py:149} INFO - [2024-10-09T18:16:28.188-0300] {dag.py:3486} INFO - Setting next_dagrun for example_branch_python_operator_decorator to 2024-10-08T00:00:00+00:00, run_after=2024-10-09T00:00:00+00:00
[2024-10-09T18:16:28.292-0300] {processor.py:178} INFO - Processing /home/marti/Lighthouse/airflow_tooltorial/venv/lib/python3.8/site-packages/airflow/example_dags/example_branch_operator_decorator.py took 0.243 seconds
[2024-10-09T18:17:28.097-0300] {processor.py:156} INFO - Started process (PID=63931) to work on /home/marti/Lighthouse/airflow_tooltorial/venv/lib/python3.8/site-packages/airflow/example_dags/example_branch_operator_decorator.py
[2024-10-09T18:17:28.109-0300] {processor.py:799} INFO - Processing file /home/marti/Lighthouse/airflow_tooltorial/venv/lib/python3.8/site-packages/airflow/example_dags/example_branch_operator_decorator.py for tasks to queue
[2024-10-09T18:17:28.112-0300] {logging_mixin.py:149} INFO - [2024-10-09T18:17:28.111-0300] {dagbag.py:541} INFO - Filling up the DagBag from /home/marti/Lighthouse/airflow_tooltorial/venv/lib/python3.8/site-packages/airflow/example_dags/example_branch_operator_decorator.py
[2024-10-09T18:17:28.137-0300] {processor.py:809} INFO - DAG(s) dict_keys(['example_branch_python_operator_decorator']) retrieved from /home/marti/Lighthouse/airflow_tooltorial/venv/lib/python3.8/site-packages/airflow/example_dags/example_branch_operator_decorator.py
[2024-10-09T18:17:28.169-0300] {logging_mixin.py:149} INFO - [2024-10-09T18:17:28.168-0300] {dag.py:2726} INFO - Sync 1 DAGs
[2024-10-09T18:17:28.188-0300] {logging_mixin.py:149} INFO - [2024-10-09T18:17:28.188-0300] {dag.py:3486} INFO - Setting next_dagrun for example_branch_python_operator_decorator to 2024-10-08T00:00:00+00:00, run_after=2024-10-09T00:00:00+00:00
[2024-10-09T18:17:28.422-0300] {processor.py:178} INFO - Processing /home/marti/Lighthouse/airflow_tooltorial/venv/lib/python3.8/site-packages/airflow/example_dags/example_branch_operator_decorator.py took 0.338 seconds
[2024-10-09T18:18:24.278-0300] {processor.py:156} INFO - Started process (PID=64086) to work on /home/marti/Lighthouse/airflow_tooltorial/venv/lib/python3.8/site-packages/airflow/example_dags/example_branch_operator_decorator.py
[2024-10-09T18:18:24.320-0300] {processor.py:799} INFO - Processing file /home/marti/Lighthouse/airflow_tooltorial/venv/lib/python3.8/site-packages/airflow/example_dags/example_branch_operator_decorator.py for tasks to queue
[2024-10-09T18:18:24.322-0300] {logging_mixin.py:149} INFO - [2024-10-09T18:18:24.322-0300] {dagbag.py:541} INFO - Filling up the DagBag from /home/marti/Lighthouse/airflow_tooltorial/venv/lib/python3.8/site-packages/airflow/example_dags/example_branch_operator_decorator.py
[2024-10-09T18:18:24.362-0300] {processor.py:809} INFO - DAG(s) dict_keys(['example_branch_python_operator_decorator']) retrieved from /home/marti/Lighthouse/airflow_tooltorial/venv/lib/python3.8/site-packages/airflow/example_dags/example_branch_operator_decorator.py
[2024-10-09T18:18:24.405-0300] {logging_mixin.py:149} INFO - [2024-10-09T18:18:24.405-0300] {dag.py:2726} INFO - Sync 1 DAGs
[2024-10-09T18:18:24.425-0300] {logging_mixin.py:149} INFO - [2024-10-09T18:18:24.425-0300] {dag.py:3486} INFO - Setting next_dagrun for example_branch_python_operator_decorator to 2024-10-08T00:00:00+00:00, run_after=2024-10-09T00:00:00+00:00
[2024-10-09T18:18:24.545-0300] {processor.py:178} INFO - Processing /home/marti/Lighthouse/airflow_tooltorial/venv/lib/python3.8/site-packages/airflow/example_dags/example_branch_operator_decorator.py took 0.276 seconds
[2024-10-09T18:51:59.050-0300] {processor.py:156} INFO - Started process (PID=71025) to work on /home/marti/Lighthouse/airflow_tooltorial/venv/lib/python3.8/site-packages/airflow/example_dags/example_branch_operator_decorator.py
[2024-10-09T18:51:59.051-0300] {processor.py:799} INFO - Processing file /home/marti/Lighthouse/airflow_tooltorial/venv/lib/python3.8/site-packages/airflow/example_dags/example_branch_operator_decorator.py for tasks to queue
[2024-10-09T18:51:59.052-0300] {logging_mixin.py:149} INFO - [2024-10-09T18:51:59.052-0300] {dagbag.py:541} INFO - Filling up the DagBag from /home/marti/Lighthouse/airflow_tooltorial/venv/lib/python3.8/site-packages/airflow/example_dags/example_branch_operator_decorator.py
[2024-10-09T18:51:59.067-0300] {processor.py:809} INFO - DAG(s) dict_keys(['example_branch_python_operator_decorator']) retrieved from /home/marti/Lighthouse/airflow_tooltorial/venv/lib/python3.8/site-packages/airflow/example_dags/example_branch_operator_decorator.py
[2024-10-09T18:51:59.091-0300] {logging_mixin.py:149} INFO - [2024-10-09T18:51:59.091-0300] {dag.py:2726} INFO - Sync 1 DAGs
[2024-10-09T18:51:59.111-0300] {logging_mixin.py:149} INFO - [2024-10-09T18:51:59.111-0300] {dag.py:3486} INFO - Setting next_dagrun for example_branch_python_operator_decorator to 2024-10-08T00:00:00+00:00, run_after=2024-10-09T00:00:00+00:00
[2024-10-09T18:51:59.328-0300] {processor.py:178} INFO - Processing /home/marti/Lighthouse/airflow_tooltorial/venv/lib/python3.8/site-packages/airflow/example_dags/example_branch_operator_decorator.py took 0.283 seconds
