[2024-10-09T18:07:11.543-0300] {processor.py:156} INFO - Started process (PID=61390) to work on /home/marti/Lighthouse/airflow_tooltorial/venv/lib/python3.8/site-packages/airflow/example_dags/example_branch_operator.py
[2024-10-09T18:07:11.545-0300] {processor.py:799} INFO - Processing file /home/marti/Lighthouse/airflow_tooltorial/venv/lib/python3.8/site-packages/airflow/example_dags/example_branch_operator.py for tasks to queue
[2024-10-09T18:07:11.546-0300] {logging_mixin.py:149} INFO - [2024-10-09T18:07:11.546-0300] {dagbag.py:541} INFO - Filling up the DagBag from /home/marti/Lighthouse/airflow_tooltorial/venv/lib/python3.8/site-packages/airflow/example_dags/example_branch_operator.py
[2024-10-09T18:07:11.562-0300] {processor.py:809} INFO - DAG(s) dict_keys(['example_branch_operator']) retrieved from /home/marti/Lighthouse/airflow_tooltorial/venv/lib/python3.8/site-packages/airflow/example_dags/example_branch_operator.py
[2024-10-09T18:07:11.978-0300] {logging_mixin.py:149} INFO - [2024-10-09T18:07:11.977-0300] {manager.py:504} INFO - Created Permission View: can read on DAG:example_branch_operator
[2024-10-09T18:07:12.578-0300] {logging_mixin.py:149} INFO - [2024-10-09T18:07:12.577-0300] {manager.py:504} INFO - Created Permission View: can edit on DAG:example_branch_operator
[2024-10-09T18:07:12.689-0300] {logging_mixin.py:149} INFO - [2024-10-09T18:07:12.688-0300] {manager.py:504} INFO - Created Permission View: can delete on DAG:example_branch_operator
[2024-10-09T18:07:12.689-0300] {logging_mixin.py:149} INFO - [2024-10-09T18:07:12.689-0300] {dag.py:2726} INFO - Sync 1 DAGs
[2024-10-09T18:07:12.718-0300] {logging_mixin.py:149} INFO - [2024-10-09T18:07:12.718-0300] {dag.py:2747} INFO - Creating ORM DAG for example_branch_operator
[2024-10-09T18:07:12.731-0300] {logging_mixin.py:149} INFO - [2024-10-09T18:07:12.730-0300] {dag.py:3486} INFO - Setting next_dagrun for example_branch_operator to 2024-10-08T00:00:00+00:00, run_after=2024-10-09T00:00:00+00:00
[2024-10-09T18:07:12.908-0300] {processor.py:178} INFO - Processing /home/marti/Lighthouse/airflow_tooltorial/venv/lib/python3.8/site-packages/airflow/example_dags/example_branch_operator.py took 1.370 seconds
[2024-10-09T18:08:39.338-0300] {processor.py:156} INFO - Started process (PID=61952) to work on /home/marti/Lighthouse/airflow_tooltorial/venv/lib/python3.8/site-packages/airflow/example_dags/example_branch_operator.py
[2024-10-09T18:08:39.342-0300] {processor.py:799} INFO - Processing file /home/marti/Lighthouse/airflow_tooltorial/venv/lib/python3.8/site-packages/airflow/example_dags/example_branch_operator.py for tasks to queue
[2024-10-09T18:08:39.345-0300] {logging_mixin.py:149} INFO - [2024-10-09T18:08:39.345-0300] {dagbag.py:541} INFO - Filling up the DagBag from /home/marti/Lighthouse/airflow_tooltorial/venv/lib/python3.8/site-packages/airflow/example_dags/example_branch_operator.py
[2024-10-09T18:08:39.383-0300] {processor.py:809} INFO - DAG(s) dict_keys(['example_branch_operator']) retrieved from /home/marti/Lighthouse/airflow_tooltorial/venv/lib/python3.8/site-packages/airflow/example_dags/example_branch_operator.py
[2024-10-09T18:08:39.417-0300] {logging_mixin.py:149} INFO - [2024-10-09T18:08:39.417-0300] {dag.py:2726} INFO - Sync 1 DAGs
[2024-10-09T18:08:39.550-0300] {logging_mixin.py:149} INFO - [2024-10-09T18:08:39.550-0300] {dag.py:3486} INFO - Setting next_dagrun for example_branch_operator to 2024-10-08T00:00:00+00:00, run_after=2024-10-09T00:00:00+00:00
[2024-10-09T18:08:39.687-0300] {processor.py:178} INFO - Processing /home/marti/Lighthouse/airflow_tooltorial/venv/lib/python3.8/site-packages/airflow/example_dags/example_branch_operator.py took 0.360 seconds
[2024-10-09T18:09:42.136-0300] {processor.py:156} INFO - Started process (PID=62119) to work on /home/marti/Lighthouse/airflow_tooltorial/venv/lib/python3.8/site-packages/airflow/example_dags/example_branch_operator.py
[2024-10-09T18:09:42.183-0300] {processor.py:799} INFO - Processing file /home/marti/Lighthouse/airflow_tooltorial/venv/lib/python3.8/site-packages/airflow/example_dags/example_branch_operator.py for tasks to queue
[2024-10-09T18:09:42.186-0300] {logging_mixin.py:149} INFO - [2024-10-09T18:09:42.185-0300] {dagbag.py:541} INFO - Filling up the DagBag from /home/marti/Lighthouse/airflow_tooltorial/venv/lib/python3.8/site-packages/airflow/example_dags/example_branch_operator.py
[2024-10-09T18:09:42.215-0300] {processor.py:809} INFO - DAG(s) dict_keys(['example_branch_operator']) retrieved from /home/marti/Lighthouse/airflow_tooltorial/venv/lib/python3.8/site-packages/airflow/example_dags/example_branch_operator.py
[2024-10-09T18:09:42.240-0300] {logging_mixin.py:149} INFO - [2024-10-09T18:09:42.240-0300] {dag.py:2726} INFO - Sync 1 DAGs
[2024-10-09T18:09:42.256-0300] {logging_mixin.py:149} INFO - [2024-10-09T18:09:42.256-0300] {dag.py:3486} INFO - Setting next_dagrun for example_branch_operator to 2024-10-08T00:00:00+00:00, run_after=2024-10-09T00:00:00+00:00
[2024-10-09T18:09:42.393-0300] {processor.py:178} INFO - Processing /home/marti/Lighthouse/airflow_tooltorial/venv/lib/python3.8/site-packages/airflow/example_dags/example_branch_operator.py took 0.265 seconds
[2024-10-09T18:10:37.558-0300] {processor.py:156} INFO - Started process (PID=62304) to work on /home/marti/Lighthouse/airflow_tooltorial/venv/lib/python3.8/site-packages/airflow/example_dags/example_branch_operator.py
[2024-10-09T18:10:37.585-0300] {processor.py:799} INFO - Processing file /home/marti/Lighthouse/airflow_tooltorial/venv/lib/python3.8/site-packages/airflow/example_dags/example_branch_operator.py for tasks to queue
[2024-10-09T18:10:37.587-0300] {logging_mixin.py:149} INFO - [2024-10-09T18:10:37.587-0300] {dagbag.py:541} INFO - Filling up the DagBag from /home/marti/Lighthouse/airflow_tooltorial/venv/lib/python3.8/site-packages/airflow/example_dags/example_branch_operator.py
[2024-10-09T18:10:37.614-0300] {processor.py:809} INFO - DAG(s) dict_keys(['example_branch_operator']) retrieved from /home/marti/Lighthouse/airflow_tooltorial/venv/lib/python3.8/site-packages/airflow/example_dags/example_branch_operator.py
[2024-10-09T18:10:37.637-0300] {logging_mixin.py:149} INFO - [2024-10-09T18:10:37.637-0300] {dag.py:2726} INFO - Sync 1 DAGs
[2024-10-09T18:10:37.654-0300] {logging_mixin.py:149} INFO - [2024-10-09T18:10:37.654-0300] {dag.py:3486} INFO - Setting next_dagrun for example_branch_operator to 2024-10-08T00:00:00+00:00, run_after=2024-10-09T00:00:00+00:00
[2024-10-09T18:10:37.789-0300] {processor.py:178} INFO - Processing /home/marti/Lighthouse/airflow_tooltorial/venv/lib/python3.8/site-packages/airflow/example_dags/example_branch_operator.py took 0.240 seconds
[2024-10-09T18:11:33.265-0300] {processor.py:156} INFO - Started process (PID=62513) to work on /home/marti/Lighthouse/airflow_tooltorial/venv/lib/python3.8/site-packages/airflow/example_dags/example_branch_operator.py
[2024-10-09T18:11:33.282-0300] {processor.py:799} INFO - Processing file /home/marti/Lighthouse/airflow_tooltorial/venv/lib/python3.8/site-packages/airflow/example_dags/example_branch_operator.py for tasks to queue
[2024-10-09T18:11:33.283-0300] {logging_mixin.py:149} INFO - [2024-10-09T18:11:33.283-0300] {dagbag.py:541} INFO - Filling up the DagBag from /home/marti/Lighthouse/airflow_tooltorial/venv/lib/python3.8/site-packages/airflow/example_dags/example_branch_operator.py
[2024-10-09T18:11:33.291-0300] {processor.py:809} INFO - DAG(s) dict_keys(['example_branch_operator']) retrieved from /home/marti/Lighthouse/airflow_tooltorial/venv/lib/python3.8/site-packages/airflow/example_dags/example_branch_operator.py
[2024-10-09T18:11:33.310-0300] {logging_mixin.py:149} INFO - [2024-10-09T18:11:33.310-0300] {dag.py:2726} INFO - Sync 1 DAGs
[2024-10-09T18:11:33.326-0300] {logging_mixin.py:149} INFO - [2024-10-09T18:11:33.326-0300] {dag.py:3486} INFO - Setting next_dagrun for example_branch_operator to 2024-10-08T00:00:00+00:00, run_after=2024-10-09T00:00:00+00:00
[2024-10-09T18:11:33.471-0300] {processor.py:178} INFO - Processing /home/marti/Lighthouse/airflow_tooltorial/venv/lib/python3.8/site-packages/airflow/example_dags/example_branch_operator.py took 0.209 seconds
[2024-10-09T18:12:27.988-0300] {processor.py:156} INFO - Started process (PID=62639) to work on /home/marti/Lighthouse/airflow_tooltorial/venv/lib/python3.8/site-packages/airflow/example_dags/example_branch_operator.py
[2024-10-09T18:12:28.002-0300] {processor.py:799} INFO - Processing file /home/marti/Lighthouse/airflow_tooltorial/venv/lib/python3.8/site-packages/airflow/example_dags/example_branch_operator.py for tasks to queue
[2024-10-09T18:12:28.004-0300] {logging_mixin.py:149} INFO - [2024-10-09T18:12:28.003-0300] {dagbag.py:541} INFO - Filling up the DagBag from /home/marti/Lighthouse/airflow_tooltorial/venv/lib/python3.8/site-packages/airflow/example_dags/example_branch_operator.py
[2024-10-09T18:12:28.029-0300] {processor.py:809} INFO - DAG(s) dict_keys(['example_branch_operator']) retrieved from /home/marti/Lighthouse/airflow_tooltorial/venv/lib/python3.8/site-packages/airflow/example_dags/example_branch_operator.py
[2024-10-09T18:12:28.052-0300] {logging_mixin.py:149} INFO - [2024-10-09T18:12:28.052-0300] {dag.py:2726} INFO - Sync 1 DAGs
[2024-10-09T18:12:28.069-0300] {logging_mixin.py:149} INFO - [2024-10-09T18:12:28.069-0300] {dag.py:3486} INFO - Setting next_dagrun for example_branch_operator to 2024-10-08T00:00:00+00:00, run_after=2024-10-09T00:00:00+00:00
[2024-10-09T18:12:28.200-0300] {processor.py:178} INFO - Processing /home/marti/Lighthouse/airflow_tooltorial/venv/lib/python3.8/site-packages/airflow/example_dags/example_branch_operator.py took 0.217 seconds
[2024-10-09T18:13:18.934-0300] {processor.py:156} INFO - Started process (PID=62757) to work on /home/marti/Lighthouse/airflow_tooltorial/venv/lib/python3.8/site-packages/airflow/example_dags/example_branch_operator.py
[2024-10-09T18:13:18.967-0300] {processor.py:799} INFO - Processing file /home/marti/Lighthouse/airflow_tooltorial/venv/lib/python3.8/site-packages/airflow/example_dags/example_branch_operator.py for tasks to queue
[2024-10-09T18:13:18.970-0300] {logging_mixin.py:149} INFO - [2024-10-09T18:13:18.969-0300] {dagbag.py:541} INFO - Filling up the DagBag from /home/marti/Lighthouse/airflow_tooltorial/venv/lib/python3.8/site-packages/airflow/example_dags/example_branch_operator.py
[2024-10-09T18:13:19.005-0300] {processor.py:809} INFO - DAG(s) dict_keys(['example_branch_operator']) retrieved from /home/marti/Lighthouse/airflow_tooltorial/venv/lib/python3.8/site-packages/airflow/example_dags/example_branch_operator.py
[2024-10-09T18:13:19.027-0300] {logging_mixin.py:149} INFO - [2024-10-09T18:13:19.026-0300] {dag.py:2726} INFO - Sync 1 DAGs
[2024-10-09T18:13:19.044-0300] {logging_mixin.py:149} INFO - [2024-10-09T18:13:19.043-0300] {dag.py:3486} INFO - Setting next_dagrun for example_branch_operator to 2024-10-08T00:00:00+00:00, run_after=2024-10-09T00:00:00+00:00
[2024-10-09T18:13:19.168-0300] {processor.py:178} INFO - Processing /home/marti/Lighthouse/airflow_tooltorial/venv/lib/python3.8/site-packages/airflow/example_dags/example_branch_operator.py took 0.236 seconds
[2024-10-09T18:14:13.252-0300] {processor.py:156} INFO - Started process (PID=62874) to work on /home/marti/Lighthouse/airflow_tooltorial/venv/lib/python3.8/site-packages/airflow/example_dags/example_branch_operator.py
[2024-10-09T18:14:13.255-0300] {processor.py:799} INFO - Processing file /home/marti/Lighthouse/airflow_tooltorial/venv/lib/python3.8/site-packages/airflow/example_dags/example_branch_operator.py for tasks to queue
[2024-10-09T18:14:13.258-0300] {logging_mixin.py:149} INFO - [2024-10-09T18:14:13.257-0300] {dagbag.py:541} INFO - Filling up the DagBag from /home/marti/Lighthouse/airflow_tooltorial/venv/lib/python3.8/site-packages/airflow/example_dags/example_branch_operator.py
[2024-10-09T18:14:13.277-0300] {processor.py:809} INFO - DAG(s) dict_keys(['example_branch_operator']) retrieved from /home/marti/Lighthouse/airflow_tooltorial/venv/lib/python3.8/site-packages/airflow/example_dags/example_branch_operator.py
[2024-10-09T18:14:13.295-0300] {logging_mixin.py:149} INFO - [2024-10-09T18:14:13.295-0300] {dag.py:2726} INFO - Sync 1 DAGs
[2024-10-09T18:14:13.311-0300] {logging_mixin.py:149} INFO - [2024-10-09T18:14:13.311-0300] {dag.py:3486} INFO - Setting next_dagrun for example_branch_operator to 2024-10-08T00:00:00+00:00, run_after=2024-10-09T00:00:00+00:00
[2024-10-09T18:14:13.439-0300] {processor.py:178} INFO - Processing /home/marti/Lighthouse/airflow_tooltorial/venv/lib/python3.8/site-packages/airflow/example_dags/example_branch_operator.py took 0.198 seconds
[2024-10-09T18:15:09.659-0300] {processor.py:156} INFO - Started process (PID=63063) to work on /home/marti/Lighthouse/airflow_tooltorial/venv/lib/python3.8/site-packages/airflow/example_dags/example_branch_operator.py
[2024-10-09T18:15:09.664-0300] {processor.py:799} INFO - Processing file /home/marti/Lighthouse/airflow_tooltorial/venv/lib/python3.8/site-packages/airflow/example_dags/example_branch_operator.py for tasks to queue
[2024-10-09T18:15:09.666-0300] {logging_mixin.py:149} INFO - [2024-10-09T18:15:09.666-0300] {dagbag.py:541} INFO - Filling up the DagBag from /home/marti/Lighthouse/airflow_tooltorial/venv/lib/python3.8/site-packages/airflow/example_dags/example_branch_operator.py
[2024-10-09T18:15:09.693-0300] {processor.py:809} INFO - DAG(s) dict_keys(['example_branch_operator']) retrieved from /home/marti/Lighthouse/airflow_tooltorial/venv/lib/python3.8/site-packages/airflow/example_dags/example_branch_operator.py
[2024-10-09T18:15:09.715-0300] {logging_mixin.py:149} INFO - [2024-10-09T18:15:09.715-0300] {dag.py:2726} INFO - Sync 1 DAGs
[2024-10-09T18:15:09.734-0300] {logging_mixin.py:149} INFO - [2024-10-09T18:15:09.733-0300] {dag.py:3486} INFO - Setting next_dagrun for example_branch_operator to 2024-10-08T00:00:00+00:00, run_after=2024-10-09T00:00:00+00:00
[2024-10-09T18:15:09.848-0300] {processor.py:178} INFO - Processing /home/marti/Lighthouse/airflow_tooltorial/venv/lib/python3.8/site-packages/airflow/example_dags/example_branch_operator.py took 0.199 seconds
[2024-10-09T18:16:03.368-0300] {processor.py:156} INFO - Started process (PID=63270) to work on /home/marti/Lighthouse/airflow_tooltorial/venv/lib/python3.8/site-packages/airflow/example_dags/example_branch_operator.py
[2024-10-09T18:16:03.378-0300] {processor.py:799} INFO - Processing file /home/marti/Lighthouse/airflow_tooltorial/venv/lib/python3.8/site-packages/airflow/example_dags/example_branch_operator.py for tasks to queue
[2024-10-09T18:16:03.379-0300] {logging_mixin.py:149} INFO - [2024-10-09T18:16:03.379-0300] {dagbag.py:541} INFO - Filling up the DagBag from /home/marti/Lighthouse/airflow_tooltorial/venv/lib/python3.8/site-packages/airflow/example_dags/example_branch_operator.py
[2024-10-09T18:16:03.387-0300] {processor.py:809} INFO - DAG(s) dict_keys(['example_branch_operator']) retrieved from /home/marti/Lighthouse/airflow_tooltorial/venv/lib/python3.8/site-packages/airflow/example_dags/example_branch_operator.py
[2024-10-09T18:16:03.404-0300] {logging_mixin.py:149} INFO - [2024-10-09T18:16:03.404-0300] {dag.py:2726} INFO - Sync 1 DAGs
[2024-10-09T18:16:03.421-0300] {logging_mixin.py:149} INFO - [2024-10-09T18:16:03.420-0300] {dag.py:3486} INFO - Setting next_dagrun for example_branch_operator to 2024-10-08T00:00:00+00:00, run_after=2024-10-09T00:00:00+00:00
[2024-10-09T18:16:03.546-0300] {processor.py:178} INFO - Processing /home/marti/Lighthouse/airflow_tooltorial/venv/lib/python3.8/site-packages/airflow/example_dags/example_branch_operator.py took 0.181 seconds
[2024-10-09T18:16:54.383-0300] {processor.py:156} INFO - Started process (PID=63504) to work on /home/marti/Lighthouse/airflow_tooltorial/venv/lib/python3.8/site-packages/airflow/example_dags/example_branch_operator.py
[2024-10-09T18:16:54.408-0300] {processor.py:799} INFO - Processing file /home/marti/Lighthouse/airflow_tooltorial/venv/lib/python3.8/site-packages/airflow/example_dags/example_branch_operator.py for tasks to queue
[2024-10-09T18:16:54.409-0300] {logging_mixin.py:149} INFO - [2024-10-09T18:16:54.409-0300] {dagbag.py:541} INFO - Filling up the DagBag from /home/marti/Lighthouse/airflow_tooltorial/venv/lib/python3.8/site-packages/airflow/example_dags/example_branch_operator.py
[2024-10-09T18:16:54.443-0300] {processor.py:809} INFO - DAG(s) dict_keys(['example_branch_operator']) retrieved from /home/marti/Lighthouse/airflow_tooltorial/venv/lib/python3.8/site-packages/airflow/example_dags/example_branch_operator.py
[2024-10-09T18:16:54.508-0300] {logging_mixin.py:149} INFO - [2024-10-09T18:16:54.507-0300] {dag.py:2726} INFO - Sync 1 DAGs
[2024-10-09T18:16:54.559-0300] {logging_mixin.py:149} INFO - [2024-10-09T18:16:54.559-0300] {dag.py:3486} INFO - Setting next_dagrun for example_branch_operator to 2024-10-08T00:00:00+00:00, run_after=2024-10-09T00:00:00+00:00
[2024-10-09T18:16:54.676-0300] {processor.py:178} INFO - Processing /home/marti/Lighthouse/airflow_tooltorial/venv/lib/python3.8/site-packages/airflow/example_dags/example_branch_operator.py took 0.305 seconds
[2024-10-09T18:18:00.766-0300] {processor.py:156} INFO - Started process (PID=64060) to work on /home/marti/Lighthouse/airflow_tooltorial/venv/lib/python3.8/site-packages/airflow/example_dags/example_branch_operator.py
[2024-10-09T18:18:00.813-0300] {processor.py:799} INFO - Processing file /home/marti/Lighthouse/airflow_tooltorial/venv/lib/python3.8/site-packages/airflow/example_dags/example_branch_operator.py for tasks to queue
[2024-10-09T18:18:00.815-0300] {logging_mixin.py:149} INFO - [2024-10-09T18:18:00.814-0300] {dagbag.py:541} INFO - Filling up the DagBag from /home/marti/Lighthouse/airflow_tooltorial/venv/lib/python3.8/site-packages/airflow/example_dags/example_branch_operator.py
[2024-10-09T18:18:00.858-0300] {processor.py:809} INFO - DAG(s) dict_keys(['example_branch_operator']) retrieved from /home/marti/Lighthouse/airflow_tooltorial/venv/lib/python3.8/site-packages/airflow/example_dags/example_branch_operator.py
[2024-10-09T18:18:00.896-0300] {logging_mixin.py:149} INFO - [2024-10-09T18:18:00.896-0300] {dag.py:2726} INFO - Sync 1 DAGs
[2024-10-09T18:18:00.925-0300] {logging_mixin.py:149} INFO - [2024-10-09T18:18:00.924-0300] {dag.py:3486} INFO - Setting next_dagrun for example_branch_operator to 2024-10-08T00:00:00+00:00, run_after=2024-10-09T00:00:00+00:00
[2024-10-09T18:18:01.013-0300] {processor.py:178} INFO - Processing /home/marti/Lighthouse/airflow_tooltorial/venv/lib/python3.8/site-packages/airflow/example_dags/example_branch_operator.py took 0.255 seconds
[2024-10-09T18:18:55.048-0300] {processor.py:156} INFO - Started process (PID=64388) to work on /home/marti/Lighthouse/airflow_tooltorial/venv/lib/python3.8/site-packages/airflow/example_dags/example_branch_operator.py
[2024-10-09T18:18:55.066-0300] {processor.py:799} INFO - Processing file /home/marti/Lighthouse/airflow_tooltorial/venv/lib/python3.8/site-packages/airflow/example_dags/example_branch_operator.py for tasks to queue
[2024-10-09T18:18:55.068-0300] {logging_mixin.py:149} INFO - [2024-10-09T18:18:55.067-0300] {dagbag.py:541} INFO - Filling up the DagBag from /home/marti/Lighthouse/airflow_tooltorial/venv/lib/python3.8/site-packages/airflow/example_dags/example_branch_operator.py
[2024-10-09T18:18:55.087-0300] {processor.py:809} INFO - DAG(s) dict_keys(['example_branch_operator']) retrieved from /home/marti/Lighthouse/airflow_tooltorial/venv/lib/python3.8/site-packages/airflow/example_dags/example_branch_operator.py
[2024-10-09T18:18:55.108-0300] {logging_mixin.py:149} INFO - [2024-10-09T18:18:55.108-0300] {dag.py:2726} INFO - Sync 1 DAGs
[2024-10-09T18:18:55.124-0300] {logging_mixin.py:149} INFO - [2024-10-09T18:18:55.124-0300] {dag.py:3486} INFO - Setting next_dagrun for example_branch_operator to 2024-10-08T00:00:00+00:00, run_after=2024-10-09T00:00:00+00:00
[2024-10-09T18:18:55.214-0300] {processor.py:178} INFO - Processing /home/marti/Lighthouse/airflow_tooltorial/venv/lib/python3.8/site-packages/airflow/example_dags/example_branch_operator.py took 0.172 seconds
[2024-10-09T18:51:47.979-0300] {processor.py:156} INFO - Started process (PID=71015) to work on /home/marti/Lighthouse/airflow_tooltorial/venv/lib/python3.8/site-packages/airflow/example_dags/example_branch_operator.py
[2024-10-09T18:51:48.000-0300] {processor.py:799} INFO - Processing file /home/marti/Lighthouse/airflow_tooltorial/venv/lib/python3.8/site-packages/airflow/example_dags/example_branch_operator.py for tasks to queue
[2024-10-09T18:51:48.002-0300] {logging_mixin.py:149} INFO - [2024-10-09T18:51:48.002-0300] {dagbag.py:541} INFO - Filling up the DagBag from /home/marti/Lighthouse/airflow_tooltorial/venv/lib/python3.8/site-packages/airflow/example_dags/example_branch_operator.py
[2024-10-09T18:51:48.024-0300] {processor.py:809} INFO - DAG(s) dict_keys(['example_branch_operator']) retrieved from /home/marti/Lighthouse/airflow_tooltorial/venv/lib/python3.8/site-packages/airflow/example_dags/example_branch_operator.py
[2024-10-09T18:51:48.046-0300] {logging_mixin.py:149} INFO - [2024-10-09T18:51:48.045-0300] {dag.py:2726} INFO - Sync 1 DAGs
[2024-10-09T18:51:48.062-0300] {logging_mixin.py:149} INFO - [2024-10-09T18:51:48.062-0300] {dag.py:3486} INFO - Setting next_dagrun for example_branch_operator to 2024-10-08T00:00:00+00:00, run_after=2024-10-09T00:00:00+00:00
[2024-10-09T18:51:48.183-0300] {processor.py:178} INFO - Processing /home/marti/Lighthouse/airflow_tooltorial/venv/lib/python3.8/site-packages/airflow/example_dags/example_branch_operator.py took 0.213 seconds
