[2024-10-09T18:06:59.748-0300] {processor.py:156} INFO - Started process (PID=61382) to work on /home/marti/Lighthouse/airflow_tooltorial/venv/lib/python3.8/site-packages/airflow/example_dags/example_datasets.py
[2024-10-09T18:06:59.748-0300] {processor.py:799} INFO - Processing file /home/marti/Lighthouse/airflow_tooltorial/venv/lib/python3.8/site-packages/airflow/example_dags/example_datasets.py for tasks to queue
[2024-10-09T18:06:59.749-0300] {logging_mixin.py:149} INFO - [2024-10-09T18:06:59.749-0300] {dagbag.py:541} INFO - Filling up the DagBag from /home/marti/Lighthouse/airflow_tooltorial/venv/lib/python3.8/site-packages/airflow/example_dags/example_datasets.py
[2024-10-09T18:06:59.755-0300] {processor.py:809} INFO - DAG(s) dict_keys(['dataset_produces_2', 'dataset_consumes_1_never_scheduled', 'dataset_consumes_1_and_2', 'dataset_consumes_unknown_never_scheduled', 'dataset_produces_1', 'dataset_consumes_1']) retrieved from /home/marti/Lighthouse/airflow_tooltorial/venv/lib/python3.8/site-packages/airflow/example_dags/example_datasets.py
[2024-10-09T18:07:00.452-0300] {logging_mixin.py:149} INFO - [2024-10-09T18:07:00.452-0300] {manager.py:504} INFO - Created Permission View: can read on DAG:dataset_produces_2
[2024-10-09T18:07:00.575-0300] {logging_mixin.py:149} INFO - [2024-10-09T18:07:00.574-0300] {manager.py:504} INFO - Created Permission View: can edit on DAG:dataset_produces_2
[2024-10-09T18:07:00.709-0300] {logging_mixin.py:149} INFO - [2024-10-09T18:07:00.708-0300] {manager.py:504} INFO - Created Permission View: can delete on DAG:dataset_produces_2
[2024-10-09T18:07:00.964-0300] {logging_mixin.py:149} INFO - [2024-10-09T18:07:00.963-0300] {manager.py:504} INFO - Created Permission View: can read on DAG:dataset_consumes_1_never_scheduled
[2024-10-09T18:07:01.170-0300] {logging_mixin.py:149} INFO - [2024-10-09T18:07:01.169-0300] {manager.py:504} INFO - Created Permission View: can edit on DAG:dataset_consumes_1_never_scheduled
[2024-10-09T18:07:01.308-0300] {logging_mixin.py:149} INFO - [2024-10-09T18:07:01.308-0300] {manager.py:504} INFO - Created Permission View: can delete on DAG:dataset_consumes_1_never_scheduled
[2024-10-09T18:07:01.752-0300] {logging_mixin.py:149} INFO - [2024-10-09T18:07:01.752-0300] {manager.py:504} INFO - Created Permission View: can read on DAG:dataset_consumes_1_and_2
[2024-10-09T18:07:01.963-0300] {logging_mixin.py:149} INFO - [2024-10-09T18:07:01.963-0300] {manager.py:504} INFO - Created Permission View: can edit on DAG:dataset_consumes_1_and_2
[2024-10-09T18:07:02.177-0300] {logging_mixin.py:149} INFO - [2024-10-09T18:07:02.177-0300] {manager.py:504} INFO - Created Permission View: can delete on DAG:dataset_consumes_1_and_2
[2024-10-09T18:07:02.642-0300] {logging_mixin.py:149} INFO - [2024-10-09T18:07:02.641-0300] {manager.py:504} INFO - Created Permission View: can read on DAG:dataset_consumes_unknown_never_scheduled
[2024-10-09T18:07:02.764-0300] {logging_mixin.py:149} INFO - [2024-10-09T18:07:02.763-0300] {manager.py:504} INFO - Created Permission View: can edit on DAG:dataset_consumes_unknown_never_scheduled
[2024-10-09T18:07:02.885-0300] {logging_mixin.py:149} INFO - [2024-10-09T18:07:02.885-0300] {manager.py:504} INFO - Created Permission View: can delete on DAG:dataset_consumes_unknown_never_scheduled
[2024-10-09T18:07:03.119-0300] {logging_mixin.py:149} INFO - [2024-10-09T18:07:03.119-0300] {manager.py:504} INFO - Created Permission View: can read on DAG:dataset_produces_1
[2024-10-09T18:07:03.242-0300] {logging_mixin.py:149} INFO - [2024-10-09T18:07:03.241-0300] {manager.py:504} INFO - Created Permission View: can edit on DAG:dataset_produces_1
[2024-10-09T18:07:03.320-0300] {logging_mixin.py:149} INFO - [2024-10-09T18:07:03.319-0300] {manager.py:504} INFO - Created Permission View: can delete on DAG:dataset_produces_1
[2024-10-09T18:07:03.497-0300] {logging_mixin.py:149} INFO - [2024-10-09T18:07:03.497-0300] {manager.py:504} INFO - Created Permission View: can read on DAG:dataset_consumes_1
[2024-10-09T18:07:03.574-0300] {logging_mixin.py:149} INFO - [2024-10-09T18:07:03.574-0300] {manager.py:504} INFO - Created Permission View: can edit on DAG:dataset_consumes_1
[2024-10-09T18:07:03.775-0300] {logging_mixin.py:149} INFO - [2024-10-09T18:07:03.775-0300] {manager.py:504} INFO - Created Permission View: can delete on DAG:dataset_consumes_1
[2024-10-09T18:07:03.776-0300] {logging_mixin.py:149} INFO - [2024-10-09T18:07:03.776-0300] {dag.py:2726} INFO - Sync 6 DAGs
[2024-10-09T18:07:03.808-0300] {logging_mixin.py:149} INFO - [2024-10-09T18:07:03.807-0300] {dag.py:2747} INFO - Creating ORM DAG for dataset_consumes_1
[2024-10-09T18:07:03.809-0300] {logging_mixin.py:149} INFO - [2024-10-09T18:07:03.809-0300] {dag.py:2747} INFO - Creating ORM DAG for dataset_produces_1
[2024-10-09T18:07:03.810-0300] {logging_mixin.py:149} INFO - [2024-10-09T18:07:03.810-0300] {dag.py:2747} INFO - Creating ORM DAG for dataset_produces_2
[2024-10-09T18:07:03.811-0300] {logging_mixin.py:149} INFO - [2024-10-09T18:07:03.811-0300] {dag.py:2747} INFO - Creating ORM DAG for dataset_consumes_1_never_scheduled
[2024-10-09T18:07:03.812-0300] {logging_mixin.py:149} INFO - [2024-10-09T18:07:03.812-0300] {dag.py:2747} INFO - Creating ORM DAG for dataset_consumes_unknown_never_scheduled
[2024-10-09T18:07:03.812-0300] {logging_mixin.py:149} INFO - [2024-10-09T18:07:03.812-0300] {dag.py:2747} INFO - Creating ORM DAG for dataset_consumes_1_and_2
[2024-10-09T18:07:03.823-0300] {logging_mixin.py:149} INFO - [2024-10-09T18:07:03.823-0300] {dag.py:3486} INFO - Setting next_dagrun for dataset_consumes_1 to None, run_after=None
[2024-10-09T18:07:03.824-0300] {logging_mixin.py:149} INFO - [2024-10-09T18:07:03.824-0300] {dag.py:3486} INFO - Setting next_dagrun for dataset_consumes_1_and_2 to None, run_after=None
[2024-10-09T18:07:03.824-0300] {logging_mixin.py:149} INFO - [2024-10-09T18:07:03.824-0300] {dag.py:3486} INFO - Setting next_dagrun for dataset_consumes_1_never_scheduled to None, run_after=None
[2024-10-09T18:07:03.825-0300] {logging_mixin.py:149} INFO - [2024-10-09T18:07:03.825-0300] {dag.py:3486} INFO - Setting next_dagrun for dataset_consumes_unknown_never_scheduled to None, run_after=None
[2024-10-09T18:07:03.827-0300] {logging_mixin.py:149} INFO - [2024-10-09T18:07:03.827-0300] {dag.py:3486} INFO - Setting next_dagrun for dataset_produces_1 to 2024-10-08T00:00:00+00:00, run_after=2024-10-09T00:00:00+00:00
[2024-10-09T18:07:03.827-0300] {logging_mixin.py:149} INFO - [2024-10-09T18:07:03.827-0300] {dag.py:3486} INFO - Setting next_dagrun for dataset_produces_2 to None, run_after=None
[2024-10-09T18:07:04.019-0300] {processor.py:178} INFO - Processing /home/marti/Lighthouse/airflow_tooltorial/venv/lib/python3.8/site-packages/airflow/example_dags/example_datasets.py took 4.274 seconds
[2024-10-09T18:08:32.858-0300] {processor.py:156} INFO - Started process (PID=61882) to work on /home/marti/Lighthouse/airflow_tooltorial/venv/lib/python3.8/site-packages/airflow/example_dags/example_datasets.py
[2024-10-09T18:08:32.896-0300] {processor.py:799} INFO - Processing file /home/marti/Lighthouse/airflow_tooltorial/venv/lib/python3.8/site-packages/airflow/example_dags/example_datasets.py for tasks to queue
[2024-10-09T18:08:32.899-0300] {logging_mixin.py:149} INFO - [2024-10-09T18:08:32.898-0300] {dagbag.py:541} INFO - Filling up the DagBag from /home/marti/Lighthouse/airflow_tooltorial/venv/lib/python3.8/site-packages/airflow/example_dags/example_datasets.py
[2024-10-09T18:08:32.920-0300] {processor.py:809} INFO - DAG(s) dict_keys(['dataset_produces_2', 'dataset_produces_1', 'dataset_consumes_unknown_never_scheduled', 'dataset_consumes_1_and_2', 'dataset_consumes_1_never_scheduled', 'dataset_consumes_1']) retrieved from /home/marti/Lighthouse/airflow_tooltorial/venv/lib/python3.8/site-packages/airflow/example_dags/example_datasets.py
[2024-10-09T18:08:32.990-0300] {logging_mixin.py:149} INFO - [2024-10-09T18:08:32.989-0300] {dag.py:2726} INFO - Sync 6 DAGs
[2024-10-09T18:08:33.189-0300] {logging_mixin.py:149} INFO - [2024-10-09T18:08:33.188-0300] {dag.py:3486} INFO - Setting next_dagrun for dataset_consumes_1 to None, run_after=None
[2024-10-09T18:08:33.195-0300] {logging_mixin.py:149} INFO - [2024-10-09T18:08:33.195-0300] {dag.py:3486} INFO - Setting next_dagrun for dataset_consumes_1_and_2 to None, run_after=None
[2024-10-09T18:08:33.198-0300] {logging_mixin.py:149} INFO - [2024-10-09T18:08:33.198-0300] {dag.py:3486} INFO - Setting next_dagrun for dataset_consumes_1_never_scheduled to None, run_after=None
[2024-10-09T18:08:33.200-0300] {logging_mixin.py:149} INFO - [2024-10-09T18:08:33.200-0300] {dag.py:3486} INFO - Setting next_dagrun for dataset_consumes_unknown_never_scheduled to None, run_after=None
[2024-10-09T18:08:33.204-0300] {logging_mixin.py:149} INFO - [2024-10-09T18:08:33.204-0300] {dag.py:3486} INFO - Setting next_dagrun for dataset_produces_1 to 2024-10-08T00:00:00+00:00, run_after=2024-10-09T00:00:00+00:00
[2024-10-09T18:08:33.206-0300] {logging_mixin.py:149} INFO - [2024-10-09T18:08:33.206-0300] {dag.py:3486} INFO - Setting next_dagrun for dataset_produces_2 to None, run_after=None
[2024-10-09T18:08:33.452-0300] {processor.py:178} INFO - Processing /home/marti/Lighthouse/airflow_tooltorial/venv/lib/python3.8/site-packages/airflow/example_dags/example_datasets.py took 0.599 seconds
[2024-10-09T18:09:38.059-0300] {processor.py:156} INFO - Started process (PID=62115) to work on /home/marti/Lighthouse/airflow_tooltorial/venv/lib/python3.8/site-packages/airflow/example_dags/example_datasets.py
[2024-10-09T18:09:38.085-0300] {processor.py:799} INFO - Processing file /home/marti/Lighthouse/airflow_tooltorial/venv/lib/python3.8/site-packages/airflow/example_dags/example_datasets.py for tasks to queue
[2024-10-09T18:09:38.086-0300] {logging_mixin.py:149} INFO - [2024-10-09T18:09:38.086-0300] {dagbag.py:541} INFO - Filling up the DagBag from /home/marti/Lighthouse/airflow_tooltorial/venv/lib/python3.8/site-packages/airflow/example_dags/example_datasets.py
[2024-10-09T18:09:38.106-0300] {processor.py:809} INFO - DAG(s) dict_keys(['dataset_consumes_unknown_never_scheduled', 'dataset_produces_1', 'dataset_produces_2', 'dataset_consumes_1_and_2', 'dataset_consumes_1', 'dataset_consumes_1_never_scheduled']) retrieved from /home/marti/Lighthouse/airflow_tooltorial/venv/lib/python3.8/site-packages/airflow/example_dags/example_datasets.py
[2024-10-09T18:09:38.157-0300] {logging_mixin.py:149} INFO - [2024-10-09T18:09:38.157-0300] {dag.py:2726} INFO - Sync 6 DAGs
[2024-10-09T18:09:38.177-0300] {logging_mixin.py:149} INFO - [2024-10-09T18:09:38.177-0300] {dag.py:3486} INFO - Setting next_dagrun for dataset_consumes_1 to None, run_after=None
[2024-10-09T18:09:38.181-0300] {logging_mixin.py:149} INFO - [2024-10-09T18:09:38.181-0300] {dag.py:3486} INFO - Setting next_dagrun for dataset_consumes_1_and_2 to None, run_after=None
[2024-10-09T18:09:38.184-0300] {logging_mixin.py:149} INFO - [2024-10-09T18:09:38.184-0300] {dag.py:3486} INFO - Setting next_dagrun for dataset_consumes_1_never_scheduled to None, run_after=None
[2024-10-09T18:09:38.186-0300] {logging_mixin.py:149} INFO - [2024-10-09T18:09:38.186-0300] {dag.py:3486} INFO - Setting next_dagrun for dataset_consumes_unknown_never_scheduled to None, run_after=None
[2024-10-09T18:09:38.189-0300] {logging_mixin.py:149} INFO - [2024-10-09T18:09:38.188-0300] {dag.py:3486} INFO - Setting next_dagrun for dataset_produces_1 to 2024-10-08T00:00:00+00:00, run_after=2024-10-09T00:00:00+00:00
[2024-10-09T18:09:38.191-0300] {logging_mixin.py:149} INFO - [2024-10-09T18:09:38.191-0300] {dag.py:3486} INFO - Setting next_dagrun for dataset_produces_2 to None, run_after=None
[2024-10-09T18:09:38.331-0300] {processor.py:178} INFO - Processing /home/marti/Lighthouse/airflow_tooltorial/venv/lib/python3.8/site-packages/airflow/example_dags/example_datasets.py took 0.288 seconds
[2024-10-09T18:10:31.749-0300] {processor.py:156} INFO - Started process (PID=62280) to work on /home/marti/Lighthouse/airflow_tooltorial/venv/lib/python3.8/site-packages/airflow/example_dags/example_datasets.py
[2024-10-09T18:10:31.768-0300] {processor.py:799} INFO - Processing file /home/marti/Lighthouse/airflow_tooltorial/venv/lib/python3.8/site-packages/airflow/example_dags/example_datasets.py for tasks to queue
[2024-10-09T18:10:31.769-0300] {logging_mixin.py:149} INFO - [2024-10-09T18:10:31.769-0300] {dagbag.py:541} INFO - Filling up the DagBag from /home/marti/Lighthouse/airflow_tooltorial/venv/lib/python3.8/site-packages/airflow/example_dags/example_datasets.py
[2024-10-09T18:10:31.776-0300] {processor.py:809} INFO - DAG(s) dict_keys(['dataset_consumes_1', 'dataset_consumes_unknown_never_scheduled', 'dataset_produces_2', 'dataset_consumes_1_and_2', 'dataset_consumes_1_never_scheduled', 'dataset_produces_1']) retrieved from /home/marti/Lighthouse/airflow_tooltorial/venv/lib/python3.8/site-packages/airflow/example_dags/example_datasets.py
[2024-10-09T18:10:31.802-0300] {logging_mixin.py:149} INFO - [2024-10-09T18:10:31.802-0300] {dag.py:2726} INFO - Sync 6 DAGs
[2024-10-09T18:10:31.820-0300] {logging_mixin.py:149} INFO - [2024-10-09T18:10:31.820-0300] {dag.py:3486} INFO - Setting next_dagrun for dataset_consumes_1 to None, run_after=None
[2024-10-09T18:10:31.823-0300] {logging_mixin.py:149} INFO - [2024-10-09T18:10:31.823-0300] {dag.py:3486} INFO - Setting next_dagrun for dataset_consumes_1_and_2 to None, run_after=None
[2024-10-09T18:10:31.824-0300] {logging_mixin.py:149} INFO - [2024-10-09T18:10:31.824-0300] {dag.py:3486} INFO - Setting next_dagrun for dataset_consumes_1_never_scheduled to None, run_after=None
[2024-10-09T18:10:31.825-0300] {logging_mixin.py:149} INFO - [2024-10-09T18:10:31.825-0300] {dag.py:3486} INFO - Setting next_dagrun for dataset_consumes_unknown_never_scheduled to None, run_after=None
[2024-10-09T18:10:31.827-0300] {logging_mixin.py:149} INFO - [2024-10-09T18:10:31.827-0300] {dag.py:3486} INFO - Setting next_dagrun for dataset_produces_1 to 2024-10-08T00:00:00+00:00, run_after=2024-10-09T00:00:00+00:00
[2024-10-09T18:10:31.827-0300] {logging_mixin.py:149} INFO - [2024-10-09T18:10:31.827-0300] {dag.py:3486} INFO - Setting next_dagrun for dataset_produces_2 to None, run_after=None
[2024-10-09T18:10:31.993-0300] {processor.py:178} INFO - Processing /home/marti/Lighthouse/airflow_tooltorial/venv/lib/python3.8/site-packages/airflow/example_dags/example_datasets.py took 0.248 seconds
[2024-10-09T18:11:28.137-0300] {processor.py:156} INFO - Started process (PID=62509) to work on /home/marti/Lighthouse/airflow_tooltorial/venv/lib/python3.8/site-packages/airflow/example_dags/example_datasets.py
[2024-10-09T18:11:28.148-0300] {processor.py:799} INFO - Processing file /home/marti/Lighthouse/airflow_tooltorial/venv/lib/python3.8/site-packages/airflow/example_dags/example_datasets.py for tasks to queue
[2024-10-09T18:11:28.149-0300] {logging_mixin.py:149} INFO - [2024-10-09T18:11:28.149-0300] {dagbag.py:541} INFO - Filling up the DagBag from /home/marti/Lighthouse/airflow_tooltorial/venv/lib/python3.8/site-packages/airflow/example_dags/example_datasets.py
[2024-10-09T18:11:28.159-0300] {processor.py:809} INFO - DAG(s) dict_keys(['dataset_consumes_unknown_never_scheduled', 'dataset_produces_2', 'dataset_consumes_1_never_scheduled', 'dataset_consumes_1', 'dataset_produces_1', 'dataset_consumes_1_and_2']) retrieved from /home/marti/Lighthouse/airflow_tooltorial/venv/lib/python3.8/site-packages/airflow/example_dags/example_datasets.py
[2024-10-09T18:11:28.188-0300] {logging_mixin.py:149} INFO - [2024-10-09T18:11:28.187-0300] {dag.py:2726} INFO - Sync 6 DAGs
[2024-10-09T18:11:28.203-0300] {logging_mixin.py:149} INFO - [2024-10-09T18:11:28.203-0300] {dag.py:3486} INFO - Setting next_dagrun for dataset_consumes_1 to None, run_after=None
[2024-10-09T18:11:28.206-0300] {logging_mixin.py:149} INFO - [2024-10-09T18:11:28.206-0300] {dag.py:3486} INFO - Setting next_dagrun for dataset_consumes_1_and_2 to None, run_after=None
[2024-10-09T18:11:28.207-0300] {logging_mixin.py:149} INFO - [2024-10-09T18:11:28.207-0300] {dag.py:3486} INFO - Setting next_dagrun for dataset_consumes_1_never_scheduled to None, run_after=None
[2024-10-09T18:11:28.208-0300] {logging_mixin.py:149} INFO - [2024-10-09T18:11:28.207-0300] {dag.py:3486} INFO - Setting next_dagrun for dataset_consumes_unknown_never_scheduled to None, run_after=None
[2024-10-09T18:11:28.209-0300] {logging_mixin.py:149} INFO - [2024-10-09T18:11:28.209-0300] {dag.py:3486} INFO - Setting next_dagrun for dataset_produces_1 to 2024-10-08T00:00:00+00:00, run_after=2024-10-09T00:00:00+00:00
[2024-10-09T18:11:28.210-0300] {logging_mixin.py:149} INFO - [2024-10-09T18:11:28.210-0300] {dag.py:3486} INFO - Setting next_dagrun for dataset_produces_2 to None, run_after=None
[2024-10-09T18:11:28.380-0300] {processor.py:178} INFO - Processing /home/marti/Lighthouse/airflow_tooltorial/venv/lib/python3.8/site-packages/airflow/example_dags/example_datasets.py took 0.246 seconds
[2024-10-09T18:12:22.397-0300] {processor.py:156} INFO - Started process (PID=62635) to work on /home/marti/Lighthouse/airflow_tooltorial/venv/lib/python3.8/site-packages/airflow/example_dags/example_datasets.py
[2024-10-09T18:12:22.422-0300] {processor.py:799} INFO - Processing file /home/marti/Lighthouse/airflow_tooltorial/venv/lib/python3.8/site-packages/airflow/example_dags/example_datasets.py for tasks to queue
[2024-10-09T18:12:22.424-0300] {logging_mixin.py:149} INFO - [2024-10-09T18:12:22.423-0300] {dagbag.py:541} INFO - Filling up the DagBag from /home/marti/Lighthouse/airflow_tooltorial/venv/lib/python3.8/site-packages/airflow/example_dags/example_datasets.py
[2024-10-09T18:12:22.458-0300] {processor.py:809} INFO - DAG(s) dict_keys(['dataset_consumes_1_never_scheduled', 'dataset_produces_2', 'dataset_consumes_1_and_2', 'dataset_consumes_unknown_never_scheduled', 'dataset_consumes_1', 'dataset_produces_1']) retrieved from /home/marti/Lighthouse/airflow_tooltorial/venv/lib/python3.8/site-packages/airflow/example_dags/example_datasets.py
[2024-10-09T18:12:22.490-0300] {logging_mixin.py:149} INFO - [2024-10-09T18:12:22.490-0300] {dag.py:2726} INFO - Sync 6 DAGs
[2024-10-09T18:12:22.506-0300] {logging_mixin.py:149} INFO - [2024-10-09T18:12:22.506-0300] {dag.py:3486} INFO - Setting next_dagrun for dataset_consumes_1 to None, run_after=None
[2024-10-09T18:12:22.508-0300] {logging_mixin.py:149} INFO - [2024-10-09T18:12:22.508-0300] {dag.py:3486} INFO - Setting next_dagrun for dataset_consumes_1_and_2 to None, run_after=None
[2024-10-09T18:12:22.509-0300] {logging_mixin.py:149} INFO - [2024-10-09T18:12:22.509-0300] {dag.py:3486} INFO - Setting next_dagrun for dataset_consumes_1_never_scheduled to None, run_after=None
[2024-10-09T18:12:22.510-0300] {logging_mixin.py:149} INFO - [2024-10-09T18:12:22.509-0300] {dag.py:3486} INFO - Setting next_dagrun for dataset_consumes_unknown_never_scheduled to None, run_after=None
[2024-10-09T18:12:22.511-0300] {logging_mixin.py:149} INFO - [2024-10-09T18:12:22.511-0300] {dag.py:3486} INFO - Setting next_dagrun for dataset_produces_1 to 2024-10-08T00:00:00+00:00, run_after=2024-10-09T00:00:00+00:00
[2024-10-09T18:12:22.512-0300] {logging_mixin.py:149} INFO - [2024-10-09T18:12:22.512-0300] {dag.py:3486} INFO - Setting next_dagrun for dataset_produces_2 to None, run_after=None
[2024-10-09T18:12:22.698-0300] {processor.py:178} INFO - Processing /home/marti/Lighthouse/airflow_tooltorial/venv/lib/python3.8/site-packages/airflow/example_dags/example_datasets.py took 0.310 seconds
[2024-10-09T18:13:13.457-0300] {processor.py:156} INFO - Started process (PID=62752) to work on /home/marti/Lighthouse/airflow_tooltorial/venv/lib/python3.8/site-packages/airflow/example_dags/example_datasets.py
[2024-10-09T18:13:13.511-0300] {processor.py:799} INFO - Processing file /home/marti/Lighthouse/airflow_tooltorial/venv/lib/python3.8/site-packages/airflow/example_dags/example_datasets.py for tasks to queue
[2024-10-09T18:13:13.513-0300] {logging_mixin.py:149} INFO - [2024-10-09T18:13:13.513-0300] {dagbag.py:541} INFO - Filling up the DagBag from /home/marti/Lighthouse/airflow_tooltorial/venv/lib/python3.8/site-packages/airflow/example_dags/example_datasets.py
[2024-10-09T18:13:13.540-0300] {processor.py:809} INFO - DAG(s) dict_keys(['dataset_consumes_1_never_scheduled', 'dataset_consumes_unknown_never_scheduled', 'dataset_consumes_1_and_2', 'dataset_consumes_1', 'dataset_produces_2', 'dataset_produces_1']) retrieved from /home/marti/Lighthouse/airflow_tooltorial/venv/lib/python3.8/site-packages/airflow/example_dags/example_datasets.py
[2024-10-09T18:13:13.571-0300] {logging_mixin.py:149} INFO - [2024-10-09T18:13:13.571-0300] {dag.py:2726} INFO - Sync 6 DAGs
[2024-10-09T18:13:13.590-0300] {logging_mixin.py:149} INFO - [2024-10-09T18:13:13.590-0300] {dag.py:3486} INFO - Setting next_dagrun for dataset_consumes_1 to None, run_after=None
[2024-10-09T18:13:13.593-0300] {logging_mixin.py:149} INFO - [2024-10-09T18:13:13.593-0300] {dag.py:3486} INFO - Setting next_dagrun for dataset_consumes_1_and_2 to None, run_after=None
[2024-10-09T18:13:13.594-0300] {logging_mixin.py:149} INFO - [2024-10-09T18:13:13.594-0300] {dag.py:3486} INFO - Setting next_dagrun for dataset_consumes_1_never_scheduled to None, run_after=None
[2024-10-09T18:13:13.594-0300] {logging_mixin.py:149} INFO - [2024-10-09T18:13:13.594-0300] {dag.py:3486} INFO - Setting next_dagrun for dataset_consumes_unknown_never_scheduled to None, run_after=None
[2024-10-09T18:13:13.596-0300] {logging_mixin.py:149} INFO - [2024-10-09T18:13:13.596-0300] {dag.py:3486} INFO - Setting next_dagrun for dataset_produces_1 to 2024-10-08T00:00:00+00:00, run_after=2024-10-09T00:00:00+00:00
[2024-10-09T18:13:13.597-0300] {logging_mixin.py:149} INFO - [2024-10-09T18:13:13.597-0300] {dag.py:3486} INFO - Setting next_dagrun for dataset_produces_2 to None, run_after=None
[2024-10-09T18:13:13.781-0300] {processor.py:178} INFO - Processing /home/marti/Lighthouse/airflow_tooltorial/venv/lib/python3.8/site-packages/airflow/example_dags/example_datasets.py took 0.330 seconds
[2024-10-09T18:14:07.761-0300] {processor.py:156} INFO - Started process (PID=62869) to work on /home/marti/Lighthouse/airflow_tooltorial/venv/lib/python3.8/site-packages/airflow/example_dags/example_datasets.py
[2024-10-09T18:14:07.763-0300] {processor.py:799} INFO - Processing file /home/marti/Lighthouse/airflow_tooltorial/venv/lib/python3.8/site-packages/airflow/example_dags/example_datasets.py for tasks to queue
[2024-10-09T18:14:07.765-0300] {logging_mixin.py:149} INFO - [2024-10-09T18:14:07.764-0300] {dagbag.py:541} INFO - Filling up the DagBag from /home/marti/Lighthouse/airflow_tooltorial/venv/lib/python3.8/site-packages/airflow/example_dags/example_datasets.py
[2024-10-09T18:14:07.784-0300] {processor.py:809} INFO - DAG(s) dict_keys(['dataset_consumes_1_never_scheduled', 'dataset_produces_1', 'dataset_produces_2', 'dataset_consumes_1', 'dataset_consumes_unknown_never_scheduled', 'dataset_consumes_1_and_2']) retrieved from /home/marti/Lighthouse/airflow_tooltorial/venv/lib/python3.8/site-packages/airflow/example_dags/example_datasets.py
[2024-10-09T18:14:07.813-0300] {logging_mixin.py:149} INFO - [2024-10-09T18:14:07.813-0300] {dag.py:2726} INFO - Sync 6 DAGs
[2024-10-09T18:14:07.828-0300] {logging_mixin.py:149} INFO - [2024-10-09T18:14:07.828-0300] {dag.py:3486} INFO - Setting next_dagrun for dataset_consumes_1 to None, run_after=None
[2024-10-09T18:14:07.831-0300] {logging_mixin.py:149} INFO - [2024-10-09T18:14:07.831-0300] {dag.py:3486} INFO - Setting next_dagrun for dataset_consumes_1_and_2 to None, run_after=None
[2024-10-09T18:14:07.831-0300] {logging_mixin.py:149} INFO - [2024-10-09T18:14:07.831-0300] {dag.py:3486} INFO - Setting next_dagrun for dataset_consumes_1_never_scheduled to None, run_after=None
[2024-10-09T18:14:07.832-0300] {logging_mixin.py:149} INFO - [2024-10-09T18:14:07.832-0300] {dag.py:3486} INFO - Setting next_dagrun for dataset_consumes_unknown_never_scheduled to None, run_after=None
[2024-10-09T18:14:07.834-0300] {logging_mixin.py:149} INFO - [2024-10-09T18:14:07.834-0300] {dag.py:3486} INFO - Setting next_dagrun for dataset_produces_1 to 2024-10-08T00:00:00+00:00, run_after=2024-10-09T00:00:00+00:00
[2024-10-09T18:14:07.834-0300] {logging_mixin.py:149} INFO - [2024-10-09T18:14:07.834-0300] {dag.py:3486} INFO - Setting next_dagrun for dataset_produces_2 to None, run_after=None
[2024-10-09T18:14:08.000-0300] {processor.py:178} INFO - Processing /home/marti/Lighthouse/airflow_tooltorial/venv/lib/python3.8/site-packages/airflow/example_dags/example_datasets.py took 0.245 seconds
[2024-10-09T18:15:03.804-0300] {processor.py:156} INFO - Started process (PID=63058) to work on /home/marti/Lighthouse/airflow_tooltorial/venv/lib/python3.8/site-packages/airflow/example_dags/example_datasets.py
[2024-10-09T18:15:03.835-0300] {processor.py:799} INFO - Processing file /home/marti/Lighthouse/airflow_tooltorial/venv/lib/python3.8/site-packages/airflow/example_dags/example_datasets.py for tasks to queue
[2024-10-09T18:15:03.836-0300] {logging_mixin.py:149} INFO - [2024-10-09T18:15:03.836-0300] {dagbag.py:541} INFO - Filling up the DagBag from /home/marti/Lighthouse/airflow_tooltorial/venv/lib/python3.8/site-packages/airflow/example_dags/example_datasets.py
[2024-10-09T18:15:03.862-0300] {processor.py:809} INFO - DAG(s) dict_keys(['dataset_produces_1', 'dataset_produces_2', 'dataset_consumes_1', 'dataset_consumes_1_and_2', 'dataset_consumes_1_never_scheduled', 'dataset_consumes_unknown_never_scheduled']) retrieved from /home/marti/Lighthouse/airflow_tooltorial/venv/lib/python3.8/site-packages/airflow/example_dags/example_datasets.py
[2024-10-09T18:15:04.080-0300] {logging_mixin.py:149} INFO - [2024-10-09T18:15:04.080-0300] {dag.py:2726} INFO - Sync 6 DAGs
[2024-10-09T18:15:04.107-0300] {logging_mixin.py:149} INFO - [2024-10-09T18:15:04.107-0300] {dag.py:3486} INFO - Setting next_dagrun for dataset_consumes_1 to None, run_after=None
[2024-10-09T18:15:04.112-0300] {logging_mixin.py:149} INFO - [2024-10-09T18:15:04.112-0300] {dag.py:3486} INFO - Setting next_dagrun for dataset_consumes_1_and_2 to None, run_after=None
[2024-10-09T18:15:04.114-0300] {logging_mixin.py:149} INFO - [2024-10-09T18:15:04.114-0300] {dag.py:3486} INFO - Setting next_dagrun for dataset_consumes_1_never_scheduled to None, run_after=None
[2024-10-09T18:15:04.115-0300] {logging_mixin.py:149} INFO - [2024-10-09T18:15:04.115-0300] {dag.py:3486} INFO - Setting next_dagrun for dataset_consumes_unknown_never_scheduled to None, run_after=None
[2024-10-09T18:15:04.118-0300] {logging_mixin.py:149} INFO - [2024-10-09T18:15:04.117-0300] {dag.py:3486} INFO - Setting next_dagrun for dataset_produces_1 to 2024-10-08T00:00:00+00:00, run_after=2024-10-09T00:00:00+00:00
[2024-10-09T18:15:04.118-0300] {logging_mixin.py:149} INFO - [2024-10-09T18:15:04.118-0300] {dag.py:3486} INFO - Setting next_dagrun for dataset_produces_2 to None, run_after=None
[2024-10-09T18:15:04.270-0300] {processor.py:178} INFO - Processing /home/marti/Lighthouse/airflow_tooltorial/venv/lib/python3.8/site-packages/airflow/example_dags/example_datasets.py took 0.472 seconds
[2024-10-09T18:15:57.806-0300] {processor.py:156} INFO - Started process (PID=63258) to work on /home/marti/Lighthouse/airflow_tooltorial/venv/lib/python3.8/site-packages/airflow/example_dags/example_datasets.py
[2024-10-09T18:15:57.845-0300] {processor.py:799} INFO - Processing file /home/marti/Lighthouse/airflow_tooltorial/venv/lib/python3.8/site-packages/airflow/example_dags/example_datasets.py for tasks to queue
[2024-10-09T18:15:57.845-0300] {logging_mixin.py:149} INFO - [2024-10-09T18:15:57.845-0300] {dagbag.py:541} INFO - Filling up the DagBag from /home/marti/Lighthouse/airflow_tooltorial/venv/lib/python3.8/site-packages/airflow/example_dags/example_datasets.py
[2024-10-09T18:15:57.853-0300] {processor.py:809} INFO - DAG(s) dict_keys(['dataset_consumes_unknown_never_scheduled', 'dataset_produces_2', 'dataset_consumes_1_never_scheduled', 'dataset_produces_1', 'dataset_consumes_1', 'dataset_consumes_1_and_2']) retrieved from /home/marti/Lighthouse/airflow_tooltorial/venv/lib/python3.8/site-packages/airflow/example_dags/example_datasets.py
[2024-10-09T18:15:57.879-0300] {logging_mixin.py:149} INFO - [2024-10-09T18:15:57.879-0300] {dag.py:2726} INFO - Sync 6 DAGs
[2024-10-09T18:15:57.896-0300] {logging_mixin.py:149} INFO - [2024-10-09T18:15:57.896-0300] {dag.py:3486} INFO - Setting next_dagrun for dataset_consumes_1 to None, run_after=None
[2024-10-09T18:15:57.899-0300] {logging_mixin.py:149} INFO - [2024-10-09T18:15:57.899-0300] {dag.py:3486} INFO - Setting next_dagrun for dataset_consumes_1_and_2 to None, run_after=None
[2024-10-09T18:15:57.899-0300] {logging_mixin.py:149} INFO - [2024-10-09T18:15:57.899-0300] {dag.py:3486} INFO - Setting next_dagrun for dataset_consumes_1_never_scheduled to None, run_after=None
[2024-10-09T18:15:57.900-0300] {logging_mixin.py:149} INFO - [2024-10-09T18:15:57.900-0300] {dag.py:3486} INFO - Setting next_dagrun for dataset_consumes_unknown_never_scheduled to None, run_after=None
[2024-10-09T18:15:57.902-0300] {logging_mixin.py:149} INFO - [2024-10-09T18:15:57.902-0300] {dag.py:3486} INFO - Setting next_dagrun for dataset_produces_1 to 2024-10-08T00:00:00+00:00, run_after=2024-10-09T00:00:00+00:00
[2024-10-09T18:15:57.903-0300] {logging_mixin.py:149} INFO - [2024-10-09T18:15:57.903-0300] {dag.py:3486} INFO - Setting next_dagrun for dataset_produces_2 to None, run_after=None
[2024-10-09T18:15:58.111-0300] {processor.py:178} INFO - Processing /home/marti/Lighthouse/airflow_tooltorial/venv/lib/python3.8/site-packages/airflow/example_dags/example_datasets.py took 0.309 seconds
[2024-10-09T18:16:48.797-0300] {processor.py:156} INFO - Started process (PID=63433) to work on /home/marti/Lighthouse/airflow_tooltorial/venv/lib/python3.8/site-packages/airflow/example_dags/example_datasets.py
[2024-10-09T18:16:48.829-0300] {processor.py:799} INFO - Processing file /home/marti/Lighthouse/airflow_tooltorial/venv/lib/python3.8/site-packages/airflow/example_dags/example_datasets.py for tasks to queue
[2024-10-09T18:16:48.831-0300] {logging_mixin.py:149} INFO - [2024-10-09T18:16:48.831-0300] {dagbag.py:541} INFO - Filling up the DagBag from /home/marti/Lighthouse/airflow_tooltorial/venv/lib/python3.8/site-packages/airflow/example_dags/example_datasets.py
[2024-10-09T18:16:48.847-0300] {processor.py:809} INFO - DAG(s) dict_keys(['dataset_consumes_unknown_never_scheduled', 'dataset_produces_1', 'dataset_consumes_1', 'dataset_consumes_1_never_scheduled', 'dataset_produces_2', 'dataset_consumes_1_and_2']) retrieved from /home/marti/Lighthouse/airflow_tooltorial/venv/lib/python3.8/site-packages/airflow/example_dags/example_datasets.py
[2024-10-09T18:16:48.902-0300] {logging_mixin.py:149} INFO - [2024-10-09T18:16:48.902-0300] {dag.py:2726} INFO - Sync 6 DAGs
[2024-10-09T18:16:48.933-0300] {logging_mixin.py:149} INFO - [2024-10-09T18:16:48.933-0300] {dag.py:3486} INFO - Setting next_dagrun for dataset_consumes_1 to None, run_after=None
[2024-10-09T18:16:48.937-0300] {logging_mixin.py:149} INFO - [2024-10-09T18:16:48.936-0300] {dag.py:3486} INFO - Setting next_dagrun for dataset_consumes_1_and_2 to None, run_after=None
[2024-10-09T18:16:48.939-0300] {logging_mixin.py:149} INFO - [2024-10-09T18:16:48.939-0300] {dag.py:3486} INFO - Setting next_dagrun for dataset_consumes_1_never_scheduled to None, run_after=None
[2024-10-09T18:16:48.943-0300] {logging_mixin.py:149} INFO - [2024-10-09T18:16:48.943-0300] {dag.py:3486} INFO - Setting next_dagrun for dataset_consumes_unknown_never_scheduled to None, run_after=None
[2024-10-09T18:16:48.947-0300] {logging_mixin.py:149} INFO - [2024-10-09T18:16:48.947-0300] {dag.py:3486} INFO - Setting next_dagrun for dataset_produces_1 to 2024-10-08T00:00:00+00:00, run_after=2024-10-09T00:00:00+00:00
[2024-10-09T18:16:48.948-0300] {logging_mixin.py:149} INFO - [2024-10-09T18:16:48.948-0300] {dag.py:3486} INFO - Setting next_dagrun for dataset_produces_2 to None, run_after=None
[2024-10-09T18:16:49.105-0300] {processor.py:178} INFO - Processing /home/marti/Lighthouse/airflow_tooltorial/venv/lib/python3.8/site-packages/airflow/example_dags/example_datasets.py took 0.310 seconds
[2024-10-09T18:17:56.271-0300] {processor.py:156} INFO - Started process (PID=64052) to work on /home/marti/Lighthouse/airflow_tooltorial/venv/lib/python3.8/site-packages/airflow/example_dags/example_datasets.py
[2024-10-09T18:17:56.292-0300] {processor.py:799} INFO - Processing file /home/marti/Lighthouse/airflow_tooltorial/venv/lib/python3.8/site-packages/airflow/example_dags/example_datasets.py for tasks to queue
[2024-10-09T18:17:56.293-0300] {logging_mixin.py:149} INFO - [2024-10-09T18:17:56.293-0300] {dagbag.py:541} INFO - Filling up the DagBag from /home/marti/Lighthouse/airflow_tooltorial/venv/lib/python3.8/site-packages/airflow/example_dags/example_datasets.py
[2024-10-09T18:17:56.304-0300] {processor.py:809} INFO - DAG(s) dict_keys(['dataset_consumes_1_and_2', 'dataset_consumes_unknown_never_scheduled', 'dataset_produces_2', 'dataset_consumes_1', 'dataset_consumes_1_never_scheduled', 'dataset_produces_1']) retrieved from /home/marti/Lighthouse/airflow_tooltorial/venv/lib/python3.8/site-packages/airflow/example_dags/example_datasets.py
[2024-10-09T18:17:56.342-0300] {logging_mixin.py:149} INFO - [2024-10-09T18:17:56.342-0300] {dag.py:2726} INFO - Sync 6 DAGs
[2024-10-09T18:17:56.368-0300] {logging_mixin.py:149} INFO - [2024-10-09T18:17:56.368-0300] {dag.py:3486} INFO - Setting next_dagrun for dataset_consumes_1 to None, run_after=None
[2024-10-09T18:17:56.371-0300] {logging_mixin.py:149} INFO - [2024-10-09T18:17:56.371-0300] {dag.py:3486} INFO - Setting next_dagrun for dataset_consumes_1_and_2 to None, run_after=None
[2024-10-09T18:17:56.372-0300] {logging_mixin.py:149} INFO - [2024-10-09T18:17:56.372-0300] {dag.py:3486} INFO - Setting next_dagrun for dataset_consumes_1_never_scheduled to None, run_after=None
[2024-10-09T18:17:56.373-0300] {logging_mixin.py:149} INFO - [2024-10-09T18:17:56.373-0300] {dag.py:3486} INFO - Setting next_dagrun for dataset_consumes_unknown_never_scheduled to None, run_after=None
[2024-10-09T18:17:56.377-0300] {logging_mixin.py:149} INFO - [2024-10-09T18:17:56.376-0300] {dag.py:3486} INFO - Setting next_dagrun for dataset_produces_1 to 2024-10-08T00:00:00+00:00, run_after=2024-10-09T00:00:00+00:00
[2024-10-09T18:17:56.378-0300] {logging_mixin.py:149} INFO - [2024-10-09T18:17:56.378-0300] {dag.py:3486} INFO - Setting next_dagrun for dataset_produces_2 to None, run_after=None
[2024-10-09T18:17:56.499-0300] {processor.py:178} INFO - Processing /home/marti/Lighthouse/airflow_tooltorial/venv/lib/python3.8/site-packages/airflow/example_dags/example_datasets.py took 0.231 seconds
[2024-10-09T18:18:50.914-0300] {processor.py:156} INFO - Started process (PID=64321) to work on /home/marti/Lighthouse/airflow_tooltorial/venv/lib/python3.8/site-packages/airflow/example_dags/example_datasets.py
[2024-10-09T18:18:50.942-0300] {processor.py:799} INFO - Processing file /home/marti/Lighthouse/airflow_tooltorial/venv/lib/python3.8/site-packages/airflow/example_dags/example_datasets.py for tasks to queue
[2024-10-09T18:18:50.945-0300] {logging_mixin.py:149} INFO - [2024-10-09T18:18:50.944-0300] {dagbag.py:541} INFO - Filling up the DagBag from /home/marti/Lighthouse/airflow_tooltorial/venv/lib/python3.8/site-packages/airflow/example_dags/example_datasets.py
[2024-10-09T18:18:50.969-0300] {processor.py:809} INFO - DAG(s) dict_keys(['dataset_produces_1', 'dataset_consumes_1_and_2', 'dataset_produces_2', 'dataset_consumes_unknown_never_scheduled', 'dataset_consumes_1', 'dataset_consumes_1_never_scheduled']) retrieved from /home/marti/Lighthouse/airflow_tooltorial/venv/lib/python3.8/site-packages/airflow/example_dags/example_datasets.py
[2024-10-09T18:18:50.999-0300] {logging_mixin.py:149} INFO - [2024-10-09T18:18:50.999-0300] {dag.py:2726} INFO - Sync 6 DAGs
[2024-10-09T18:18:51.015-0300] {logging_mixin.py:149} INFO - [2024-10-09T18:18:51.014-0300] {dag.py:3486} INFO - Setting next_dagrun for dataset_consumes_1 to None, run_after=None
[2024-10-09T18:18:51.017-0300] {logging_mixin.py:149} INFO - [2024-10-09T18:18:51.017-0300] {dag.py:3486} INFO - Setting next_dagrun for dataset_consumes_1_and_2 to None, run_after=None
[2024-10-09T18:18:51.018-0300] {logging_mixin.py:149} INFO - [2024-10-09T18:18:51.018-0300] {dag.py:3486} INFO - Setting next_dagrun for dataset_consumes_1_never_scheduled to None, run_after=None
[2024-10-09T18:18:51.018-0300] {logging_mixin.py:149} INFO - [2024-10-09T18:18:51.018-0300] {dag.py:3486} INFO - Setting next_dagrun for dataset_consumes_unknown_never_scheduled to None, run_after=None
[2024-10-09T18:18:51.020-0300] {logging_mixin.py:149} INFO - [2024-10-09T18:18:51.020-0300] {dag.py:3486} INFO - Setting next_dagrun for dataset_produces_1 to 2024-10-08T00:00:00+00:00, run_after=2024-10-09T00:00:00+00:00
[2024-10-09T18:18:51.021-0300] {logging_mixin.py:149} INFO - [2024-10-09T18:18:51.021-0300] {dag.py:3486} INFO - Setting next_dagrun for dataset_produces_2 to None, run_after=None
[2024-10-09T18:18:51.173-0300] {processor.py:178} INFO - Processing /home/marti/Lighthouse/airflow_tooltorial/venv/lib/python3.8/site-packages/airflow/example_dags/example_datasets.py took 0.268 seconds
[2024-10-09T18:51:42.313-0300] {processor.py:156} INFO - Started process (PID=71010) to work on /home/marti/Lighthouse/airflow_tooltorial/venv/lib/python3.8/site-packages/airflow/example_dags/example_datasets.py
[2024-10-09T18:51:42.353-0300] {processor.py:799} INFO - Processing file /home/marti/Lighthouse/airflow_tooltorial/venv/lib/python3.8/site-packages/airflow/example_dags/example_datasets.py for tasks to queue
[2024-10-09T18:51:42.355-0300] {logging_mixin.py:149} INFO - [2024-10-09T18:51:42.354-0300] {dagbag.py:541} INFO - Filling up the DagBag from /home/marti/Lighthouse/airflow_tooltorial/venv/lib/python3.8/site-packages/airflow/example_dags/example_datasets.py
[2024-10-09T18:51:42.383-0300] {processor.py:809} INFO - DAG(s) dict_keys(['dataset_consumes_1', 'dataset_produces_2', 'dataset_consumes_1_never_scheduled', 'dataset_consumes_1_and_2', 'dataset_consumes_unknown_never_scheduled', 'dataset_produces_1']) retrieved from /home/marti/Lighthouse/airflow_tooltorial/venv/lib/python3.8/site-packages/airflow/example_dags/example_datasets.py
[2024-10-09T18:51:42.395-0300] {logging_mixin.py:149} INFO - [2024-10-09T18:51:42.395-0300] {dag.py:2726} INFO - Sync 6 DAGs
[2024-10-09T18:51:42.417-0300] {logging_mixin.py:149} INFO - [2024-10-09T18:51:42.416-0300] {dag.py:3486} INFO - Setting next_dagrun for dataset_consumes_1 to None, run_after=None
[2024-10-09T18:51:42.420-0300] {logging_mixin.py:149} INFO - [2024-10-09T18:51:42.420-0300] {dag.py:3486} INFO - Setting next_dagrun for dataset_consumes_1_and_2 to None, run_after=None
[2024-10-09T18:51:42.421-0300] {logging_mixin.py:149} INFO - [2024-10-09T18:51:42.421-0300] {dag.py:3486} INFO - Setting next_dagrun for dataset_consumes_1_never_scheduled to None, run_after=None
[2024-10-09T18:51:42.421-0300] {logging_mixin.py:149} INFO - [2024-10-09T18:51:42.421-0300] {dag.py:3486} INFO - Setting next_dagrun for dataset_consumes_unknown_never_scheduled to None, run_after=None
[2024-10-09T18:51:42.423-0300] {logging_mixin.py:149} INFO - [2024-10-09T18:51:42.423-0300] {dag.py:3486} INFO - Setting next_dagrun for dataset_produces_1 to 2024-10-08T00:00:00+00:00, run_after=2024-10-09T00:00:00+00:00
[2024-10-09T18:51:42.424-0300] {logging_mixin.py:149} INFO - [2024-10-09T18:51:42.424-0300] {dag.py:3486} INFO - Setting next_dagrun for dataset_produces_2 to None, run_after=None
[2024-10-09T18:51:42.578-0300] {processor.py:178} INFO - Processing /home/marti/Lighthouse/airflow_tooltorial/venv/lib/python3.8/site-packages/airflow/example_dags/example_datasets.py took 0.268 seconds
