[2024-10-09T18:08:02.760-0300] {processor.py:156} INFO - Started process (PID=61648) to work on /home/marti/Lighthouse/airflow_tooltorial/venv/lib/python3.8/site-packages/airflow/example_dags/example_short_circuit_operator.py
[2024-10-09T18:08:02.762-0300] {processor.py:799} INFO - Processing file /home/marti/Lighthouse/airflow_tooltorial/venv/lib/python3.8/site-packages/airflow/example_dags/example_short_circuit_operator.py for tasks to queue
[2024-10-09T18:08:02.764-0300] {logging_mixin.py:149} INFO - [2024-10-09T18:08:02.763-0300] {dagbag.py:541} INFO - Filling up the DagBag from /home/marti/Lighthouse/airflow_tooltorial/venv/lib/python3.8/site-packages/airflow/example_dags/example_short_circuit_operator.py
[2024-10-09T18:08:02.781-0300] {processor.py:809} INFO - DAG(s) dict_keys(['example_short_circuit_operator']) retrieved from /home/marti/Lighthouse/airflow_tooltorial/venv/lib/python3.8/site-packages/airflow/example_dags/example_short_circuit_operator.py
[2024-10-09T18:08:03.347-0300] {logging_mixin.py:149} INFO - [2024-10-09T18:08:03.347-0300] {manager.py:504} INFO - Created Permission View: can read on DAG:example_short_circuit_operator
[2024-10-09T18:08:03.449-0300] {logging_mixin.py:149} INFO - [2024-10-09T18:08:03.448-0300] {manager.py:504} INFO - Created Permission View: can edit on DAG:example_short_circuit_operator
[2024-10-09T18:08:03.693-0300] {logging_mixin.py:149} INFO - [2024-10-09T18:08:03.692-0300] {manager.py:504} INFO - Created Permission View: can delete on DAG:example_short_circuit_operator
[2024-10-09T18:08:03.694-0300] {logging_mixin.py:149} INFO - [2024-10-09T18:08:03.693-0300] {dag.py:2726} INFO - Sync 1 DAGs
[2024-10-09T18:08:03.719-0300] {logging_mixin.py:149} INFO - [2024-10-09T18:08:03.719-0300] {dag.py:2747} INFO - Creating ORM DAG for example_short_circuit_operator
[2024-10-09T18:08:03.729-0300] {logging_mixin.py:149} INFO - [2024-10-09T18:08:03.729-0300] {dag.py:3486} INFO - Setting next_dagrun for example_short_circuit_operator to 2024-10-08T21:08:03.729274+00:00, run_after=2024-10-09T21:08:03.729274+00:00
[2024-10-09T18:08:03.930-0300] {processor.py:178} INFO - Processing /home/marti/Lighthouse/airflow_tooltorial/venv/lib/python3.8/site-packages/airflow/example_dags/example_short_circuit_operator.py took 1.179 seconds
[2024-10-09T18:09:24.389-0300] {processor.py:156} INFO - Started process (PID=62102) to work on /home/marti/Lighthouse/airflow_tooltorial/venv/lib/python3.8/site-packages/airflow/example_dags/example_short_circuit_operator.py
[2024-10-09T18:09:24.421-0300] {processor.py:799} INFO - Processing file /home/marti/Lighthouse/airflow_tooltorial/venv/lib/python3.8/site-packages/airflow/example_dags/example_short_circuit_operator.py for tasks to queue
[2024-10-09T18:09:24.423-0300] {logging_mixin.py:149} INFO - [2024-10-09T18:09:24.423-0300] {dagbag.py:541} INFO - Filling up the DagBag from /home/marti/Lighthouse/airflow_tooltorial/venv/lib/python3.8/site-packages/airflow/example_dags/example_short_circuit_operator.py
[2024-10-09T18:09:24.536-0300] {processor.py:809} INFO - DAG(s) dict_keys(['example_short_circuit_operator']) retrieved from /home/marti/Lighthouse/airflow_tooltorial/venv/lib/python3.8/site-packages/airflow/example_dags/example_short_circuit_operator.py
[2024-10-09T18:09:24.552-0300] {logging_mixin.py:149} INFO - [2024-10-09T18:09:24.552-0300] {dag.py:2726} INFO - Sync 1 DAGs
[2024-10-09T18:09:24.567-0300] {logging_mixin.py:149} INFO - [2024-10-09T18:09:24.566-0300] {dag.py:3486} INFO - Setting next_dagrun for example_short_circuit_operator to 2024-10-08T21:09:24.566811+00:00, run_after=2024-10-09T21:09:24.566811+00:00
[2024-10-09T18:09:24.713-0300] {processor.py:178} INFO - Processing /home/marti/Lighthouse/airflow_tooltorial/venv/lib/python3.8/site-packages/airflow/example_dags/example_short_circuit_operator.py took 0.330 seconds
[2024-10-09T18:10:19.987-0300] {processor.py:156} INFO - Started process (PID=62266) to work on /home/marti/Lighthouse/airflow_tooltorial/venv/lib/python3.8/site-packages/airflow/example_dags/example_short_circuit_operator.py
[2024-10-09T18:10:20.004-0300] {processor.py:799} INFO - Processing file /home/marti/Lighthouse/airflow_tooltorial/venv/lib/python3.8/site-packages/airflow/example_dags/example_short_circuit_operator.py for tasks to queue
[2024-10-09T18:10:20.005-0300] {logging_mixin.py:149} INFO - [2024-10-09T18:10:20.004-0300] {dagbag.py:541} INFO - Filling up the DagBag from /home/marti/Lighthouse/airflow_tooltorial/venv/lib/python3.8/site-packages/airflow/example_dags/example_short_circuit_operator.py
[2024-10-09T18:10:20.012-0300] {processor.py:809} INFO - DAG(s) dict_keys(['example_short_circuit_operator']) retrieved from /home/marti/Lighthouse/airflow_tooltorial/venv/lib/python3.8/site-packages/airflow/example_dags/example_short_circuit_operator.py
[2024-10-09T18:10:20.028-0300] {logging_mixin.py:149} INFO - [2024-10-09T18:10:20.028-0300] {dag.py:2726} INFO - Sync 1 DAGs
[2024-10-09T18:10:20.044-0300] {logging_mixin.py:149} INFO - [2024-10-09T18:10:20.044-0300] {dag.py:3486} INFO - Setting next_dagrun for example_short_circuit_operator to 2024-10-08T21:10:20.044102+00:00, run_after=2024-10-09T21:10:20.044102+00:00
[2024-10-09T18:10:20.194-0300] {processor.py:178} INFO - Processing /home/marti/Lighthouse/airflow_tooltorial/venv/lib/python3.8/site-packages/airflow/example_dags/example_short_circuit_operator.py took 0.211 seconds
[2024-10-09T18:11:43.123-0300] {processor.py:156} INFO - Started process (PID=62522) to work on /home/marti/Lighthouse/airflow_tooltorial/venv/lib/python3.8/site-packages/airflow/example_dags/example_short_circuit_operator.py
[2024-10-09T18:11:43.150-0300] {processor.py:799} INFO - Processing file /home/marti/Lighthouse/airflow_tooltorial/venv/lib/python3.8/site-packages/airflow/example_dags/example_short_circuit_operator.py for tasks to queue
[2024-10-09T18:11:43.153-0300] {logging_mixin.py:149} INFO - [2024-10-09T18:11:43.152-0300] {dagbag.py:541} INFO - Filling up the DagBag from /home/marti/Lighthouse/airflow_tooltorial/venv/lib/python3.8/site-packages/airflow/example_dags/example_short_circuit_operator.py
[2024-10-09T18:11:43.178-0300] {processor.py:809} INFO - DAG(s) dict_keys(['example_short_circuit_operator']) retrieved from /home/marti/Lighthouse/airflow_tooltorial/venv/lib/python3.8/site-packages/airflow/example_dags/example_short_circuit_operator.py
[2024-10-09T18:11:43.204-0300] {logging_mixin.py:149} INFO - [2024-10-09T18:11:43.204-0300] {dag.py:2726} INFO - Sync 1 DAGs
[2024-10-09T18:11:43.219-0300] {logging_mixin.py:149} INFO - [2024-10-09T18:11:43.219-0300] {dag.py:3486} INFO - Setting next_dagrun for example_short_circuit_operator to 2024-10-08T21:11:43.219441+00:00, run_after=2024-10-09T21:11:43.219441+00:00
[2024-10-09T18:11:43.356-0300] {processor.py:178} INFO - Processing /home/marti/Lighthouse/airflow_tooltorial/venv/lib/python3.8/site-packages/airflow/example_dags/example_short_circuit_operator.py took 0.239 seconds
[2024-10-09T18:13:00.814-0300] {processor.py:156} INFO - Started process (PID=62729) to work on /home/marti/Lighthouse/airflow_tooltorial/venv/lib/python3.8/site-packages/airflow/example_dags/example_short_circuit_operator.py
[2024-10-09T18:13:00.861-0300] {processor.py:799} INFO - Processing file /home/marti/Lighthouse/airflow_tooltorial/venv/lib/python3.8/site-packages/airflow/example_dags/example_short_circuit_operator.py for tasks to queue
[2024-10-09T18:13:00.864-0300] {logging_mixin.py:149} INFO - [2024-10-09T18:13:00.863-0300] {dagbag.py:541} INFO - Filling up the DagBag from /home/marti/Lighthouse/airflow_tooltorial/venv/lib/python3.8/site-packages/airflow/example_dags/example_short_circuit_operator.py
[2024-10-09T18:13:00.880-0300] {processor.py:809} INFO - DAG(s) dict_keys(['example_short_circuit_operator']) retrieved from /home/marti/Lighthouse/airflow_tooltorial/venv/lib/python3.8/site-packages/airflow/example_dags/example_short_circuit_operator.py
[2024-10-09T18:13:01.055-0300] {logging_mixin.py:149} INFO - [2024-10-09T18:13:01.055-0300] {dag.py:2726} INFO - Sync 1 DAGs
[2024-10-09T18:13:01.074-0300] {logging_mixin.py:149} INFO - [2024-10-09T18:13:01.074-0300] {dag.py:3486} INFO - Setting next_dagrun for example_short_circuit_operator to 2024-10-08T21:13:01.074106+00:00, run_after=2024-10-09T21:13:01.074106+00:00
[2024-10-09T18:13:01.216-0300] {processor.py:178} INFO - Processing /home/marti/Lighthouse/airflow_tooltorial/venv/lib/python3.8/site-packages/airflow/example_dags/example_short_circuit_operator.py took 0.407 seconds
[2024-10-09T18:14:22.242-0300] {processor.py:156} INFO - Started process (PID=62881) to work on /home/marti/Lighthouse/airflow_tooltorial/venv/lib/python3.8/site-packages/airflow/example_dags/example_short_circuit_operator.py
[2024-10-09T18:14:22.257-0300] {processor.py:799} INFO - Processing file /home/marti/Lighthouse/airflow_tooltorial/venv/lib/python3.8/site-packages/airflow/example_dags/example_short_circuit_operator.py for tasks to queue
[2024-10-09T18:14:22.258-0300] {logging_mixin.py:149} INFO - [2024-10-09T18:14:22.257-0300] {dagbag.py:541} INFO - Filling up the DagBag from /home/marti/Lighthouse/airflow_tooltorial/venv/lib/python3.8/site-packages/airflow/example_dags/example_short_circuit_operator.py
[2024-10-09T18:14:22.267-0300] {processor.py:809} INFO - DAG(s) dict_keys(['example_short_circuit_operator']) retrieved from /home/marti/Lighthouse/airflow_tooltorial/venv/lib/python3.8/site-packages/airflow/example_dags/example_short_circuit_operator.py
[2024-10-09T18:14:22.286-0300] {logging_mixin.py:149} INFO - [2024-10-09T18:14:22.286-0300] {dag.py:2726} INFO - Sync 1 DAGs
[2024-10-09T18:14:22.302-0300] {logging_mixin.py:149} INFO - [2024-10-09T18:14:22.301-0300] {dag.py:3486} INFO - Setting next_dagrun for example_short_circuit_operator to 2024-10-08T21:14:22.301791+00:00, run_after=2024-10-09T21:14:22.301791+00:00
[2024-10-09T18:14:22.436-0300] {processor.py:178} INFO - Processing /home/marti/Lighthouse/airflow_tooltorial/venv/lib/python3.8/site-packages/airflow/example_dags/example_short_circuit_operator.py took 0.199 seconds
[2024-10-09T18:15:20.368-0300] {processor.py:156} INFO - Started process (PID=63073) to work on /home/marti/Lighthouse/airflow_tooltorial/venv/lib/python3.8/site-packages/airflow/example_dags/example_short_circuit_operator.py
[2024-10-09T18:15:20.395-0300] {processor.py:799} INFO - Processing file /home/marti/Lighthouse/airflow_tooltorial/venv/lib/python3.8/site-packages/airflow/example_dags/example_short_circuit_operator.py for tasks to queue
[2024-10-09T18:15:20.397-0300] {logging_mixin.py:149} INFO - [2024-10-09T18:15:20.397-0300] {dagbag.py:541} INFO - Filling up the DagBag from /home/marti/Lighthouse/airflow_tooltorial/venv/lib/python3.8/site-packages/airflow/example_dags/example_short_circuit_operator.py
[2024-10-09T18:15:20.422-0300] {processor.py:809} INFO - DAG(s) dict_keys(['example_short_circuit_operator']) retrieved from /home/marti/Lighthouse/airflow_tooltorial/venv/lib/python3.8/site-packages/airflow/example_dags/example_short_circuit_operator.py
[2024-10-09T18:15:20.453-0300] {logging_mixin.py:149} INFO - [2024-10-09T18:15:20.453-0300] {dag.py:2726} INFO - Sync 1 DAGs
[2024-10-09T18:15:20.472-0300] {logging_mixin.py:149} INFO - [2024-10-09T18:15:20.472-0300] {dag.py:3486} INFO - Setting next_dagrun for example_short_circuit_operator to 2024-10-08T21:15:20.472445+00:00, run_after=2024-10-09T21:15:20.472445+00:00
[2024-10-09T18:15:20.595-0300] {processor.py:178} INFO - Processing /home/marti/Lighthouse/airflow_tooltorial/venv/lib/python3.8/site-packages/airflow/example_dags/example_short_circuit_operator.py took 0.231 seconds
[2024-10-09T18:16:34.830-0300] {processor.py:156} INFO - Started process (PID=63324) to work on /home/marti/Lighthouse/airflow_tooltorial/venv/lib/python3.8/site-packages/airflow/example_dags/example_short_circuit_operator.py
[2024-10-09T18:16:34.851-0300] {processor.py:799} INFO - Processing file /home/marti/Lighthouse/airflow_tooltorial/venv/lib/python3.8/site-packages/airflow/example_dags/example_short_circuit_operator.py for tasks to queue
[2024-10-09T18:16:34.853-0300] {logging_mixin.py:149} INFO - [2024-10-09T18:16:34.853-0300] {dagbag.py:541} INFO - Filling up the DagBag from /home/marti/Lighthouse/airflow_tooltorial/venv/lib/python3.8/site-packages/airflow/example_dags/example_short_circuit_operator.py
[2024-10-09T18:16:34.876-0300] {processor.py:809} INFO - DAG(s) dict_keys(['example_short_circuit_operator']) retrieved from /home/marti/Lighthouse/airflow_tooltorial/venv/lib/python3.8/site-packages/airflow/example_dags/example_short_circuit_operator.py
[2024-10-09T18:16:34.900-0300] {logging_mixin.py:149} INFO - [2024-10-09T18:16:34.899-0300] {dag.py:2726} INFO - Sync 1 DAGs
[2024-10-09T18:16:34.916-0300] {logging_mixin.py:149} INFO - [2024-10-09T18:16:34.916-0300] {dag.py:3486} INFO - Setting next_dagrun for example_short_circuit_operator to 2024-10-08T21:16:34.916208+00:00, run_after=2024-10-09T21:16:34.916208+00:00
[2024-10-09T18:16:35.038-0300] {processor.py:178} INFO - Processing /home/marti/Lighthouse/airflow_tooltorial/venv/lib/python3.8/site-packages/airflow/example_dags/example_short_circuit_operator.py took 0.217 seconds
[2024-10-09T18:17:39.080-0300] {processor.py:156} INFO - Started process (PID=63943) to work on /home/marti/Lighthouse/airflow_tooltorial/venv/lib/python3.8/site-packages/airflow/example_dags/example_short_circuit_operator.py
[2024-10-09T18:17:39.126-0300] {processor.py:799} INFO - Processing file /home/marti/Lighthouse/airflow_tooltorial/venv/lib/python3.8/site-packages/airflow/example_dags/example_short_circuit_operator.py for tasks to queue
[2024-10-09T18:17:39.129-0300] {logging_mixin.py:149} INFO - [2024-10-09T18:17:39.128-0300] {dagbag.py:541} INFO - Filling up the DagBag from /home/marti/Lighthouse/airflow_tooltorial/venv/lib/python3.8/site-packages/airflow/example_dags/example_short_circuit_operator.py
[2024-10-09T18:17:39.163-0300] {processor.py:809} INFO - DAG(s) dict_keys(['example_short_circuit_operator']) retrieved from /home/marti/Lighthouse/airflow_tooltorial/venv/lib/python3.8/site-packages/airflow/example_dags/example_short_circuit_operator.py
[2024-10-09T18:17:39.233-0300] {logging_mixin.py:149} INFO - [2024-10-09T18:17:39.233-0300] {dag.py:2726} INFO - Sync 1 DAGs
[2024-10-09T18:17:39.260-0300] {logging_mixin.py:149} INFO - [2024-10-09T18:17:39.260-0300] {dag.py:3486} INFO - Setting next_dagrun for example_short_circuit_operator to 2024-10-08T21:17:39.260184+00:00, run_after=2024-10-09T21:17:39.260184+00:00
[2024-10-09T18:17:39.396-0300] {processor.py:178} INFO - Processing /home/marti/Lighthouse/airflow_tooltorial/venv/lib/python3.8/site-packages/airflow/example_dags/example_short_circuit_operator.py took 0.324 seconds
[2024-10-09T18:18:34.775-0300] {processor.py:156} INFO - Started process (PID=64104) to work on /home/marti/Lighthouse/airflow_tooltorial/venv/lib/python3.8/site-packages/airflow/example_dags/example_short_circuit_operator.py
[2024-10-09T18:18:34.801-0300] {processor.py:799} INFO - Processing file /home/marti/Lighthouse/airflow_tooltorial/venv/lib/python3.8/site-packages/airflow/example_dags/example_short_circuit_operator.py for tasks to queue
[2024-10-09T18:18:34.803-0300] {logging_mixin.py:149} INFO - [2024-10-09T18:18:34.803-0300] {dagbag.py:541} INFO - Filling up the DagBag from /home/marti/Lighthouse/airflow_tooltorial/venv/lib/python3.8/site-packages/airflow/example_dags/example_short_circuit_operator.py
[2024-10-09T18:18:34.827-0300] {processor.py:809} INFO - DAG(s) dict_keys(['example_short_circuit_operator']) retrieved from /home/marti/Lighthouse/airflow_tooltorial/venv/lib/python3.8/site-packages/airflow/example_dags/example_short_circuit_operator.py
[2024-10-09T18:18:34.851-0300] {logging_mixin.py:149} INFO - [2024-10-09T18:18:34.851-0300] {dag.py:2726} INFO - Sync 1 DAGs
[2024-10-09T18:18:34.867-0300] {logging_mixin.py:149} INFO - [2024-10-09T18:18:34.867-0300] {dag.py:3486} INFO - Setting next_dagrun for example_short_circuit_operator to 2024-10-08T21:18:34.866868+00:00, run_after=2024-10-09T21:18:34.866868+00:00
[2024-10-09T18:18:34.980-0300] {processor.py:178} INFO - Processing /home/marti/Lighthouse/airflow_tooltorial/venv/lib/python3.8/site-packages/airflow/example_dags/example_short_circuit_operator.py took 0.211 seconds
