[2024-10-09T18:07:14.024-0300] {processor.py:156} INFO - Started process (PID=61391) to work on /home/marti/Lighthouse/airflow_tooltorial/venv/lib/python3.8/site-packages/airflow/example_dags/example_sensors.py
[2024-10-09T18:07:14.025-0300] {processor.py:799} INFO - Processing file /home/marti/Lighthouse/airflow_tooltorial/venv/lib/python3.8/site-packages/airflow/example_dags/example_sensors.py for tasks to queue
[2024-10-09T18:07:14.026-0300] {logging_mixin.py:149} INFO - [2024-10-09T18:07:14.026-0300] {dagbag.py:541} INFO - Filling up the DagBag from /home/marti/Lighthouse/airflow_tooltorial/venv/lib/python3.8/site-packages/airflow/example_dags/example_sensors.py
[2024-10-09T18:07:14.040-0300] {processor.py:809} INFO - DAG(s) dict_keys(['example_sensors']) retrieved from /home/marti/Lighthouse/airflow_tooltorial/venv/lib/python3.8/site-packages/airflow/example_dags/example_sensors.py
[2024-10-09T18:07:14.523-0300] {logging_mixin.py:149} INFO - [2024-10-09T18:07:14.522-0300] {manager.py:504} INFO - Created Permission View: can read on DAG:example_sensors
[2024-10-09T18:07:14.656-0300] {logging_mixin.py:149} INFO - [2024-10-09T18:07:14.656-0300] {manager.py:504} INFO - Created Permission View: can edit on DAG:example_sensors
[2024-10-09T18:07:14.779-0300] {logging_mixin.py:149} INFO - [2024-10-09T18:07:14.778-0300] {manager.py:504} INFO - Created Permission View: can delete on DAG:example_sensors
[2024-10-09T18:07:14.780-0300] {logging_mixin.py:149} INFO - [2024-10-09T18:07:14.780-0300] {dag.py:2726} INFO - Sync 1 DAGs
[2024-10-09T18:07:14.814-0300] {logging_mixin.py:149} INFO - [2024-10-09T18:07:14.814-0300] {dag.py:2747} INFO - Creating ORM DAG for example_sensors
[2024-10-09T18:07:14.823-0300] {logging_mixin.py:149} INFO - [2024-10-09T18:07:14.823-0300] {dag.py:3486} INFO - Setting next_dagrun for example_sensors to None, run_after=None
[2024-10-09T18:07:15.013-0300] {processor.py:178} INFO - Processing /home/marti/Lighthouse/airflow_tooltorial/venv/lib/python3.8/site-packages/airflow/example_dags/example_sensors.py took 0.993 seconds
[2024-10-09T18:08:39.981-0300] {processor.py:156} INFO - Started process (PID=61953) to work on /home/marti/Lighthouse/airflow_tooltorial/venv/lib/python3.8/site-packages/airflow/example_dags/example_sensors.py
[2024-10-09T18:08:40.033-0300] {processor.py:799} INFO - Processing file /home/marti/Lighthouse/airflow_tooltorial/venv/lib/python3.8/site-packages/airflow/example_dags/example_sensors.py for tasks to queue
[2024-10-09T18:08:40.034-0300] {logging_mixin.py:149} INFO - [2024-10-09T18:08:40.034-0300] {dagbag.py:541} INFO - Filling up the DagBag from /home/marti/Lighthouse/airflow_tooltorial/venv/lib/python3.8/site-packages/airflow/example_dags/example_sensors.py
[2024-10-09T18:08:40.044-0300] {processor.py:809} INFO - DAG(s) dict_keys(['example_sensors']) retrieved from /home/marti/Lighthouse/airflow_tooltorial/venv/lib/python3.8/site-packages/airflow/example_dags/example_sensors.py
[2024-10-09T18:08:40.068-0300] {logging_mixin.py:149} INFO - [2024-10-09T18:08:40.068-0300] {dag.py:2726} INFO - Sync 1 DAGs
[2024-10-09T18:08:40.161-0300] {logging_mixin.py:149} INFO - [2024-10-09T18:08:40.161-0300] {dag.py:3486} INFO - Setting next_dagrun for example_sensors to None, run_after=None
[2024-10-09T18:08:40.298-0300] {processor.py:178} INFO - Processing /home/marti/Lighthouse/airflow_tooltorial/venv/lib/python3.8/site-packages/airflow/example_dags/example_sensors.py took 0.327 seconds
[2024-10-09T18:09:43.504-0300] {processor.py:156} INFO - Started process (PID=62120) to work on /home/marti/Lighthouse/airflow_tooltorial/venv/lib/python3.8/site-packages/airflow/example_dags/example_sensors.py
[2024-10-09T18:09:43.538-0300] {processor.py:799} INFO - Processing file /home/marti/Lighthouse/airflow_tooltorial/venv/lib/python3.8/site-packages/airflow/example_dags/example_sensors.py for tasks to queue
[2024-10-09T18:09:43.541-0300] {logging_mixin.py:149} INFO - [2024-10-09T18:09:43.540-0300] {dagbag.py:541} INFO - Filling up the DagBag from /home/marti/Lighthouse/airflow_tooltorial/venv/lib/python3.8/site-packages/airflow/example_dags/example_sensors.py
[2024-10-09T18:09:43.576-0300] {processor.py:809} INFO - DAG(s) dict_keys(['example_sensors']) retrieved from /home/marti/Lighthouse/airflow_tooltorial/venv/lib/python3.8/site-packages/airflow/example_dags/example_sensors.py
[2024-10-09T18:09:43.610-0300] {logging_mixin.py:149} INFO - [2024-10-09T18:09:43.610-0300] {dag.py:2726} INFO - Sync 1 DAGs
[2024-10-09T18:09:43.634-0300] {logging_mixin.py:149} INFO - [2024-10-09T18:09:43.634-0300] {dag.py:3486} INFO - Setting next_dagrun for example_sensors to None, run_after=None
[2024-10-09T18:09:43.776-0300] {processor.py:178} INFO - Processing /home/marti/Lighthouse/airflow_tooltorial/venv/lib/python3.8/site-packages/airflow/example_dags/example_sensors.py took 0.277 seconds
[2024-10-09T18:10:38.941-0300] {processor.py:156} INFO - Started process (PID=62306) to work on /home/marti/Lighthouse/airflow_tooltorial/venv/lib/python3.8/site-packages/airflow/example_dags/example_sensors.py
[2024-10-09T18:10:38.943-0300] {processor.py:799} INFO - Processing file /home/marti/Lighthouse/airflow_tooltorial/venv/lib/python3.8/site-packages/airflow/example_dags/example_sensors.py for tasks to queue
[2024-10-09T18:10:38.945-0300] {logging_mixin.py:149} INFO - [2024-10-09T18:10:38.945-0300] {dagbag.py:541} INFO - Filling up the DagBag from /home/marti/Lighthouse/airflow_tooltorial/venv/lib/python3.8/site-packages/airflow/example_dags/example_sensors.py
[2024-10-09T18:10:38.964-0300] {processor.py:809} INFO - DAG(s) dict_keys(['example_sensors']) retrieved from /home/marti/Lighthouse/airflow_tooltorial/venv/lib/python3.8/site-packages/airflow/example_dags/example_sensors.py
[2024-10-09T18:10:38.989-0300] {logging_mixin.py:149} INFO - [2024-10-09T18:10:38.988-0300] {dag.py:2726} INFO - Sync 1 DAGs
[2024-10-09T18:10:39.003-0300] {logging_mixin.py:149} INFO - [2024-10-09T18:10:39.003-0300] {dag.py:3486} INFO - Setting next_dagrun for example_sensors to None, run_after=None
[2024-10-09T18:10:39.172-0300] {processor.py:178} INFO - Processing /home/marti/Lighthouse/airflow_tooltorial/venv/lib/python3.8/site-packages/airflow/example_dags/example_sensors.py took 0.238 seconds
[2024-10-09T18:11:34.819-0300] {processor.py:156} INFO - Started process (PID=62514) to work on /home/marti/Lighthouse/airflow_tooltorial/venv/lib/python3.8/site-packages/airflow/example_dags/example_sensors.py
[2024-10-09T18:11:34.849-0300] {processor.py:799} INFO - Processing file /home/marti/Lighthouse/airflow_tooltorial/venv/lib/python3.8/site-packages/airflow/example_dags/example_sensors.py for tasks to queue
[2024-10-09T18:11:34.849-0300] {logging_mixin.py:149} INFO - [2024-10-09T18:11:34.849-0300] {dagbag.py:541} INFO - Filling up the DagBag from /home/marti/Lighthouse/airflow_tooltorial/venv/lib/python3.8/site-packages/airflow/example_dags/example_sensors.py
[2024-10-09T18:11:34.858-0300] {processor.py:809} INFO - DAG(s) dict_keys(['example_sensors']) retrieved from /home/marti/Lighthouse/airflow_tooltorial/venv/lib/python3.8/site-packages/airflow/example_dags/example_sensors.py
[2024-10-09T18:11:34.880-0300] {logging_mixin.py:149} INFO - [2024-10-09T18:11:34.880-0300] {dag.py:2726} INFO - Sync 1 DAGs
[2024-10-09T18:11:34.895-0300] {logging_mixin.py:149} INFO - [2024-10-09T18:11:34.895-0300] {dag.py:3486} INFO - Setting next_dagrun for example_sensors to None, run_after=None
[2024-10-09T18:11:35.025-0300] {processor.py:178} INFO - Processing /home/marti/Lighthouse/airflow_tooltorial/venv/lib/python3.8/site-packages/airflow/example_dags/example_sensors.py took 0.208 seconds
[2024-10-09T18:12:28.905-0300] {processor.py:156} INFO - Started process (PID=62640) to work on /home/marti/Lighthouse/airflow_tooltorial/venv/lib/python3.8/site-packages/airflow/example_dags/example_sensors.py
[2024-10-09T18:12:28.949-0300] {processor.py:799} INFO - Processing file /home/marti/Lighthouse/airflow_tooltorial/venv/lib/python3.8/site-packages/airflow/example_dags/example_sensors.py for tasks to queue
[2024-10-09T18:12:28.951-0300] {logging_mixin.py:149} INFO - [2024-10-09T18:12:28.950-0300] {dagbag.py:541} INFO - Filling up the DagBag from /home/marti/Lighthouse/airflow_tooltorial/venv/lib/python3.8/site-packages/airflow/example_dags/example_sensors.py
[2024-10-09T18:12:28.978-0300] {processor.py:809} INFO - DAG(s) dict_keys(['example_sensors']) retrieved from /home/marti/Lighthouse/airflow_tooltorial/venv/lib/python3.8/site-packages/airflow/example_dags/example_sensors.py
[2024-10-09T18:12:29.004-0300] {logging_mixin.py:149} INFO - [2024-10-09T18:12:29.003-0300] {dag.py:2726} INFO - Sync 1 DAGs
[2024-10-09T18:12:29.019-0300] {logging_mixin.py:149} INFO - [2024-10-09T18:12:29.019-0300] {dag.py:3486} INFO - Setting next_dagrun for example_sensors to None, run_after=None
[2024-10-09T18:12:29.133-0300] {processor.py:178} INFO - Processing /home/marti/Lighthouse/airflow_tooltorial/venv/lib/python3.8/site-packages/airflow/example_dags/example_sensors.py took 0.233 seconds
[2024-10-09T18:13:20.330-0300] {processor.py:156} INFO - Started process (PID=62758) to work on /home/marti/Lighthouse/airflow_tooltorial/venv/lib/python3.8/site-packages/airflow/example_dags/example_sensors.py
[2024-10-09T18:13:20.354-0300] {processor.py:799} INFO - Processing file /home/marti/Lighthouse/airflow_tooltorial/venv/lib/python3.8/site-packages/airflow/example_dags/example_sensors.py for tasks to queue
[2024-10-09T18:13:20.357-0300] {logging_mixin.py:149} INFO - [2024-10-09T18:13:20.356-0300] {dagbag.py:541} INFO - Filling up the DagBag from /home/marti/Lighthouse/airflow_tooltorial/venv/lib/python3.8/site-packages/airflow/example_dags/example_sensors.py
[2024-10-09T18:13:20.384-0300] {processor.py:809} INFO - DAG(s) dict_keys(['example_sensors']) retrieved from /home/marti/Lighthouse/airflow_tooltorial/venv/lib/python3.8/site-packages/airflow/example_dags/example_sensors.py
[2024-10-09T18:13:20.411-0300] {logging_mixin.py:149} INFO - [2024-10-09T18:13:20.411-0300] {dag.py:2726} INFO - Sync 1 DAGs
[2024-10-09T18:13:20.426-0300] {logging_mixin.py:149} INFO - [2024-10-09T18:13:20.426-0300] {dag.py:3486} INFO - Setting next_dagrun for example_sensors to None, run_after=None
[2024-10-09T18:13:20.555-0300] {processor.py:178} INFO - Processing /home/marti/Lighthouse/airflow_tooltorial/venv/lib/python3.8/site-packages/airflow/example_dags/example_sensors.py took 0.230 seconds
[2024-10-09T18:14:14.640-0300] {processor.py:156} INFO - Started process (PID=62875) to work on /home/marti/Lighthouse/airflow_tooltorial/venv/lib/python3.8/site-packages/airflow/example_dags/example_sensors.py
[2024-10-09T18:14:14.662-0300] {processor.py:799} INFO - Processing file /home/marti/Lighthouse/airflow_tooltorial/venv/lib/python3.8/site-packages/airflow/example_dags/example_sensors.py for tasks to queue
[2024-10-09T18:14:14.662-0300] {logging_mixin.py:149} INFO - [2024-10-09T18:14:14.662-0300] {dagbag.py:541} INFO - Filling up the DagBag from /home/marti/Lighthouse/airflow_tooltorial/venv/lib/python3.8/site-packages/airflow/example_dags/example_sensors.py
[2024-10-09T18:14:14.670-0300] {processor.py:809} INFO - DAG(s) dict_keys(['example_sensors']) retrieved from /home/marti/Lighthouse/airflow_tooltorial/venv/lib/python3.8/site-packages/airflow/example_dags/example_sensors.py
[2024-10-09T18:14:14.689-0300] {logging_mixin.py:149} INFO - [2024-10-09T18:14:14.689-0300] {dag.py:2726} INFO - Sync 1 DAGs
[2024-10-09T18:14:14.704-0300] {logging_mixin.py:149} INFO - [2024-10-09T18:14:14.704-0300] {dag.py:3486} INFO - Setting next_dagrun for example_sensors to None, run_after=None
[2024-10-09T18:14:14.836-0300] {processor.py:178} INFO - Processing /home/marti/Lighthouse/airflow_tooltorial/venv/lib/python3.8/site-packages/airflow/example_dags/example_sensors.py took 0.200 seconds
[2024-10-09T18:15:11.124-0300] {processor.py:156} INFO - Started process (PID=63064) to work on /home/marti/Lighthouse/airflow_tooltorial/venv/lib/python3.8/site-packages/airflow/example_dags/example_sensors.py
[2024-10-09T18:15:11.160-0300] {processor.py:799} INFO - Processing file /home/marti/Lighthouse/airflow_tooltorial/venv/lib/python3.8/site-packages/airflow/example_dags/example_sensors.py for tasks to queue
[2024-10-09T18:15:11.162-0300] {logging_mixin.py:149} INFO - [2024-10-09T18:15:11.162-0300] {dagbag.py:541} INFO - Filling up the DagBag from /home/marti/Lighthouse/airflow_tooltorial/venv/lib/python3.8/site-packages/airflow/example_dags/example_sensors.py
[2024-10-09T18:15:11.190-0300] {processor.py:809} INFO - DAG(s) dict_keys(['example_sensors']) retrieved from /home/marti/Lighthouse/airflow_tooltorial/venv/lib/python3.8/site-packages/airflow/example_dags/example_sensors.py
[2024-10-09T18:15:11.215-0300] {logging_mixin.py:149} INFO - [2024-10-09T18:15:11.215-0300] {dag.py:2726} INFO - Sync 1 DAGs
[2024-10-09T18:15:11.230-0300] {logging_mixin.py:149} INFO - [2024-10-09T18:15:11.230-0300] {dag.py:3486} INFO - Setting next_dagrun for example_sensors to None, run_after=None
[2024-10-09T18:15:11.344-0300] {processor.py:178} INFO - Processing /home/marti/Lighthouse/airflow_tooltorial/venv/lib/python3.8/site-packages/airflow/example_dags/example_sensors.py took 0.229 seconds
[2024-10-09T18:16:04.486-0300] {processor.py:156} INFO - Started process (PID=63271) to work on /home/marti/Lighthouse/airflow_tooltorial/venv/lib/python3.8/site-packages/airflow/example_dags/example_sensors.py
[2024-10-09T18:16:04.508-0300] {processor.py:799} INFO - Processing file /home/marti/Lighthouse/airflow_tooltorial/venv/lib/python3.8/site-packages/airflow/example_dags/example_sensors.py for tasks to queue
[2024-10-09T18:16:04.508-0300] {logging_mixin.py:149} INFO - [2024-10-09T18:16:04.508-0300] {dagbag.py:541} INFO - Filling up the DagBag from /home/marti/Lighthouse/airflow_tooltorial/venv/lib/python3.8/site-packages/airflow/example_dags/example_sensors.py
[2024-10-09T18:16:04.515-0300] {processor.py:809} INFO - DAG(s) dict_keys(['example_sensors']) retrieved from /home/marti/Lighthouse/airflow_tooltorial/venv/lib/python3.8/site-packages/airflow/example_dags/example_sensors.py
[2024-10-09T18:16:04.533-0300] {logging_mixin.py:149} INFO - [2024-10-09T18:16:04.533-0300] {dag.py:2726} INFO - Sync 1 DAGs
[2024-10-09T18:16:04.548-0300] {logging_mixin.py:149} INFO - [2024-10-09T18:16:04.548-0300] {dag.py:3486} INFO - Setting next_dagrun for example_sensors to None, run_after=None
[2024-10-09T18:16:04.667-0300] {processor.py:178} INFO - Processing /home/marti/Lighthouse/airflow_tooltorial/venv/lib/python3.8/site-packages/airflow/example_dags/example_sensors.py took 0.183 seconds
[2024-10-09T18:16:55.849-0300] {processor.py:156} INFO - Started process (PID=63545) to work on /home/marti/Lighthouse/airflow_tooltorial/venv/lib/python3.8/site-packages/airflow/example_dags/example_sensors.py
[2024-10-09T18:16:55.864-0300] {processor.py:799} INFO - Processing file /home/marti/Lighthouse/airflow_tooltorial/venv/lib/python3.8/site-packages/airflow/example_dags/example_sensors.py for tasks to queue
[2024-10-09T18:16:55.865-0300] {logging_mixin.py:149} INFO - [2024-10-09T18:16:55.865-0300] {dagbag.py:541} INFO - Filling up the DagBag from /home/marti/Lighthouse/airflow_tooltorial/venv/lib/python3.8/site-packages/airflow/example_dags/example_sensors.py
[2024-10-09T18:16:55.876-0300] {processor.py:809} INFO - DAG(s) dict_keys(['example_sensors']) retrieved from /home/marti/Lighthouse/airflow_tooltorial/venv/lib/python3.8/site-packages/airflow/example_dags/example_sensors.py
[2024-10-09T18:16:55.902-0300] {logging_mixin.py:149} INFO - [2024-10-09T18:16:55.902-0300] {dag.py:2726} INFO - Sync 1 DAGs
[2024-10-09T18:16:55.917-0300] {logging_mixin.py:149} INFO - [2024-10-09T18:16:55.917-0300] {dag.py:3486} INFO - Setting next_dagrun for example_sensors to None, run_after=None
[2024-10-09T18:16:56.012-0300] {processor.py:178} INFO - Processing /home/marti/Lighthouse/airflow_tooltorial/venv/lib/python3.8/site-packages/airflow/example_dags/example_sensors.py took 0.166 seconds
[2024-10-09T18:18:02.138-0300] {processor.py:156} INFO - Started process (PID=64061) to work on /home/marti/Lighthouse/airflow_tooltorial/venv/lib/python3.8/site-packages/airflow/example_dags/example_sensors.py
[2024-10-09T18:18:02.149-0300] {processor.py:799} INFO - Processing file /home/marti/Lighthouse/airflow_tooltorial/venv/lib/python3.8/site-packages/airflow/example_dags/example_sensors.py for tasks to queue
[2024-10-09T18:18:02.151-0300] {logging_mixin.py:149} INFO - [2024-10-09T18:18:02.151-0300] {dagbag.py:541} INFO - Filling up the DagBag from /home/marti/Lighthouse/airflow_tooltorial/venv/lib/python3.8/site-packages/airflow/example_dags/example_sensors.py
[2024-10-09T18:18:02.170-0300] {processor.py:809} INFO - DAG(s) dict_keys(['example_sensors']) retrieved from /home/marti/Lighthouse/airflow_tooltorial/venv/lib/python3.8/site-packages/airflow/example_dags/example_sensors.py
[2024-10-09T18:18:02.196-0300] {logging_mixin.py:149} INFO - [2024-10-09T18:18:02.196-0300] {dag.py:2726} INFO - Sync 1 DAGs
[2024-10-09T18:18:02.212-0300] {logging_mixin.py:149} INFO - [2024-10-09T18:18:02.212-0300] {dag.py:3486} INFO - Setting next_dagrun for example_sensors to None, run_after=None
[2024-10-09T18:18:02.312-0300] {processor.py:178} INFO - Processing /home/marti/Lighthouse/airflow_tooltorial/venv/lib/python3.8/site-packages/airflow/example_dags/example_sensors.py took 0.179 seconds
[2024-10-09T18:18:56.354-0300] {processor.py:156} INFO - Started process (PID=64389) to work on /home/marti/Lighthouse/airflow_tooltorial/venv/lib/python3.8/site-packages/airflow/example_dags/example_sensors.py
[2024-10-09T18:18:56.391-0300] {processor.py:799} INFO - Processing file /home/marti/Lighthouse/airflow_tooltorial/venv/lib/python3.8/site-packages/airflow/example_dags/example_sensors.py for tasks to queue
[2024-10-09T18:18:56.394-0300] {logging_mixin.py:149} INFO - [2024-10-09T18:18:56.393-0300] {dagbag.py:541} INFO - Filling up the DagBag from /home/marti/Lighthouse/airflow_tooltorial/venv/lib/python3.8/site-packages/airflow/example_dags/example_sensors.py
[2024-10-09T18:18:56.437-0300] {processor.py:809} INFO - DAG(s) dict_keys(['example_sensors']) retrieved from /home/marti/Lighthouse/airflow_tooltorial/venv/lib/python3.8/site-packages/airflow/example_dags/example_sensors.py
[2024-10-09T18:18:56.587-0300] {logging_mixin.py:149} INFO - [2024-10-09T18:18:56.587-0300] {dag.py:2726} INFO - Sync 1 DAGs
[2024-10-09T18:18:57.312-0300] {logging_mixin.py:149} INFO - [2024-10-09T18:18:57.312-0300] {dag.py:3486} INFO - Setting next_dagrun for example_sensors to None, run_after=None
[2024-10-09T18:18:58.747-0300] {processor.py:178} INFO - Processing /home/marti/Lighthouse/airflow_tooltorial/venv/lib/python3.8/site-packages/airflow/example_dags/example_sensors.py took 2.399 seconds
[2024-10-09T18:51:49.379-0300] {processor.py:156} INFO - Started process (PID=71016) to work on /home/marti/Lighthouse/airflow_tooltorial/venv/lib/python3.8/site-packages/airflow/example_dags/example_sensors.py
[2024-10-09T18:51:49.380-0300] {processor.py:799} INFO - Processing file /home/marti/Lighthouse/airflow_tooltorial/venv/lib/python3.8/site-packages/airflow/example_dags/example_sensors.py for tasks to queue
[2024-10-09T18:51:49.381-0300] {logging_mixin.py:149} INFO - [2024-10-09T18:51:49.381-0300] {dagbag.py:541} INFO - Filling up the DagBag from /home/marti/Lighthouse/airflow_tooltorial/venv/lib/python3.8/site-packages/airflow/example_dags/example_sensors.py
[2024-10-09T18:51:49.399-0300] {processor.py:809} INFO - DAG(s) dict_keys(['example_sensors']) retrieved from /home/marti/Lighthouse/airflow_tooltorial/venv/lib/python3.8/site-packages/airflow/example_dags/example_sensors.py
[2024-10-09T18:51:49.423-0300] {logging_mixin.py:149} INFO - [2024-10-09T18:51:49.423-0300] {dag.py:2726} INFO - Sync 1 DAGs
[2024-10-09T18:51:49.443-0300] {logging_mixin.py:149} INFO - [2024-10-09T18:51:49.443-0300] {dag.py:3486} INFO - Setting next_dagrun for example_sensors to None, run_after=None
[2024-10-09T18:51:49.532-0300] {processor.py:178} INFO - Processing /home/marti/Lighthouse/airflow_tooltorial/venv/lib/python3.8/site-packages/airflow/example_dags/example_sensors.py took 0.161 seconds
