[2024-10-09T18:06:46.442-0300] {processor.py:156} INFO - Started process (PID=61234) to work on /home/marti/Lighthouse/airflow_tooltorial/venv/lib/python3.8/site-packages/airflow/example_dags/example_trigger_controller_dag.py
[2024-10-09T18:06:46.443-0300] {processor.py:799} INFO - Processing file /home/marti/Lighthouse/airflow_tooltorial/venv/lib/python3.8/site-packages/airflow/example_dags/example_trigger_controller_dag.py for tasks to queue
[2024-10-09T18:06:46.444-0300] {logging_mixin.py:149} INFO - [2024-10-09T18:06:46.444-0300] {dagbag.py:541} INFO - Filling up the DagBag from /home/marti/Lighthouse/airflow_tooltorial/venv/lib/python3.8/site-packages/airflow/example_dags/example_trigger_controller_dag.py
[2024-10-09T18:06:46.451-0300] {processor.py:809} INFO - DAG(s) dict_keys(['example_trigger_controller_dag']) retrieved from /home/marti/Lighthouse/airflow_tooltorial/venv/lib/python3.8/site-packages/airflow/example_dags/example_trigger_controller_dag.py
[2024-10-09T18:06:46.849-0300] {logging_mixin.py:149} INFO - [2024-10-09T18:06:46.848-0300] {manager.py:504} INFO - Created Permission View: can read on DAG:example_trigger_controller_dag
[2024-10-09T18:06:47.049-0300] {logging_mixin.py:149} INFO - [2024-10-09T18:06:47.048-0300] {manager.py:504} INFO - Created Permission View: can edit on DAG:example_trigger_controller_dag
[2024-10-09T18:06:47.170-0300] {logging_mixin.py:149} INFO - [2024-10-09T18:06:47.170-0300] {manager.py:504} INFO - Created Permission View: can delete on DAG:example_trigger_controller_dag
[2024-10-09T18:06:47.171-0300] {logging_mixin.py:149} INFO - [2024-10-09T18:06:47.171-0300] {dag.py:2726} INFO - Sync 1 DAGs
[2024-10-09T18:06:47.193-0300] {logging_mixin.py:149} INFO - [2024-10-09T18:06:47.192-0300] {dag.py:2747} INFO - Creating ORM DAG for example_trigger_controller_dag
[2024-10-09T18:06:47.204-0300] {logging_mixin.py:149} INFO - [2024-10-09T18:06:47.203-0300] {dag.py:3486} INFO - Setting next_dagrun for example_trigger_controller_dag to 2021-01-01T00:00:00+00:00, run_after=2021-01-01T00:00:00+00:00
[2024-10-09T18:06:47.363-0300] {processor.py:178} INFO - Processing /home/marti/Lighthouse/airflow_tooltorial/venv/lib/python3.8/site-packages/airflow/example_dags/example_trigger_controller_dag.py took 0.925 seconds
[2024-10-09T18:08:19.140-0300] {processor.py:156} INFO - Started process (PID=61738) to work on /home/marti/Lighthouse/airflow_tooltorial/venv/lib/python3.8/site-packages/airflow/example_dags/example_trigger_controller_dag.py
[2024-10-09T18:08:19.143-0300] {processor.py:799} INFO - Processing file /home/marti/Lighthouse/airflow_tooltorial/venv/lib/python3.8/site-packages/airflow/example_dags/example_trigger_controller_dag.py for tasks to queue
[2024-10-09T18:08:19.145-0300] {logging_mixin.py:149} INFO - [2024-10-09T18:08:19.145-0300] {dagbag.py:541} INFO - Filling up the DagBag from /home/marti/Lighthouse/airflow_tooltorial/venv/lib/python3.8/site-packages/airflow/example_dags/example_trigger_controller_dag.py
[2024-10-09T18:08:19.155-0300] {processor.py:809} INFO - DAG(s) dict_keys(['example_trigger_controller_dag']) retrieved from /home/marti/Lighthouse/airflow_tooltorial/venv/lib/python3.8/site-packages/airflow/example_dags/example_trigger_controller_dag.py
[2024-10-09T18:08:19.178-0300] {logging_mixin.py:149} INFO - [2024-10-09T18:08:19.178-0300] {dag.py:2726} INFO - Sync 1 DAGs
[2024-10-09T18:08:19.281-0300] {logging_mixin.py:149} INFO - [2024-10-09T18:08:19.281-0300] {dag.py:3486} INFO - Setting next_dagrun for example_trigger_controller_dag to 2021-01-01T00:00:00+00:00, run_after=2021-01-01T00:00:00+00:00
[2024-10-09T18:08:19.401-0300] {processor.py:178} INFO - Processing /home/marti/Lighthouse/airflow_tooltorial/venv/lib/python3.8/site-packages/airflow/example_dags/example_trigger_controller_dag.py took 0.269 seconds
[2024-10-09T18:09:05.446-0300] {processor.py:156} INFO - Started process (PID=62087) to work on /home/marti/Lighthouse/airflow_tooltorial/venv/lib/python3.8/site-packages/airflow/example_dags/example_trigger_controller_dag.py
[2024-10-09T18:09:05.472-0300] {processor.py:799} INFO - Processing file /home/marti/Lighthouse/airflow_tooltorial/venv/lib/python3.8/site-packages/airflow/example_dags/example_trigger_controller_dag.py for tasks to queue
[2024-10-09T18:09:05.473-0300] {logging_mixin.py:149} INFO - [2024-10-09T18:09:05.473-0300] {dagbag.py:541} INFO - Filling up the DagBag from /home/marti/Lighthouse/airflow_tooltorial/venv/lib/python3.8/site-packages/airflow/example_dags/example_trigger_controller_dag.py
[2024-10-09T18:09:05.479-0300] {processor.py:809} INFO - DAG(s) dict_keys(['example_trigger_controller_dag']) retrieved from /home/marti/Lighthouse/airflow_tooltorial/venv/lib/python3.8/site-packages/airflow/example_dags/example_trigger_controller_dag.py
[2024-10-09T18:09:05.655-0300] {logging_mixin.py:149} INFO - [2024-10-09T18:09:05.654-0300] {dag.py:2726} INFO - Sync 1 DAGs
[2024-10-09T18:09:05.752-0300] {logging_mixin.py:149} INFO - [2024-10-09T18:09:05.752-0300] {dag.py:3486} INFO - Setting next_dagrun for example_trigger_controller_dag to 2021-01-01T00:00:00+00:00, run_after=2021-01-01T00:00:00+00:00
[2024-10-09T18:09:05.888-0300] {processor.py:178} INFO - Processing /home/marti/Lighthouse/airflow_tooltorial/venv/lib/python3.8/site-packages/airflow/example_dags/example_trigger_controller_dag.py took 0.451 seconds
[2024-10-09T18:10:01.305-0300] {processor.py:156} INFO - Started process (PID=62227) to work on /home/marti/Lighthouse/airflow_tooltorial/venv/lib/python3.8/site-packages/airflow/example_dags/example_trigger_controller_dag.py
[2024-10-09T18:10:01.546-0300] {processor.py:799} INFO - Processing file /home/marti/Lighthouse/airflow_tooltorial/venv/lib/python3.8/site-packages/airflow/example_dags/example_trigger_controller_dag.py for tasks to queue
[2024-10-09T18:10:01.549-0300] {logging_mixin.py:149} INFO - [2024-10-09T18:10:01.548-0300] {dagbag.py:541} INFO - Filling up the DagBag from /home/marti/Lighthouse/airflow_tooltorial/venv/lib/python3.8/site-packages/airflow/example_dags/example_trigger_controller_dag.py
[2024-10-09T18:10:01.564-0300] {processor.py:809} INFO - DAG(s) dict_keys(['example_trigger_controller_dag']) retrieved from /home/marti/Lighthouse/airflow_tooltorial/venv/lib/python3.8/site-packages/airflow/example_dags/example_trigger_controller_dag.py
[2024-10-09T18:10:01.596-0300] {logging_mixin.py:149} INFO - [2024-10-09T18:10:01.596-0300] {dag.py:2726} INFO - Sync 1 DAGs
[2024-10-09T18:10:01.612-0300] {logging_mixin.py:149} INFO - [2024-10-09T18:10:01.612-0300] {dag.py:3486} INFO - Setting next_dagrun for example_trigger_controller_dag to 2021-01-01T00:00:00+00:00, run_after=2021-01-01T00:00:00+00:00
[2024-10-09T18:10:01.734-0300] {processor.py:178} INFO - Processing /home/marti/Lighthouse/airflow_tooltorial/venv/lib/python3.8/site-packages/airflow/example_dags/example_trigger_controller_dag.py took 0.434 seconds
[2024-10-09T18:10:55.550-0300] {processor.py:156} INFO - Started process (PID=62459) to work on /home/marti/Lighthouse/airflow_tooltorial/venv/lib/python3.8/site-packages/airflow/example_dags/example_trigger_controller_dag.py
[2024-10-09T18:10:55.568-0300] {processor.py:799} INFO - Processing file /home/marti/Lighthouse/airflow_tooltorial/venv/lib/python3.8/site-packages/airflow/example_dags/example_trigger_controller_dag.py for tasks to queue
[2024-10-09T18:10:55.569-0300] {logging_mixin.py:149} INFO - [2024-10-09T18:10:55.569-0300] {dagbag.py:541} INFO - Filling up the DagBag from /home/marti/Lighthouse/airflow_tooltorial/venv/lib/python3.8/site-packages/airflow/example_dags/example_trigger_controller_dag.py
[2024-10-09T18:10:55.574-0300] {processor.py:809} INFO - DAG(s) dict_keys(['example_trigger_controller_dag']) retrieved from /home/marti/Lighthouse/airflow_tooltorial/venv/lib/python3.8/site-packages/airflow/example_dags/example_trigger_controller_dag.py
[2024-10-09T18:10:55.599-0300] {logging_mixin.py:149} INFO - [2024-10-09T18:10:55.599-0300] {dag.py:2726} INFO - Sync 1 DAGs
[2024-10-09T18:10:55.618-0300] {logging_mixin.py:149} INFO - [2024-10-09T18:10:55.618-0300] {dag.py:3486} INFO - Setting next_dagrun for example_trigger_controller_dag to 2021-01-01T00:00:00+00:00, run_after=2021-01-01T00:00:00+00:00
[2024-10-09T18:10:55.745-0300] {processor.py:178} INFO - Processing /home/marti/Lighthouse/airflow_tooltorial/venv/lib/python3.8/site-packages/airflow/example_dags/example_trigger_controller_dag.py took 0.199 seconds
[2024-10-09T18:11:49.664-0300] {processor.py:156} INFO - Started process (PID=62593) to work on /home/marti/Lighthouse/airflow_tooltorial/venv/lib/python3.8/site-packages/airflow/example_dags/example_trigger_controller_dag.py
[2024-10-09T18:11:49.672-0300] {processor.py:799} INFO - Processing file /home/marti/Lighthouse/airflow_tooltorial/venv/lib/python3.8/site-packages/airflow/example_dags/example_trigger_controller_dag.py for tasks to queue
[2024-10-09T18:11:49.673-0300] {logging_mixin.py:149} INFO - [2024-10-09T18:11:49.673-0300] {dagbag.py:541} INFO - Filling up the DagBag from /home/marti/Lighthouse/airflow_tooltorial/venv/lib/python3.8/site-packages/airflow/example_dags/example_trigger_controller_dag.py
[2024-10-09T18:11:49.686-0300] {processor.py:809} INFO - DAG(s) dict_keys(['example_trigger_controller_dag']) retrieved from /home/marti/Lighthouse/airflow_tooltorial/venv/lib/python3.8/site-packages/airflow/example_dags/example_trigger_controller_dag.py
[2024-10-09T18:11:49.731-0300] {logging_mixin.py:149} INFO - [2024-10-09T18:11:49.730-0300] {dag.py:2726} INFO - Sync 1 DAGs
[2024-10-09T18:11:49.766-0300] {logging_mixin.py:149} INFO - [2024-10-09T18:11:49.766-0300] {dag.py:3486} INFO - Setting next_dagrun for example_trigger_controller_dag to 2021-01-01T00:00:00+00:00, run_after=2021-01-01T00:00:00+00:00
[2024-10-09T18:11:49.888-0300] {processor.py:178} INFO - Processing /home/marti/Lighthouse/airflow_tooltorial/venv/lib/python3.8/site-packages/airflow/example_dags/example_trigger_controller_dag.py took 0.230 seconds
[2024-10-09T18:12:44.451-0300] {processor.py:156} INFO - Started process (PID=62652) to work on /home/marti/Lighthouse/airflow_tooltorial/venv/lib/python3.8/site-packages/airflow/example_dags/example_trigger_controller_dag.py
[2024-10-09T18:12:44.472-0300] {processor.py:799} INFO - Processing file /home/marti/Lighthouse/airflow_tooltorial/venv/lib/python3.8/site-packages/airflow/example_dags/example_trigger_controller_dag.py for tasks to queue
[2024-10-09T18:12:44.473-0300] {logging_mixin.py:149} INFO - [2024-10-09T18:12:44.472-0300] {dagbag.py:541} INFO - Filling up the DagBag from /home/marti/Lighthouse/airflow_tooltorial/venv/lib/python3.8/site-packages/airflow/example_dags/example_trigger_controller_dag.py
[2024-10-09T18:12:44.477-0300] {processor.py:809} INFO - DAG(s) dict_keys(['example_trigger_controller_dag']) retrieved from /home/marti/Lighthouse/airflow_tooltorial/venv/lib/python3.8/site-packages/airflow/example_dags/example_trigger_controller_dag.py
[2024-10-09T18:12:44.496-0300] {logging_mixin.py:149} INFO - [2024-10-09T18:12:44.496-0300] {dag.py:2726} INFO - Sync 1 DAGs
[2024-10-09T18:12:44.512-0300] {logging_mixin.py:149} INFO - [2024-10-09T18:12:44.511-0300] {dag.py:3486} INFO - Setting next_dagrun for example_trigger_controller_dag to 2021-01-01T00:00:00+00:00, run_after=2021-01-01T00:00:00+00:00
[2024-10-09T18:12:44.645-0300] {processor.py:178} INFO - Processing /home/marti/Lighthouse/airflow_tooltorial/venv/lib/python3.8/site-packages/airflow/example_dags/example_trigger_controller_dag.py took 0.199 seconds
[2024-10-09T18:13:36.844-0300] {processor.py:156} INFO - Started process (PID=62774) to work on /home/marti/Lighthouse/airflow_tooltorial/venv/lib/python3.8/site-packages/airflow/example_dags/example_trigger_controller_dag.py
[2024-10-09T18:13:36.866-0300] {processor.py:799} INFO - Processing file /home/marti/Lighthouse/airflow_tooltorial/venv/lib/python3.8/site-packages/airflow/example_dags/example_trigger_controller_dag.py for tasks to queue
[2024-10-09T18:13:36.868-0300] {logging_mixin.py:149} INFO - [2024-10-09T18:13:36.868-0300] {dagbag.py:541} INFO - Filling up the DagBag from /home/marti/Lighthouse/airflow_tooltorial/venv/lib/python3.8/site-packages/airflow/example_dags/example_trigger_controller_dag.py
[2024-10-09T18:13:36.881-0300] {processor.py:809} INFO - DAG(s) dict_keys(['example_trigger_controller_dag']) retrieved from /home/marti/Lighthouse/airflow_tooltorial/venv/lib/python3.8/site-packages/airflow/example_dags/example_trigger_controller_dag.py
[2024-10-09T18:13:36.910-0300] {logging_mixin.py:149} INFO - [2024-10-09T18:13:36.910-0300] {dag.py:2726} INFO - Sync 1 DAGs
[2024-10-09T18:13:36.927-0300] {logging_mixin.py:149} INFO - [2024-10-09T18:13:36.927-0300] {dag.py:3486} INFO - Setting next_dagrun for example_trigger_controller_dag to 2021-01-01T00:00:00+00:00, run_after=2021-01-01T00:00:00+00:00
[2024-10-09T18:13:37.055-0300] {processor.py:178} INFO - Processing /home/marti/Lighthouse/airflow_tooltorial/venv/lib/python3.8/site-packages/airflow/example_dags/example_trigger_controller_dag.py took 0.218 seconds
[2024-10-09T18:14:30.515-0300] {processor.py:156} INFO - Started process (PID=62896) to work on /home/marti/Lighthouse/airflow_tooltorial/venv/lib/python3.8/site-packages/airflow/example_dags/example_trigger_controller_dag.py
[2024-10-09T18:14:30.517-0300] {processor.py:799} INFO - Processing file /home/marti/Lighthouse/airflow_tooltorial/venv/lib/python3.8/site-packages/airflow/example_dags/example_trigger_controller_dag.py for tasks to queue
[2024-10-09T18:14:30.519-0300] {logging_mixin.py:149} INFO - [2024-10-09T18:14:30.519-0300] {dagbag.py:541} INFO - Filling up the DagBag from /home/marti/Lighthouse/airflow_tooltorial/venv/lib/python3.8/site-packages/airflow/example_dags/example_trigger_controller_dag.py
[2024-10-09T18:14:30.523-0300] {processor.py:809} INFO - DAG(s) dict_keys(['example_trigger_controller_dag']) retrieved from /home/marti/Lighthouse/airflow_tooltorial/venv/lib/python3.8/site-packages/airflow/example_dags/example_trigger_controller_dag.py
[2024-10-09T18:14:30.539-0300] {logging_mixin.py:149} INFO - [2024-10-09T18:14:30.539-0300] {dag.py:2726} INFO - Sync 1 DAGs
[2024-10-09T18:14:30.560-0300] {logging_mixin.py:149} INFO - [2024-10-09T18:14:30.560-0300] {dag.py:3486} INFO - Setting next_dagrun for example_trigger_controller_dag to 2021-01-01T00:00:00+00:00, run_after=2021-01-01T00:00:00+00:00
[2024-10-09T18:14:30.741-0300] {processor.py:178} INFO - Processing /home/marti/Lighthouse/airflow_tooltorial/venv/lib/python3.8/site-packages/airflow/example_dags/example_trigger_controller_dag.py took 0.228 seconds
[2024-10-09T18:15:28.715-0300] {processor.py:156} INFO - Started process (PID=63080) to work on /home/marti/Lighthouse/airflow_tooltorial/venv/lib/python3.8/site-packages/airflow/example_dags/example_trigger_controller_dag.py
[2024-10-09T18:15:28.764-0300] {processor.py:799} INFO - Processing file /home/marti/Lighthouse/airflow_tooltorial/venv/lib/python3.8/site-packages/airflow/example_dags/example_trigger_controller_dag.py for tasks to queue
[2024-10-09T18:15:28.766-0300] {logging_mixin.py:149} INFO - [2024-10-09T18:15:28.766-0300] {dagbag.py:541} INFO - Filling up the DagBag from /home/marti/Lighthouse/airflow_tooltorial/venv/lib/python3.8/site-packages/airflow/example_dags/example_trigger_controller_dag.py
[2024-10-09T18:15:28.779-0300] {processor.py:809} INFO - DAG(s) dict_keys(['example_trigger_controller_dag']) retrieved from /home/marti/Lighthouse/airflow_tooltorial/venv/lib/python3.8/site-packages/airflow/example_dags/example_trigger_controller_dag.py
[2024-10-09T18:15:28.813-0300] {logging_mixin.py:149} INFO - [2024-10-09T18:15:28.813-0300] {dag.py:2726} INFO - Sync 1 DAGs
[2024-10-09T18:15:28.829-0300] {logging_mixin.py:149} INFO - [2024-10-09T18:15:28.829-0300] {dag.py:3486} INFO - Setting next_dagrun for example_trigger_controller_dag to 2021-01-01T00:00:00+00:00, run_after=2021-01-01T00:00:00+00:00
[2024-10-09T18:15:28.946-0300] {processor.py:178} INFO - Processing /home/marti/Lighthouse/airflow_tooltorial/venv/lib/python3.8/site-packages/airflow/example_dags/example_trigger_controller_dag.py took 0.235 seconds
[2024-10-09T18:16:17.557-0300] {processor.py:156} INFO - Started process (PID=63292) to work on /home/marti/Lighthouse/airflow_tooltorial/venv/lib/python3.8/site-packages/airflow/example_dags/example_trigger_controller_dag.py
[2024-10-09T18:16:17.560-0300] {processor.py:799} INFO - Processing file /home/marti/Lighthouse/airflow_tooltorial/venv/lib/python3.8/site-packages/airflow/example_dags/example_trigger_controller_dag.py for tasks to queue
[2024-10-09T18:16:17.560-0300] {logging_mixin.py:149} INFO - [2024-10-09T18:16:17.560-0300] {dagbag.py:541} INFO - Filling up the DagBag from /home/marti/Lighthouse/airflow_tooltorial/venv/lib/python3.8/site-packages/airflow/example_dags/example_trigger_controller_dag.py
[2024-10-09T18:16:17.564-0300] {processor.py:809} INFO - DAG(s) dict_keys(['example_trigger_controller_dag']) retrieved from /home/marti/Lighthouse/airflow_tooltorial/venv/lib/python3.8/site-packages/airflow/example_dags/example_trigger_controller_dag.py
[2024-10-09T18:16:17.581-0300] {logging_mixin.py:149} INFO - [2024-10-09T18:16:17.580-0300] {dag.py:2726} INFO - Sync 1 DAGs
[2024-10-09T18:16:17.597-0300] {logging_mixin.py:149} INFO - [2024-10-09T18:16:17.596-0300] {dag.py:3486} INFO - Setting next_dagrun for example_trigger_controller_dag to 2021-01-01T00:00:00+00:00, run_after=2021-01-01T00:00:00+00:00
[2024-10-09T18:16:17.825-0300] {processor.py:178} INFO - Processing /home/marti/Lighthouse/airflow_tooltorial/venv/lib/python3.8/site-packages/airflow/example_dags/example_trigger_controller_dag.py took 0.270 seconds
[2024-10-09T18:17:13.955-0300] {processor.py:156} INFO - Started process (PID=63657) to work on /home/marti/Lighthouse/airflow_tooltorial/venv/lib/python3.8/site-packages/airflow/example_dags/example_trigger_controller_dag.py
[2024-10-09T18:17:13.977-0300] {processor.py:799} INFO - Processing file /home/marti/Lighthouse/airflow_tooltorial/venv/lib/python3.8/site-packages/airflow/example_dags/example_trigger_controller_dag.py for tasks to queue
[2024-10-09T18:17:13.978-0300] {logging_mixin.py:149} INFO - [2024-10-09T18:17:13.978-0300] {dagbag.py:541} INFO - Filling up the DagBag from /home/marti/Lighthouse/airflow_tooltorial/venv/lib/python3.8/site-packages/airflow/example_dags/example_trigger_controller_dag.py
[2024-10-09T18:17:13.983-0300] {processor.py:809} INFO - DAG(s) dict_keys(['example_trigger_controller_dag']) retrieved from /home/marti/Lighthouse/airflow_tooltorial/venv/lib/python3.8/site-packages/airflow/example_dags/example_trigger_controller_dag.py
[2024-10-09T18:17:14.000-0300] {logging_mixin.py:149} INFO - [2024-10-09T18:17:14.000-0300] {dag.py:2726} INFO - Sync 1 DAGs
[2024-10-09T18:17:14.018-0300] {logging_mixin.py:149} INFO - [2024-10-09T18:17:14.018-0300] {dag.py:3486} INFO - Setting next_dagrun for example_trigger_controller_dag to 2021-01-01T00:00:00+00:00, run_after=2021-01-01T00:00:00+00:00
[2024-10-09T18:17:14.440-0300] {processor.py:178} INFO - Processing /home/marti/Lighthouse/airflow_tooltorial/venv/lib/python3.8/site-packages/airflow/example_dags/example_trigger_controller_dag.py took 0.488 seconds
[2024-10-09T18:18:11.150-0300] {processor.py:156} INFO - Started process (PID=64076) to work on /home/marti/Lighthouse/airflow_tooltorial/venv/lib/python3.8/site-packages/airflow/example_dags/example_trigger_controller_dag.py
[2024-10-09T18:18:11.163-0300] {processor.py:799} INFO - Processing file /home/marti/Lighthouse/airflow_tooltorial/venv/lib/python3.8/site-packages/airflow/example_dags/example_trigger_controller_dag.py for tasks to queue
[2024-10-09T18:18:11.164-0300] {logging_mixin.py:149} INFO - [2024-10-09T18:18:11.164-0300] {dagbag.py:541} INFO - Filling up the DagBag from /home/marti/Lighthouse/airflow_tooltorial/venv/lib/python3.8/site-packages/airflow/example_dags/example_trigger_controller_dag.py
[2024-10-09T18:18:11.175-0300] {processor.py:809} INFO - DAG(s) dict_keys(['example_trigger_controller_dag']) retrieved from /home/marti/Lighthouse/airflow_tooltorial/venv/lib/python3.8/site-packages/airflow/example_dags/example_trigger_controller_dag.py
[2024-10-09T18:18:11.214-0300] {logging_mixin.py:149} INFO - [2024-10-09T18:18:11.214-0300] {dag.py:2726} INFO - Sync 1 DAGs
[2024-10-09T18:18:11.256-0300] {logging_mixin.py:149} INFO - [2024-10-09T18:18:11.255-0300] {dag.py:3486} INFO - Setting next_dagrun for example_trigger_controller_dag to 2021-01-01T00:00:00+00:00, run_after=2021-01-01T00:00:00+00:00
[2024-10-09T18:18:11.393-0300] {processor.py:178} INFO - Processing /home/marti/Lighthouse/airflow_tooltorial/venv/lib/python3.8/site-packages/airflow/example_dags/example_trigger_controller_dag.py took 0.254 seconds
[2024-10-09T18:48:06.945-0300] {processor.py:156} INFO - Started process (PID=69582) to work on /home/marti/Lighthouse/airflow_tooltorial/venv/lib/python3.8/site-packages/airflow/example_dags/example_trigger_controller_dag.py
[2024-10-09T18:48:06.967-0300] {processor.py:799} INFO - Processing file /home/marti/Lighthouse/airflow_tooltorial/venv/lib/python3.8/site-packages/airflow/example_dags/example_trigger_controller_dag.py for tasks to queue
[2024-10-09T18:48:06.968-0300] {logging_mixin.py:149} INFO - [2024-10-09T18:48:06.968-0300] {dagbag.py:541} INFO - Filling up the DagBag from /home/marti/Lighthouse/airflow_tooltorial/venv/lib/python3.8/site-packages/airflow/example_dags/example_trigger_controller_dag.py
[2024-10-09T18:48:06.972-0300] {processor.py:809} INFO - DAG(s) dict_keys(['example_trigger_controller_dag']) retrieved from /home/marti/Lighthouse/airflow_tooltorial/venv/lib/python3.8/site-packages/airflow/example_dags/example_trigger_controller_dag.py
[2024-10-09T18:48:06.979-0300] {logging_mixin.py:149} INFO - [2024-10-09T18:48:06.979-0300] {dag.py:2726} INFO - Sync 1 DAGs
[2024-10-09T18:48:07.004-0300] {logging_mixin.py:149} INFO - [2024-10-09T18:48:07.004-0300] {dag.py:3486} INFO - Setting next_dagrun for example_trigger_controller_dag to 2021-01-01T00:00:00+00:00, run_after=2021-01-01T00:00:00+00:00
[2024-10-09T18:48:07.142-0300] {processor.py:178} INFO - Processing /home/marti/Lighthouse/airflow_tooltorial/venv/lib/python3.8/site-packages/airflow/example_dags/example_trigger_controller_dag.py took 0.199 seconds
[2024-10-09T18:51:33.937-0300] {processor.py:156} INFO - Started process (PID=70991) to work on /home/marti/Lighthouse/airflow_tooltorial/venv/lib/python3.8/site-packages/airflow/example_dags/example_trigger_controller_dag.py
[2024-10-09T18:51:33.953-0300] {processor.py:799} INFO - Processing file /home/marti/Lighthouse/airflow_tooltorial/venv/lib/python3.8/site-packages/airflow/example_dags/example_trigger_controller_dag.py for tasks to queue
[2024-10-09T18:51:33.954-0300] {logging_mixin.py:149} INFO - [2024-10-09T18:51:33.954-0300] {dagbag.py:541} INFO - Filling up the DagBag from /home/marti/Lighthouse/airflow_tooltorial/venv/lib/python3.8/site-packages/airflow/example_dags/example_trigger_controller_dag.py
[2024-10-09T18:51:33.958-0300] {processor.py:809} INFO - DAG(s) dict_keys(['example_trigger_controller_dag']) retrieved from /home/marti/Lighthouse/airflow_tooltorial/venv/lib/python3.8/site-packages/airflow/example_dags/example_trigger_controller_dag.py
[2024-10-09T18:51:33.965-0300] {logging_mixin.py:149} INFO - [2024-10-09T18:51:33.965-0300] {dag.py:2726} INFO - Sync 1 DAGs
[2024-10-09T18:51:33.987-0300] {logging_mixin.py:149} INFO - [2024-10-09T18:51:33.987-0300] {dag.py:3486} INFO - Setting next_dagrun for example_trigger_controller_dag to 2021-01-01T00:00:00+00:00, run_after=2021-01-01T00:00:00+00:00
[2024-10-09T18:51:34.117-0300] {processor.py:178} INFO - Processing /home/marti/Lighthouse/airflow_tooltorial/venv/lib/python3.8/site-packages/airflow/example_dags/example_trigger_controller_dag.py took 0.182 seconds
