[2024-10-09T18:07:37.358-0300] {processor.py:156} INFO - Started process (PID=61422) to work on /home/marti/Lighthouse/airflow_tooltorial/venv/lib/python3.8/site-packages/airflow/example_dags/example_branch_python_dop_operator_3.py
[2024-10-09T18:07:37.361-0300] {processor.py:799} INFO - Processing file /home/marti/Lighthouse/airflow_tooltorial/venv/lib/python3.8/site-packages/airflow/example_dags/example_branch_python_dop_operator_3.py for tasks to queue
[2024-10-09T18:07:37.362-0300] {logging_mixin.py:149} INFO - [2024-10-09T18:07:37.362-0300] {dagbag.py:541} INFO - Filling up the DagBag from /home/marti/Lighthouse/airflow_tooltorial/venv/lib/python3.8/site-packages/airflow/example_dags/example_branch_python_dop_operator_3.py
[2024-10-09T18:07:37.377-0300] {processor.py:809} INFO - DAG(s) dict_keys(['example_branch_dop_operator_v3']) retrieved from /home/marti/Lighthouse/airflow_tooltorial/venv/lib/python3.8/site-packages/airflow/example_dags/example_branch_python_dop_operator_3.py
[2024-10-09T18:07:37.974-0300] {logging_mixin.py:149} INFO - [2024-10-09T18:07:37.973-0300] {manager.py:504} INFO - Created Permission View: can read on DAG:example_branch_dop_operator_v3
[2024-10-09T18:07:38.162-0300] {logging_mixin.py:149} INFO - [2024-10-09T18:07:38.162-0300] {manager.py:504} INFO - Created Permission View: can edit on DAG:example_branch_dop_operator_v3
[2024-10-09T18:07:38.252-0300] {logging_mixin.py:149} INFO - [2024-10-09T18:07:38.251-0300] {manager.py:504} INFO - Created Permission View: can delete on DAG:example_branch_dop_operator_v3
[2024-10-09T18:07:38.253-0300] {logging_mixin.py:149} INFO - [2024-10-09T18:07:38.253-0300] {dag.py:2726} INFO - Sync 1 DAGs
[2024-10-09T18:07:38.284-0300] {logging_mixin.py:149} INFO - [2024-10-09T18:07:38.283-0300] {dag.py:2747} INFO - Creating ORM DAG for example_branch_dop_operator_v3
[2024-10-09T18:07:38.299-0300] {logging_mixin.py:149} INFO - [2024-10-09T18:07:38.299-0300] {dag.py:3486} INFO - Setting next_dagrun for example_branch_dop_operator_v3 to 2024-10-09T21:06:00+00:00, run_after=2024-10-09T21:07:00+00:00
[2024-10-09T18:07:38.478-0300] {processor.py:178} INFO - Processing /home/marti/Lighthouse/airflow_tooltorial/venv/lib/python3.8/site-packages/airflow/example_dags/example_branch_python_dop_operator_3.py took 1.129 seconds
[2024-10-09T18:09:09.569-0300] {processor.py:156} INFO - Started process (PID=62090) to work on /home/marti/Lighthouse/airflow_tooltorial/venv/lib/python3.8/site-packages/airflow/example_dags/example_branch_python_dop_operator_3.py
[2024-10-09T18:09:09.599-0300] {processor.py:799} INFO - Processing file /home/marti/Lighthouse/airflow_tooltorial/venv/lib/python3.8/site-packages/airflow/example_dags/example_branch_python_dop_operator_3.py for tasks to queue
[2024-10-09T18:09:09.602-0300] {logging_mixin.py:149} INFO - [2024-10-09T18:09:09.601-0300] {dagbag.py:541} INFO - Filling up the DagBag from /home/marti/Lighthouse/airflow_tooltorial/venv/lib/python3.8/site-packages/airflow/example_dags/example_branch_python_dop_operator_3.py
[2024-10-09T18:09:09.626-0300] {processor.py:809} INFO - DAG(s) dict_keys(['example_branch_dop_operator_v3']) retrieved from /home/marti/Lighthouse/airflow_tooltorial/venv/lib/python3.8/site-packages/airflow/example_dags/example_branch_python_dop_operator_3.py
[2024-10-09T18:09:09.649-0300] {logging_mixin.py:149} INFO - [2024-10-09T18:09:09.649-0300] {dag.py:2726} INFO - Sync 1 DAGs
[2024-10-09T18:09:09.751-0300] {logging_mixin.py:149} INFO - [2024-10-09T18:09:09.751-0300] {dag.py:3486} INFO - Setting next_dagrun for example_branch_dop_operator_v3 to 2024-10-09T21:08:00+00:00, run_after=2024-10-09T21:09:00+00:00
[2024-10-09T18:09:09.880-0300] {processor.py:178} INFO - Processing /home/marti/Lighthouse/airflow_tooltorial/venv/lib/python3.8/site-packages/airflow/example_dags/example_branch_python_dop_operator_3.py took 0.321 seconds
[2024-10-09T18:10:05.768-0300] {processor.py:156} INFO - Started process (PID=62237) to work on /home/marti/Lighthouse/airflow_tooltorial/venv/lib/python3.8/site-packages/airflow/example_dags/example_branch_python_dop_operator_3.py
[2024-10-09T18:10:05.786-0300] {processor.py:799} INFO - Processing file /home/marti/Lighthouse/airflow_tooltorial/venv/lib/python3.8/site-packages/airflow/example_dags/example_branch_python_dop_operator_3.py for tasks to queue
[2024-10-09T18:10:05.787-0300] {logging_mixin.py:149} INFO - [2024-10-09T18:10:05.786-0300] {dagbag.py:541} INFO - Filling up the DagBag from /home/marti/Lighthouse/airflow_tooltorial/venv/lib/python3.8/site-packages/airflow/example_dags/example_branch_python_dop_operator_3.py
[2024-10-09T18:10:05.793-0300] {processor.py:809} INFO - DAG(s) dict_keys(['example_branch_dop_operator_v3']) retrieved from /home/marti/Lighthouse/airflow_tooltorial/venv/lib/python3.8/site-packages/airflow/example_dags/example_branch_python_dop_operator_3.py
[2024-10-09T18:10:05.808-0300] {logging_mixin.py:149} INFO - [2024-10-09T18:10:05.808-0300] {dag.py:2726} INFO - Sync 1 DAGs
[2024-10-09T18:10:05.827-0300] {logging_mixin.py:149} INFO - [2024-10-09T18:10:05.827-0300] {dag.py:3486} INFO - Setting next_dagrun for example_branch_dop_operator_v3 to 2024-10-09T21:09:00+00:00, run_after=2024-10-09T21:10:00+00:00
[2024-10-09T18:10:05.952-0300] {processor.py:178} INFO - Processing /home/marti/Lighthouse/airflow_tooltorial/venv/lib/python3.8/site-packages/airflow/example_dags/example_branch_python_dop_operator_3.py took 0.187 seconds
[2024-10-09T18:11:01.754-0300] {processor.py:156} INFO - Started process (PID=62469) to work on /home/marti/Lighthouse/airflow_tooltorial/venv/lib/python3.8/site-packages/airflow/example_dags/example_branch_python_dop_operator_3.py
[2024-10-09T18:11:01.783-0300] {processor.py:799} INFO - Processing file /home/marti/Lighthouse/airflow_tooltorial/venv/lib/python3.8/site-packages/airflow/example_dags/example_branch_python_dop_operator_3.py for tasks to queue
[2024-10-09T18:11:01.784-0300] {logging_mixin.py:149} INFO - [2024-10-09T18:11:01.784-0300] {dagbag.py:541} INFO - Filling up the DagBag from /home/marti/Lighthouse/airflow_tooltorial/venv/lib/python3.8/site-packages/airflow/example_dags/example_branch_python_dop_operator_3.py
[2024-10-09T18:11:01.794-0300] {processor.py:809} INFO - DAG(s) dict_keys(['example_branch_dop_operator_v3']) retrieved from /home/marti/Lighthouse/airflow_tooltorial/venv/lib/python3.8/site-packages/airflow/example_dags/example_branch_python_dop_operator_3.py
[2024-10-09T18:11:01.817-0300] {logging_mixin.py:149} INFO - [2024-10-09T18:11:01.817-0300] {dag.py:2726} INFO - Sync 1 DAGs
[2024-10-09T18:11:01.836-0300] {logging_mixin.py:149} INFO - [2024-10-09T18:11:01.836-0300] {dag.py:3486} INFO - Setting next_dagrun for example_branch_dop_operator_v3 to 2024-10-09T21:10:00+00:00, run_after=2024-10-09T21:11:00+00:00
[2024-10-09T18:11:01.945-0300] {processor.py:178} INFO - Processing /home/marti/Lighthouse/airflow_tooltorial/venv/lib/python3.8/site-packages/airflow/example_dags/example_branch_python_dop_operator_3.py took 0.200 seconds
[2024-10-09T18:11:59.458-0300] {processor.py:156} INFO - Started process (PID=62613) to work on /home/marti/Lighthouse/airflow_tooltorial/venv/lib/python3.8/site-packages/airflow/example_dags/example_branch_python_dop_operator_3.py
[2024-10-09T18:11:59.489-0300] {processor.py:799} INFO - Processing file /home/marti/Lighthouse/airflow_tooltorial/venv/lib/python3.8/site-packages/airflow/example_dags/example_branch_python_dop_operator_3.py for tasks to queue
[2024-10-09T18:11:59.494-0300] {logging_mixin.py:149} INFO - [2024-10-09T18:11:59.494-0300] {dagbag.py:541} INFO - Filling up the DagBag from /home/marti/Lighthouse/airflow_tooltorial/venv/lib/python3.8/site-packages/airflow/example_dags/example_branch_python_dop_operator_3.py
[2024-10-09T18:11:59.514-0300] {processor.py:809} INFO - DAG(s) dict_keys(['example_branch_dop_operator_v3']) retrieved from /home/marti/Lighthouse/airflow_tooltorial/venv/lib/python3.8/site-packages/airflow/example_dags/example_branch_python_dop_operator_3.py
[2024-10-09T18:11:59.553-0300] {logging_mixin.py:149} INFO - [2024-10-09T18:11:59.553-0300] {dag.py:2726} INFO - Sync 1 DAGs
[2024-10-09T18:11:59.599-0300] {logging_mixin.py:149} INFO - [2024-10-09T18:11:59.599-0300] {dag.py:3486} INFO - Setting next_dagrun for example_branch_dop_operator_v3 to 2024-10-09T21:10:00+00:00, run_after=2024-10-09T21:11:00+00:00
[2024-10-09T18:11:59.822-0300] {processor.py:178} INFO - Processing /home/marti/Lighthouse/airflow_tooltorial/venv/lib/python3.8/site-packages/airflow/example_dags/example_branch_python_dop_operator_3.py took 0.374 seconds
[2024-10-09T18:12:53.003-0300] {processor.py:156} INFO - Started process (PID=62722) to work on /home/marti/Lighthouse/airflow_tooltorial/venv/lib/python3.8/site-packages/airflow/example_dags/example_branch_python_dop_operator_3.py
[2024-10-09T18:12:53.026-0300] {processor.py:799} INFO - Processing file /home/marti/Lighthouse/airflow_tooltorial/venv/lib/python3.8/site-packages/airflow/example_dags/example_branch_python_dop_operator_3.py for tasks to queue
[2024-10-09T18:12:53.027-0300] {logging_mixin.py:149} INFO - [2024-10-09T18:12:53.027-0300] {dagbag.py:541} INFO - Filling up the DagBag from /home/marti/Lighthouse/airflow_tooltorial/venv/lib/python3.8/site-packages/airflow/example_dags/example_branch_python_dop_operator_3.py
[2024-10-09T18:12:53.038-0300] {processor.py:809} INFO - DAG(s) dict_keys(['example_branch_dop_operator_v3']) retrieved from /home/marti/Lighthouse/airflow_tooltorial/venv/lib/python3.8/site-packages/airflow/example_dags/example_branch_python_dop_operator_3.py
[2024-10-09T18:12:53.076-0300] {logging_mixin.py:149} INFO - [2024-10-09T18:12:53.075-0300] {dag.py:2726} INFO - Sync 1 DAGs
[2024-10-09T18:12:53.103-0300] {logging_mixin.py:149} INFO - [2024-10-09T18:12:53.103-0300] {dag.py:3486} INFO - Setting next_dagrun for example_branch_dop_operator_v3 to 2024-10-09T21:11:00+00:00, run_after=2024-10-09T21:12:00+00:00
[2024-10-09T18:12:53.275-0300] {processor.py:178} INFO - Processing /home/marti/Lighthouse/airflow_tooltorial/venv/lib/python3.8/site-packages/airflow/example_dags/example_branch_python_dop_operator_3.py took 0.276 seconds
[2024-10-09T18:13:48.703-0300] {processor.py:156} INFO - Started process (PID=62850) to work on /home/marti/Lighthouse/airflow_tooltorial/venv/lib/python3.8/site-packages/airflow/example_dags/example_branch_python_dop_operator_3.py
[2024-10-09T18:13:48.734-0300] {processor.py:799} INFO - Processing file /home/marti/Lighthouse/airflow_tooltorial/venv/lib/python3.8/site-packages/airflow/example_dags/example_branch_python_dop_operator_3.py for tasks to queue
[2024-10-09T18:13:48.737-0300] {logging_mixin.py:149} INFO - [2024-10-09T18:13:48.736-0300] {dagbag.py:541} INFO - Filling up the DagBag from /home/marti/Lighthouse/airflow_tooltorial/venv/lib/python3.8/site-packages/airflow/example_dags/example_branch_python_dop_operator_3.py
[2024-10-09T18:13:48.760-0300] {processor.py:809} INFO - DAG(s) dict_keys(['example_branch_dop_operator_v3']) retrieved from /home/marti/Lighthouse/airflow_tooltorial/venv/lib/python3.8/site-packages/airflow/example_dags/example_branch_python_dop_operator_3.py
[2024-10-09T18:13:48.783-0300] {logging_mixin.py:149} INFO - [2024-10-09T18:13:48.783-0300] {dag.py:2726} INFO - Sync 1 DAGs
[2024-10-09T18:13:48.803-0300] {logging_mixin.py:149} INFO - [2024-10-09T18:13:48.803-0300] {dag.py:3486} INFO - Setting next_dagrun for example_branch_dop_operator_v3 to 2024-10-09T21:12:00+00:00, run_after=2024-10-09T21:13:00+00:00
[2024-10-09T18:13:49.050-0300] {processor.py:178} INFO - Processing /home/marti/Lighthouse/airflow_tooltorial/venv/lib/python3.8/site-packages/airflow/example_dags/example_branch_python_dop_operator_3.py took 0.349 seconds
[2024-10-09T18:14:44.602-0300] {processor.py:156} INFO - Started process (PID=62936) to work on /home/marti/Lighthouse/airflow_tooltorial/venv/lib/python3.8/site-packages/airflow/example_dags/example_branch_python_dop_operator_3.py
[2024-10-09T18:14:44.623-0300] {processor.py:799} INFO - Processing file /home/marti/Lighthouse/airflow_tooltorial/venv/lib/python3.8/site-packages/airflow/example_dags/example_branch_python_dop_operator_3.py for tasks to queue
[2024-10-09T18:14:44.624-0300] {logging_mixin.py:149} INFO - [2024-10-09T18:14:44.624-0300] {dagbag.py:541} INFO - Filling up the DagBag from /home/marti/Lighthouse/airflow_tooltorial/venv/lib/python3.8/site-packages/airflow/example_dags/example_branch_python_dop_operator_3.py
[2024-10-09T18:14:44.632-0300] {processor.py:809} INFO - DAG(s) dict_keys(['example_branch_dop_operator_v3']) retrieved from /home/marti/Lighthouse/airflow_tooltorial/venv/lib/python3.8/site-packages/airflow/example_dags/example_branch_python_dop_operator_3.py
[2024-10-09T18:14:44.660-0300] {logging_mixin.py:149} INFO - [2024-10-09T18:14:44.660-0300] {dag.py:2726} INFO - Sync 1 DAGs
[2024-10-09T18:14:44.707-0300] {logging_mixin.py:149} INFO - [2024-10-09T18:14:44.707-0300] {dag.py:3486} INFO - Setting next_dagrun for example_branch_dop_operator_v3 to 2024-10-09T21:13:00+00:00, run_after=2024-10-09T21:14:00+00:00
[2024-10-09T18:14:44.991-0300] {processor.py:178} INFO - Processing /home/marti/Lighthouse/airflow_tooltorial/venv/lib/python3.8/site-packages/airflow/example_dags/example_branch_python_dop_operator_3.py took 0.392 seconds
[2024-10-09T18:15:41.887-0300] {processor.py:156} INFO - Started process (PID=63102) to work on /home/marti/Lighthouse/airflow_tooltorial/venv/lib/python3.8/site-packages/airflow/example_dags/example_branch_python_dop_operator_3.py
[2024-10-09T18:15:41.912-0300] {processor.py:799} INFO - Processing file /home/marti/Lighthouse/airflow_tooltorial/venv/lib/python3.8/site-packages/airflow/example_dags/example_branch_python_dop_operator_3.py for tasks to queue
[2024-10-09T18:15:41.912-0300] {logging_mixin.py:149} INFO - [2024-10-09T18:15:41.912-0300] {dagbag.py:541} INFO - Filling up the DagBag from /home/marti/Lighthouse/airflow_tooltorial/venv/lib/python3.8/site-packages/airflow/example_dags/example_branch_python_dop_operator_3.py
[2024-10-09T18:15:41.924-0300] {processor.py:809} INFO - DAG(s) dict_keys(['example_branch_dop_operator_v3']) retrieved from /home/marti/Lighthouse/airflow_tooltorial/venv/lib/python3.8/site-packages/airflow/example_dags/example_branch_python_dop_operator_3.py
[2024-10-09T18:15:41.946-0300] {logging_mixin.py:149} INFO - [2024-10-09T18:15:41.946-0300] {dag.py:2726} INFO - Sync 1 DAGs
[2024-10-09T18:15:41.967-0300] {logging_mixin.py:149} INFO - [2024-10-09T18:15:41.967-0300] {dag.py:3486} INFO - Setting next_dagrun for example_branch_dop_operator_v3 to 2024-10-09T21:14:00+00:00, run_after=2024-10-09T21:15:00+00:00
[2024-10-09T18:15:42.082-0300] {processor.py:178} INFO - Processing /home/marti/Lighthouse/airflow_tooltorial/venv/lib/python3.8/site-packages/airflow/example_dags/example_branch_python_dop_operator_3.py took 0.199 seconds
[2024-10-09T18:16:57.118-0300] {processor.py:156} INFO - Started process (PID=63546) to work on /home/marti/Lighthouse/airflow_tooltorial/venv/lib/python3.8/site-packages/airflow/example_dags/example_branch_python_dop_operator_3.py
[2024-10-09T18:16:57.136-0300] {processor.py:799} INFO - Processing file /home/marti/Lighthouse/airflow_tooltorial/venv/lib/python3.8/site-packages/airflow/example_dags/example_branch_python_dop_operator_3.py for tasks to queue
[2024-10-09T18:16:57.138-0300] {logging_mixin.py:149} INFO - [2024-10-09T18:16:57.138-0300] {dagbag.py:541} INFO - Filling up the DagBag from /home/marti/Lighthouse/airflow_tooltorial/venv/lib/python3.8/site-packages/airflow/example_dags/example_branch_python_dop_operator_3.py
[2024-10-09T18:16:57.163-0300] {processor.py:809} INFO - DAG(s) dict_keys(['example_branch_dop_operator_v3']) retrieved from /home/marti/Lighthouse/airflow_tooltorial/venv/lib/python3.8/site-packages/airflow/example_dags/example_branch_python_dop_operator_3.py
[2024-10-09T18:16:57.199-0300] {logging_mixin.py:149} INFO - [2024-10-09T18:16:57.199-0300] {dag.py:2726} INFO - Sync 1 DAGs
[2024-10-09T18:16:57.220-0300] {logging_mixin.py:149} INFO - [2024-10-09T18:16:57.220-0300] {dag.py:3486} INFO - Setting next_dagrun for example_branch_dop_operator_v3 to 2024-10-09T21:15:00+00:00, run_after=2024-10-09T21:16:00+00:00
[2024-10-09T18:16:57.331-0300] {processor.py:178} INFO - Processing /home/marti/Lighthouse/airflow_tooltorial/venv/lib/python3.8/site-packages/airflow/example_dags/example_branch_python_dop_operator_3.py took 0.223 seconds
[2024-10-09T18:18:03.407-0300] {processor.py:156} INFO - Started process (PID=64062) to work on /home/marti/Lighthouse/airflow_tooltorial/venv/lib/python3.8/site-packages/airflow/example_dags/example_branch_python_dop_operator_3.py
[2024-10-09T18:18:03.409-0300] {processor.py:799} INFO - Processing file /home/marti/Lighthouse/airflow_tooltorial/venv/lib/python3.8/site-packages/airflow/example_dags/example_branch_python_dop_operator_3.py for tasks to queue
[2024-10-09T18:18:03.410-0300] {logging_mixin.py:149} INFO - [2024-10-09T18:18:03.410-0300] {dagbag.py:541} INFO - Filling up the DagBag from /home/marti/Lighthouse/airflow_tooltorial/venv/lib/python3.8/site-packages/airflow/example_dags/example_branch_python_dop_operator_3.py
[2024-10-09T18:18:03.425-0300] {processor.py:809} INFO - DAG(s) dict_keys(['example_branch_dop_operator_v3']) retrieved from /home/marti/Lighthouse/airflow_tooltorial/venv/lib/python3.8/site-packages/airflow/example_dags/example_branch_python_dop_operator_3.py
[2024-10-09T18:18:03.445-0300] {logging_mixin.py:149} INFO - [2024-10-09T18:18:03.445-0300] {dag.py:2726} INFO - Sync 1 DAGs
[2024-10-09T18:18:03.464-0300] {logging_mixin.py:149} INFO - [2024-10-09T18:18:03.464-0300] {dag.py:3486} INFO - Setting next_dagrun for example_branch_dop_operator_v3 to 2024-10-09T21:17:00+00:00, run_after=2024-10-09T21:18:00+00:00
[2024-10-09T18:18:03.562-0300] {processor.py:178} INFO - Processing /home/marti/Lighthouse/airflow_tooltorial/venv/lib/python3.8/site-packages/airflow/example_dags/example_branch_python_dop_operator_3.py took 0.162 seconds
[2024-10-09T18:19:01.728-0300] {processor.py:156} INFO - Started process (PID=64458) to work on /home/marti/Lighthouse/airflow_tooltorial/venv/lib/python3.8/site-packages/airflow/example_dags/example_branch_python_dop_operator_3.py
[2024-10-09T18:19:01.777-0300] {processor.py:799} INFO - Processing file /home/marti/Lighthouse/airflow_tooltorial/venv/lib/python3.8/site-packages/airflow/example_dags/example_branch_python_dop_operator_3.py for tasks to queue
[2024-10-09T18:19:01.779-0300] {logging_mixin.py:149} INFO - [2024-10-09T18:19:01.778-0300] {dagbag.py:541} INFO - Filling up the DagBag from /home/marti/Lighthouse/airflow_tooltorial/venv/lib/python3.8/site-packages/airflow/example_dags/example_branch_python_dop_operator_3.py
[2024-10-09T18:19:01.795-0300] {processor.py:809} INFO - DAG(s) dict_keys(['example_branch_dop_operator_v3']) retrieved from /home/marti/Lighthouse/airflow_tooltorial/venv/lib/python3.8/site-packages/airflow/example_dags/example_branch_python_dop_operator_3.py
[2024-10-09T18:19:01.833-0300] {logging_mixin.py:149} INFO - [2024-10-09T18:19:01.833-0300] {dag.py:2726} INFO - Sync 1 DAGs
[2024-10-09T18:19:01.893-0300] {logging_mixin.py:149} INFO - [2024-10-09T18:19:01.892-0300] {dag.py:3486} INFO - Setting next_dagrun for example_branch_dop_operator_v3 to 2024-10-09T21:18:00+00:00, run_after=2024-10-09T21:19:00+00:00
[2024-10-09T18:19:02.016-0300] {processor.py:178} INFO - Processing /home/marti/Lighthouse/airflow_tooltorial/venv/lib/python3.8/site-packages/airflow/example_dags/example_branch_python_dop_operator_3.py took 0.294 seconds
[2024-10-09T18:52:01.760-0300] {processor.py:156} INFO - Started process (PID=71031) to work on /home/marti/Lighthouse/airflow_tooltorial/venv/lib/python3.8/site-packages/airflow/example_dags/example_branch_python_dop_operator_3.py
[2024-10-09T18:52:01.761-0300] {processor.py:799} INFO - Processing file /home/marti/Lighthouse/airflow_tooltorial/venv/lib/python3.8/site-packages/airflow/example_dags/example_branch_python_dop_operator_3.py for tasks to queue
[2024-10-09T18:52:01.762-0300] {logging_mixin.py:149} INFO - [2024-10-09T18:52:01.762-0300] {dagbag.py:541} INFO - Filling up the DagBag from /home/marti/Lighthouse/airflow_tooltorial/venv/lib/python3.8/site-packages/airflow/example_dags/example_branch_python_dop_operator_3.py
[2024-10-09T18:52:01.768-0300] {processor.py:809} INFO - DAG(s) dict_keys(['example_branch_dop_operator_v3']) retrieved from /home/marti/Lighthouse/airflow_tooltorial/venv/lib/python3.8/site-packages/airflow/example_dags/example_branch_python_dop_operator_3.py
[2024-10-09T18:52:01.785-0300] {logging_mixin.py:149} INFO - [2024-10-09T18:52:01.785-0300] {dag.py:2726} INFO - Sync 1 DAGs
[2024-10-09T18:52:01.808-0300] {logging_mixin.py:149} INFO - [2024-10-09T18:52:01.807-0300] {dag.py:3486} INFO - Setting next_dagrun for example_branch_dop_operator_v3 to 2024-10-09T21:51:00+00:00, run_after=2024-10-09T21:52:00+00:00
[2024-10-09T18:52:02.048-0300] {processor.py:178} INFO - Processing /home/marti/Lighthouse/airflow_tooltorial/venv/lib/python3.8/site-packages/airflow/example_dags/example_branch_python_dop_operator_3.py took 0.291 seconds
