[2024-10-09T18:05:46.483-0300] {processor.py:156} INFO - Started process (PID=60621) to work on /home/marti/Lighthouse/airflow_tooltorial/venv/lib/python3.8/site-packages/airflow/example_dags/example_trigger_target_dag.py
[2024-10-09T18:05:46.484-0300] {processor.py:799} INFO - Processing file /home/marti/Lighthouse/airflow_tooltorial/venv/lib/python3.8/site-packages/airflow/example_dags/example_trigger_target_dag.py for tasks to queue
[2024-10-09T18:05:46.485-0300] {logging_mixin.py:149} INFO - [2024-10-09T18:05:46.485-0300] {dagbag.py:541} INFO - Filling up the DagBag from /home/marti/Lighthouse/airflow_tooltorial/venv/lib/python3.8/site-packages/airflow/example_dags/example_trigger_target_dag.py
[2024-10-09T18:05:46.497-0300] {processor.py:809} INFO - DAG(s) dict_keys(['example_trigger_target_dag']) retrieved from /home/marti/Lighthouse/airflow_tooltorial/venv/lib/python3.8/site-packages/airflow/example_dags/example_trigger_target_dag.py
[2024-10-09T18:05:46.909-0300] {logging_mixin.py:149} INFO - [2024-10-09T18:05:46.909-0300] {manager.py:504} INFO - Created Permission View: can read on DAG:example_trigger_target_dag
[2024-10-09T18:05:47.132-0300] {logging_mixin.py:149} INFO - [2024-10-09T18:05:47.132-0300] {manager.py:504} INFO - Created Permission View: can edit on DAG:example_trigger_target_dag
[2024-10-09T18:05:47.244-0300] {logging_mixin.py:149} INFO - [2024-10-09T18:05:47.243-0300] {manager.py:504} INFO - Created Permission View: can delete on DAG:example_trigger_target_dag
[2024-10-09T18:05:47.245-0300] {logging_mixin.py:149} INFO - [2024-10-09T18:05:47.244-0300] {dag.py:2726} INFO - Sync 1 DAGs
[2024-10-09T18:05:47.365-0300] {logging_mixin.py:149} INFO - [2024-10-09T18:05:47.365-0300] {dag.py:2747} INFO - Creating ORM DAG for example_trigger_target_dag
[2024-10-09T18:05:47.373-0300] {logging_mixin.py:149} INFO - [2024-10-09T18:05:47.373-0300] {dag.py:3486} INFO - Setting next_dagrun for example_trigger_target_dag to None, run_after=None
[2024-10-09T18:05:47.544-0300] {processor.py:178} INFO - Processing /home/marti/Lighthouse/airflow_tooltorial/venv/lib/python3.8/site-packages/airflow/example_dags/example_trigger_target_dag.py took 1.064 seconds
[2024-10-09T18:08:06.753-0300] {processor.py:156} INFO - Started process (PID=61683) to work on /home/marti/Lighthouse/airflow_tooltorial/venv/lib/python3.8/site-packages/airflow/example_dags/example_trigger_target_dag.py
[2024-10-09T18:08:06.838-0300] {processor.py:799} INFO - Processing file /home/marti/Lighthouse/airflow_tooltorial/venv/lib/python3.8/site-packages/airflow/example_dags/example_trigger_target_dag.py for tasks to queue
[2024-10-09T18:08:06.841-0300] {logging_mixin.py:149} INFO - [2024-10-09T18:08:06.840-0300] {dagbag.py:541} INFO - Filling up the DagBag from /home/marti/Lighthouse/airflow_tooltorial/venv/lib/python3.8/site-packages/airflow/example_dags/example_trigger_target_dag.py
[2024-10-09T18:08:06.862-0300] {processor.py:809} INFO - DAG(s) dict_keys(['example_trigger_target_dag']) retrieved from /home/marti/Lighthouse/airflow_tooltorial/venv/lib/python3.8/site-packages/airflow/example_dags/example_trigger_target_dag.py
[2024-10-09T18:08:06.887-0300] {logging_mixin.py:149} INFO - [2024-10-09T18:08:06.887-0300] {dag.py:2726} INFO - Sync 1 DAGs
[2024-10-09T18:08:06.997-0300] {logging_mixin.py:149} INFO - [2024-10-09T18:08:06.996-0300] {dag.py:3486} INFO - Setting next_dagrun for example_trigger_target_dag to None, run_after=None
[2024-10-09T18:08:07.182-0300] {processor.py:178} INFO - Processing /home/marti/Lighthouse/airflow_tooltorial/venv/lib/python3.8/site-packages/airflow/example_dags/example_trigger_target_dag.py took 0.435 seconds
[2024-10-09T18:08:52.949-0300] {processor.py:156} INFO - Started process (PID=62026) to work on /home/marti/Lighthouse/airflow_tooltorial/venv/lib/python3.8/site-packages/airflow/example_dags/example_trigger_target_dag.py
[2024-10-09T18:08:52.976-0300] {processor.py:799} INFO - Processing file /home/marti/Lighthouse/airflow_tooltorial/venv/lib/python3.8/site-packages/airflow/example_dags/example_trigger_target_dag.py for tasks to queue
[2024-10-09T18:08:52.977-0300] {logging_mixin.py:149} INFO - [2024-10-09T18:08:52.977-0300] {dagbag.py:541} INFO - Filling up the DagBag from /home/marti/Lighthouse/airflow_tooltorial/venv/lib/python3.8/site-packages/airflow/example_dags/example_trigger_target_dag.py
[2024-10-09T18:08:52.984-0300] {processor.py:809} INFO - DAG(s) dict_keys(['example_trigger_target_dag']) retrieved from /home/marti/Lighthouse/airflow_tooltorial/venv/lib/python3.8/site-packages/airflow/example_dags/example_trigger_target_dag.py
[2024-10-09T18:08:53.003-0300] {logging_mixin.py:149} INFO - [2024-10-09T18:08:53.003-0300] {dag.py:2726} INFO - Sync 1 DAGs
[2024-10-09T18:08:53.095-0300] {logging_mixin.py:149} INFO - [2024-10-09T18:08:53.095-0300] {dag.py:3486} INFO - Setting next_dagrun for example_trigger_target_dag to None, run_after=None
[2024-10-09T18:08:53.221-0300] {processor.py:178} INFO - Processing /home/marti/Lighthouse/airflow_tooltorial/venv/lib/python3.8/site-packages/airflow/example_dags/example_trigger_target_dag.py took 0.276 seconds
[2024-10-09T18:09:27.659-0300] {processor.py:156} INFO - Started process (PID=62104) to work on /home/marti/Lighthouse/airflow_tooltorial/venv/lib/python3.8/site-packages/airflow/example_dags/example_trigger_target_dag.py
[2024-10-09T18:09:27.690-0300] {processor.py:799} INFO - Processing file /home/marti/Lighthouse/airflow_tooltorial/venv/lib/python3.8/site-packages/airflow/example_dags/example_trigger_target_dag.py for tasks to queue
[2024-10-09T18:09:27.692-0300] {logging_mixin.py:149} INFO - [2024-10-09T18:09:27.692-0300] {dagbag.py:541} INFO - Filling up the DagBag from /home/marti/Lighthouse/airflow_tooltorial/venv/lib/python3.8/site-packages/airflow/example_dags/example_trigger_target_dag.py
[2024-10-09T18:09:27.709-0300] {processor.py:809} INFO - DAG(s) dict_keys(['example_trigger_target_dag']) retrieved from /home/marti/Lighthouse/airflow_tooltorial/venv/lib/python3.8/site-packages/airflow/example_dags/example_trigger_target_dag.py
[2024-10-09T18:09:27.737-0300] {logging_mixin.py:149} INFO - [2024-10-09T18:09:27.737-0300] {dag.py:2726} INFO - Sync 1 DAGs
[2024-10-09T18:09:27.753-0300] {logging_mixin.py:149} INFO - [2024-10-09T18:09:27.753-0300] {dag.py:3486} INFO - Setting next_dagrun for example_trigger_target_dag to None, run_after=None
[2024-10-09T18:09:27.884-0300] {processor.py:178} INFO - Processing /home/marti/Lighthouse/airflow_tooltorial/venv/lib/python3.8/site-packages/airflow/example_dags/example_trigger_target_dag.py took 0.234 seconds
[2024-10-09T18:10:21.361-0300] {processor.py:156} INFO - Started process (PID=62270) to work on /home/marti/Lighthouse/airflow_tooltorial/venv/lib/python3.8/site-packages/airflow/example_dags/example_trigger_target_dag.py
[2024-10-09T18:10:21.413-0300] {processor.py:799} INFO - Processing file /home/marti/Lighthouse/airflow_tooltorial/venv/lib/python3.8/site-packages/airflow/example_dags/example_trigger_target_dag.py for tasks to queue
[2024-10-09T18:10:21.415-0300] {logging_mixin.py:149} INFO - [2024-10-09T18:10:21.414-0300] {dagbag.py:541} INFO - Filling up the DagBag from /home/marti/Lighthouse/airflow_tooltorial/venv/lib/python3.8/site-packages/airflow/example_dags/example_trigger_target_dag.py
[2024-10-09T18:10:21.423-0300] {processor.py:809} INFO - DAG(s) dict_keys(['example_trigger_target_dag']) retrieved from /home/marti/Lighthouse/airflow_tooltorial/venv/lib/python3.8/site-packages/airflow/example_dags/example_trigger_target_dag.py
[2024-10-09T18:10:21.450-0300] {logging_mixin.py:149} INFO - [2024-10-09T18:10:21.450-0300] {dag.py:2726} INFO - Sync 1 DAGs
[2024-10-09T18:10:21.467-0300] {logging_mixin.py:149} INFO - [2024-10-09T18:10:21.467-0300] {dag.py:3486} INFO - Setting next_dagrun for example_trigger_target_dag to None, run_after=None
[2024-10-09T18:10:21.824-0300] {processor.py:178} INFO - Processing /home/marti/Lighthouse/airflow_tooltorial/venv/lib/python3.8/site-packages/airflow/example_dags/example_trigger_target_dag.py took 0.468 seconds
[2024-10-09T18:11:16.406-0300] {processor.py:156} INFO - Started process (PID=62492) to work on /home/marti/Lighthouse/airflow_tooltorial/venv/lib/python3.8/site-packages/airflow/example_dags/example_trigger_target_dag.py
[2024-10-09T18:11:16.449-0300] {processor.py:799} INFO - Processing file /home/marti/Lighthouse/airflow_tooltorial/venv/lib/python3.8/site-packages/airflow/example_dags/example_trigger_target_dag.py for tasks to queue
[2024-10-09T18:11:16.451-0300] {logging_mixin.py:149} INFO - [2024-10-09T18:11:16.451-0300] {dagbag.py:541} INFO - Filling up the DagBag from /home/marti/Lighthouse/airflow_tooltorial/venv/lib/python3.8/site-packages/airflow/example_dags/example_trigger_target_dag.py
[2024-10-09T18:11:16.475-0300] {processor.py:809} INFO - DAG(s) dict_keys(['example_trigger_target_dag']) retrieved from /home/marti/Lighthouse/airflow_tooltorial/venv/lib/python3.8/site-packages/airflow/example_dags/example_trigger_target_dag.py
[2024-10-09T18:11:16.527-0300] {logging_mixin.py:149} INFO - [2024-10-09T18:11:16.527-0300] {dag.py:2726} INFO - Sync 1 DAGs
[2024-10-09T18:11:16.549-0300] {logging_mixin.py:149} INFO - [2024-10-09T18:11:16.549-0300] {dag.py:3486} INFO - Setting next_dagrun for example_trigger_target_dag to None, run_after=None
[2024-10-09T18:11:16.676-0300] {processor.py:178} INFO - Processing /home/marti/Lighthouse/airflow_tooltorial/venv/lib/python3.8/site-packages/airflow/example_dags/example_trigger_target_dag.py took 0.273 seconds
[2024-10-09T18:12:13.096-0300] {processor.py:156} INFO - Started process (PID=62624) to work on /home/marti/Lighthouse/airflow_tooltorial/venv/lib/python3.8/site-packages/airflow/example_dags/example_trigger_target_dag.py
[2024-10-09T18:12:13.120-0300] {processor.py:799} INFO - Processing file /home/marti/Lighthouse/airflow_tooltorial/venv/lib/python3.8/site-packages/airflow/example_dags/example_trigger_target_dag.py for tasks to queue
[2024-10-09T18:12:13.122-0300] {logging_mixin.py:149} INFO - [2024-10-09T18:12:13.122-0300] {dagbag.py:541} INFO - Filling up the DagBag from /home/marti/Lighthouse/airflow_tooltorial/venv/lib/python3.8/site-packages/airflow/example_dags/example_trigger_target_dag.py
[2024-10-09T18:12:13.137-0300] {processor.py:809} INFO - DAG(s) dict_keys(['example_trigger_target_dag']) retrieved from /home/marti/Lighthouse/airflow_tooltorial/venv/lib/python3.8/site-packages/airflow/example_dags/example_trigger_target_dag.py
[2024-10-09T18:12:13.170-0300] {logging_mixin.py:149} INFO - [2024-10-09T18:12:13.169-0300] {dag.py:2726} INFO - Sync 1 DAGs
[2024-10-09T18:12:13.186-0300] {logging_mixin.py:149} INFO - [2024-10-09T18:12:13.186-0300] {dag.py:3486} INFO - Setting next_dagrun for example_trigger_target_dag to None, run_after=None
[2024-10-09T18:12:13.327-0300] {processor.py:178} INFO - Processing /home/marti/Lighthouse/airflow_tooltorial/venv/lib/python3.8/site-packages/airflow/example_dags/example_trigger_target_dag.py took 0.237 seconds
[2024-10-09T18:13:02.427-0300] {processor.py:156} INFO - Started process (PID=62741) to work on /home/marti/Lighthouse/airflow_tooltorial/venv/lib/python3.8/site-packages/airflow/example_dags/example_trigger_target_dag.py
[2024-10-09T18:13:02.488-0300] {processor.py:799} INFO - Processing file /home/marti/Lighthouse/airflow_tooltorial/venv/lib/python3.8/site-packages/airflow/example_dags/example_trigger_target_dag.py for tasks to queue
[2024-10-09T18:13:02.492-0300] {logging_mixin.py:149} INFO - [2024-10-09T18:13:02.491-0300] {dagbag.py:541} INFO - Filling up the DagBag from /home/marti/Lighthouse/airflow_tooltorial/venv/lib/python3.8/site-packages/airflow/example_dags/example_trigger_target_dag.py
[2024-10-09T18:13:02.516-0300] {processor.py:809} INFO - DAG(s) dict_keys(['example_trigger_target_dag']) retrieved from /home/marti/Lighthouse/airflow_tooltorial/venv/lib/python3.8/site-packages/airflow/example_dags/example_trigger_target_dag.py
[2024-10-09T18:13:02.578-0300] {logging_mixin.py:149} INFO - [2024-10-09T18:13:02.577-0300] {dag.py:2726} INFO - Sync 1 DAGs
[2024-10-09T18:13:02.604-0300] {logging_mixin.py:149} INFO - [2024-10-09T18:13:02.604-0300] {dag.py:3486} INFO - Setting next_dagrun for example_trigger_target_dag to None, run_after=None
[2024-10-09T18:13:02.737-0300] {processor.py:178} INFO - Processing /home/marti/Lighthouse/airflow_tooltorial/venv/lib/python3.8/site-packages/airflow/example_dags/example_trigger_target_dag.py took 0.321 seconds
[2024-10-09T18:13:58.217-0300] {processor.py:156} INFO - Started process (PID=62857) to work on /home/marti/Lighthouse/airflow_tooltorial/venv/lib/python3.8/site-packages/airflow/example_dags/example_trigger_target_dag.py
[2024-10-09T18:13:58.232-0300] {processor.py:799} INFO - Processing file /home/marti/Lighthouse/airflow_tooltorial/venv/lib/python3.8/site-packages/airflow/example_dags/example_trigger_target_dag.py for tasks to queue
[2024-10-09T18:13:58.233-0300] {logging_mixin.py:149} INFO - [2024-10-09T18:13:58.233-0300] {dagbag.py:541} INFO - Filling up the DagBag from /home/marti/Lighthouse/airflow_tooltorial/venv/lib/python3.8/site-packages/airflow/example_dags/example_trigger_target_dag.py
[2024-10-09T18:13:58.244-0300] {processor.py:809} INFO - DAG(s) dict_keys(['example_trigger_target_dag']) retrieved from /home/marti/Lighthouse/airflow_tooltorial/venv/lib/python3.8/site-packages/airflow/example_dags/example_trigger_target_dag.py
[2024-10-09T18:13:58.271-0300] {logging_mixin.py:149} INFO - [2024-10-09T18:13:58.271-0300] {dag.py:2726} INFO - Sync 1 DAGs
[2024-10-09T18:13:58.287-0300] {logging_mixin.py:149} INFO - [2024-10-09T18:13:58.287-0300] {dag.py:3486} INFO - Setting next_dagrun for example_trigger_target_dag to None, run_after=None
[2024-10-09T18:13:58.409-0300] {processor.py:178} INFO - Processing /home/marti/Lighthouse/airflow_tooltorial/venv/lib/python3.8/site-packages/airflow/example_dags/example_trigger_target_dag.py took 0.197 seconds
[2024-10-09T18:14:53.286-0300] {processor.py:156} INFO - Started process (PID=63027) to work on /home/marti/Lighthouse/airflow_tooltorial/venv/lib/python3.8/site-packages/airflow/example_dags/example_trigger_target_dag.py
[2024-10-09T18:14:53.308-0300] {processor.py:799} INFO - Processing file /home/marti/Lighthouse/airflow_tooltorial/venv/lib/python3.8/site-packages/airflow/example_dags/example_trigger_target_dag.py for tasks to queue
[2024-10-09T18:14:53.311-0300] {logging_mixin.py:149} INFO - [2024-10-09T18:14:53.310-0300] {dagbag.py:541} INFO - Filling up the DagBag from /home/marti/Lighthouse/airflow_tooltorial/venv/lib/python3.8/site-packages/airflow/example_dags/example_trigger_target_dag.py
[2024-10-09T18:14:53.328-0300] {processor.py:809} INFO - DAG(s) dict_keys(['example_trigger_target_dag']) retrieved from /home/marti/Lighthouse/airflow_tooltorial/venv/lib/python3.8/site-packages/airflow/example_dags/example_trigger_target_dag.py
[2024-10-09T18:14:53.355-0300] {logging_mixin.py:149} INFO - [2024-10-09T18:14:53.355-0300] {dag.py:2726} INFO - Sync 1 DAGs
[2024-10-09T18:14:53.371-0300] {logging_mixin.py:149} INFO - [2024-10-09T18:14:53.371-0300] {dag.py:3486} INFO - Setting next_dagrun for example_trigger_target_dag to None, run_after=None
[2024-10-09T18:14:53.485-0300] {processor.py:178} INFO - Processing /home/marti/Lighthouse/airflow_tooltorial/venv/lib/python3.8/site-packages/airflow/example_dags/example_trigger_target_dag.py took 0.208 seconds
[2024-10-09T18:15:47.733-0300] {processor.py:156} INFO - Started process (PID=63113) to work on /home/marti/Lighthouse/airflow_tooltorial/venv/lib/python3.8/site-packages/airflow/example_dags/example_trigger_target_dag.py
[2024-10-09T18:15:47.773-0300] {processor.py:799} INFO - Processing file /home/marti/Lighthouse/airflow_tooltorial/venv/lib/python3.8/site-packages/airflow/example_dags/example_trigger_target_dag.py for tasks to queue
[2024-10-09T18:15:47.775-0300] {logging_mixin.py:149} INFO - [2024-10-09T18:15:47.774-0300] {dagbag.py:541} INFO - Filling up the DagBag from /home/marti/Lighthouse/airflow_tooltorial/venv/lib/python3.8/site-packages/airflow/example_dags/example_trigger_target_dag.py
[2024-10-09T18:15:47.793-0300] {processor.py:809} INFO - DAG(s) dict_keys(['example_trigger_target_dag']) retrieved from /home/marti/Lighthouse/airflow_tooltorial/venv/lib/python3.8/site-packages/airflow/example_dags/example_trigger_target_dag.py
[2024-10-09T18:15:47.826-0300] {logging_mixin.py:149} INFO - [2024-10-09T18:15:47.826-0300] {dag.py:2726} INFO - Sync 1 DAGs
[2024-10-09T18:15:47.843-0300] {logging_mixin.py:149} INFO - [2024-10-09T18:15:47.843-0300] {dag.py:3486} INFO - Setting next_dagrun for example_trigger_target_dag to None, run_after=None
[2024-10-09T18:15:47.972-0300] {processor.py:178} INFO - Processing /home/marti/Lighthouse/airflow_tooltorial/venv/lib/python3.8/site-packages/airflow/example_dags/example_trigger_target_dag.py took 0.244 seconds
[2024-10-09T18:16:35.187-0300] {processor.py:156} INFO - Started process (PID=63325) to work on /home/marti/Lighthouse/airflow_tooltorial/venv/lib/python3.8/site-packages/airflow/example_dags/example_trigger_target_dag.py
[2024-10-09T18:16:35.260-0300] {processor.py:799} INFO - Processing file /home/marti/Lighthouse/airflow_tooltorial/venv/lib/python3.8/site-packages/airflow/example_dags/example_trigger_target_dag.py for tasks to queue
[2024-10-09T18:16:35.262-0300] {logging_mixin.py:149} INFO - [2024-10-09T18:16:35.262-0300] {dagbag.py:541} INFO - Filling up the DagBag from /home/marti/Lighthouse/airflow_tooltorial/venv/lib/python3.8/site-packages/airflow/example_dags/example_trigger_target_dag.py
[2024-10-09T18:16:35.284-0300] {processor.py:809} INFO - DAG(s) dict_keys(['example_trigger_target_dag']) retrieved from /home/marti/Lighthouse/airflow_tooltorial/venv/lib/python3.8/site-packages/airflow/example_dags/example_trigger_target_dag.py
[2024-10-09T18:16:35.312-0300] {logging_mixin.py:149} INFO - [2024-10-09T18:16:35.312-0300] {dag.py:2726} INFO - Sync 1 DAGs
[2024-10-09T18:16:35.339-0300] {logging_mixin.py:149} INFO - [2024-10-09T18:16:35.339-0300] {dag.py:3486} INFO - Setting next_dagrun for example_trigger_target_dag to None, run_after=None
[2024-10-09T18:16:35.489-0300] {processor.py:178} INFO - Processing /home/marti/Lighthouse/airflow_tooltorial/venv/lib/python3.8/site-packages/airflow/example_dags/example_trigger_target_dag.py took 0.305 seconds
[2024-10-09T18:17:41.403-0300] {processor.py:156} INFO - Started process (PID=63949) to work on /home/marti/Lighthouse/airflow_tooltorial/venv/lib/python3.8/site-packages/airflow/example_dags/example_trigger_target_dag.py
[2024-10-09T18:17:41.426-0300] {processor.py:799} INFO - Processing file /home/marti/Lighthouse/airflow_tooltorial/venv/lib/python3.8/site-packages/airflow/example_dags/example_trigger_target_dag.py for tasks to queue
[2024-10-09T18:17:41.429-0300] {logging_mixin.py:149} INFO - [2024-10-09T18:17:41.428-0300] {dagbag.py:541} INFO - Filling up the DagBag from /home/marti/Lighthouse/airflow_tooltorial/venv/lib/python3.8/site-packages/airflow/example_dags/example_trigger_target_dag.py
[2024-10-09T18:17:41.452-0300] {processor.py:809} INFO - DAG(s) dict_keys(['example_trigger_target_dag']) retrieved from /home/marti/Lighthouse/airflow_tooltorial/venv/lib/python3.8/site-packages/airflow/example_dags/example_trigger_target_dag.py
[2024-10-09T18:17:41.498-0300] {logging_mixin.py:149} INFO - [2024-10-09T18:17:41.498-0300] {dag.py:2726} INFO - Sync 1 DAGs
[2024-10-09T18:17:41.520-0300] {logging_mixin.py:149} INFO - [2024-10-09T18:17:41.520-0300] {dag.py:3486} INFO - Setting next_dagrun for example_trigger_target_dag to None, run_after=None
[2024-10-09T18:17:41.654-0300] {processor.py:178} INFO - Processing /home/marti/Lighthouse/airflow_tooltorial/venv/lib/python3.8/site-packages/airflow/example_dags/example_trigger_target_dag.py took 0.264 seconds
[2024-10-09T18:18:36.167-0300] {processor.py:156} INFO - Started process (PID=64105) to work on /home/marti/Lighthouse/airflow_tooltorial/venv/lib/python3.8/site-packages/airflow/example_dags/example_trigger_target_dag.py
[2024-10-09T18:18:36.211-0300] {processor.py:799} INFO - Processing file /home/marti/Lighthouse/airflow_tooltorial/venv/lib/python3.8/site-packages/airflow/example_dags/example_trigger_target_dag.py for tasks to queue
[2024-10-09T18:18:36.215-0300] {logging_mixin.py:149} INFO - [2024-10-09T18:18:36.214-0300] {dagbag.py:541} INFO - Filling up the DagBag from /home/marti/Lighthouse/airflow_tooltorial/venv/lib/python3.8/site-packages/airflow/example_dags/example_trigger_target_dag.py
[2024-10-09T18:18:36.238-0300] {processor.py:809} INFO - DAG(s) dict_keys(['example_trigger_target_dag']) retrieved from /home/marti/Lighthouse/airflow_tooltorial/venv/lib/python3.8/site-packages/airflow/example_dags/example_trigger_target_dag.py
[2024-10-09T18:18:36.294-0300] {logging_mixin.py:149} INFO - [2024-10-09T18:18:36.294-0300] {dag.py:2726} INFO - Sync 1 DAGs
[2024-10-09T18:18:36.315-0300] {logging_mixin.py:149} INFO - [2024-10-09T18:18:36.315-0300] {dag.py:3486} INFO - Setting next_dagrun for example_trigger_target_dag to None, run_after=None
[2024-10-09T18:18:36.431-0300] {processor.py:178} INFO - Processing /home/marti/Lighthouse/airflow_tooltorial/venv/lib/python3.8/site-packages/airflow/example_dags/example_trigger_target_dag.py took 0.270 seconds
[2024-10-09T18:47:54.609-0300] {processor.py:156} INFO - Started process (PID=69379) to work on /home/marti/Lighthouse/airflow_tooltorial/venv/lib/python3.8/site-packages/airflow/example_dags/example_trigger_target_dag.py
[2024-10-09T18:47:54.637-0300] {processor.py:799} INFO - Processing file /home/marti/Lighthouse/airflow_tooltorial/venv/lib/python3.8/site-packages/airflow/example_dags/example_trigger_target_dag.py for tasks to queue
[2024-10-09T18:47:54.639-0300] {logging_mixin.py:149} INFO - [2024-10-09T18:47:54.638-0300] {dagbag.py:541} INFO - Filling up the DagBag from /home/marti/Lighthouse/airflow_tooltorial/venv/lib/python3.8/site-packages/airflow/example_dags/example_trigger_target_dag.py
[2024-10-09T18:47:54.657-0300] {processor.py:809} INFO - DAG(s) dict_keys(['example_trigger_target_dag']) retrieved from /home/marti/Lighthouse/airflow_tooltorial/venv/lib/python3.8/site-packages/airflow/example_dags/example_trigger_target_dag.py
[2024-10-09T18:47:54.669-0300] {logging_mixin.py:149} INFO - [2024-10-09T18:47:54.669-0300] {dag.py:2726} INFO - Sync 1 DAGs
[2024-10-09T18:47:54.699-0300] {logging_mixin.py:149} INFO - [2024-10-09T18:47:54.699-0300] {dag.py:3486} INFO - Setting next_dagrun for example_trigger_target_dag to None, run_after=None
[2024-10-09T18:47:54.819-0300] {processor.py:178} INFO - Processing /home/marti/Lighthouse/airflow_tooltorial/venv/lib/python3.8/site-packages/airflow/example_dags/example_trigger_target_dag.py took 0.213 seconds
[2024-10-09T18:51:21.784-0300] {processor.py:156} INFO - Started process (PID=70871) to work on /home/marti/Lighthouse/airflow_tooltorial/venv/lib/python3.8/site-packages/airflow/example_dags/example_trigger_target_dag.py
[2024-10-09T18:51:21.823-0300] {processor.py:799} INFO - Processing file /home/marti/Lighthouse/airflow_tooltorial/venv/lib/python3.8/site-packages/airflow/example_dags/example_trigger_target_dag.py for tasks to queue
[2024-10-09T18:51:21.824-0300] {logging_mixin.py:149} INFO - [2024-10-09T18:51:21.824-0300] {dagbag.py:541} INFO - Filling up the DagBag from /home/marti/Lighthouse/airflow_tooltorial/venv/lib/python3.8/site-packages/airflow/example_dags/example_trigger_target_dag.py
[2024-10-09T18:51:21.837-0300] {processor.py:809} INFO - DAG(s) dict_keys(['example_trigger_target_dag']) retrieved from /home/marti/Lighthouse/airflow_tooltorial/venv/lib/python3.8/site-packages/airflow/example_dags/example_trigger_target_dag.py
[2024-10-09T18:51:21.852-0300] {logging_mixin.py:149} INFO - [2024-10-09T18:51:21.852-0300] {dag.py:2726} INFO - Sync 1 DAGs
[2024-10-09T18:51:21.877-0300] {logging_mixin.py:149} INFO - [2024-10-09T18:51:21.877-0300] {dag.py:3486} INFO - Setting next_dagrun for example_trigger_target_dag to None, run_after=None
[2024-10-09T18:51:22.037-0300] {processor.py:178} INFO - Processing /home/marti/Lighthouse/airflow_tooltorial/venv/lib/python3.8/site-packages/airflow/example_dags/example_trigger_target_dag.py took 0.256 seconds
