[2024-10-09T18:07:47.534-0300] {processor.py:156} INFO - Started process (PID=61463) to work on /home/marti/Lighthouse/airflow_tooltorial/venv/lib/python3.8/site-packages/airflow/example_dags/example_skip_dag.py
[2024-10-09T18:07:47.535-0300] {processor.py:799} INFO - Processing file /home/marti/Lighthouse/airflow_tooltorial/venv/lib/python3.8/site-packages/airflow/example_dags/example_skip_dag.py for tasks to queue
[2024-10-09T18:07:47.536-0300] {logging_mixin.py:149} INFO - [2024-10-09T18:07:47.536-0300] {dagbag.py:541} INFO - Filling up the DagBag from /home/marti/Lighthouse/airflow_tooltorial/venv/lib/python3.8/site-packages/airflow/example_dags/example_skip_dag.py
[2024-10-09T18:07:47.545-0300] {processor.py:809} INFO - DAG(s) dict_keys(['example_skip_dag']) retrieved from /home/marti/Lighthouse/airflow_tooltorial/venv/lib/python3.8/site-packages/airflow/example_dags/example_skip_dag.py
[2024-10-09T18:07:47.922-0300] {logging_mixin.py:149} INFO - [2024-10-09T18:07:47.921-0300] {manager.py:504} INFO - Created Permission View: can read on DAG:example_skip_dag
[2024-10-09T18:07:48.033-0300] {logging_mixin.py:149} INFO - [2024-10-09T18:07:48.032-0300] {manager.py:504} INFO - Created Permission View: can edit on DAG:example_skip_dag
[2024-10-09T18:07:48.322-0300] {logging_mixin.py:149} INFO - [2024-10-09T18:07:48.321-0300] {manager.py:504} INFO - Created Permission View: can delete on DAG:example_skip_dag
[2024-10-09T18:07:48.323-0300] {logging_mixin.py:149} INFO - [2024-10-09T18:07:48.323-0300] {dag.py:2726} INFO - Sync 1 DAGs
[2024-10-09T18:07:48.349-0300] {logging_mixin.py:149} INFO - [2024-10-09T18:07:48.349-0300] {dag.py:2747} INFO - Creating ORM DAG for example_skip_dag
[2024-10-09T18:07:48.359-0300] {logging_mixin.py:149} INFO - [2024-10-09T18:07:48.359-0300] {dag.py:3486} INFO - Setting next_dagrun for example_skip_dag to 2024-10-08T21:07:48.359568+00:00, run_after=2024-10-09T21:07:48.359568+00:00
[2024-10-09T18:07:48.544-0300] {processor.py:178} INFO - Processing /home/marti/Lighthouse/airflow_tooltorial/venv/lib/python3.8/site-packages/airflow/example_dags/example_skip_dag.py took 1.015 seconds
[2024-10-09T18:09:17.584-0300] {processor.py:156} INFO - Started process (PID=62097) to work on /home/marti/Lighthouse/airflow_tooltorial/venv/lib/python3.8/site-packages/airflow/example_dags/example_skip_dag.py
[2024-10-09T18:09:17.603-0300] {processor.py:799} INFO - Processing file /home/marti/Lighthouse/airflow_tooltorial/venv/lib/python3.8/site-packages/airflow/example_dags/example_skip_dag.py for tasks to queue
[2024-10-09T18:09:17.605-0300] {logging_mixin.py:149} INFO - [2024-10-09T18:09:17.604-0300] {dagbag.py:541} INFO - Filling up the DagBag from /home/marti/Lighthouse/airflow_tooltorial/venv/lib/python3.8/site-packages/airflow/example_dags/example_skip_dag.py
[2024-10-09T18:09:17.716-0300] {processor.py:809} INFO - DAG(s) dict_keys(['example_skip_dag']) retrieved from /home/marti/Lighthouse/airflow_tooltorial/venv/lib/python3.8/site-packages/airflow/example_dags/example_skip_dag.py
[2024-10-09T18:09:17.730-0300] {logging_mixin.py:149} INFO - [2024-10-09T18:09:17.730-0300] {dag.py:2726} INFO - Sync 1 DAGs
[2024-10-09T18:09:17.745-0300] {logging_mixin.py:149} INFO - [2024-10-09T18:09:17.745-0300] {dag.py:3486} INFO - Setting next_dagrun for example_skip_dag to 2024-10-08T21:09:17.745441+00:00, run_after=2024-10-09T21:09:17.745441+00:00
[2024-10-09T18:09:17.910-0300] {processor.py:178} INFO - Processing /home/marti/Lighthouse/airflow_tooltorial/venv/lib/python3.8/site-packages/airflow/example_dags/example_skip_dag.py took 0.328 seconds
[2024-10-09T18:10:13.024-0300] {processor.py:156} INFO - Started process (PID=62249) to work on /home/marti/Lighthouse/airflow_tooltorial/venv/lib/python3.8/site-packages/airflow/example_dags/example_skip_dag.py
[2024-10-09T18:10:13.045-0300] {processor.py:799} INFO - Processing file /home/marti/Lighthouse/airflow_tooltorial/venv/lib/python3.8/site-packages/airflow/example_dags/example_skip_dag.py for tasks to queue
[2024-10-09T18:10:13.046-0300] {logging_mixin.py:149} INFO - [2024-10-09T18:10:13.046-0300] {dagbag.py:541} INFO - Filling up the DagBag from /home/marti/Lighthouse/airflow_tooltorial/venv/lib/python3.8/site-packages/airflow/example_dags/example_skip_dag.py
[2024-10-09T18:10:13.052-0300] {processor.py:809} INFO - DAG(s) dict_keys(['example_skip_dag']) retrieved from /home/marti/Lighthouse/airflow_tooltorial/venv/lib/python3.8/site-packages/airflow/example_dags/example_skip_dag.py
[2024-10-09T18:10:13.068-0300] {logging_mixin.py:149} INFO - [2024-10-09T18:10:13.068-0300] {dag.py:2726} INFO - Sync 1 DAGs
[2024-10-09T18:10:13.090-0300] {logging_mixin.py:149} INFO - [2024-10-09T18:10:13.089-0300] {dag.py:3486} INFO - Setting next_dagrun for example_skip_dag to 2024-10-08T21:10:13.089676+00:00, run_after=2024-10-09T21:10:13.089676+00:00
[2024-10-09T18:10:13.224-0300] {processor.py:178} INFO - Processing /home/marti/Lighthouse/airflow_tooltorial/venv/lib/python3.8/site-packages/airflow/example_dags/example_skip_dag.py took 0.203 seconds
[2024-10-09T18:11:09.667-0300] {processor.py:156} INFO - Started process (PID=62483) to work on /home/marti/Lighthouse/airflow_tooltorial/venv/lib/python3.8/site-packages/airflow/example_dags/example_skip_dag.py
[2024-10-09T18:11:09.697-0300] {processor.py:799} INFO - Processing file /home/marti/Lighthouse/airflow_tooltorial/venv/lib/python3.8/site-packages/airflow/example_dags/example_skip_dag.py for tasks to queue
[2024-10-09T18:11:09.700-0300] {logging_mixin.py:149} INFO - [2024-10-09T18:11:09.699-0300] {dagbag.py:541} INFO - Filling up the DagBag from /home/marti/Lighthouse/airflow_tooltorial/venv/lib/python3.8/site-packages/airflow/example_dags/example_skip_dag.py
[2024-10-09T18:11:09.723-0300] {processor.py:809} INFO - DAG(s) dict_keys(['example_skip_dag']) retrieved from /home/marti/Lighthouse/airflow_tooltorial/venv/lib/python3.8/site-packages/airflow/example_dags/example_skip_dag.py
[2024-10-09T18:11:09.748-0300] {logging_mixin.py:149} INFO - [2024-10-09T18:11:09.748-0300] {dag.py:2726} INFO - Sync 1 DAGs
[2024-10-09T18:11:09.769-0300] {logging_mixin.py:149} INFO - [2024-10-09T18:11:09.769-0300] {dag.py:3486} INFO - Setting next_dagrun for example_skip_dag to 2024-10-08T21:11:09.769347+00:00, run_after=2024-10-09T21:11:09.769347+00:00
[2024-10-09T18:11:09.908-0300] {processor.py:178} INFO - Processing /home/marti/Lighthouse/airflow_tooltorial/venv/lib/python3.8/site-packages/airflow/example_dags/example_skip_dag.py took 0.250 seconds
[2024-10-09T18:12:07.615-0300] {processor.py:156} INFO - Started process (PID=62619) to work on /home/marti/Lighthouse/airflow_tooltorial/venv/lib/python3.8/site-packages/airflow/example_dags/example_skip_dag.py
[2024-10-09T18:12:07.659-0300] {processor.py:799} INFO - Processing file /home/marti/Lighthouse/airflow_tooltorial/venv/lib/python3.8/site-packages/airflow/example_dags/example_skip_dag.py for tasks to queue
[2024-10-09T18:12:07.661-0300] {logging_mixin.py:149} INFO - [2024-10-09T18:12:07.660-0300] {dagbag.py:541} INFO - Filling up the DagBag from /home/marti/Lighthouse/airflow_tooltorial/venv/lib/python3.8/site-packages/airflow/example_dags/example_skip_dag.py
[2024-10-09T18:12:07.682-0300] {processor.py:809} INFO - DAG(s) dict_keys(['example_skip_dag']) retrieved from /home/marti/Lighthouse/airflow_tooltorial/venv/lib/python3.8/site-packages/airflow/example_dags/example_skip_dag.py
[2024-10-09T18:12:07.712-0300] {logging_mixin.py:149} INFO - [2024-10-09T18:12:07.712-0300] {dag.py:2726} INFO - Sync 1 DAGs
[2024-10-09T18:12:07.728-0300] {logging_mixin.py:149} INFO - [2024-10-09T18:12:07.728-0300] {dag.py:3486} INFO - Setting next_dagrun for example_skip_dag to 2024-10-08T21:12:07.728274+00:00, run_after=2024-10-09T21:12:07.728274+00:00
[2024-10-09T18:12:07.867-0300] {processor.py:178} INFO - Processing /home/marti/Lighthouse/airflow_tooltorial/venv/lib/python3.8/site-packages/airflow/example_dags/example_skip_dag.py took 0.261 seconds
[2024-10-09T18:13:24.590-0300] {processor.py:156} INFO - Started process (PID=62761) to work on /home/marti/Lighthouse/airflow_tooltorial/venv/lib/python3.8/site-packages/airflow/example_dags/example_skip_dag.py
[2024-10-09T18:13:24.614-0300] {processor.py:799} INFO - Processing file /home/marti/Lighthouse/airflow_tooltorial/venv/lib/python3.8/site-packages/airflow/example_dags/example_skip_dag.py for tasks to queue
[2024-10-09T18:13:24.615-0300] {logging_mixin.py:149} INFO - [2024-10-09T18:13:24.615-0300] {dagbag.py:541} INFO - Filling up the DagBag from /home/marti/Lighthouse/airflow_tooltorial/venv/lib/python3.8/site-packages/airflow/example_dags/example_skip_dag.py
[2024-10-09T18:13:24.623-0300] {processor.py:809} INFO - DAG(s) dict_keys(['example_skip_dag']) retrieved from /home/marti/Lighthouse/airflow_tooltorial/venv/lib/python3.8/site-packages/airflow/example_dags/example_skip_dag.py
[2024-10-09T18:13:24.642-0300] {logging_mixin.py:149} INFO - [2024-10-09T18:13:24.642-0300] {dag.py:2726} INFO - Sync 1 DAGs
[2024-10-09T18:13:24.658-0300] {logging_mixin.py:149} INFO - [2024-10-09T18:13:24.657-0300] {dag.py:3486} INFO - Setting next_dagrun for example_skip_dag to 2024-10-08T21:13:24.657767+00:00, run_after=2024-10-09T21:13:24.657767+00:00
[2024-10-09T18:13:24.761-0300] {processor.py:178} INFO - Processing /home/marti/Lighthouse/airflow_tooltorial/venv/lib/python3.8/site-packages/airflow/example_dags/example_skip_dag.py took 0.176 seconds
[2024-10-09T18:14:18.604-0300] {processor.py:156} INFO - Started process (PID=62878) to work on /home/marti/Lighthouse/airflow_tooltorial/venv/lib/python3.8/site-packages/airflow/example_dags/example_skip_dag.py
[2024-10-09T18:14:18.637-0300] {processor.py:799} INFO - Processing file /home/marti/Lighthouse/airflow_tooltorial/venv/lib/python3.8/site-packages/airflow/example_dags/example_skip_dag.py for tasks to queue
[2024-10-09T18:14:18.638-0300] {logging_mixin.py:149} INFO - [2024-10-09T18:14:18.637-0300] {dagbag.py:541} INFO - Filling up the DagBag from /home/marti/Lighthouse/airflow_tooltorial/venv/lib/python3.8/site-packages/airflow/example_dags/example_skip_dag.py
[2024-10-09T18:14:18.650-0300] {processor.py:809} INFO - DAG(s) dict_keys(['example_skip_dag']) retrieved from /home/marti/Lighthouse/airflow_tooltorial/venv/lib/python3.8/site-packages/airflow/example_dags/example_skip_dag.py
[2024-10-09T18:14:18.677-0300] {logging_mixin.py:149} INFO - [2024-10-09T18:14:18.677-0300] {dag.py:2726} INFO - Sync 1 DAGs
[2024-10-09T18:14:18.693-0300] {logging_mixin.py:149} INFO - [2024-10-09T18:14:18.692-0300] {dag.py:3486} INFO - Setting next_dagrun for example_skip_dag to 2024-10-08T21:14:18.692798+00:00, run_after=2024-10-09T21:14:18.692798+00:00
[2024-10-09T18:14:18.821-0300] {processor.py:178} INFO - Processing /home/marti/Lighthouse/airflow_tooltorial/venv/lib/python3.8/site-packages/airflow/example_dags/example_skip_dag.py took 0.221 seconds
[2024-10-09T18:15:16.350-0300] {processor.py:156} INFO - Started process (PID=63069) to work on /home/marti/Lighthouse/airflow_tooltorial/venv/lib/python3.8/site-packages/airflow/example_dags/example_skip_dag.py
[2024-10-09T18:15:16.399-0300] {processor.py:799} INFO - Processing file /home/marti/Lighthouse/airflow_tooltorial/venv/lib/python3.8/site-packages/airflow/example_dags/example_skip_dag.py for tasks to queue
[2024-10-09T18:15:16.401-0300] {logging_mixin.py:149} INFO - [2024-10-09T18:15:16.401-0300] {dagbag.py:541} INFO - Filling up the DagBag from /home/marti/Lighthouse/airflow_tooltorial/venv/lib/python3.8/site-packages/airflow/example_dags/example_skip_dag.py
[2024-10-09T18:15:16.423-0300] {processor.py:809} INFO - DAG(s) dict_keys(['example_skip_dag']) retrieved from /home/marti/Lighthouse/airflow_tooltorial/venv/lib/python3.8/site-packages/airflow/example_dags/example_skip_dag.py
[2024-10-09T18:15:16.451-0300] {logging_mixin.py:149} INFO - [2024-10-09T18:15:16.451-0300] {dag.py:2726} INFO - Sync 1 DAGs
[2024-10-09T18:15:16.467-0300] {logging_mixin.py:149} INFO - [2024-10-09T18:15:16.467-0300] {dag.py:3486} INFO - Setting next_dagrun for example_skip_dag to 2024-10-08T21:15:16.467365+00:00, run_after=2024-10-09T21:15:16.467365+00:00
[2024-10-09T18:15:16.583-0300] {processor.py:178} INFO - Processing /home/marti/Lighthouse/airflow_tooltorial/venv/lib/python3.8/site-packages/airflow/example_dags/example_skip_dag.py took 0.236 seconds
[2024-10-09T18:16:08.716-0300] {processor.py:156} INFO - Started process (PID=63280) to work on /home/marti/Lighthouse/airflow_tooltorial/venv/lib/python3.8/site-packages/airflow/example_dags/example_skip_dag.py
[2024-10-09T18:16:08.740-0300] {processor.py:799} INFO - Processing file /home/marti/Lighthouse/airflow_tooltorial/venv/lib/python3.8/site-packages/airflow/example_dags/example_skip_dag.py for tasks to queue
[2024-10-09T18:16:08.741-0300] {logging_mixin.py:149} INFO - [2024-10-09T18:16:08.741-0300] {dagbag.py:541} INFO - Filling up the DagBag from /home/marti/Lighthouse/airflow_tooltorial/venv/lib/python3.8/site-packages/airflow/example_dags/example_skip_dag.py
[2024-10-09T18:16:08.755-0300] {processor.py:809} INFO - DAG(s) dict_keys(['example_skip_dag']) retrieved from /home/marti/Lighthouse/airflow_tooltorial/venv/lib/python3.8/site-packages/airflow/example_dags/example_skip_dag.py
[2024-10-09T18:16:08.786-0300] {logging_mixin.py:149} INFO - [2024-10-09T18:16:08.786-0300] {dag.py:2726} INFO - Sync 1 DAGs
[2024-10-09T18:16:08.806-0300] {logging_mixin.py:149} INFO - [2024-10-09T18:16:08.806-0300] {dag.py:3486} INFO - Setting next_dagrun for example_skip_dag to 2024-10-08T21:16:08.806125+00:00, run_after=2024-10-09T21:16:08.806125+00:00
[2024-10-09T18:16:08.997-0300] {processor.py:178} INFO - Processing /home/marti/Lighthouse/airflow_tooltorial/venv/lib/python3.8/site-packages/airflow/example_dags/example_skip_dag.py took 0.285 seconds
[2024-10-09T18:17:33.530-0300] {processor.py:156} INFO - Started process (PID=63935) to work on /home/marti/Lighthouse/airflow_tooltorial/venv/lib/python3.8/site-packages/airflow/example_dags/example_skip_dag.py
[2024-10-09T18:17:33.563-0300] {processor.py:799} INFO - Processing file /home/marti/Lighthouse/airflow_tooltorial/venv/lib/python3.8/site-packages/airflow/example_dags/example_skip_dag.py for tasks to queue
[2024-10-09T18:17:33.564-0300] {logging_mixin.py:149} INFO - [2024-10-09T18:17:33.564-0300] {dagbag.py:541} INFO - Filling up the DagBag from /home/marti/Lighthouse/airflow_tooltorial/venv/lib/python3.8/site-packages/airflow/example_dags/example_skip_dag.py
[2024-10-09T18:17:33.574-0300] {processor.py:809} INFO - DAG(s) dict_keys(['example_skip_dag']) retrieved from /home/marti/Lighthouse/airflow_tooltorial/venv/lib/python3.8/site-packages/airflow/example_dags/example_skip_dag.py
[2024-10-09T18:17:33.593-0300] {logging_mixin.py:149} INFO - [2024-10-09T18:17:33.593-0300] {dag.py:2726} INFO - Sync 1 DAGs
[2024-10-09T18:17:33.614-0300] {logging_mixin.py:149} INFO - [2024-10-09T18:17:33.614-0300] {dag.py:3486} INFO - Setting next_dagrun for example_skip_dag to 2024-10-08T21:17:33.613962+00:00, run_after=2024-10-09T21:17:33.613962+00:00
[2024-10-09T18:17:33.770-0300] {processor.py:178} INFO - Processing /home/marti/Lighthouse/airflow_tooltorial/venv/lib/python3.8/site-packages/airflow/example_dags/example_skip_dag.py took 0.245 seconds
[2024-10-09T18:18:29.440-0300] {processor.py:156} INFO - Started process (PID=64090) to work on /home/marti/Lighthouse/airflow_tooltorial/venv/lib/python3.8/site-packages/airflow/example_dags/example_skip_dag.py
[2024-10-09T18:18:29.464-0300] {processor.py:799} INFO - Processing file /home/marti/Lighthouse/airflow_tooltorial/venv/lib/python3.8/site-packages/airflow/example_dags/example_skip_dag.py for tasks to queue
[2024-10-09T18:18:29.466-0300] {logging_mixin.py:149} INFO - [2024-10-09T18:18:29.466-0300] {dagbag.py:541} INFO - Filling up the DagBag from /home/marti/Lighthouse/airflow_tooltorial/venv/lib/python3.8/site-packages/airflow/example_dags/example_skip_dag.py
[2024-10-09T18:18:29.485-0300] {processor.py:809} INFO - DAG(s) dict_keys(['example_skip_dag']) retrieved from /home/marti/Lighthouse/airflow_tooltorial/venv/lib/python3.8/site-packages/airflow/example_dags/example_skip_dag.py
[2024-10-09T18:18:29.512-0300] {logging_mixin.py:149} INFO - [2024-10-09T18:18:29.511-0300] {dag.py:2726} INFO - Sync 1 DAGs
[2024-10-09T18:18:29.527-0300] {logging_mixin.py:149} INFO - [2024-10-09T18:18:29.527-0300] {dag.py:3486} INFO - Setting next_dagrun for example_skip_dag to 2024-10-08T21:18:29.527236+00:00, run_after=2024-10-09T21:18:29.527236+00:00
[2024-10-09T18:18:29.666-0300] {processor.py:178} INFO - Processing /home/marti/Lighthouse/airflow_tooltorial/venv/lib/python3.8/site-packages/airflow/example_dags/example_skip_dag.py took 0.231 seconds
