[2024-10-09T18:07:05.440-0300] {processor.py:156} INFO - Started process (PID=61383) to work on /home/marti/Lighthouse/airflow_tooltorial/venv/lib/python3.8/site-packages/airflow/example_dags/example_latest_only.py
[2024-10-09T18:07:05.442-0300] {processor.py:799} INFO - Processing file /home/marti/Lighthouse/airflow_tooltorial/venv/lib/python3.8/site-packages/airflow/example_dags/example_latest_only.py for tasks to queue
[2024-10-09T18:07:05.444-0300] {logging_mixin.py:149} INFO - [2024-10-09T18:07:05.444-0300] {dagbag.py:541} INFO - Filling up the DagBag from /home/marti/Lighthouse/airflow_tooltorial/venv/lib/python3.8/site-packages/airflow/example_dags/example_latest_only.py
[2024-10-09T18:07:05.457-0300] {processor.py:809} INFO - DAG(s) dict_keys(['latest_only']) retrieved from /home/marti/Lighthouse/airflow_tooltorial/venv/lib/python3.8/site-packages/airflow/example_dags/example_latest_only.py
[2024-10-09T18:07:05.853-0300] {logging_mixin.py:149} INFO - [2024-10-09T18:07:05.853-0300] {manager.py:504} INFO - Created Permission View: can read on DAG:latest_only
[2024-10-09T18:07:06.005-0300] {logging_mixin.py:149} INFO - [2024-10-09T18:07:06.005-0300] {manager.py:504} INFO - Created Permission View: can edit on DAG:latest_only
[2024-10-09T18:07:06.198-0300] {logging_mixin.py:149} INFO - [2024-10-09T18:07:06.197-0300] {manager.py:504} INFO - Created Permission View: can delete on DAG:latest_only
[2024-10-09T18:07:06.199-0300] {logging_mixin.py:149} INFO - [2024-10-09T18:07:06.198-0300] {dag.py:2726} INFO - Sync 1 DAGs
[2024-10-09T18:07:06.229-0300] {logging_mixin.py:149} INFO - [2024-10-09T18:07:06.229-0300] {dag.py:2747} INFO - Creating ORM DAG for latest_only
[2024-10-09T18:07:06.242-0300] {logging_mixin.py:149} INFO - [2024-10-09T18:07:06.241-0300] {dag.py:3486} INFO - Setting next_dagrun for latest_only to 2024-10-09T17:07:06.241653+00:00, run_after=2024-10-09T21:07:06.241653+00:00
[2024-10-09T18:07:06.598-0300] {processor.py:178} INFO - Processing /home/marti/Lighthouse/airflow_tooltorial/venv/lib/python3.8/site-packages/airflow/example_dags/example_latest_only.py took 1.168 seconds
[2024-10-09T18:08:34.640-0300] {processor.py:156} INFO - Started process (PID=61883) to work on /home/marti/Lighthouse/airflow_tooltorial/venv/lib/python3.8/site-packages/airflow/example_dags/example_latest_only.py
[2024-10-09T18:08:34.681-0300] {processor.py:799} INFO - Processing file /home/marti/Lighthouse/airflow_tooltorial/venv/lib/python3.8/site-packages/airflow/example_dags/example_latest_only.py for tasks to queue
[2024-10-09T18:08:34.684-0300] {logging_mixin.py:149} INFO - [2024-10-09T18:08:34.683-0300] {dagbag.py:541} INFO - Filling up the DagBag from /home/marti/Lighthouse/airflow_tooltorial/venv/lib/python3.8/site-packages/airflow/example_dags/example_latest_only.py
[2024-10-09T18:08:34.703-0300] {processor.py:809} INFO - DAG(s) dict_keys(['latest_only']) retrieved from /home/marti/Lighthouse/airflow_tooltorial/venv/lib/python3.8/site-packages/airflow/example_dags/example_latest_only.py
[2024-10-09T18:08:34.733-0300] {logging_mixin.py:149} INFO - [2024-10-09T18:08:34.733-0300] {dag.py:2726} INFO - Sync 1 DAGs
[2024-10-09T18:08:34.825-0300] {logging_mixin.py:149} INFO - [2024-10-09T18:08:34.824-0300] {dag.py:3486} INFO - Setting next_dagrun for latest_only to 2024-10-09T17:08:34.824788+00:00, run_after=2024-10-09T21:08:34.824788+00:00
[2024-10-09T18:08:34.965-0300] {processor.py:178} INFO - Processing /home/marti/Lighthouse/airflow_tooltorial/venv/lib/python3.8/site-packages/airflow/example_dags/example_latest_only.py took 0.327 seconds
[2024-10-09T18:09:39.583-0300] {processor.py:156} INFO - Started process (PID=62116) to work on /home/marti/Lighthouse/airflow_tooltorial/venv/lib/python3.8/site-packages/airflow/example_dags/example_latest_only.py
[2024-10-09T18:09:39.632-0300] {processor.py:799} INFO - Processing file /home/marti/Lighthouse/airflow_tooltorial/venv/lib/python3.8/site-packages/airflow/example_dags/example_latest_only.py for tasks to queue
[2024-10-09T18:09:39.635-0300] {logging_mixin.py:149} INFO - [2024-10-09T18:09:39.634-0300] {dagbag.py:541} INFO - Filling up the DagBag from /home/marti/Lighthouse/airflow_tooltorial/venv/lib/python3.8/site-packages/airflow/example_dags/example_latest_only.py
[2024-10-09T18:09:39.655-0300] {processor.py:809} INFO - DAG(s) dict_keys(['latest_only']) retrieved from /home/marti/Lighthouse/airflow_tooltorial/venv/lib/python3.8/site-packages/airflow/example_dags/example_latest_only.py
[2024-10-09T18:09:39.680-0300] {logging_mixin.py:149} INFO - [2024-10-09T18:09:39.680-0300] {dag.py:2726} INFO - Sync 1 DAGs
[2024-10-09T18:09:39.697-0300] {logging_mixin.py:149} INFO - [2024-10-09T18:09:39.697-0300] {dag.py:3486} INFO - Setting next_dagrun for latest_only to 2024-10-09T17:09:39.697502+00:00, run_after=2024-10-09T21:09:39.697502+00:00
[2024-10-09T18:09:39.867-0300] {processor.py:178} INFO - Processing /home/marti/Lighthouse/airflow_tooltorial/venv/lib/python3.8/site-packages/airflow/example_dags/example_latest_only.py took 0.293 seconds
[2024-10-09T18:10:33.142-0300] {processor.py:156} INFO - Started process (PID=62286) to work on /home/marti/Lighthouse/airflow_tooltorial/venv/lib/python3.8/site-packages/airflow/example_dags/example_latest_only.py
[2024-10-09T18:10:33.235-0300] {processor.py:799} INFO - Processing file /home/marti/Lighthouse/airflow_tooltorial/venv/lib/python3.8/site-packages/airflow/example_dags/example_latest_only.py for tasks to queue
[2024-10-09T18:10:33.237-0300] {logging_mixin.py:149} INFO - [2024-10-09T18:10:33.237-0300] {dagbag.py:541} INFO - Filling up the DagBag from /home/marti/Lighthouse/airflow_tooltorial/venv/lib/python3.8/site-packages/airflow/example_dags/example_latest_only.py
[2024-10-09T18:10:33.256-0300] {processor.py:809} INFO - DAG(s) dict_keys(['latest_only']) retrieved from /home/marti/Lighthouse/airflow_tooltorial/venv/lib/python3.8/site-packages/airflow/example_dags/example_latest_only.py
[2024-10-09T18:10:33.293-0300] {logging_mixin.py:149} INFO - [2024-10-09T18:10:33.293-0300] {dag.py:2726} INFO - Sync 1 DAGs
[2024-10-09T18:10:33.312-0300] {logging_mixin.py:149} INFO - [2024-10-09T18:10:33.311-0300] {dag.py:3486} INFO - Setting next_dagrun for latest_only to 2024-10-09T17:10:33.311762+00:00, run_after=2024-10-09T21:10:33.311762+00:00
[2024-10-09T18:10:33.445-0300] {processor.py:178} INFO - Processing /home/marti/Lighthouse/airflow_tooltorial/venv/lib/python3.8/site-packages/airflow/example_dags/example_latest_only.py took 0.313 seconds
[2024-10-09T18:11:29.108-0300] {processor.py:156} INFO - Started process (PID=62510) to work on /home/marti/Lighthouse/airflow_tooltorial/venv/lib/python3.8/site-packages/airflow/example_dags/example_latest_only.py
[2024-10-09T18:11:29.161-0300] {processor.py:799} INFO - Processing file /home/marti/Lighthouse/airflow_tooltorial/venv/lib/python3.8/site-packages/airflow/example_dags/example_latest_only.py for tasks to queue
[2024-10-09T18:11:29.163-0300] {logging_mixin.py:149} INFO - [2024-10-09T18:11:29.162-0300] {dagbag.py:541} INFO - Filling up the DagBag from /home/marti/Lighthouse/airflow_tooltorial/venv/lib/python3.8/site-packages/airflow/example_dags/example_latest_only.py
[2024-10-09T18:11:29.180-0300] {processor.py:809} INFO - DAG(s) dict_keys(['latest_only']) retrieved from /home/marti/Lighthouse/airflow_tooltorial/venv/lib/python3.8/site-packages/airflow/example_dags/example_latest_only.py
[2024-10-09T18:11:29.210-0300] {logging_mixin.py:149} INFO - [2024-10-09T18:11:29.210-0300] {dag.py:2726} INFO - Sync 1 DAGs
[2024-10-09T18:11:29.227-0300] {logging_mixin.py:149} INFO - [2024-10-09T18:11:29.227-0300] {dag.py:3486} INFO - Setting next_dagrun for latest_only to 2024-10-09T17:11:29.226843+00:00, run_after=2024-10-09T21:11:29.226843+00:00
[2024-10-09T18:11:29.366-0300] {processor.py:178} INFO - Processing /home/marti/Lighthouse/airflow_tooltorial/venv/lib/python3.8/site-packages/airflow/example_dags/example_latest_only.py took 0.267 seconds
[2024-10-09T18:12:24.002-0300] {processor.py:156} INFO - Started process (PID=62636) to work on /home/marti/Lighthouse/airflow_tooltorial/venv/lib/python3.8/site-packages/airflow/example_dags/example_latest_only.py
[2024-10-09T18:12:24.011-0300] {processor.py:799} INFO - Processing file /home/marti/Lighthouse/airflow_tooltorial/venv/lib/python3.8/site-packages/airflow/example_dags/example_latest_only.py for tasks to queue
[2024-10-09T18:12:24.012-0300] {logging_mixin.py:149} INFO - [2024-10-09T18:12:24.012-0300] {dagbag.py:541} INFO - Filling up the DagBag from /home/marti/Lighthouse/airflow_tooltorial/venv/lib/python3.8/site-packages/airflow/example_dags/example_latest_only.py
[2024-10-09T18:12:24.022-0300] {processor.py:809} INFO - DAG(s) dict_keys(['latest_only']) retrieved from /home/marti/Lighthouse/airflow_tooltorial/venv/lib/python3.8/site-packages/airflow/example_dags/example_latest_only.py
[2024-10-09T18:12:24.042-0300] {logging_mixin.py:149} INFO - [2024-10-09T18:12:24.042-0300] {dag.py:2726} INFO - Sync 1 DAGs
[2024-10-09T18:12:24.057-0300] {logging_mixin.py:149} INFO - [2024-10-09T18:12:24.057-0300] {dag.py:3486} INFO - Setting next_dagrun for latest_only to 2024-10-09T17:12:24.057359+00:00, run_after=2024-10-09T21:12:24.057359+00:00
[2024-10-09T18:12:24.183-0300] {processor.py:178} INFO - Processing /home/marti/Lighthouse/airflow_tooltorial/venv/lib/python3.8/site-packages/airflow/example_dags/example_latest_only.py took 0.190 seconds
[2024-10-09T18:13:14.964-0300] {processor.py:156} INFO - Started process (PID=62753) to work on /home/marti/Lighthouse/airflow_tooltorial/venv/lib/python3.8/site-packages/airflow/example_dags/example_latest_only.py
[2024-10-09T18:13:14.994-0300] {processor.py:799} INFO - Processing file /home/marti/Lighthouse/airflow_tooltorial/venv/lib/python3.8/site-packages/airflow/example_dags/example_latest_only.py for tasks to queue
[2024-10-09T18:13:14.996-0300] {logging_mixin.py:149} INFO - [2024-10-09T18:13:14.996-0300] {dagbag.py:541} INFO - Filling up the DagBag from /home/marti/Lighthouse/airflow_tooltorial/venv/lib/python3.8/site-packages/airflow/example_dags/example_latest_only.py
[2024-10-09T18:13:15.013-0300] {processor.py:809} INFO - DAG(s) dict_keys(['latest_only']) retrieved from /home/marti/Lighthouse/airflow_tooltorial/venv/lib/python3.8/site-packages/airflow/example_dags/example_latest_only.py
[2024-10-09T18:13:15.035-0300] {logging_mixin.py:149} INFO - [2024-10-09T18:13:15.035-0300] {dag.py:2726} INFO - Sync 1 DAGs
[2024-10-09T18:13:15.052-0300] {logging_mixin.py:149} INFO - [2024-10-09T18:13:15.052-0300] {dag.py:3486} INFO - Setting next_dagrun for latest_only to 2024-10-09T17:13:15.052061+00:00, run_after=2024-10-09T21:13:15.052061+00:00
[2024-10-09T18:13:15.184-0300] {processor.py:178} INFO - Processing /home/marti/Lighthouse/airflow_tooltorial/venv/lib/python3.8/site-packages/airflow/example_dags/example_latest_only.py took 0.229 seconds
[2024-10-09T18:14:09.149-0300] {processor.py:156} INFO - Started process (PID=62870) to work on /home/marti/Lighthouse/airflow_tooltorial/venv/lib/python3.8/site-packages/airflow/example_dags/example_latest_only.py
[2024-10-09T18:14:09.177-0300] {processor.py:799} INFO - Processing file /home/marti/Lighthouse/airflow_tooltorial/venv/lib/python3.8/site-packages/airflow/example_dags/example_latest_only.py for tasks to queue
[2024-10-09T18:14:09.179-0300] {logging_mixin.py:149} INFO - [2024-10-09T18:14:09.179-0300] {dagbag.py:541} INFO - Filling up the DagBag from /home/marti/Lighthouse/airflow_tooltorial/venv/lib/python3.8/site-packages/airflow/example_dags/example_latest_only.py
[2024-10-09T18:14:09.196-0300] {processor.py:809} INFO - DAG(s) dict_keys(['latest_only']) retrieved from /home/marti/Lighthouse/airflow_tooltorial/venv/lib/python3.8/site-packages/airflow/example_dags/example_latest_only.py
[2024-10-09T18:14:09.222-0300] {logging_mixin.py:149} INFO - [2024-10-09T18:14:09.222-0300] {dag.py:2726} INFO - Sync 1 DAGs
[2024-10-09T18:14:09.239-0300] {logging_mixin.py:149} INFO - [2024-10-09T18:14:09.238-0300] {dag.py:3486} INFO - Setting next_dagrun for latest_only to 2024-10-09T17:14:09.238747+00:00, run_after=2024-10-09T21:14:09.238747+00:00
[2024-10-09T18:14:09.368-0300] {processor.py:178} INFO - Processing /home/marti/Lighthouse/airflow_tooltorial/venv/lib/python3.8/site-packages/airflow/example_dags/example_latest_only.py took 0.228 seconds
[2024-10-09T18:15:05.562-0300] {processor.py:156} INFO - Started process (PID=63059) to work on /home/marti/Lighthouse/airflow_tooltorial/venv/lib/python3.8/site-packages/airflow/example_dags/example_latest_only.py
[2024-10-09T18:15:05.573-0300] {processor.py:799} INFO - Processing file /home/marti/Lighthouse/airflow_tooltorial/venv/lib/python3.8/site-packages/airflow/example_dags/example_latest_only.py for tasks to queue
[2024-10-09T18:15:05.576-0300] {logging_mixin.py:149} INFO - [2024-10-09T18:15:05.576-0300] {dagbag.py:541} INFO - Filling up the DagBag from /home/marti/Lighthouse/airflow_tooltorial/venv/lib/python3.8/site-packages/airflow/example_dags/example_latest_only.py
[2024-10-09T18:15:05.597-0300] {processor.py:809} INFO - DAG(s) dict_keys(['latest_only']) retrieved from /home/marti/Lighthouse/airflow_tooltorial/venv/lib/python3.8/site-packages/airflow/example_dags/example_latest_only.py
[2024-10-09T18:15:05.632-0300] {logging_mixin.py:149} INFO - [2024-10-09T18:15:05.632-0300] {dag.py:2726} INFO - Sync 1 DAGs
[2024-10-09T18:15:05.664-0300] {logging_mixin.py:149} INFO - [2024-10-09T18:15:05.663-0300] {dag.py:3486} INFO - Setting next_dagrun for latest_only to 2024-10-09T17:15:05.663098+00:00, run_after=2024-10-09T21:15:05.663098+00:00
[2024-10-09T18:15:05.931-0300] {processor.py:178} INFO - Processing /home/marti/Lighthouse/airflow_tooltorial/venv/lib/python3.8/site-packages/airflow/example_dags/example_latest_only.py took 0.385 seconds
[2024-10-09T18:15:59.401-0300] {processor.py:156} INFO - Started process (PID=63263) to work on /home/marti/Lighthouse/airflow_tooltorial/venv/lib/python3.8/site-packages/airflow/example_dags/example_latest_only.py
[2024-10-09T18:15:59.405-0300] {processor.py:799} INFO - Processing file /home/marti/Lighthouse/airflow_tooltorial/venv/lib/python3.8/site-packages/airflow/example_dags/example_latest_only.py for tasks to queue
[2024-10-09T18:15:59.407-0300] {logging_mixin.py:149} INFO - [2024-10-09T18:15:59.406-0300] {dagbag.py:541} INFO - Filling up the DagBag from /home/marti/Lighthouse/airflow_tooltorial/venv/lib/python3.8/site-packages/airflow/example_dags/example_latest_only.py
[2024-10-09T18:15:59.421-0300] {processor.py:809} INFO - DAG(s) dict_keys(['latest_only']) retrieved from /home/marti/Lighthouse/airflow_tooltorial/venv/lib/python3.8/site-packages/airflow/example_dags/example_latest_only.py
[2024-10-09T18:15:59.440-0300] {logging_mixin.py:149} INFO - [2024-10-09T18:15:59.440-0300] {dag.py:2726} INFO - Sync 1 DAGs
[2024-10-09T18:15:59.456-0300] {logging_mixin.py:149} INFO - [2024-10-09T18:15:59.456-0300] {dag.py:3486} INFO - Setting next_dagrun for latest_only to 2024-10-09T17:15:59.455876+00:00, run_after=2024-10-09T21:15:59.455876+00:00
[2024-10-09T18:15:59.596-0300] {processor.py:178} INFO - Processing /home/marti/Lighthouse/airflow_tooltorial/venv/lib/python3.8/site-packages/airflow/example_dags/example_latest_only.py took 0.204 seconds
[2024-10-09T18:16:50.327-0300] {processor.py:156} INFO - Started process (PID=63471) to work on /home/marti/Lighthouse/airflow_tooltorial/venv/lib/python3.8/site-packages/airflow/example_dags/example_latest_only.py
[2024-10-09T18:16:50.358-0300] {processor.py:799} INFO - Processing file /home/marti/Lighthouse/airflow_tooltorial/venv/lib/python3.8/site-packages/airflow/example_dags/example_latest_only.py for tasks to queue
[2024-10-09T18:16:50.360-0300] {logging_mixin.py:149} INFO - [2024-10-09T18:16:50.359-0300] {dagbag.py:541} INFO - Filling up the DagBag from /home/marti/Lighthouse/airflow_tooltorial/venv/lib/python3.8/site-packages/airflow/example_dags/example_latest_only.py
[2024-10-09T18:16:50.377-0300] {processor.py:809} INFO - DAG(s) dict_keys(['latest_only']) retrieved from /home/marti/Lighthouse/airflow_tooltorial/venv/lib/python3.8/site-packages/airflow/example_dags/example_latest_only.py
[2024-10-09T18:16:50.402-0300] {logging_mixin.py:149} INFO - [2024-10-09T18:16:50.401-0300] {dag.py:2726} INFO - Sync 1 DAGs
[2024-10-09T18:16:50.417-0300] {logging_mixin.py:149} INFO - [2024-10-09T18:16:50.417-0300] {dag.py:3486} INFO - Setting next_dagrun for latest_only to 2024-10-09T17:16:50.417654+00:00, run_after=2024-10-09T21:16:50.417654+00:00
[2024-10-09T18:16:50.538-0300] {processor.py:178} INFO - Processing /home/marti/Lighthouse/airflow_tooltorial/venv/lib/python3.8/site-packages/airflow/example_dags/example_latest_only.py took 0.219 seconds
[2024-10-09T18:17:57.642-0300] {processor.py:156} INFO - Started process (PID=64053) to work on /home/marti/Lighthouse/airflow_tooltorial/venv/lib/python3.8/site-packages/airflow/example_dags/example_latest_only.py
[2024-10-09T18:17:57.703-0300] {processor.py:799} INFO - Processing file /home/marti/Lighthouse/airflow_tooltorial/venv/lib/python3.8/site-packages/airflow/example_dags/example_latest_only.py for tasks to queue
[2024-10-09T18:17:57.705-0300] {logging_mixin.py:149} INFO - [2024-10-09T18:17:57.704-0300] {dagbag.py:541} INFO - Filling up the DagBag from /home/marti/Lighthouse/airflow_tooltorial/venv/lib/python3.8/site-packages/airflow/example_dags/example_latest_only.py
[2024-10-09T18:17:57.719-0300] {processor.py:809} INFO - DAG(s) dict_keys(['latest_only']) retrieved from /home/marti/Lighthouse/airflow_tooltorial/venv/lib/python3.8/site-packages/airflow/example_dags/example_latest_only.py
[2024-10-09T18:17:57.757-0300] {logging_mixin.py:149} INFO - [2024-10-09T18:17:57.757-0300] {dag.py:2726} INFO - Sync 1 DAGs
[2024-10-09T18:17:57.866-0300] {logging_mixin.py:149} INFO - [2024-10-09T18:17:57.865-0300] {dag.py:3486} INFO - Setting next_dagrun for latest_only to 2024-10-09T17:17:57.865292+00:00, run_after=2024-10-09T21:17:57.865292+00:00
[2024-10-09T18:17:57.990-0300] {processor.py:178} INFO - Processing /home/marti/Lighthouse/airflow_tooltorial/venv/lib/python3.8/site-packages/airflow/example_dags/example_latest_only.py took 0.355 seconds
[2024-10-09T18:18:52.105-0300] {processor.py:156} INFO - Started process (PID=64322) to work on /home/marti/Lighthouse/airflow_tooltorial/venv/lib/python3.8/site-packages/airflow/example_dags/example_latest_only.py
[2024-10-09T18:18:52.141-0300] {processor.py:799} INFO - Processing file /home/marti/Lighthouse/airflow_tooltorial/venv/lib/python3.8/site-packages/airflow/example_dags/example_latest_only.py for tasks to queue
[2024-10-09T18:18:52.142-0300] {logging_mixin.py:149} INFO - [2024-10-09T18:18:52.142-0300] {dagbag.py:541} INFO - Filling up the DagBag from /home/marti/Lighthouse/airflow_tooltorial/venv/lib/python3.8/site-packages/airflow/example_dags/example_latest_only.py
[2024-10-09T18:18:52.149-0300] {processor.py:809} INFO - DAG(s) dict_keys(['latest_only']) retrieved from /home/marti/Lighthouse/airflow_tooltorial/venv/lib/python3.8/site-packages/airflow/example_dags/example_latest_only.py
[2024-10-09T18:18:52.166-0300] {logging_mixin.py:149} INFO - [2024-10-09T18:18:52.166-0300] {dag.py:2726} INFO - Sync 1 DAGs
[2024-10-09T18:18:52.181-0300] {logging_mixin.py:149} INFO - [2024-10-09T18:18:52.181-0300] {dag.py:3486} INFO - Setting next_dagrun for latest_only to 2024-10-09T17:18:52.181504+00:00, run_after=2024-10-09T21:18:52.181504+00:00
[2024-10-09T18:18:52.309-0300] {processor.py:178} INFO - Processing /home/marti/Lighthouse/airflow_tooltorial/venv/lib/python3.8/site-packages/airflow/example_dags/example_latest_only.py took 0.207 seconds
[2024-10-09T18:51:43.656-0300] {processor.py:156} INFO - Started process (PID=71011) to work on /home/marti/Lighthouse/airflow_tooltorial/venv/lib/python3.8/site-packages/airflow/example_dags/example_latest_only.py
[2024-10-09T18:51:43.667-0300] {processor.py:799} INFO - Processing file /home/marti/Lighthouse/airflow_tooltorial/venv/lib/python3.8/site-packages/airflow/example_dags/example_latest_only.py for tasks to queue
[2024-10-09T18:51:43.668-0300] {logging_mixin.py:149} INFO - [2024-10-09T18:51:43.668-0300] {dagbag.py:541} INFO - Filling up the DagBag from /home/marti/Lighthouse/airflow_tooltorial/venv/lib/python3.8/site-packages/airflow/example_dags/example_latest_only.py
[2024-10-09T18:51:43.683-0300] {processor.py:809} INFO - DAG(s) dict_keys(['latest_only']) retrieved from /home/marti/Lighthouse/airflow_tooltorial/venv/lib/python3.8/site-packages/airflow/example_dags/example_latest_only.py
[2024-10-09T18:51:43.701-0300] {logging_mixin.py:149} INFO - [2024-10-09T18:51:43.700-0300] {dag.py:2726} INFO - Sync 1 DAGs
[2024-10-09T18:51:43.758-0300] {logging_mixin.py:149} INFO - [2024-10-09T18:51:43.757-0300] {dag.py:3486} INFO - Setting next_dagrun for latest_only to 2024-10-09T17:51:43.757182+00:00, run_after=2024-10-09T21:51:43.757182+00:00
[2024-10-09T18:51:43.917-0300] {processor.py:178} INFO - Processing /home/marti/Lighthouse/airflow_tooltorial/venv/lib/python3.8/site-packages/airflow/example_dags/example_latest_only.py took 0.266 seconds
