[2024-10-09T18:07:16.918-0300] {processor.py:156} INFO - Started process (PID=61397) to work on /home/marti/Lighthouse/airflow_tooltorial/venv/lib/python3.8/site-packages/airflow/example_dags/example_external_task_marker_dag.py
[2024-10-09T18:07:16.919-0300] {processor.py:799} INFO - Processing file /home/marti/Lighthouse/airflow_tooltorial/venv/lib/python3.8/site-packages/airflow/example_dags/example_external_task_marker_dag.py for tasks to queue
[2024-10-09T18:07:16.920-0300] {logging_mixin.py:149} INFO - [2024-10-09T18:07:16.920-0300] {dagbag.py:541} INFO - Filling up the DagBag from /home/marti/Lighthouse/airflow_tooltorial/venv/lib/python3.8/site-packages/airflow/example_dags/example_external_task_marker_dag.py
[2024-10-09T18:07:16.928-0300] {processor.py:809} INFO - DAG(s) dict_keys(['example_external_task_marker_parent', 'example_external_task_marker_child']) retrieved from /home/marti/Lighthouse/airflow_tooltorial/venv/lib/python3.8/site-packages/airflow/example_dags/example_external_task_marker_dag.py
[2024-10-09T18:07:17.813-0300] {logging_mixin.py:149} INFO - [2024-10-09T18:07:17.812-0300] {manager.py:504} INFO - Created Permission View: can read on DAG:example_external_task_marker_parent
[2024-10-09T18:07:17.946-0300] {logging_mixin.py:149} INFO - [2024-10-09T18:07:17.945-0300] {manager.py:504} INFO - Created Permission View: can edit on DAG:example_external_task_marker_parent
[2024-10-09T18:07:18.034-0300] {logging_mixin.py:149} INFO - [2024-10-09T18:07:18.033-0300] {manager.py:504} INFO - Created Permission View: can delete on DAG:example_external_task_marker_parent
[2024-10-09T18:07:18.391-0300] {logging_mixin.py:149} INFO - [2024-10-09T18:07:18.390-0300] {manager.py:504} INFO - Created Permission View: can read on DAG:example_external_task_marker_child
[2024-10-09T18:07:18.490-0300] {logging_mixin.py:149} INFO - [2024-10-09T18:07:18.489-0300] {manager.py:504} INFO - Created Permission View: can edit on DAG:example_external_task_marker_child
[2024-10-09T18:07:18.579-0300] {logging_mixin.py:149} INFO - [2024-10-09T18:07:18.579-0300] {manager.py:504} INFO - Created Permission View: can delete on DAG:example_external_task_marker_child
[2024-10-09T18:07:18.580-0300] {logging_mixin.py:149} INFO - [2024-10-09T18:07:18.580-0300] {dag.py:2726} INFO - Sync 2 DAGs
[2024-10-09T18:07:18.613-0300] {logging_mixin.py:149} INFO - [2024-10-09T18:07:18.613-0300] {dag.py:2747} INFO - Creating ORM DAG for example_external_task_marker_parent
[2024-10-09T18:07:18.614-0300] {logging_mixin.py:149} INFO - [2024-10-09T18:07:18.614-0300] {dag.py:2747} INFO - Creating ORM DAG for example_external_task_marker_child
[2024-10-09T18:07:18.627-0300] {logging_mixin.py:149} INFO - [2024-10-09T18:07:18.626-0300] {dag.py:3486} INFO - Setting next_dagrun for example_external_task_marker_child to None, run_after=None
[2024-10-09T18:07:18.627-0300] {logging_mixin.py:149} INFO - [2024-10-09T18:07:18.627-0300] {dag.py:3486} INFO - Setting next_dagrun for example_external_task_marker_parent to None, run_after=None
[2024-10-09T18:07:18.810-0300] {processor.py:178} INFO - Processing /home/marti/Lighthouse/airflow_tooltorial/venv/lib/python3.8/site-packages/airflow/example_dags/example_external_task_marker_dag.py took 1.897 seconds
[2024-10-09T18:08:41.750-0300] {processor.py:156} INFO - Started process (PID=61955) to work on /home/marti/Lighthouse/airflow_tooltorial/venv/lib/python3.8/site-packages/airflow/example_dags/example_external_task_marker_dag.py
[2024-10-09T18:08:41.787-0300] {processor.py:799} INFO - Processing file /home/marti/Lighthouse/airflow_tooltorial/venv/lib/python3.8/site-packages/airflow/example_dags/example_external_task_marker_dag.py for tasks to queue
[2024-10-09T18:08:41.789-0300] {logging_mixin.py:149} INFO - [2024-10-09T18:08:41.789-0300] {dagbag.py:541} INFO - Filling up the DagBag from /home/marti/Lighthouse/airflow_tooltorial/venv/lib/python3.8/site-packages/airflow/example_dags/example_external_task_marker_dag.py
[2024-10-09T18:08:41.806-0300] {processor.py:809} INFO - DAG(s) dict_keys(['example_external_task_marker_child', 'example_external_task_marker_parent']) retrieved from /home/marti/Lighthouse/airflow_tooltorial/venv/lib/python3.8/site-packages/airflow/example_dags/example_external_task_marker_dag.py
[2024-10-09T18:08:41.844-0300] {logging_mixin.py:149} INFO - [2024-10-09T18:08:41.844-0300] {dag.py:2726} INFO - Sync 2 DAGs
[2024-10-09T18:08:41.941-0300] {logging_mixin.py:149} INFO - [2024-10-09T18:08:41.941-0300] {dag.py:3486} INFO - Setting next_dagrun for example_external_task_marker_child to None, run_after=None
[2024-10-09T18:08:41.944-0300] {logging_mixin.py:149} INFO - [2024-10-09T18:08:41.944-0300] {dag.py:3486} INFO - Setting next_dagrun for example_external_task_marker_parent to None, run_after=None
[2024-10-09T18:08:42.082-0300] {processor.py:178} INFO - Processing /home/marti/Lighthouse/airflow_tooltorial/venv/lib/python3.8/site-packages/airflow/example_dags/example_external_task_marker_dag.py took 0.338 seconds
[2024-10-09T18:09:46.077-0300] {processor.py:156} INFO - Started process (PID=62122) to work on /home/marti/Lighthouse/airflow_tooltorial/venv/lib/python3.8/site-packages/airflow/example_dags/example_external_task_marker_dag.py
[2024-10-09T18:09:46.116-0300] {processor.py:799} INFO - Processing file /home/marti/Lighthouse/airflow_tooltorial/venv/lib/python3.8/site-packages/airflow/example_dags/example_external_task_marker_dag.py for tasks to queue
[2024-10-09T18:09:46.119-0300] {logging_mixin.py:149} INFO - [2024-10-09T18:09:46.118-0300] {dagbag.py:541} INFO - Filling up the DagBag from /home/marti/Lighthouse/airflow_tooltorial/venv/lib/python3.8/site-packages/airflow/example_dags/example_external_task_marker_dag.py
[2024-10-09T18:09:46.137-0300] {processor.py:809} INFO - DAG(s) dict_keys(['example_external_task_marker_child', 'example_external_task_marker_parent']) retrieved from /home/marti/Lighthouse/airflow_tooltorial/venv/lib/python3.8/site-packages/airflow/example_dags/example_external_task_marker_dag.py
[2024-10-09T18:09:46.169-0300] {logging_mixin.py:149} INFO - [2024-10-09T18:09:46.169-0300] {dag.py:2726} INFO - Sync 2 DAGs
[2024-10-09T18:09:46.185-0300] {logging_mixin.py:149} INFO - [2024-10-09T18:09:46.184-0300] {dag.py:3486} INFO - Setting next_dagrun for example_external_task_marker_child to None, run_after=None
[2024-10-09T18:09:46.187-0300] {logging_mixin.py:149} INFO - [2024-10-09T18:09:46.187-0300] {dag.py:3486} INFO - Setting next_dagrun for example_external_task_marker_parent to None, run_after=None
[2024-10-09T18:09:46.312-0300] {processor.py:178} INFO - Processing /home/marti/Lighthouse/airflow_tooltorial/venv/lib/python3.8/site-packages/airflow/example_dags/example_external_task_marker_dag.py took 0.244 seconds
[2024-10-09T18:10:41.483-0300] {processor.py:156} INFO - Started process (PID=62308) to work on /home/marti/Lighthouse/airflow_tooltorial/venv/lib/python3.8/site-packages/airflow/example_dags/example_external_task_marker_dag.py
[2024-10-09T18:10:41.536-0300] {processor.py:799} INFO - Processing file /home/marti/Lighthouse/airflow_tooltorial/venv/lib/python3.8/site-packages/airflow/example_dags/example_external_task_marker_dag.py for tasks to queue
[2024-10-09T18:10:41.539-0300] {logging_mixin.py:149} INFO - [2024-10-09T18:10:41.539-0300] {dagbag.py:541} INFO - Filling up the DagBag from /home/marti/Lighthouse/airflow_tooltorial/venv/lib/python3.8/site-packages/airflow/example_dags/example_external_task_marker_dag.py
[2024-10-09T18:10:41.560-0300] {processor.py:809} INFO - DAG(s) dict_keys(['example_external_task_marker_parent', 'example_external_task_marker_child']) retrieved from /home/marti/Lighthouse/airflow_tooltorial/venv/lib/python3.8/site-packages/airflow/example_dags/example_external_task_marker_dag.py
[2024-10-09T18:10:41.604-0300] {logging_mixin.py:149} INFO - [2024-10-09T18:10:41.603-0300] {dag.py:2726} INFO - Sync 2 DAGs
[2024-10-09T18:10:41.621-0300] {logging_mixin.py:149} INFO - [2024-10-09T18:10:41.621-0300] {dag.py:3486} INFO - Setting next_dagrun for example_external_task_marker_child to None, run_after=None
[2024-10-09T18:10:41.623-0300] {logging_mixin.py:149} INFO - [2024-10-09T18:10:41.623-0300] {dag.py:3486} INFO - Setting next_dagrun for example_external_task_marker_parent to None, run_after=None
[2024-10-09T18:10:41.755-0300] {processor.py:178} INFO - Processing /home/marti/Lighthouse/airflow_tooltorial/venv/lib/python3.8/site-packages/airflow/example_dags/example_external_task_marker_dag.py took 0.279 seconds
[2024-10-09T18:11:37.137-0300] {processor.py:156} INFO - Started process (PID=62516) to work on /home/marti/Lighthouse/airflow_tooltorial/venv/lib/python3.8/site-packages/airflow/example_dags/example_external_task_marker_dag.py
[2024-10-09T18:11:37.160-0300] {processor.py:799} INFO - Processing file /home/marti/Lighthouse/airflow_tooltorial/venv/lib/python3.8/site-packages/airflow/example_dags/example_external_task_marker_dag.py for tasks to queue
[2024-10-09T18:11:37.161-0300] {logging_mixin.py:149} INFO - [2024-10-09T18:11:37.161-0300] {dagbag.py:541} INFO - Filling up the DagBag from /home/marti/Lighthouse/airflow_tooltorial/venv/lib/python3.8/site-packages/airflow/example_dags/example_external_task_marker_dag.py
[2024-10-09T18:11:37.166-0300] {processor.py:809} INFO - DAG(s) dict_keys(['example_external_task_marker_parent', 'example_external_task_marker_child']) retrieved from /home/marti/Lighthouse/airflow_tooltorial/venv/lib/python3.8/site-packages/airflow/example_dags/example_external_task_marker_dag.py
[2024-10-09T18:11:37.189-0300] {logging_mixin.py:149} INFO - [2024-10-09T18:11:37.189-0300] {dag.py:2726} INFO - Sync 2 DAGs
[2024-10-09T18:11:37.206-0300] {logging_mixin.py:149} INFO - [2024-10-09T18:11:37.205-0300] {dag.py:3486} INFO - Setting next_dagrun for example_external_task_marker_child to None, run_after=None
[2024-10-09T18:11:37.209-0300] {logging_mixin.py:149} INFO - [2024-10-09T18:11:37.209-0300] {dag.py:3486} INFO - Setting next_dagrun for example_external_task_marker_parent to None, run_after=None
[2024-10-09T18:11:37.339-0300] {processor.py:178} INFO - Processing /home/marti/Lighthouse/airflow_tooltorial/venv/lib/python3.8/site-packages/airflow/example_dags/example_external_task_marker_dag.py took 0.205 seconds
[2024-10-09T18:12:31.535-0300] {processor.py:156} INFO - Started process (PID=62642) to work on /home/marti/Lighthouse/airflow_tooltorial/venv/lib/python3.8/site-packages/airflow/example_dags/example_external_task_marker_dag.py
[2024-10-09T18:12:31.588-0300] {processor.py:799} INFO - Processing file /home/marti/Lighthouse/airflow_tooltorial/venv/lib/python3.8/site-packages/airflow/example_dags/example_external_task_marker_dag.py for tasks to queue
[2024-10-09T18:12:31.590-0300] {logging_mixin.py:149} INFO - [2024-10-09T18:12:31.589-0300] {dagbag.py:541} INFO - Filling up the DagBag from /home/marti/Lighthouse/airflow_tooltorial/venv/lib/python3.8/site-packages/airflow/example_dags/example_external_task_marker_dag.py
[2024-10-09T18:12:31.610-0300] {processor.py:809} INFO - DAG(s) dict_keys(['example_external_task_marker_parent', 'example_external_task_marker_child']) retrieved from /home/marti/Lighthouse/airflow_tooltorial/venv/lib/python3.8/site-packages/airflow/example_dags/example_external_task_marker_dag.py
[2024-10-09T18:12:31.677-0300] {logging_mixin.py:149} INFO - [2024-10-09T18:12:31.677-0300] {dag.py:2726} INFO - Sync 2 DAGs
[2024-10-09T18:12:31.701-0300] {logging_mixin.py:149} INFO - [2024-10-09T18:12:31.701-0300] {dag.py:3486} INFO - Setting next_dagrun for example_external_task_marker_child to None, run_after=None
[2024-10-09T18:12:31.704-0300] {logging_mixin.py:149} INFO - [2024-10-09T18:12:31.704-0300] {dag.py:3486} INFO - Setting next_dagrun for example_external_task_marker_parent to None, run_after=None
[2024-10-09T18:12:31.823-0300] {processor.py:178} INFO - Processing /home/marti/Lighthouse/airflow_tooltorial/venv/lib/python3.8/site-packages/airflow/example_dags/example_external_task_marker_dag.py took 0.290 seconds
[2024-10-09T18:13:23.223-0300] {processor.py:156} INFO - Started process (PID=62760) to work on /home/marti/Lighthouse/airflow_tooltorial/venv/lib/python3.8/site-packages/airflow/example_dags/example_external_task_marker_dag.py
[2024-10-09T18:13:23.295-0300] {processor.py:799} INFO - Processing file /home/marti/Lighthouse/airflow_tooltorial/venv/lib/python3.8/site-packages/airflow/example_dags/example_external_task_marker_dag.py for tasks to queue
[2024-10-09T18:13:23.297-0300] {logging_mixin.py:149} INFO - [2024-10-09T18:13:23.297-0300] {dagbag.py:541} INFO - Filling up the DagBag from /home/marti/Lighthouse/airflow_tooltorial/venv/lib/python3.8/site-packages/airflow/example_dags/example_external_task_marker_dag.py
[2024-10-09T18:13:23.315-0300] {processor.py:809} INFO - DAG(s) dict_keys(['example_external_task_marker_child', 'example_external_task_marker_parent']) retrieved from /home/marti/Lighthouse/airflow_tooltorial/venv/lib/python3.8/site-packages/airflow/example_dags/example_external_task_marker_dag.py
[2024-10-09T18:13:23.351-0300] {logging_mixin.py:149} INFO - [2024-10-09T18:13:23.351-0300] {dag.py:2726} INFO - Sync 2 DAGs
[2024-10-09T18:13:23.367-0300] {logging_mixin.py:149} INFO - [2024-10-09T18:13:23.367-0300] {dag.py:3486} INFO - Setting next_dagrun for example_external_task_marker_child to None, run_after=None
[2024-10-09T18:13:23.370-0300] {logging_mixin.py:149} INFO - [2024-10-09T18:13:23.369-0300] {dag.py:3486} INFO - Setting next_dagrun for example_external_task_marker_parent to None, run_after=None
[2024-10-09T18:13:23.512-0300] {processor.py:178} INFO - Processing /home/marti/Lighthouse/airflow_tooltorial/venv/lib/python3.8/site-packages/airflow/example_dags/example_external_task_marker_dag.py took 0.293 seconds
[2024-10-09T18:14:17.148-0300] {processor.py:156} INFO - Started process (PID=62877) to work on /home/marti/Lighthouse/airflow_tooltorial/venv/lib/python3.8/site-packages/airflow/example_dags/example_external_task_marker_dag.py
[2024-10-09T18:14:17.249-0300] {processor.py:799} INFO - Processing file /home/marti/Lighthouse/airflow_tooltorial/venv/lib/python3.8/site-packages/airflow/example_dags/example_external_task_marker_dag.py for tasks to queue
[2024-10-09T18:14:17.251-0300] {logging_mixin.py:149} INFO - [2024-10-09T18:14:17.250-0300] {dagbag.py:541} INFO - Filling up the DagBag from /home/marti/Lighthouse/airflow_tooltorial/venv/lib/python3.8/site-packages/airflow/example_dags/example_external_task_marker_dag.py
[2024-10-09T18:14:17.270-0300] {processor.py:809} INFO - DAG(s) dict_keys(['example_external_task_marker_child', 'example_external_task_marker_parent']) retrieved from /home/marti/Lighthouse/airflow_tooltorial/venv/lib/python3.8/site-packages/airflow/example_dags/example_external_task_marker_dag.py
[2024-10-09T18:14:17.303-0300] {logging_mixin.py:149} INFO - [2024-10-09T18:14:17.303-0300] {dag.py:2726} INFO - Sync 2 DAGs
[2024-10-09T18:14:17.318-0300] {logging_mixin.py:149} INFO - [2024-10-09T18:14:17.318-0300] {dag.py:3486} INFO - Setting next_dagrun for example_external_task_marker_child to None, run_after=None
[2024-10-09T18:14:17.320-0300] {logging_mixin.py:149} INFO - [2024-10-09T18:14:17.320-0300] {dag.py:3486} INFO - Setting next_dagrun for example_external_task_marker_parent to None, run_after=None
[2024-10-09T18:14:17.439-0300] {processor.py:178} INFO - Processing /home/marti/Lighthouse/airflow_tooltorial/venv/lib/python3.8/site-packages/airflow/example_dags/example_external_task_marker_dag.py took 0.298 seconds
[2024-10-09T18:15:13.638-0300] {processor.py:156} INFO - Started process (PID=63066) to work on /home/marti/Lighthouse/airflow_tooltorial/venv/lib/python3.8/site-packages/airflow/example_dags/example_external_task_marker_dag.py
[2024-10-09T18:15:13.677-0300] {processor.py:799} INFO - Processing file /home/marti/Lighthouse/airflow_tooltorial/venv/lib/python3.8/site-packages/airflow/example_dags/example_external_task_marker_dag.py for tasks to queue
[2024-10-09T18:15:13.679-0300] {logging_mixin.py:149} INFO - [2024-10-09T18:15:13.679-0300] {dagbag.py:541} INFO - Filling up the DagBag from /home/marti/Lighthouse/airflow_tooltorial/venv/lib/python3.8/site-packages/airflow/example_dags/example_external_task_marker_dag.py
[2024-10-09T18:15:13.697-0300] {processor.py:809} INFO - DAG(s) dict_keys(['example_external_task_marker_parent', 'example_external_task_marker_child']) retrieved from /home/marti/Lighthouse/airflow_tooltorial/venv/lib/python3.8/site-packages/airflow/example_dags/example_external_task_marker_dag.py
[2024-10-09T18:15:13.732-0300] {logging_mixin.py:149} INFO - [2024-10-09T18:15:13.732-0300] {dag.py:2726} INFO - Sync 2 DAGs
[2024-10-09T18:15:13.747-0300] {logging_mixin.py:149} INFO - [2024-10-09T18:15:13.747-0300] {dag.py:3486} INFO - Setting next_dagrun for example_external_task_marker_child to None, run_after=None
[2024-10-09T18:15:13.750-0300] {logging_mixin.py:149} INFO - [2024-10-09T18:15:13.749-0300] {dag.py:3486} INFO - Setting next_dagrun for example_external_task_marker_parent to None, run_after=None
[2024-10-09T18:15:13.868-0300] {processor.py:178} INFO - Processing /home/marti/Lighthouse/airflow_tooltorial/venv/lib/python3.8/site-packages/airflow/example_dags/example_external_task_marker_dag.py took 0.235 seconds
[2024-10-09T18:16:05.929-0300] {processor.py:156} INFO - Started process (PID=63273) to work on /home/marti/Lighthouse/airflow_tooltorial/venv/lib/python3.8/site-packages/airflow/example_dags/example_external_task_marker_dag.py
[2024-10-09T18:16:05.930-0300] {processor.py:799} INFO - Processing file /home/marti/Lighthouse/airflow_tooltorial/venv/lib/python3.8/site-packages/airflow/example_dags/example_external_task_marker_dag.py for tasks to queue
[2024-10-09T18:16:05.932-0300] {logging_mixin.py:149} INFO - [2024-10-09T18:16:05.931-0300] {dagbag.py:541} INFO - Filling up the DagBag from /home/marti/Lighthouse/airflow_tooltorial/venv/lib/python3.8/site-packages/airflow/example_dags/example_external_task_marker_dag.py
[2024-10-09T18:16:05.943-0300] {processor.py:809} INFO - DAG(s) dict_keys(['example_external_task_marker_child', 'example_external_task_marker_parent']) retrieved from /home/marti/Lighthouse/airflow_tooltorial/venv/lib/python3.8/site-packages/airflow/example_dags/example_external_task_marker_dag.py
[2024-10-09T18:16:05.969-0300] {logging_mixin.py:149} INFO - [2024-10-09T18:16:05.969-0300] {dag.py:2726} INFO - Sync 2 DAGs
[2024-10-09T18:16:05.988-0300] {logging_mixin.py:149} INFO - [2024-10-09T18:16:05.987-0300] {dag.py:3486} INFO - Setting next_dagrun for example_external_task_marker_child to None, run_after=None
[2024-10-09T18:16:05.991-0300] {logging_mixin.py:149} INFO - [2024-10-09T18:16:05.990-0300] {dag.py:3486} INFO - Setting next_dagrun for example_external_task_marker_parent to None, run_after=None
[2024-10-09T18:16:06.115-0300] {processor.py:178} INFO - Processing /home/marti/Lighthouse/airflow_tooltorial/venv/lib/python3.8/site-packages/airflow/example_dags/example_external_task_marker_dag.py took 0.192 seconds
[2024-10-09T18:17:19.151-0300] {processor.py:156} INFO - Started process (PID=63920) to work on /home/marti/Lighthouse/airflow_tooltorial/venv/lib/python3.8/site-packages/airflow/example_dags/example_external_task_marker_dag.py
[2024-10-09T18:17:19.225-0300] {processor.py:799} INFO - Processing file /home/marti/Lighthouse/airflow_tooltorial/venv/lib/python3.8/site-packages/airflow/example_dags/example_external_task_marker_dag.py for tasks to queue
[2024-10-09T18:17:19.225-0300] {logging_mixin.py:149} INFO - [2024-10-09T18:17:19.225-0300] {dagbag.py:541} INFO - Filling up the DagBag from /home/marti/Lighthouse/airflow_tooltorial/venv/lib/python3.8/site-packages/airflow/example_dags/example_external_task_marker_dag.py
[2024-10-09T18:17:19.230-0300] {processor.py:809} INFO - DAG(s) dict_keys(['example_external_task_marker_child', 'example_external_task_marker_parent']) retrieved from /home/marti/Lighthouse/airflow_tooltorial/venv/lib/python3.8/site-packages/airflow/example_dags/example_external_task_marker_dag.py
[2024-10-09T18:17:19.249-0300] {logging_mixin.py:149} INFO - [2024-10-09T18:17:19.249-0300] {dag.py:2726} INFO - Sync 2 DAGs
[2024-10-09T18:17:19.272-0300] {logging_mixin.py:149} INFO - [2024-10-09T18:17:19.272-0300] {dag.py:3486} INFO - Setting next_dagrun for example_external_task_marker_child to None, run_after=None
[2024-10-09T18:17:19.276-0300] {logging_mixin.py:149} INFO - [2024-10-09T18:17:19.275-0300] {dag.py:3486} INFO - Setting next_dagrun for example_external_task_marker_parent to None, run_after=None
[2024-10-09T18:17:19.685-0300] {processor.py:178} INFO - Processing /home/marti/Lighthouse/airflow_tooltorial/venv/lib/python3.8/site-packages/airflow/example_dags/example_external_task_marker_dag.py took 0.537 seconds
[2024-10-09T18:18:16.391-0300] {processor.py:156} INFO - Started process (PID=64080) to work on /home/marti/Lighthouse/airflow_tooltorial/venv/lib/python3.8/site-packages/airflow/example_dags/example_external_task_marker_dag.py
[2024-10-09T18:18:16.431-0300] {processor.py:799} INFO - Processing file /home/marti/Lighthouse/airflow_tooltorial/venv/lib/python3.8/site-packages/airflow/example_dags/example_external_task_marker_dag.py for tasks to queue
[2024-10-09T18:18:16.433-0300] {logging_mixin.py:149} INFO - [2024-10-09T18:18:16.432-0300] {dagbag.py:541} INFO - Filling up the DagBag from /home/marti/Lighthouse/airflow_tooltorial/venv/lib/python3.8/site-packages/airflow/example_dags/example_external_task_marker_dag.py
[2024-10-09T18:18:16.442-0300] {processor.py:809} INFO - DAG(s) dict_keys(['example_external_task_marker_parent', 'example_external_task_marker_child']) retrieved from /home/marti/Lighthouse/airflow_tooltorial/venv/lib/python3.8/site-packages/airflow/example_dags/example_external_task_marker_dag.py
[2024-10-09T18:18:16.468-0300] {logging_mixin.py:149} INFO - [2024-10-09T18:18:16.467-0300] {dag.py:2726} INFO - Sync 2 DAGs
[2024-10-09T18:18:16.483-0300] {logging_mixin.py:149} INFO - [2024-10-09T18:18:16.483-0300] {dag.py:3486} INFO - Setting next_dagrun for example_external_task_marker_child to None, run_after=None
[2024-10-09T18:18:16.485-0300] {logging_mixin.py:149} INFO - [2024-10-09T18:18:16.485-0300] {dag.py:3486} INFO - Setting next_dagrun for example_external_task_marker_parent to None, run_after=None
[2024-10-09T18:18:16.663-0300] {processor.py:178} INFO - Processing /home/marti/Lighthouse/airflow_tooltorial/venv/lib/python3.8/site-packages/airflow/example_dags/example_external_task_marker_dag.py took 0.279 seconds
[2024-10-09T18:51:50.325-0300] {processor.py:156} INFO - Started process (PID=71019) to work on /home/marti/Lighthouse/airflow_tooltorial/venv/lib/python3.8/site-packages/airflow/example_dags/example_external_task_marker_dag.py
[2024-10-09T18:51:50.352-0300] {processor.py:799} INFO - Processing file /home/marti/Lighthouse/airflow_tooltorial/venv/lib/python3.8/site-packages/airflow/example_dags/example_external_task_marker_dag.py for tasks to queue
[2024-10-09T18:51:50.352-0300] {logging_mixin.py:149} INFO - [2024-10-09T18:51:50.352-0300] {dagbag.py:541} INFO - Filling up the DagBag from /home/marti/Lighthouse/airflow_tooltorial/venv/lib/python3.8/site-packages/airflow/example_dags/example_external_task_marker_dag.py
[2024-10-09T18:51:50.358-0300] {processor.py:809} INFO - DAG(s) dict_keys(['example_external_task_marker_parent', 'example_external_task_marker_child']) retrieved from /home/marti/Lighthouse/airflow_tooltorial/venv/lib/python3.8/site-packages/airflow/example_dags/example_external_task_marker_dag.py
[2024-10-09T18:51:50.384-0300] {logging_mixin.py:149} INFO - [2024-10-09T18:51:50.384-0300] {dag.py:2726} INFO - Sync 2 DAGs
[2024-10-09T18:51:50.406-0300] {logging_mixin.py:149} INFO - [2024-10-09T18:51:50.406-0300] {dag.py:3486} INFO - Setting next_dagrun for example_external_task_marker_child to None, run_after=None
[2024-10-09T18:51:50.411-0300] {logging_mixin.py:149} INFO - [2024-10-09T18:51:50.411-0300] {dag.py:3486} INFO - Setting next_dagrun for example_external_task_marker_parent to None, run_after=None
[2024-10-09T18:51:50.552-0300] {processor.py:178} INFO - Processing /home/marti/Lighthouse/airflow_tooltorial/venv/lib/python3.8/site-packages/airflow/example_dags/example_external_task_marker_dag.py took 0.230 seconds
