[2024-10-09T18:07:19.893-0300] {processor.py:156} INFO - Started process (PID=61403) to work on /home/marti/Lighthouse/airflow_tooltorial/venv/lib/python3.8/site-packages/airflow/example_dags/example_dag_decorator.py
[2024-10-09T18:07:19.894-0300] {processor.py:799} INFO - Processing file /home/marti/Lighthouse/airflow_tooltorial/venv/lib/python3.8/site-packages/airflow/example_dags/example_dag_decorator.py for tasks to queue
[2024-10-09T18:07:19.894-0300] {logging_mixin.py:149} INFO - [2024-10-09T18:07:19.894-0300] {dagbag.py:541} INFO - Filling up the DagBag from /home/marti/Lighthouse/airflow_tooltorial/venv/lib/python3.8/site-packages/airflow/example_dags/example_dag_decorator.py
[2024-10-09T18:07:19.902-0300] {logging_mixin.py:149} INFO - [2024-10-09T18:07:19.902-0300] {taskmixin.py:211} WARNING - Dependency <Task(_PythonDecoratedOperator): prepare_email>, send_email already registered for DAG: example_dag_decorator
[2024-10-09T18:07:19.903-0300] {logging_mixin.py:149} INFO - [2024-10-09T18:07:19.902-0300] {taskmixin.py:211} WARNING - Dependency <Task(EmailOperator): send_email>, prepare_email already registered for DAG: example_dag_decorator
[2024-10-09T18:07:19.910-0300] {processor.py:809} INFO - DAG(s) dict_keys(['example_dag_decorator']) retrieved from /home/marti/Lighthouse/airflow_tooltorial/venv/lib/python3.8/site-packages/airflow/example_dags/example_dag_decorator.py
[2024-10-09T18:07:20.369-0300] {logging_mixin.py:149} INFO - [2024-10-09T18:07:20.368-0300] {manager.py:504} INFO - Created Permission View: can read on DAG:example_dag_decorator
[2024-10-09T18:07:20.469-0300] {logging_mixin.py:149} INFO - [2024-10-09T18:07:20.468-0300] {manager.py:504} INFO - Created Permission View: can edit on DAG:example_dag_decorator
[2024-10-09T18:07:20.558-0300] {logging_mixin.py:149} INFO - [2024-10-09T18:07:20.557-0300] {manager.py:504} INFO - Created Permission View: can delete on DAG:example_dag_decorator
[2024-10-09T18:07:20.559-0300] {logging_mixin.py:149} INFO - [2024-10-09T18:07:20.558-0300] {dag.py:2726} INFO - Sync 1 DAGs
[2024-10-09T18:07:20.590-0300] {logging_mixin.py:149} INFO - [2024-10-09T18:07:20.589-0300] {dag.py:2747} INFO - Creating ORM DAG for example_dag_decorator
[2024-10-09T18:07:20.603-0300] {logging_mixin.py:149} INFO - [2024-10-09T18:07:20.602-0300] {dag.py:3486} INFO - Setting next_dagrun for example_dag_decorator to None, run_after=None
[2024-10-09T18:07:20.783-0300] {processor.py:178} INFO - Processing /home/marti/Lighthouse/airflow_tooltorial/venv/lib/python3.8/site-packages/airflow/example_dags/example_dag_decorator.py took 0.895 seconds
[2024-10-09T18:08:43.197-0300] {processor.py:156} INFO - Started process (PID=61956) to work on /home/marti/Lighthouse/airflow_tooltorial/venv/lib/python3.8/site-packages/airflow/example_dags/example_dag_decorator.py
[2024-10-09T18:08:43.237-0300] {processor.py:799} INFO - Processing file /home/marti/Lighthouse/airflow_tooltorial/venv/lib/python3.8/site-packages/airflow/example_dags/example_dag_decorator.py for tasks to queue
[2024-10-09T18:08:43.239-0300] {logging_mixin.py:149} INFO - [2024-10-09T18:08:43.239-0300] {dagbag.py:541} INFO - Filling up the DagBag from /home/marti/Lighthouse/airflow_tooltorial/venv/lib/python3.8/site-packages/airflow/example_dags/example_dag_decorator.py
[2024-10-09T18:08:43.259-0300] {logging_mixin.py:149} INFO - [2024-10-09T18:08:43.258-0300] {taskmixin.py:211} WARNING - Dependency <Task(_PythonDecoratedOperator): prepare_email>, send_email already registered for DAG: example_dag_decorator
[2024-10-09T18:08:43.260-0300] {logging_mixin.py:149} INFO - [2024-10-09T18:08:43.260-0300] {taskmixin.py:211} WARNING - Dependency <Task(EmailOperator): send_email>, prepare_email already registered for DAG: example_dag_decorator
[2024-10-09T18:08:43.278-0300] {processor.py:809} INFO - DAG(s) dict_keys(['example_dag_decorator']) retrieved from /home/marti/Lighthouse/airflow_tooltorial/venv/lib/python3.8/site-packages/airflow/example_dags/example_dag_decorator.py
[2024-10-09T18:08:43.399-0300] {logging_mixin.py:149} INFO - [2024-10-09T18:08:43.399-0300] {dag.py:2726} INFO - Sync 1 DAGs
[2024-10-09T18:08:43.413-0300] {logging_mixin.py:149} INFO - [2024-10-09T18:08:43.413-0300] {dag.py:3486} INFO - Setting next_dagrun for example_dag_decorator to None, run_after=None
[2024-10-09T18:08:43.610-0300] {processor.py:178} INFO - Processing /home/marti/Lighthouse/airflow_tooltorial/venv/lib/python3.8/site-packages/airflow/example_dags/example_dag_decorator.py took 0.418 seconds
[2024-10-09T18:09:46.604-0300] {processor.py:156} INFO - Started process (PID=62124) to work on /home/marti/Lighthouse/airflow_tooltorial/venv/lib/python3.8/site-packages/airflow/example_dags/example_dag_decorator.py
[2024-10-09T18:09:46.605-0300] {processor.py:799} INFO - Processing file /home/marti/Lighthouse/airflow_tooltorial/venv/lib/python3.8/site-packages/airflow/example_dags/example_dag_decorator.py for tasks to queue
[2024-10-09T18:09:46.606-0300] {logging_mixin.py:149} INFO - [2024-10-09T18:09:46.606-0300] {dagbag.py:541} INFO - Filling up the DagBag from /home/marti/Lighthouse/airflow_tooltorial/venv/lib/python3.8/site-packages/airflow/example_dags/example_dag_decorator.py
[2024-10-09T18:09:46.613-0300] {logging_mixin.py:149} INFO - [2024-10-09T18:09:46.613-0300] {taskmixin.py:211} WARNING - Dependency <Task(_PythonDecoratedOperator): prepare_email>, send_email already registered for DAG: example_dag_decorator
[2024-10-09T18:09:46.613-0300] {logging_mixin.py:149} INFO - [2024-10-09T18:09:46.613-0300] {taskmixin.py:211} WARNING - Dependency <Task(EmailOperator): send_email>, prepare_email already registered for DAG: example_dag_decorator
[2024-10-09T18:09:46.621-0300] {processor.py:809} INFO - DAG(s) dict_keys(['example_dag_decorator']) retrieved from /home/marti/Lighthouse/airflow_tooltorial/venv/lib/python3.8/site-packages/airflow/example_dags/example_dag_decorator.py
[2024-10-09T18:09:46.660-0300] {logging_mixin.py:149} INFO - [2024-10-09T18:09:46.660-0300] {dag.py:2726} INFO - Sync 1 DAGs
[2024-10-09T18:09:46.674-0300] {logging_mixin.py:149} INFO - [2024-10-09T18:09:46.674-0300] {dag.py:3486} INFO - Setting next_dagrun for example_dag_decorator to None, run_after=None
[2024-10-09T18:09:46.810-0300] {processor.py:178} INFO - Processing /home/marti/Lighthouse/airflow_tooltorial/venv/lib/python3.8/site-packages/airflow/example_dags/example_dag_decorator.py took 0.211 seconds
[2024-10-09T18:10:42.764-0300] {processor.py:156} INFO - Started process (PID=62314) to work on /home/marti/Lighthouse/airflow_tooltorial/venv/lib/python3.8/site-packages/airflow/example_dags/example_dag_decorator.py
[2024-10-09T18:10:42.836-0300] {processor.py:799} INFO - Processing file /home/marti/Lighthouse/airflow_tooltorial/venv/lib/python3.8/site-packages/airflow/example_dags/example_dag_decorator.py for tasks to queue
[2024-10-09T18:10:42.838-0300] {logging_mixin.py:149} INFO - [2024-10-09T18:10:42.838-0300] {dagbag.py:541} INFO - Filling up the DagBag from /home/marti/Lighthouse/airflow_tooltorial/venv/lib/python3.8/site-packages/airflow/example_dags/example_dag_decorator.py
[2024-10-09T18:10:42.857-0300] {logging_mixin.py:149} INFO - [2024-10-09T18:10:42.856-0300] {taskmixin.py:211} WARNING - Dependency <Task(_PythonDecoratedOperator): prepare_email>, send_email already registered for DAG: example_dag_decorator
[2024-10-09T18:10:42.857-0300] {logging_mixin.py:149} INFO - [2024-10-09T18:10:42.857-0300] {taskmixin.py:211} WARNING - Dependency <Task(EmailOperator): send_email>, prepare_email already registered for DAG: example_dag_decorator
[2024-10-09T18:10:42.870-0300] {processor.py:809} INFO - DAG(s) dict_keys(['example_dag_decorator']) retrieved from /home/marti/Lighthouse/airflow_tooltorial/venv/lib/python3.8/site-packages/airflow/example_dags/example_dag_decorator.py
[2024-10-09T18:10:42.911-0300] {logging_mixin.py:149} INFO - [2024-10-09T18:10:42.911-0300] {dag.py:2726} INFO - Sync 1 DAGs
[2024-10-09T18:10:42.925-0300] {logging_mixin.py:149} INFO - [2024-10-09T18:10:42.925-0300] {dag.py:3486} INFO - Setting next_dagrun for example_dag_decorator to None, run_after=None
[2024-10-09T18:10:43.081-0300] {processor.py:178} INFO - Processing /home/marti/Lighthouse/airflow_tooltorial/venv/lib/python3.8/site-packages/airflow/example_dags/example_dag_decorator.py took 0.326 seconds
[2024-10-09T18:11:38.509-0300] {processor.py:156} INFO - Started process (PID=62517) to work on /home/marti/Lighthouse/airflow_tooltorial/venv/lib/python3.8/site-packages/airflow/example_dags/example_dag_decorator.py
[2024-10-09T18:11:38.550-0300] {processor.py:799} INFO - Processing file /home/marti/Lighthouse/airflow_tooltorial/venv/lib/python3.8/site-packages/airflow/example_dags/example_dag_decorator.py for tasks to queue
[2024-10-09T18:11:38.552-0300] {logging_mixin.py:149} INFO - [2024-10-09T18:11:38.551-0300] {dagbag.py:541} INFO - Filling up the DagBag from /home/marti/Lighthouse/airflow_tooltorial/venv/lib/python3.8/site-packages/airflow/example_dags/example_dag_decorator.py
[2024-10-09T18:11:38.571-0300] {logging_mixin.py:149} INFO - [2024-10-09T18:11:38.570-0300] {taskmixin.py:211} WARNING - Dependency <Task(_PythonDecoratedOperator): prepare_email>, send_email already registered for DAG: example_dag_decorator
[2024-10-09T18:11:38.572-0300] {logging_mixin.py:149} INFO - [2024-10-09T18:11:38.571-0300] {taskmixin.py:211} WARNING - Dependency <Task(EmailOperator): send_email>, prepare_email already registered for DAG: example_dag_decorator
[2024-10-09T18:11:38.593-0300] {processor.py:809} INFO - DAG(s) dict_keys(['example_dag_decorator']) retrieved from /home/marti/Lighthouse/airflow_tooltorial/venv/lib/python3.8/site-packages/airflow/example_dags/example_dag_decorator.py
[2024-10-09T18:11:38.640-0300] {logging_mixin.py:149} INFO - [2024-10-09T18:11:38.640-0300] {dag.py:2726} INFO - Sync 1 DAGs
[2024-10-09T18:11:38.653-0300] {logging_mixin.py:149} INFO - [2024-10-09T18:11:38.653-0300] {dag.py:3486} INFO - Setting next_dagrun for example_dag_decorator to None, run_after=None
[2024-10-09T18:11:39.026-0300] {processor.py:178} INFO - Processing /home/marti/Lighthouse/airflow_tooltorial/venv/lib/python3.8/site-packages/airflow/example_dags/example_dag_decorator.py took 0.519 seconds
[2024-10-09T18:12:32.908-0300] {processor.py:156} INFO - Started process (PID=62643) to work on /home/marti/Lighthouse/airflow_tooltorial/venv/lib/python3.8/site-packages/airflow/example_dags/example_dag_decorator.py
[2024-10-09T18:12:32.934-0300] {processor.py:799} INFO - Processing file /home/marti/Lighthouse/airflow_tooltorial/venv/lib/python3.8/site-packages/airflow/example_dags/example_dag_decorator.py for tasks to queue
[2024-10-09T18:12:32.937-0300] {logging_mixin.py:149} INFO - [2024-10-09T18:12:32.936-0300] {dagbag.py:541} INFO - Filling up the DagBag from /home/marti/Lighthouse/airflow_tooltorial/venv/lib/python3.8/site-packages/airflow/example_dags/example_dag_decorator.py
[2024-10-09T18:12:32.958-0300] {logging_mixin.py:149} INFO - [2024-10-09T18:12:32.957-0300] {taskmixin.py:211} WARNING - Dependency <Task(_PythonDecoratedOperator): prepare_email>, send_email already registered for DAG: example_dag_decorator
[2024-10-09T18:12:32.958-0300] {logging_mixin.py:149} INFO - [2024-10-09T18:12:32.958-0300] {taskmixin.py:211} WARNING - Dependency <Task(EmailOperator): send_email>, prepare_email already registered for DAG: example_dag_decorator
[2024-10-09T18:12:32.971-0300] {processor.py:809} INFO - DAG(s) dict_keys(['example_dag_decorator']) retrieved from /home/marti/Lighthouse/airflow_tooltorial/venv/lib/python3.8/site-packages/airflow/example_dags/example_dag_decorator.py
[2024-10-09T18:12:33.013-0300] {logging_mixin.py:149} INFO - [2024-10-09T18:12:33.013-0300] {dag.py:2726} INFO - Sync 1 DAGs
[2024-10-09T18:12:33.028-0300] {logging_mixin.py:149} INFO - [2024-10-09T18:12:33.028-0300] {dag.py:3486} INFO - Setting next_dagrun for example_dag_decorator to None, run_after=None
[2024-10-09T18:12:33.156-0300] {processor.py:178} INFO - Processing /home/marti/Lighthouse/airflow_tooltorial/venv/lib/python3.8/site-packages/airflow/example_dags/example_dag_decorator.py took 0.258 seconds
[2024-10-09T18:13:41.046-0300] {processor.py:156} INFO - Started process (PID=62778) to work on /home/marti/Lighthouse/airflow_tooltorial/venv/lib/python3.8/site-packages/airflow/example_dags/example_dag_decorator.py
[2024-10-09T18:13:41.057-0300] {processor.py:799} INFO - Processing file /home/marti/Lighthouse/airflow_tooltorial/venv/lib/python3.8/site-packages/airflow/example_dags/example_dag_decorator.py for tasks to queue
[2024-10-09T18:13:41.058-0300] {logging_mixin.py:149} INFO - [2024-10-09T18:13:41.058-0300] {dagbag.py:541} INFO - Filling up the DagBag from /home/marti/Lighthouse/airflow_tooltorial/venv/lib/python3.8/site-packages/airflow/example_dags/example_dag_decorator.py
[2024-10-09T18:13:41.072-0300] {logging_mixin.py:149} INFO - [2024-10-09T18:13:41.071-0300] {taskmixin.py:211} WARNING - Dependency <Task(_PythonDecoratedOperator): prepare_email>, send_email already registered for DAG: example_dag_decorator
[2024-10-09T18:13:41.072-0300] {logging_mixin.py:149} INFO - [2024-10-09T18:13:41.072-0300] {taskmixin.py:211} WARNING - Dependency <Task(EmailOperator): send_email>, prepare_email already registered for DAG: example_dag_decorator
[2024-10-09T18:13:41.087-0300] {processor.py:809} INFO - DAG(s) dict_keys(['example_dag_decorator']) retrieved from /home/marti/Lighthouse/airflow_tooltorial/venv/lib/python3.8/site-packages/airflow/example_dags/example_dag_decorator.py
[2024-10-09T18:13:41.129-0300] {logging_mixin.py:149} INFO - [2024-10-09T18:13:41.129-0300] {dag.py:2726} INFO - Sync 1 DAGs
[2024-10-09T18:13:41.142-0300] {logging_mixin.py:149} INFO - [2024-10-09T18:13:41.142-0300] {dag.py:3486} INFO - Setting next_dagrun for example_dag_decorator to None, run_after=None
[2024-10-09T18:13:41.247-0300] {processor.py:178} INFO - Processing /home/marti/Lighthouse/airflow_tooltorial/venv/lib/python3.8/site-packages/airflow/example_dags/example_dag_decorator.py took 0.208 seconds
[2024-10-09T18:14:33.991-0300] {processor.py:156} INFO - Started process (PID=62918) to work on /home/marti/Lighthouse/airflow_tooltorial/venv/lib/python3.8/site-packages/airflow/example_dags/example_dag_decorator.py
[2024-10-09T18:14:34.022-0300] {processor.py:799} INFO - Processing file /home/marti/Lighthouse/airflow_tooltorial/venv/lib/python3.8/site-packages/airflow/example_dags/example_dag_decorator.py for tasks to queue
[2024-10-09T18:14:34.025-0300] {logging_mixin.py:149} INFO - [2024-10-09T18:14:34.024-0300] {dagbag.py:541} INFO - Filling up the DagBag from /home/marti/Lighthouse/airflow_tooltorial/venv/lib/python3.8/site-packages/airflow/example_dags/example_dag_decorator.py
[2024-10-09T18:14:34.043-0300] {logging_mixin.py:149} INFO - [2024-10-09T18:14:34.042-0300] {taskmixin.py:211} WARNING - Dependency <Task(_PythonDecoratedOperator): prepare_email>, send_email already registered for DAG: example_dag_decorator
[2024-10-09T18:14:34.044-0300] {logging_mixin.py:149} INFO - [2024-10-09T18:14:34.043-0300] {taskmixin.py:211} WARNING - Dependency <Task(EmailOperator): send_email>, prepare_email already registered for DAG: example_dag_decorator
[2024-10-09T18:14:34.068-0300] {processor.py:809} INFO - DAG(s) dict_keys(['example_dag_decorator']) retrieved from /home/marti/Lighthouse/airflow_tooltorial/venv/lib/python3.8/site-packages/airflow/example_dags/example_dag_decorator.py
[2024-10-09T18:14:34.124-0300] {logging_mixin.py:149} INFO - [2024-10-09T18:14:34.124-0300] {dag.py:2726} INFO - Sync 1 DAGs
[2024-10-09T18:14:34.138-0300] {logging_mixin.py:149} INFO - [2024-10-09T18:14:34.138-0300] {dag.py:3486} INFO - Setting next_dagrun for example_dag_decorator to None, run_after=None
[2024-10-09T18:14:34.344-0300] {processor.py:178} INFO - Processing /home/marti/Lighthouse/airflow_tooltorial/venv/lib/python3.8/site-packages/airflow/example_dags/example_dag_decorator.py took 0.364 seconds
[2024-10-09T18:15:32.841-0300] {processor.py:156} INFO - Started process (PID=63083) to work on /home/marti/Lighthouse/airflow_tooltorial/venv/lib/python3.8/site-packages/airflow/example_dags/example_dag_decorator.py
[2024-10-09T18:15:32.883-0300] {processor.py:799} INFO - Processing file /home/marti/Lighthouse/airflow_tooltorial/venv/lib/python3.8/site-packages/airflow/example_dags/example_dag_decorator.py for tasks to queue
[2024-10-09T18:15:32.885-0300] {logging_mixin.py:149} INFO - [2024-10-09T18:15:32.885-0300] {dagbag.py:541} INFO - Filling up the DagBag from /home/marti/Lighthouse/airflow_tooltorial/venv/lib/python3.8/site-packages/airflow/example_dags/example_dag_decorator.py
[2024-10-09T18:15:32.895-0300] {logging_mixin.py:149} INFO - [2024-10-09T18:15:32.895-0300] {taskmixin.py:211} WARNING - Dependency <Task(_PythonDecoratedOperator): prepare_email>, send_email already registered for DAG: example_dag_decorator
[2024-10-09T18:15:32.895-0300] {logging_mixin.py:149} INFO - [2024-10-09T18:15:32.895-0300] {taskmixin.py:211} WARNING - Dependency <Task(EmailOperator): send_email>, prepare_email already registered for DAG: example_dag_decorator
[2024-10-09T18:15:32.909-0300] {processor.py:809} INFO - DAG(s) dict_keys(['example_dag_decorator']) retrieved from /home/marti/Lighthouse/airflow_tooltorial/venv/lib/python3.8/site-packages/airflow/example_dags/example_dag_decorator.py
[2024-10-09T18:15:32.958-0300] {logging_mixin.py:149} INFO - [2024-10-09T18:15:32.958-0300] {dag.py:2726} INFO - Sync 1 DAGs
[2024-10-09T18:15:32.974-0300] {logging_mixin.py:149} INFO - [2024-10-09T18:15:32.973-0300] {dag.py:3486} INFO - Setting next_dagrun for example_dag_decorator to None, run_after=None
[2024-10-09T18:15:33.088-0300] {processor.py:178} INFO - Processing /home/marti/Lighthouse/airflow_tooltorial/venv/lib/python3.8/site-packages/airflow/example_dags/example_dag_decorator.py took 0.253 seconds
[2024-10-09T18:16:21.197-0300] {processor.py:156} INFO - Started process (PID=63299) to work on /home/marti/Lighthouse/airflow_tooltorial/venv/lib/python3.8/site-packages/airflow/example_dags/example_dag_decorator.py
[2024-10-09T18:16:21.235-0300] {processor.py:799} INFO - Processing file /home/marti/Lighthouse/airflow_tooltorial/venv/lib/python3.8/site-packages/airflow/example_dags/example_dag_decorator.py for tasks to queue
[2024-10-09T18:16:21.237-0300] {logging_mixin.py:149} INFO - [2024-10-09T18:16:21.237-0300] {dagbag.py:541} INFO - Filling up the DagBag from /home/marti/Lighthouse/airflow_tooltorial/venv/lib/python3.8/site-packages/airflow/example_dags/example_dag_decorator.py
[2024-10-09T18:16:21.259-0300] {logging_mixin.py:149} INFO - [2024-10-09T18:16:21.258-0300] {taskmixin.py:211} WARNING - Dependency <Task(_PythonDecoratedOperator): prepare_email>, send_email already registered for DAG: example_dag_decorator
[2024-10-09T18:16:21.259-0300] {logging_mixin.py:149} INFO - [2024-10-09T18:16:21.259-0300] {taskmixin.py:211} WARNING - Dependency <Task(EmailOperator): send_email>, prepare_email already registered for DAG: example_dag_decorator
[2024-10-09T18:16:21.274-0300] {processor.py:809} INFO - DAG(s) dict_keys(['example_dag_decorator']) retrieved from /home/marti/Lighthouse/airflow_tooltorial/venv/lib/python3.8/site-packages/airflow/example_dags/example_dag_decorator.py
[2024-10-09T18:16:21.316-0300] {logging_mixin.py:149} INFO - [2024-10-09T18:16:21.316-0300] {dag.py:2726} INFO - Sync 1 DAGs
[2024-10-09T18:16:21.330-0300] {logging_mixin.py:149} INFO - [2024-10-09T18:16:21.330-0300] {dag.py:3486} INFO - Setting next_dagrun for example_dag_decorator to None, run_after=None
[2024-10-09T18:16:21.444-0300] {processor.py:178} INFO - Processing /home/marti/Lighthouse/airflow_tooltorial/venv/lib/python3.8/site-packages/airflow/example_dags/example_dag_decorator.py took 0.251 seconds
[2024-10-09T18:17:20.564-0300] {processor.py:156} INFO - Started process (PID=63925) to work on /home/marti/Lighthouse/airflow_tooltorial/venv/lib/python3.8/site-packages/airflow/example_dags/example_dag_decorator.py
[2024-10-09T18:17:20.593-0300] {processor.py:799} INFO - Processing file /home/marti/Lighthouse/airflow_tooltorial/venv/lib/python3.8/site-packages/airflow/example_dags/example_dag_decorator.py for tasks to queue
[2024-10-09T18:17:20.594-0300] {logging_mixin.py:149} INFO - [2024-10-09T18:17:20.594-0300] {dagbag.py:541} INFO - Filling up the DagBag from /home/marti/Lighthouse/airflow_tooltorial/venv/lib/python3.8/site-packages/airflow/example_dags/example_dag_decorator.py
[2024-10-09T18:17:20.602-0300] {logging_mixin.py:149} INFO - [2024-10-09T18:17:20.602-0300] {taskmixin.py:211} WARNING - Dependency <Task(_PythonDecoratedOperator): prepare_email>, send_email already registered for DAG: example_dag_decorator
[2024-10-09T18:17:20.602-0300] {logging_mixin.py:149} INFO - [2024-10-09T18:17:20.602-0300] {taskmixin.py:211} WARNING - Dependency <Task(EmailOperator): send_email>, prepare_email already registered for DAG: example_dag_decorator
[2024-10-09T18:17:20.612-0300] {processor.py:809} INFO - DAG(s) dict_keys(['example_dag_decorator']) retrieved from /home/marti/Lighthouse/airflow_tooltorial/venv/lib/python3.8/site-packages/airflow/example_dags/example_dag_decorator.py
[2024-10-09T18:17:20.656-0300] {logging_mixin.py:149} INFO - [2024-10-09T18:17:20.656-0300] {dag.py:2726} INFO - Sync 1 DAGs
[2024-10-09T18:17:20.678-0300] {logging_mixin.py:149} INFO - [2024-10-09T18:17:20.677-0300] {dag.py:3486} INFO - Setting next_dagrun for example_dag_decorator to None, run_after=None
[2024-10-09T18:17:20.887-0300] {processor.py:178} INFO - Processing /home/marti/Lighthouse/airflow_tooltorial/venv/lib/python3.8/site-packages/airflow/example_dags/example_dag_decorator.py took 0.327 seconds
[2024-10-09T18:18:17.740-0300] {processor.py:156} INFO - Started process (PID=64081) to work on /home/marti/Lighthouse/airflow_tooltorial/venv/lib/python3.8/site-packages/airflow/example_dags/example_dag_decorator.py
[2024-10-09T18:18:17.775-0300] {processor.py:799} INFO - Processing file /home/marti/Lighthouse/airflow_tooltorial/venv/lib/python3.8/site-packages/airflow/example_dags/example_dag_decorator.py for tasks to queue
[2024-10-09T18:18:17.776-0300] {logging_mixin.py:149} INFO - [2024-10-09T18:18:17.776-0300] {dagbag.py:541} INFO - Filling up the DagBag from /home/marti/Lighthouse/airflow_tooltorial/venv/lib/python3.8/site-packages/airflow/example_dags/example_dag_decorator.py
[2024-10-09T18:18:17.782-0300] {logging_mixin.py:149} INFO - [2024-10-09T18:18:17.782-0300] {taskmixin.py:211} WARNING - Dependency <Task(_PythonDecoratedOperator): prepare_email>, send_email already registered for DAG: example_dag_decorator
[2024-10-09T18:18:17.782-0300] {logging_mixin.py:149} INFO - [2024-10-09T18:18:17.782-0300] {taskmixin.py:211} WARNING - Dependency <Task(EmailOperator): send_email>, prepare_email already registered for DAG: example_dag_decorator
[2024-10-09T18:18:17.790-0300] {processor.py:809} INFO - DAG(s) dict_keys(['example_dag_decorator']) retrieved from /home/marti/Lighthouse/airflow_tooltorial/venv/lib/python3.8/site-packages/airflow/example_dags/example_dag_decorator.py
[2024-10-09T18:18:17.832-0300] {logging_mixin.py:149} INFO - [2024-10-09T18:18:17.832-0300] {dag.py:2726} INFO - Sync 1 DAGs
[2024-10-09T18:18:17.845-0300] {logging_mixin.py:149} INFO - [2024-10-09T18:18:17.845-0300] {dag.py:3486} INFO - Setting next_dagrun for example_dag_decorator to None, run_after=None
[2024-10-09T18:18:17.966-0300] {processor.py:178} INFO - Processing /home/marti/Lighthouse/airflow_tooltorial/venv/lib/python3.8/site-packages/airflow/example_dags/example_dag_decorator.py took 0.228 seconds
[2024-10-09T18:51:51.763-0300] {processor.py:156} INFO - Started process (PID=71020) to work on /home/marti/Lighthouse/airflow_tooltorial/venv/lib/python3.8/site-packages/airflow/example_dags/example_dag_decorator.py
[2024-10-09T18:51:51.775-0300] {processor.py:799} INFO - Processing file /home/marti/Lighthouse/airflow_tooltorial/venv/lib/python3.8/site-packages/airflow/example_dags/example_dag_decorator.py for tasks to queue
[2024-10-09T18:51:51.777-0300] {logging_mixin.py:149} INFO - [2024-10-09T18:51:51.776-0300] {dagbag.py:541} INFO - Filling up the DagBag from /home/marti/Lighthouse/airflow_tooltorial/venv/lib/python3.8/site-packages/airflow/example_dags/example_dag_decorator.py
[2024-10-09T18:51:51.796-0300] {logging_mixin.py:149} INFO - [2024-10-09T18:51:51.796-0300] {taskmixin.py:211} WARNING - Dependency <Task(_PythonDecoratedOperator): prepare_email>, send_email already registered for DAG: example_dag_decorator
[2024-10-09T18:51:51.797-0300] {logging_mixin.py:149} INFO - [2024-10-09T18:51:51.797-0300] {taskmixin.py:211} WARNING - Dependency <Task(EmailOperator): send_email>, prepare_email already registered for DAG: example_dag_decorator
[2024-10-09T18:51:51.808-0300] {processor.py:809} INFO - DAG(s) dict_keys(['example_dag_decorator']) retrieved from /home/marti/Lighthouse/airflow_tooltorial/venv/lib/python3.8/site-packages/airflow/example_dags/example_dag_decorator.py
[2024-10-09T18:51:51.849-0300] {logging_mixin.py:149} INFO - [2024-10-09T18:51:51.849-0300] {dag.py:2726} INFO - Sync 1 DAGs
[2024-10-09T18:51:51.940-0300] {logging_mixin.py:149} INFO - [2024-10-09T18:51:51.940-0300] {dag.py:3486} INFO - Setting next_dagrun for example_dag_decorator to None, run_after=None
[2024-10-09T18:51:52.179-0300] {processor.py:178} INFO - Processing /home/marti/Lighthouse/airflow_tooltorial/venv/lib/python3.8/site-packages/airflow/example_dags/example_dag_decorator.py took 0.424 seconds
