[2024-10-09T18:05:48.716-0300] {processor.py:156} INFO - Started process (PID=60623) to work on /home/marti/Lighthouse/airflow_tooltorial/venv/lib/python3.8/site-packages/airflow/example_dags/tutorial_taskflow_api.py
[2024-10-09T18:05:48.717-0300] {processor.py:799} INFO - Processing file /home/marti/Lighthouse/airflow_tooltorial/venv/lib/python3.8/site-packages/airflow/example_dags/tutorial_taskflow_api.py for tasks to queue
[2024-10-09T18:05:48.717-0300] {logging_mixin.py:149} INFO - [2024-10-09T18:05:48.717-0300] {dagbag.py:541} INFO - Filling up the DagBag from /home/marti/Lighthouse/airflow_tooltorial/venv/lib/python3.8/site-packages/airflow/example_dags/tutorial_taskflow_api.py
[2024-10-09T18:05:48.724-0300] {processor.py:809} INFO - DAG(s) dict_keys(['tutorial_taskflow_api']) retrieved from /home/marti/Lighthouse/airflow_tooltorial/venv/lib/python3.8/site-packages/airflow/example_dags/tutorial_taskflow_api.py
[2024-10-09T18:05:53.957-0300] {logging_mixin.py:149} INFO - [2024-10-09T18:05:53.956-0300] {manager.py:504} INFO - Created Permission View: can read on DAG:tutorial_taskflow_api
[2024-10-09T18:05:54.117-0300] {logging_mixin.py:149} INFO - [2024-10-09T18:05:54.116-0300] {manager.py:504} INFO - Created Permission View: can edit on DAG:tutorial_taskflow_api
[2024-10-09T18:05:54.290-0300] {logging_mixin.py:149} INFO - [2024-10-09T18:05:54.290-0300] {manager.py:504} INFO - Created Permission View: can delete on DAG:tutorial_taskflow_api
[2024-10-09T18:05:54.292-0300] {logging_mixin.py:149} INFO - [2024-10-09T18:05:54.291-0300] {dag.py:2726} INFO - Sync 1 DAGs
[2024-10-09T18:05:55.448-0300] {logging_mixin.py:149} INFO - [2024-10-09T18:05:55.447-0300] {dag.py:2747} INFO - Creating ORM DAG for tutorial_taskflow_api
[2024-10-09T18:05:55.593-0300] {logging_mixin.py:149} INFO - [2024-10-09T18:05:55.592-0300] {dag.py:3486} INFO - Setting next_dagrun for tutorial_taskflow_api to None, run_after=None
[2024-10-09T18:05:58.318-0300] {processor.py:178} INFO - Processing /home/marti/Lighthouse/airflow_tooltorial/venv/lib/python3.8/site-packages/airflow/example_dags/tutorial_taskflow_api.py took 9.604 seconds
[2024-10-09T18:08:08.458-0300] {processor.py:156} INFO - Started process (PID=61722) to work on /home/marti/Lighthouse/airflow_tooltorial/venv/lib/python3.8/site-packages/airflow/example_dags/tutorial_taskflow_api.py
[2024-10-09T18:08:08.479-0300] {processor.py:799} INFO - Processing file /home/marti/Lighthouse/airflow_tooltorial/venv/lib/python3.8/site-packages/airflow/example_dags/tutorial_taskflow_api.py for tasks to queue
[2024-10-09T18:08:08.481-0300] {logging_mixin.py:149} INFO - [2024-10-09T18:08:08.481-0300] {dagbag.py:541} INFO - Filling up the DagBag from /home/marti/Lighthouse/airflow_tooltorial/venv/lib/python3.8/site-packages/airflow/example_dags/tutorial_taskflow_api.py
[2024-10-09T18:08:08.499-0300] {processor.py:809} INFO - DAG(s) dict_keys(['tutorial_taskflow_api']) retrieved from /home/marti/Lighthouse/airflow_tooltorial/venv/lib/python3.8/site-packages/airflow/example_dags/tutorial_taskflow_api.py
[2024-10-09T18:08:08.522-0300] {logging_mixin.py:149} INFO - [2024-10-09T18:08:08.522-0300] {dag.py:2726} INFO - Sync 1 DAGs
[2024-10-09T18:08:08.613-0300] {logging_mixin.py:149} INFO - [2024-10-09T18:08:08.613-0300] {dag.py:3486} INFO - Setting next_dagrun for tutorial_taskflow_api to None, run_after=None
[2024-10-09T18:08:08.754-0300] {processor.py:178} INFO - Processing /home/marti/Lighthouse/airflow_tooltorial/venv/lib/python3.8/site-packages/airflow/example_dags/tutorial_taskflow_api.py took 0.304 seconds
[2024-10-09T18:08:54.307-0300] {processor.py:156} INFO - Started process (PID=62027) to work on /home/marti/Lighthouse/airflow_tooltorial/venv/lib/python3.8/site-packages/airflow/example_dags/tutorial_taskflow_api.py
[2024-10-09T18:08:54.308-0300] {processor.py:799} INFO - Processing file /home/marti/Lighthouse/airflow_tooltorial/venv/lib/python3.8/site-packages/airflow/example_dags/tutorial_taskflow_api.py for tasks to queue
[2024-10-09T18:08:54.309-0300] {logging_mixin.py:149} INFO - [2024-10-09T18:08:54.309-0300] {dagbag.py:541} INFO - Filling up the DagBag from /home/marti/Lighthouse/airflow_tooltorial/venv/lib/python3.8/site-packages/airflow/example_dags/tutorial_taskflow_api.py
[2024-10-09T18:08:54.317-0300] {processor.py:809} INFO - DAG(s) dict_keys(['tutorial_taskflow_api']) retrieved from /home/marti/Lighthouse/airflow_tooltorial/venv/lib/python3.8/site-packages/airflow/example_dags/tutorial_taskflow_api.py
[2024-10-09T18:08:54.335-0300] {logging_mixin.py:149} INFO - [2024-10-09T18:08:54.334-0300] {dag.py:2726} INFO - Sync 1 DAGs
[2024-10-09T18:08:54.429-0300] {logging_mixin.py:149} INFO - [2024-10-09T18:08:54.429-0300] {dag.py:3486} INFO - Setting next_dagrun for tutorial_taskflow_api to None, run_after=None
[2024-10-09T18:08:54.555-0300] {processor.py:178} INFO - Processing /home/marti/Lighthouse/airflow_tooltorial/venv/lib/python3.8/site-packages/airflow/example_dags/tutorial_taskflow_api.py took 0.252 seconds
[2024-10-09T18:09:29.026-0300] {processor.py:156} INFO - Started process (PID=62105) to work on /home/marti/Lighthouse/airflow_tooltorial/venv/lib/python3.8/site-packages/airflow/example_dags/tutorial_taskflow_api.py
[2024-10-09T18:09:29.063-0300] {processor.py:799} INFO - Processing file /home/marti/Lighthouse/airflow_tooltorial/venv/lib/python3.8/site-packages/airflow/example_dags/tutorial_taskflow_api.py for tasks to queue
[2024-10-09T18:09:29.064-0300] {logging_mixin.py:149} INFO - [2024-10-09T18:09:29.064-0300] {dagbag.py:541} INFO - Filling up the DagBag from /home/marti/Lighthouse/airflow_tooltorial/venv/lib/python3.8/site-packages/airflow/example_dags/tutorial_taskflow_api.py
[2024-10-09T18:09:29.073-0300] {processor.py:809} INFO - DAG(s) dict_keys(['tutorial_taskflow_api']) retrieved from /home/marti/Lighthouse/airflow_tooltorial/venv/lib/python3.8/site-packages/airflow/example_dags/tutorial_taskflow_api.py
[2024-10-09T18:09:29.098-0300] {logging_mixin.py:149} INFO - [2024-10-09T18:09:29.098-0300] {dag.py:2726} INFO - Sync 1 DAGs
[2024-10-09T18:09:29.114-0300] {logging_mixin.py:149} INFO - [2024-10-09T18:09:29.114-0300] {dag.py:3486} INFO - Setting next_dagrun for tutorial_taskflow_api to None, run_after=None
[2024-10-09T18:09:29.251-0300] {processor.py:178} INFO - Processing /home/marti/Lighthouse/airflow_tooltorial/venv/lib/python3.8/site-packages/airflow/example_dags/tutorial_taskflow_api.py took 0.229 seconds
[2024-10-09T18:10:22.914-0300] {processor.py:156} INFO - Started process (PID=62271) to work on /home/marti/Lighthouse/airflow_tooltorial/venv/lib/python3.8/site-packages/airflow/example_dags/tutorial_taskflow_api.py
[2024-10-09T18:10:22.923-0300] {processor.py:799} INFO - Processing file /home/marti/Lighthouse/airflow_tooltorial/venv/lib/python3.8/site-packages/airflow/example_dags/tutorial_taskflow_api.py for tasks to queue
[2024-10-09T18:10:22.924-0300] {logging_mixin.py:149} INFO - [2024-10-09T18:10:22.924-0300] {dagbag.py:541} INFO - Filling up the DagBag from /home/marti/Lighthouse/airflow_tooltorial/venv/lib/python3.8/site-packages/airflow/example_dags/tutorial_taskflow_api.py
[2024-10-09T18:10:22.934-0300] {processor.py:809} INFO - DAG(s) dict_keys(['tutorial_taskflow_api']) retrieved from /home/marti/Lighthouse/airflow_tooltorial/venv/lib/python3.8/site-packages/airflow/example_dags/tutorial_taskflow_api.py
[2024-10-09T18:10:22.955-0300] {logging_mixin.py:149} INFO - [2024-10-09T18:10:22.955-0300] {dag.py:2726} INFO - Sync 1 DAGs
[2024-10-09T18:10:22.970-0300] {logging_mixin.py:149} INFO - [2024-10-09T18:10:22.970-0300] {dag.py:3486} INFO - Setting next_dagrun for tutorial_taskflow_api to None, run_after=None
[2024-10-09T18:10:23.135-0300] {processor.py:178} INFO - Processing /home/marti/Lighthouse/airflow_tooltorial/venv/lib/python3.8/site-packages/airflow/example_dags/tutorial_taskflow_api.py took 0.227 seconds
[2024-10-09T18:11:17.712-0300] {processor.py:156} INFO - Started process (PID=62497) to work on /home/marti/Lighthouse/airflow_tooltorial/venv/lib/python3.8/site-packages/airflow/example_dags/tutorial_taskflow_api.py
[2024-10-09T18:11:17.766-0300] {processor.py:799} INFO - Processing file /home/marti/Lighthouse/airflow_tooltorial/venv/lib/python3.8/site-packages/airflow/example_dags/tutorial_taskflow_api.py for tasks to queue
[2024-10-09T18:11:17.768-0300] {logging_mixin.py:149} INFO - [2024-10-09T18:11:17.768-0300] {dagbag.py:541} INFO - Filling up the DagBag from /home/marti/Lighthouse/airflow_tooltorial/venv/lib/python3.8/site-packages/airflow/example_dags/tutorial_taskflow_api.py
[2024-10-09T18:11:17.788-0300] {processor.py:809} INFO - DAG(s) dict_keys(['tutorial_taskflow_api']) retrieved from /home/marti/Lighthouse/airflow_tooltorial/venv/lib/python3.8/site-packages/airflow/example_dags/tutorial_taskflow_api.py
[2024-10-09T18:11:17.821-0300] {logging_mixin.py:149} INFO - [2024-10-09T18:11:17.821-0300] {dag.py:2726} INFO - Sync 1 DAGs
[2024-10-09T18:11:17.846-0300] {logging_mixin.py:149} INFO - [2024-10-09T18:11:17.846-0300] {dag.py:3486} INFO - Setting next_dagrun for tutorial_taskflow_api to None, run_after=None
[2024-10-09T18:11:17.977-0300] {processor.py:178} INFO - Processing /home/marti/Lighthouse/airflow_tooltorial/venv/lib/python3.8/site-packages/airflow/example_dags/tutorial_taskflow_api.py took 0.267 seconds
[2024-10-09T18:12:14.494-0300] {processor.py:156} INFO - Started process (PID=62625) to work on /home/marti/Lighthouse/airflow_tooltorial/venv/lib/python3.8/site-packages/airflow/example_dags/tutorial_taskflow_api.py
[2024-10-09T18:12:14.512-0300] {processor.py:799} INFO - Processing file /home/marti/Lighthouse/airflow_tooltorial/venv/lib/python3.8/site-packages/airflow/example_dags/tutorial_taskflow_api.py for tasks to queue
[2024-10-09T18:12:14.514-0300] {logging_mixin.py:149} INFO - [2024-10-09T18:12:14.514-0300] {dagbag.py:541} INFO - Filling up the DagBag from /home/marti/Lighthouse/airflow_tooltorial/venv/lib/python3.8/site-packages/airflow/example_dags/tutorial_taskflow_api.py
[2024-10-09T18:12:14.534-0300] {processor.py:809} INFO - DAG(s) dict_keys(['tutorial_taskflow_api']) retrieved from /home/marti/Lighthouse/airflow_tooltorial/venv/lib/python3.8/site-packages/airflow/example_dags/tutorial_taskflow_api.py
[2024-10-09T18:12:14.559-0300] {logging_mixin.py:149} INFO - [2024-10-09T18:12:14.559-0300] {dag.py:2726} INFO - Sync 1 DAGs
[2024-10-09T18:12:14.575-0300] {logging_mixin.py:149} INFO - [2024-10-09T18:12:14.575-0300] {dag.py:3486} INFO - Setting next_dagrun for tutorial_taskflow_api to None, run_after=None
[2024-10-09T18:12:14.697-0300] {processor.py:178} INFO - Processing /home/marti/Lighthouse/airflow_tooltorial/venv/lib/python3.8/site-packages/airflow/example_dags/tutorial_taskflow_api.py took 0.205 seconds
[2024-10-09T18:13:03.891-0300] {processor.py:156} INFO - Started process (PID=62743) to work on /home/marti/Lighthouse/airflow_tooltorial/venv/lib/python3.8/site-packages/airflow/example_dags/tutorial_taskflow_api.py
[2024-10-09T18:13:03.897-0300] {processor.py:799} INFO - Processing file /home/marti/Lighthouse/airflow_tooltorial/venv/lib/python3.8/site-packages/airflow/example_dags/tutorial_taskflow_api.py for tasks to queue
[2024-10-09T18:13:03.898-0300] {logging_mixin.py:149} INFO - [2024-10-09T18:13:03.898-0300] {dagbag.py:541} INFO - Filling up the DagBag from /home/marti/Lighthouse/airflow_tooltorial/venv/lib/python3.8/site-packages/airflow/example_dags/tutorial_taskflow_api.py
[2024-10-09T18:13:03.910-0300] {processor.py:809} INFO - DAG(s) dict_keys(['tutorial_taskflow_api']) retrieved from /home/marti/Lighthouse/airflow_tooltorial/venv/lib/python3.8/site-packages/airflow/example_dags/tutorial_taskflow_api.py
[2024-10-09T18:13:03.930-0300] {logging_mixin.py:149} INFO - [2024-10-09T18:13:03.930-0300] {dag.py:2726} INFO - Sync 1 DAGs
[2024-10-09T18:13:03.953-0300] {logging_mixin.py:149} INFO - [2024-10-09T18:13:03.952-0300] {dag.py:3486} INFO - Setting next_dagrun for tutorial_taskflow_api to None, run_after=None
[2024-10-09T18:13:04.096-0300] {processor.py:178} INFO - Processing /home/marti/Lighthouse/airflow_tooltorial/venv/lib/python3.8/site-packages/airflow/example_dags/tutorial_taskflow_api.py took 0.209 seconds
[2024-10-09T18:13:59.624-0300] {processor.py:156} INFO - Started process (PID=62858) to work on /home/marti/Lighthouse/airflow_tooltorial/venv/lib/python3.8/site-packages/airflow/example_dags/tutorial_taskflow_api.py
[2024-10-09T18:13:59.625-0300] {processor.py:799} INFO - Processing file /home/marti/Lighthouse/airflow_tooltorial/venv/lib/python3.8/site-packages/airflow/example_dags/tutorial_taskflow_api.py for tasks to queue
[2024-10-09T18:13:59.626-0300] {logging_mixin.py:149} INFO - [2024-10-09T18:13:59.626-0300] {dagbag.py:541} INFO - Filling up the DagBag from /home/marti/Lighthouse/airflow_tooltorial/venv/lib/python3.8/site-packages/airflow/example_dags/tutorial_taskflow_api.py
[2024-10-09T18:13:59.635-0300] {processor.py:809} INFO - DAG(s) dict_keys(['tutorial_taskflow_api']) retrieved from /home/marti/Lighthouse/airflow_tooltorial/venv/lib/python3.8/site-packages/airflow/example_dags/tutorial_taskflow_api.py
[2024-10-09T18:13:59.653-0300] {logging_mixin.py:149} INFO - [2024-10-09T18:13:59.653-0300] {dag.py:2726} INFO - Sync 1 DAGs
[2024-10-09T18:13:59.668-0300] {logging_mixin.py:149} INFO - [2024-10-09T18:13:59.668-0300] {dag.py:3486} INFO - Setting next_dagrun for tutorial_taskflow_api to None, run_after=None
[2024-10-09T18:13:59.816-0300] {processor.py:178} INFO - Processing /home/marti/Lighthouse/airflow_tooltorial/venv/lib/python3.8/site-packages/airflow/example_dags/tutorial_taskflow_api.py took 0.197 seconds
[2024-10-09T18:14:54.805-0300] {processor.py:156} INFO - Started process (PID=63028) to work on /home/marti/Lighthouse/airflow_tooltorial/venv/lib/python3.8/site-packages/airflow/example_dags/tutorial_taskflow_api.py
[2024-10-09T18:14:54.819-0300] {processor.py:799} INFO - Processing file /home/marti/Lighthouse/airflow_tooltorial/venv/lib/python3.8/site-packages/airflow/example_dags/tutorial_taskflow_api.py for tasks to queue
[2024-10-09T18:14:54.820-0300] {logging_mixin.py:149} INFO - [2024-10-09T18:14:54.820-0300] {dagbag.py:541} INFO - Filling up the DagBag from /home/marti/Lighthouse/airflow_tooltorial/venv/lib/python3.8/site-packages/airflow/example_dags/tutorial_taskflow_api.py
[2024-10-09T18:14:54.825-0300] {processor.py:809} INFO - DAG(s) dict_keys(['tutorial_taskflow_api']) retrieved from /home/marti/Lighthouse/airflow_tooltorial/venv/lib/python3.8/site-packages/airflow/example_dags/tutorial_taskflow_api.py
[2024-10-09T18:14:54.840-0300] {logging_mixin.py:149} INFO - [2024-10-09T18:14:54.840-0300] {dag.py:2726} INFO - Sync 1 DAGs
[2024-10-09T18:14:54.856-0300] {logging_mixin.py:149} INFO - [2024-10-09T18:14:54.856-0300] {dag.py:3486} INFO - Setting next_dagrun for tutorial_taskflow_api to None, run_after=None
[2024-10-09T18:14:54.970-0300] {processor.py:178} INFO - Processing /home/marti/Lighthouse/airflow_tooltorial/venv/lib/python3.8/site-packages/airflow/example_dags/tutorial_taskflow_api.py took 0.168 seconds
[2024-10-09T18:15:49.140-0300] {processor.py:156} INFO - Started process (PID=63183) to work on /home/marti/Lighthouse/airflow_tooltorial/venv/lib/python3.8/site-packages/airflow/example_dags/tutorial_taskflow_api.py
[2024-10-09T18:15:49.185-0300] {processor.py:799} INFO - Processing file /home/marti/Lighthouse/airflow_tooltorial/venv/lib/python3.8/site-packages/airflow/example_dags/tutorial_taskflow_api.py for tasks to queue
[2024-10-09T18:15:49.188-0300] {logging_mixin.py:149} INFO - [2024-10-09T18:15:49.187-0300] {dagbag.py:541} INFO - Filling up the DagBag from /home/marti/Lighthouse/airflow_tooltorial/venv/lib/python3.8/site-packages/airflow/example_dags/tutorial_taskflow_api.py
[2024-10-09T18:15:49.208-0300] {processor.py:809} INFO - DAG(s) dict_keys(['tutorial_taskflow_api']) retrieved from /home/marti/Lighthouse/airflow_tooltorial/venv/lib/python3.8/site-packages/airflow/example_dags/tutorial_taskflow_api.py
[2024-10-09T18:15:49.234-0300] {logging_mixin.py:149} INFO - [2024-10-09T18:15:49.233-0300] {dag.py:2726} INFO - Sync 1 DAGs
[2024-10-09T18:15:49.249-0300] {logging_mixin.py:149} INFO - [2024-10-09T18:15:49.249-0300] {dag.py:3486} INFO - Setting next_dagrun for tutorial_taskflow_api to None, run_after=None
[2024-10-09T18:15:49.368-0300] {processor.py:178} INFO - Processing /home/marti/Lighthouse/airflow_tooltorial/venv/lib/python3.8/site-packages/airflow/example_dags/tutorial_taskflow_api.py took 0.238 seconds
[2024-10-09T18:16:36.229-0300] {processor.py:156} INFO - Started process (PID=63326) to work on /home/marti/Lighthouse/airflow_tooltorial/venv/lib/python3.8/site-packages/airflow/example_dags/tutorial_taskflow_api.py
[2024-10-09T18:16:36.235-0300] {processor.py:799} INFO - Processing file /home/marti/Lighthouse/airflow_tooltorial/venv/lib/python3.8/site-packages/airflow/example_dags/tutorial_taskflow_api.py for tasks to queue
[2024-10-09T18:16:36.236-0300] {logging_mixin.py:149} INFO - [2024-10-09T18:16:36.236-0300] {dagbag.py:541} INFO - Filling up the DagBag from /home/marti/Lighthouse/airflow_tooltorial/venv/lib/python3.8/site-packages/airflow/example_dags/tutorial_taskflow_api.py
[2024-10-09T18:16:36.242-0300] {processor.py:809} INFO - DAG(s) dict_keys(['tutorial_taskflow_api']) retrieved from /home/marti/Lighthouse/airflow_tooltorial/venv/lib/python3.8/site-packages/airflow/example_dags/tutorial_taskflow_api.py
[2024-10-09T18:16:36.258-0300] {logging_mixin.py:149} INFO - [2024-10-09T18:16:36.258-0300] {dag.py:2726} INFO - Sync 1 DAGs
[2024-10-09T18:16:36.273-0300] {logging_mixin.py:149} INFO - [2024-10-09T18:16:36.273-0300] {dag.py:3486} INFO - Setting next_dagrun for tutorial_taskflow_api to None, run_after=None
[2024-10-09T18:16:36.387-0300] {processor.py:178} INFO - Processing /home/marti/Lighthouse/airflow_tooltorial/venv/lib/python3.8/site-packages/airflow/example_dags/tutorial_taskflow_api.py took 0.162 seconds
[2024-10-09T18:17:42.778-0300] {processor.py:156} INFO - Started process (PID=63950) to work on /home/marti/Lighthouse/airflow_tooltorial/venv/lib/python3.8/site-packages/airflow/example_dags/tutorial_taskflow_api.py
[2024-10-09T18:17:42.794-0300] {processor.py:799} INFO - Processing file /home/marti/Lighthouse/airflow_tooltorial/venv/lib/python3.8/site-packages/airflow/example_dags/tutorial_taskflow_api.py for tasks to queue
[2024-10-09T18:17:42.795-0300] {logging_mixin.py:149} INFO - [2024-10-09T18:17:42.794-0300] {dagbag.py:541} INFO - Filling up the DagBag from /home/marti/Lighthouse/airflow_tooltorial/venv/lib/python3.8/site-packages/airflow/example_dags/tutorial_taskflow_api.py
[2024-10-09T18:17:42.804-0300] {processor.py:809} INFO - DAG(s) dict_keys(['tutorial_taskflow_api']) retrieved from /home/marti/Lighthouse/airflow_tooltorial/venv/lib/python3.8/site-packages/airflow/example_dags/tutorial_taskflow_api.py
[2024-10-09T18:17:42.836-0300] {logging_mixin.py:149} INFO - [2024-10-09T18:17:42.836-0300] {dag.py:2726} INFO - Sync 1 DAGs
[2024-10-09T18:17:42.868-0300] {logging_mixin.py:149} INFO - [2024-10-09T18:17:42.867-0300] {dag.py:3486} INFO - Setting next_dagrun for tutorial_taskflow_api to None, run_after=None
[2024-10-09T18:17:43.010-0300] {processor.py:178} INFO - Processing /home/marti/Lighthouse/airflow_tooltorial/venv/lib/python3.8/site-packages/airflow/example_dags/tutorial_taskflow_api.py took 0.241 seconds
[2024-10-09T18:18:37.600-0300] {processor.py:156} INFO - Started process (PID=64106) to work on /home/marti/Lighthouse/airflow_tooltorial/venv/lib/python3.8/site-packages/airflow/example_dags/tutorial_taskflow_api.py
[2024-10-09T18:18:37.610-0300] {processor.py:799} INFO - Processing file /home/marti/Lighthouse/airflow_tooltorial/venv/lib/python3.8/site-packages/airflow/example_dags/tutorial_taskflow_api.py for tasks to queue
[2024-10-09T18:18:37.611-0300] {logging_mixin.py:149} INFO - [2024-10-09T18:18:37.611-0300] {dagbag.py:541} INFO - Filling up the DagBag from /home/marti/Lighthouse/airflow_tooltorial/venv/lib/python3.8/site-packages/airflow/example_dags/tutorial_taskflow_api.py
[2024-10-09T18:18:37.617-0300] {processor.py:809} INFO - DAG(s) dict_keys(['tutorial_taskflow_api']) retrieved from /home/marti/Lighthouse/airflow_tooltorial/venv/lib/python3.8/site-packages/airflow/example_dags/tutorial_taskflow_api.py
[2024-10-09T18:18:37.637-0300] {logging_mixin.py:149} INFO - [2024-10-09T18:18:37.636-0300] {dag.py:2726} INFO - Sync 1 DAGs
[2024-10-09T18:18:37.652-0300] {logging_mixin.py:149} INFO - [2024-10-09T18:18:37.652-0300] {dag.py:3486} INFO - Setting next_dagrun for tutorial_taskflow_api to None, run_after=None
[2024-10-09T18:18:37.766-0300] {processor.py:178} INFO - Processing /home/marti/Lighthouse/airflow_tooltorial/venv/lib/python3.8/site-packages/airflow/example_dags/tutorial_taskflow_api.py took 0.168 seconds
[2024-10-09T18:47:55.979-0300] {processor.py:156} INFO - Started process (PID=69386) to work on /home/marti/Lighthouse/airflow_tooltorial/venv/lib/python3.8/site-packages/airflow/example_dags/tutorial_taskflow_api.py
[2024-10-09T18:47:56.004-0300] {processor.py:799} INFO - Processing file /home/marti/Lighthouse/airflow_tooltorial/venv/lib/python3.8/site-packages/airflow/example_dags/tutorial_taskflow_api.py for tasks to queue
[2024-10-09T18:47:56.006-0300] {logging_mixin.py:149} INFO - [2024-10-09T18:47:56.006-0300] {dagbag.py:541} INFO - Filling up the DagBag from /home/marti/Lighthouse/airflow_tooltorial/venv/lib/python3.8/site-packages/airflow/example_dags/tutorial_taskflow_api.py
[2024-10-09T18:47:56.032-0300] {processor.py:809} INFO - DAG(s) dict_keys(['tutorial_taskflow_api']) retrieved from /home/marti/Lighthouse/airflow_tooltorial/venv/lib/python3.8/site-packages/airflow/example_dags/tutorial_taskflow_api.py
[2024-10-09T18:47:56.064-0300] {logging_mixin.py:149} INFO - [2024-10-09T18:47:56.063-0300] {dag.py:2726} INFO - Sync 1 DAGs
[2024-10-09T18:47:56.119-0300] {logging_mixin.py:149} INFO - [2024-10-09T18:47:56.118-0300] {dag.py:3486} INFO - Setting next_dagrun for tutorial_taskflow_api to None, run_after=None
[2024-10-09T18:47:56.381-0300] {processor.py:178} INFO - Processing /home/marti/Lighthouse/airflow_tooltorial/venv/lib/python3.8/site-packages/airflow/example_dags/tutorial_taskflow_api.py took 0.411 seconds
[2024-10-09T18:51:23.174-0300] {processor.py:156} INFO - Started process (PID=70876) to work on /home/marti/Lighthouse/airflow_tooltorial/venv/lib/python3.8/site-packages/airflow/example_dags/tutorial_taskflow_api.py
[2024-10-09T18:51:23.177-0300] {processor.py:799} INFO - Processing file /home/marti/Lighthouse/airflow_tooltorial/venv/lib/python3.8/site-packages/airflow/example_dags/tutorial_taskflow_api.py for tasks to queue
[2024-10-09T18:51:23.179-0300] {logging_mixin.py:149} INFO - [2024-10-09T18:51:23.179-0300] {dagbag.py:541} INFO - Filling up the DagBag from /home/marti/Lighthouse/airflow_tooltorial/venv/lib/python3.8/site-packages/airflow/example_dags/tutorial_taskflow_api.py
[2024-10-09T18:51:23.195-0300] {processor.py:809} INFO - DAG(s) dict_keys(['tutorial_taskflow_api']) retrieved from /home/marti/Lighthouse/airflow_tooltorial/venv/lib/python3.8/site-packages/airflow/example_dags/tutorial_taskflow_api.py
[2024-10-09T18:51:23.204-0300] {logging_mixin.py:149} INFO - [2024-10-09T18:51:23.204-0300] {dag.py:2726} INFO - Sync 1 DAGs
[2024-10-09T18:51:23.223-0300] {logging_mixin.py:149} INFO - [2024-10-09T18:51:23.222-0300] {dag.py:3486} INFO - Setting next_dagrun for tutorial_taskflow_api to None, run_after=None
[2024-10-09T18:51:23.352-0300] {processor.py:178} INFO - Processing /home/marti/Lighthouse/airflow_tooltorial/venv/lib/python3.8/site-packages/airflow/example_dags/tutorial_taskflow_api.py took 0.186 seconds
