[2024-10-09T18:06:14.634-0300] {processor.py:156} INFO - Started process (PID=60915) to work on /home/marti/Lighthouse/airflow_tooltorial/venv/lib/python3.8/site-packages/airflow/example_dags/tutorial_dag.py
[2024-10-09T18:06:14.636-0300] {processor.py:799} INFO - Processing file /home/marti/Lighthouse/airflow_tooltorial/venv/lib/python3.8/site-packages/airflow/example_dags/tutorial_dag.py for tasks to queue
[2024-10-09T18:06:14.637-0300] {logging_mixin.py:149} INFO - [2024-10-09T18:06:14.637-0300] {dagbag.py:541} INFO - Filling up the DagBag from /home/marti/Lighthouse/airflow_tooltorial/venv/lib/python3.8/site-packages/airflow/example_dags/tutorial_dag.py
[2024-10-09T18:06:14.646-0300] {processor.py:809} INFO - DAG(s) dict_keys(['tutorial_dag']) retrieved from /home/marti/Lighthouse/airflow_tooltorial/venv/lib/python3.8/site-packages/airflow/example_dags/tutorial_dag.py
[2024-10-09T18:06:15.229-0300] {logging_mixin.py:149} INFO - [2024-10-09T18:06:15.228-0300] {manager.py:504} INFO - Created Permission View: can read on DAG:tutorial_dag
[2024-10-09T18:06:15.395-0300] {logging_mixin.py:149} INFO - [2024-10-09T18:06:15.394-0300] {manager.py:504} INFO - Created Permission View: can edit on DAG:tutorial_dag
[2024-10-09T18:06:15.528-0300] {logging_mixin.py:149} INFO - [2024-10-09T18:06:15.528-0300] {manager.py:504} INFO - Created Permission View: can delete on DAG:tutorial_dag
[2024-10-09T18:06:15.530-0300] {logging_mixin.py:149} INFO - [2024-10-09T18:06:15.529-0300] {dag.py:2726} INFO - Sync 1 DAGs
[2024-10-09T18:06:15.638-0300] {logging_mixin.py:149} INFO - [2024-10-09T18:06:15.638-0300] {dag.py:2747} INFO - Creating ORM DAG for tutorial_dag
[2024-10-09T18:06:15.646-0300] {logging_mixin.py:149} INFO - [2024-10-09T18:06:15.646-0300] {dag.py:3486} INFO - Setting next_dagrun for tutorial_dag to None, run_after=None
[2024-10-09T18:06:15.848-0300] {processor.py:178} INFO - Processing /home/marti/Lighthouse/airflow_tooltorial/venv/lib/python3.8/site-packages/airflow/example_dags/tutorial_dag.py took 1.219 seconds
[2024-10-09T18:08:12.458-0300] {processor.py:156} INFO - Started process (PID=61729) to work on /home/marti/Lighthouse/airflow_tooltorial/venv/lib/python3.8/site-packages/airflow/example_dags/tutorial_dag.py
[2024-10-09T18:08:12.486-0300] {processor.py:799} INFO - Processing file /home/marti/Lighthouse/airflow_tooltorial/venv/lib/python3.8/site-packages/airflow/example_dags/tutorial_dag.py for tasks to queue
[2024-10-09T18:08:12.488-0300] {logging_mixin.py:149} INFO - [2024-10-09T18:08:12.487-0300] {dagbag.py:541} INFO - Filling up the DagBag from /home/marti/Lighthouse/airflow_tooltorial/venv/lib/python3.8/site-packages/airflow/example_dags/tutorial_dag.py
[2024-10-09T18:08:12.503-0300] {processor.py:809} INFO - DAG(s) dict_keys(['tutorial_dag']) retrieved from /home/marti/Lighthouse/airflow_tooltorial/venv/lib/python3.8/site-packages/airflow/example_dags/tutorial_dag.py
[2024-10-09T18:08:12.532-0300] {logging_mixin.py:149} INFO - [2024-10-09T18:08:12.532-0300] {dag.py:2726} INFO - Sync 1 DAGs
[2024-10-09T18:08:12.623-0300] {logging_mixin.py:149} INFO - [2024-10-09T18:08:12.623-0300] {dag.py:3486} INFO - Setting next_dagrun for tutorial_dag to None, run_after=None
[2024-10-09T18:08:12.747-0300] {processor.py:178} INFO - Processing /home/marti/Lighthouse/airflow_tooltorial/venv/lib/python3.8/site-packages/airflow/example_dags/tutorial_dag.py took 0.298 seconds
[2024-10-09T18:08:58.661-0300] {processor.py:156} INFO - Started process (PID=62030) to work on /home/marti/Lighthouse/airflow_tooltorial/venv/lib/python3.8/site-packages/airflow/example_dags/tutorial_dag.py
[2024-10-09T18:08:58.709-0300] {processor.py:799} INFO - Processing file /home/marti/Lighthouse/airflow_tooltorial/venv/lib/python3.8/site-packages/airflow/example_dags/tutorial_dag.py for tasks to queue
[2024-10-09T18:08:58.712-0300] {logging_mixin.py:149} INFO - [2024-10-09T18:08:58.711-0300] {dagbag.py:541} INFO - Filling up the DagBag from /home/marti/Lighthouse/airflow_tooltorial/venv/lib/python3.8/site-packages/airflow/example_dags/tutorial_dag.py
[2024-10-09T18:08:58.728-0300] {processor.py:809} INFO - DAG(s) dict_keys(['tutorial_dag']) retrieved from /home/marti/Lighthouse/airflow_tooltorial/venv/lib/python3.8/site-packages/airflow/example_dags/tutorial_dag.py
[2024-10-09T18:08:58.760-0300] {logging_mixin.py:149} INFO - [2024-10-09T18:08:58.759-0300] {dag.py:2726} INFO - Sync 1 DAGs
[2024-10-09T18:08:58.858-0300] {logging_mixin.py:149} INFO - [2024-10-09T18:08:58.858-0300] {dag.py:3486} INFO - Setting next_dagrun for tutorial_dag to None, run_after=None
[2024-10-09T18:08:58.999-0300] {processor.py:178} INFO - Processing /home/marti/Lighthouse/airflow_tooltorial/venv/lib/python3.8/site-packages/airflow/example_dags/tutorial_dag.py took 0.344 seconds
[2024-10-09T18:09:55.229-0300] {processor.py:156} INFO - Started process (PID=62222) to work on /home/marti/Lighthouse/airflow_tooltorial/venv/lib/python3.8/site-packages/airflow/example_dags/tutorial_dag.py
[2024-10-09T18:09:55.262-0300] {processor.py:799} INFO - Processing file /home/marti/Lighthouse/airflow_tooltorial/venv/lib/python3.8/site-packages/airflow/example_dags/tutorial_dag.py for tasks to queue
[2024-10-09T18:09:55.265-0300] {logging_mixin.py:149} INFO - [2024-10-09T18:09:55.265-0300] {dagbag.py:541} INFO - Filling up the DagBag from /home/marti/Lighthouse/airflow_tooltorial/venv/lib/python3.8/site-packages/airflow/example_dags/tutorial_dag.py
[2024-10-09T18:09:55.287-0300] {processor.py:809} INFO - DAG(s) dict_keys(['tutorial_dag']) retrieved from /home/marti/Lighthouse/airflow_tooltorial/venv/lib/python3.8/site-packages/airflow/example_dags/tutorial_dag.py
[2024-10-09T18:09:55.350-0300] {logging_mixin.py:149} INFO - [2024-10-09T18:09:55.350-0300] {dag.py:2726} INFO - Sync 1 DAGs
[2024-10-09T18:09:55.380-0300] {logging_mixin.py:149} INFO - [2024-10-09T18:09:55.380-0300] {dag.py:3486} INFO - Setting next_dagrun for tutorial_dag to None, run_after=None
[2024-10-09T18:09:55.535-0300] {processor.py:178} INFO - Processing /home/marti/Lighthouse/airflow_tooltorial/venv/lib/python3.8/site-packages/airflow/example_dags/tutorial_dag.py took 0.312 seconds
[2024-10-09T18:10:49.286-0300] {processor.py:156} INFO - Started process (PID=62386) to work on /home/marti/Lighthouse/airflow_tooltorial/venv/lib/python3.8/site-packages/airflow/example_dags/tutorial_dag.py
[2024-10-09T18:10:49.314-0300] {processor.py:799} INFO - Processing file /home/marti/Lighthouse/airflow_tooltorial/venv/lib/python3.8/site-packages/airflow/example_dags/tutorial_dag.py for tasks to queue
[2024-10-09T18:10:49.315-0300] {logging_mixin.py:149} INFO - [2024-10-09T18:10:49.315-0300] {dagbag.py:541} INFO - Filling up the DagBag from /home/marti/Lighthouse/airflow_tooltorial/venv/lib/python3.8/site-packages/airflow/example_dags/tutorial_dag.py
[2024-10-09T18:10:49.325-0300] {processor.py:809} INFO - DAG(s) dict_keys(['tutorial_dag']) retrieved from /home/marti/Lighthouse/airflow_tooltorial/venv/lib/python3.8/site-packages/airflow/example_dags/tutorial_dag.py
[2024-10-09T18:10:49.357-0300] {logging_mixin.py:149} INFO - [2024-10-09T18:10:49.357-0300] {dag.py:2726} INFO - Sync 1 DAGs
[2024-10-09T18:10:49.374-0300] {logging_mixin.py:149} INFO - [2024-10-09T18:10:49.374-0300] {dag.py:3486} INFO - Setting next_dagrun for tutorial_dag to None, run_after=None
[2024-10-09T18:10:49.502-0300] {processor.py:178} INFO - Processing /home/marti/Lighthouse/airflow_tooltorial/venv/lib/python3.8/site-packages/airflow/example_dags/tutorial_dag.py took 0.218 seconds
[2024-10-09T18:11:44.464-0300] {processor.py:156} INFO - Started process (PID=62523) to work on /home/marti/Lighthouse/airflow_tooltorial/venv/lib/python3.8/site-packages/airflow/example_dags/tutorial_dag.py
[2024-10-09T18:11:44.485-0300] {processor.py:799} INFO - Processing file /home/marti/Lighthouse/airflow_tooltorial/venv/lib/python3.8/site-packages/airflow/example_dags/tutorial_dag.py for tasks to queue
[2024-10-09T18:11:44.485-0300] {logging_mixin.py:149} INFO - [2024-10-09T18:11:44.485-0300] {dagbag.py:541} INFO - Filling up the DagBag from /home/marti/Lighthouse/airflow_tooltorial/venv/lib/python3.8/site-packages/airflow/example_dags/tutorial_dag.py
[2024-10-09T18:11:44.490-0300] {processor.py:809} INFO - DAG(s) dict_keys(['tutorial_dag']) retrieved from /home/marti/Lighthouse/airflow_tooltorial/venv/lib/python3.8/site-packages/airflow/example_dags/tutorial_dag.py
[2024-10-09T18:11:44.510-0300] {logging_mixin.py:149} INFO - [2024-10-09T18:11:44.510-0300] {dag.py:2726} INFO - Sync 1 DAGs
[2024-10-09T18:11:44.527-0300] {logging_mixin.py:149} INFO - [2024-10-09T18:11:44.527-0300] {dag.py:3486} INFO - Setting next_dagrun for tutorial_dag to None, run_after=None
[2024-10-09T18:11:44.640-0300] {processor.py:178} INFO - Processing /home/marti/Lighthouse/airflow_tooltorial/venv/lib/python3.8/site-packages/airflow/example_dags/tutorial_dag.py took 0.179 seconds
[2024-10-09T18:12:37.694-0300] {processor.py:156} INFO - Started process (PID=62647) to work on /home/marti/Lighthouse/airflow_tooltorial/venv/lib/python3.8/site-packages/airflow/example_dags/tutorial_dag.py
[2024-10-09T18:12:37.719-0300] {processor.py:799} INFO - Processing file /home/marti/Lighthouse/airflow_tooltorial/venv/lib/python3.8/site-packages/airflow/example_dags/tutorial_dag.py for tasks to queue
[2024-10-09T18:12:37.721-0300] {logging_mixin.py:149} INFO - [2024-10-09T18:12:37.721-0300] {dagbag.py:541} INFO - Filling up the DagBag from /home/marti/Lighthouse/airflow_tooltorial/venv/lib/python3.8/site-packages/airflow/example_dags/tutorial_dag.py
[2024-10-09T18:12:37.737-0300] {processor.py:809} INFO - DAG(s) dict_keys(['tutorial_dag']) retrieved from /home/marti/Lighthouse/airflow_tooltorial/venv/lib/python3.8/site-packages/airflow/example_dags/tutorial_dag.py
[2024-10-09T18:12:37.768-0300] {logging_mixin.py:149} INFO - [2024-10-09T18:12:37.768-0300] {dag.py:2726} INFO - Sync 1 DAGs
[2024-10-09T18:12:37.784-0300] {logging_mixin.py:149} INFO - [2024-10-09T18:12:37.784-0300] {dag.py:3486} INFO - Setting next_dagrun for tutorial_dag to None, run_after=None
[2024-10-09T18:12:37.934-0300] {processor.py:178} INFO - Processing /home/marti/Lighthouse/airflow_tooltorial/venv/lib/python3.8/site-packages/airflow/example_dags/tutorial_dag.py took 0.244 seconds
[2024-10-09T18:13:30.665-0300] {processor.py:156} INFO - Started process (PID=62766) to work on /home/marti/Lighthouse/airflow_tooltorial/venv/lib/python3.8/site-packages/airflow/example_dags/tutorial_dag.py
[2024-10-09T18:13:30.724-0300] {processor.py:799} INFO - Processing file /home/marti/Lighthouse/airflow_tooltorial/venv/lib/python3.8/site-packages/airflow/example_dags/tutorial_dag.py for tasks to queue
[2024-10-09T18:13:30.725-0300] {logging_mixin.py:149} INFO - [2024-10-09T18:13:30.725-0300] {dagbag.py:541} INFO - Filling up the DagBag from /home/marti/Lighthouse/airflow_tooltorial/venv/lib/python3.8/site-packages/airflow/example_dags/tutorial_dag.py
[2024-10-09T18:13:30.737-0300] {processor.py:809} INFO - DAG(s) dict_keys(['tutorial_dag']) retrieved from /home/marti/Lighthouse/airflow_tooltorial/venv/lib/python3.8/site-packages/airflow/example_dags/tutorial_dag.py
[2024-10-09T18:13:30.765-0300] {logging_mixin.py:149} INFO - [2024-10-09T18:13:30.765-0300] {dag.py:2726} INFO - Sync 1 DAGs
[2024-10-09T18:13:30.782-0300] {logging_mixin.py:149} INFO - [2024-10-09T18:13:30.782-0300] {dag.py:3486} INFO - Setting next_dagrun for tutorial_dag to None, run_after=None
[2024-10-09T18:13:30.906-0300] {processor.py:178} INFO - Processing /home/marti/Lighthouse/airflow_tooltorial/venv/lib/python3.8/site-packages/airflow/example_dags/tutorial_dag.py took 0.245 seconds
[2024-10-09T18:14:23.612-0300] {processor.py:156} INFO - Started process (PID=62882) to work on /home/marti/Lighthouse/airflow_tooltorial/venv/lib/python3.8/site-packages/airflow/example_dags/tutorial_dag.py
[2024-10-09T18:14:23.613-0300] {processor.py:799} INFO - Processing file /home/marti/Lighthouse/airflow_tooltorial/venv/lib/python3.8/site-packages/airflow/example_dags/tutorial_dag.py for tasks to queue
[2024-10-09T18:14:23.613-0300] {logging_mixin.py:149} INFO - [2024-10-09T18:14:23.613-0300] {dagbag.py:541} INFO - Filling up the DagBag from /home/marti/Lighthouse/airflow_tooltorial/venv/lib/python3.8/site-packages/airflow/example_dags/tutorial_dag.py
[2024-10-09T18:14:23.618-0300] {processor.py:809} INFO - DAG(s) dict_keys(['tutorial_dag']) retrieved from /home/marti/Lighthouse/airflow_tooltorial/venv/lib/python3.8/site-packages/airflow/example_dags/tutorial_dag.py
[2024-10-09T18:14:23.635-0300] {logging_mixin.py:149} INFO - [2024-10-09T18:14:23.635-0300] {dag.py:2726} INFO - Sync 1 DAGs
[2024-10-09T18:14:23.650-0300] {logging_mixin.py:149} INFO - [2024-10-09T18:14:23.650-0300] {dag.py:3486} INFO - Setting next_dagrun for tutorial_dag to None, run_after=None
[2024-10-09T18:14:23.802-0300] {processor.py:178} INFO - Processing /home/marti/Lighthouse/airflow_tooltorial/venv/lib/python3.8/site-packages/airflow/example_dags/tutorial_dag.py took 0.192 seconds
[2024-10-09T18:15:21.824-0300] {processor.py:156} INFO - Started process (PID=63074) to work on /home/marti/Lighthouse/airflow_tooltorial/venv/lib/python3.8/site-packages/airflow/example_dags/tutorial_dag.py
[2024-10-09T18:15:21.889-0300] {processor.py:799} INFO - Processing file /home/marti/Lighthouse/airflow_tooltorial/venv/lib/python3.8/site-packages/airflow/example_dags/tutorial_dag.py for tasks to queue
[2024-10-09T18:15:21.892-0300] {logging_mixin.py:149} INFO - [2024-10-09T18:15:21.891-0300] {dagbag.py:541} INFO - Filling up the DagBag from /home/marti/Lighthouse/airflow_tooltorial/venv/lib/python3.8/site-packages/airflow/example_dags/tutorial_dag.py
[2024-10-09T18:15:21.909-0300] {processor.py:809} INFO - DAG(s) dict_keys(['tutorial_dag']) retrieved from /home/marti/Lighthouse/airflow_tooltorial/venv/lib/python3.8/site-packages/airflow/example_dags/tutorial_dag.py
[2024-10-09T18:15:21.943-0300] {logging_mixin.py:149} INFO - [2024-10-09T18:15:21.943-0300] {dag.py:2726} INFO - Sync 1 DAGs
[2024-10-09T18:15:21.959-0300] {logging_mixin.py:149} INFO - [2024-10-09T18:15:21.958-0300] {dag.py:3486} INFO - Setting next_dagrun for tutorial_dag to None, run_after=None
[2024-10-09T18:15:22.069-0300] {processor.py:178} INFO - Processing /home/marti/Lighthouse/airflow_tooltorial/venv/lib/python3.8/site-packages/airflow/example_dags/tutorial_dag.py took 0.247 seconds
[2024-10-09T18:16:11.538-0300] {processor.py:156} INFO - Started process (PID=63283) to work on /home/marti/Lighthouse/airflow_tooltorial/venv/lib/python3.8/site-packages/airflow/example_dags/tutorial_dag.py
[2024-10-09T18:16:11.611-0300] {processor.py:799} INFO - Processing file /home/marti/Lighthouse/airflow_tooltorial/venv/lib/python3.8/site-packages/airflow/example_dags/tutorial_dag.py for tasks to queue
[2024-10-09T18:16:11.613-0300] {logging_mixin.py:149} INFO - [2024-10-09T18:16:11.613-0300] {dagbag.py:541} INFO - Filling up the DagBag from /home/marti/Lighthouse/airflow_tooltorial/venv/lib/python3.8/site-packages/airflow/example_dags/tutorial_dag.py
[2024-10-09T18:16:11.627-0300] {processor.py:809} INFO - DAG(s) dict_keys(['tutorial_dag']) retrieved from /home/marti/Lighthouse/airflow_tooltorial/venv/lib/python3.8/site-packages/airflow/example_dags/tutorial_dag.py
[2024-10-09T18:16:11.655-0300] {logging_mixin.py:149} INFO - [2024-10-09T18:16:11.655-0300] {dag.py:2726} INFO - Sync 1 DAGs
[2024-10-09T18:16:11.672-0300] {logging_mixin.py:149} INFO - [2024-10-09T18:16:11.671-0300] {dag.py:3486} INFO - Setting next_dagrun for tutorial_dag to None, run_after=None
[2024-10-09T18:16:11.788-0300] {processor.py:178} INFO - Processing /home/marti/Lighthouse/airflow_tooltorial/venv/lib/python3.8/site-packages/airflow/example_dags/tutorial_dag.py took 0.253 seconds
[2024-10-09T18:17:05.545-0300] {processor.py:156} INFO - Started process (PID=63578) to work on /home/marti/Lighthouse/airflow_tooltorial/venv/lib/python3.8/site-packages/airflow/example_dags/tutorial_dag.py
[2024-10-09T18:17:05.590-0300] {processor.py:799} INFO - Processing file /home/marti/Lighthouse/airflow_tooltorial/venv/lib/python3.8/site-packages/airflow/example_dags/tutorial_dag.py for tasks to queue
[2024-10-09T18:17:05.593-0300] {logging_mixin.py:149} INFO - [2024-10-09T18:17:05.593-0300] {dagbag.py:541} INFO - Filling up the DagBag from /home/marti/Lighthouse/airflow_tooltorial/venv/lib/python3.8/site-packages/airflow/example_dags/tutorial_dag.py
[2024-10-09T18:17:05.620-0300] {processor.py:809} INFO - DAG(s) dict_keys(['tutorial_dag']) retrieved from /home/marti/Lighthouse/airflow_tooltorial/venv/lib/python3.8/site-packages/airflow/example_dags/tutorial_dag.py
[2024-10-09T18:17:05.679-0300] {logging_mixin.py:149} INFO - [2024-10-09T18:17:05.679-0300] {dag.py:2726} INFO - Sync 1 DAGs
[2024-10-09T18:17:05.710-0300] {logging_mixin.py:149} INFO - [2024-10-09T18:17:05.710-0300] {dag.py:3486} INFO - Setting next_dagrun for tutorial_dag to None, run_after=None
[2024-10-09T18:17:06.005-0300] {processor.py:178} INFO - Processing /home/marti/Lighthouse/airflow_tooltorial/venv/lib/python3.8/site-packages/airflow/example_dags/tutorial_dag.py took 0.469 seconds
[2024-10-09T18:17:47.042-0300] {processor.py:156} INFO - Started process (PID=63960) to work on /home/marti/Lighthouse/airflow_tooltorial/venv/lib/python3.8/site-packages/airflow/example_dags/tutorial_dag.py
[2024-10-09T18:17:47.069-0300] {processor.py:799} INFO - Processing file /home/marti/Lighthouse/airflow_tooltorial/venv/lib/python3.8/site-packages/airflow/example_dags/tutorial_dag.py for tasks to queue
[2024-10-09T18:17:47.071-0300] {logging_mixin.py:149} INFO - [2024-10-09T18:17:47.070-0300] {dagbag.py:541} INFO - Filling up the DagBag from /home/marti/Lighthouse/airflow_tooltorial/venv/lib/python3.8/site-packages/airflow/example_dags/tutorial_dag.py
[2024-10-09T18:17:47.090-0300] {processor.py:809} INFO - DAG(s) dict_keys(['tutorial_dag']) retrieved from /home/marti/Lighthouse/airflow_tooltorial/venv/lib/python3.8/site-packages/airflow/example_dags/tutorial_dag.py
[2024-10-09T18:17:47.164-0300] {logging_mixin.py:149} INFO - [2024-10-09T18:17:47.164-0300] {dag.py:2726} INFO - Sync 1 DAGs
[2024-10-09T18:17:47.350-0300] {logging_mixin.py:149} INFO - [2024-10-09T18:17:47.349-0300] {dag.py:3486} INFO - Setting next_dagrun for tutorial_dag to None, run_after=None
[2024-10-09T18:17:47.487-0300] {processor.py:178} INFO - Processing /home/marti/Lighthouse/airflow_tooltorial/venv/lib/python3.8/site-packages/airflow/example_dags/tutorial_dag.py took 0.458 seconds
[2024-10-09T18:18:40.999-0300] {processor.py:156} INFO - Started process (PID=64178) to work on /home/marti/Lighthouse/airflow_tooltorial/venv/lib/python3.8/site-packages/airflow/example_dags/tutorial_dag.py
[2024-10-09T18:18:41.067-0300] {processor.py:799} INFO - Processing file /home/marti/Lighthouse/airflow_tooltorial/venv/lib/python3.8/site-packages/airflow/example_dags/tutorial_dag.py for tasks to queue
[2024-10-09T18:18:41.069-0300] {logging_mixin.py:149} INFO - [2024-10-09T18:18:41.069-0300] {dagbag.py:541} INFO - Filling up the DagBag from /home/marti/Lighthouse/airflow_tooltorial/venv/lib/python3.8/site-packages/airflow/example_dags/tutorial_dag.py
[2024-10-09T18:18:41.084-0300] {processor.py:809} INFO - DAG(s) dict_keys(['tutorial_dag']) retrieved from /home/marti/Lighthouse/airflow_tooltorial/venv/lib/python3.8/site-packages/airflow/example_dags/tutorial_dag.py
[2024-10-09T18:18:41.123-0300] {logging_mixin.py:149} INFO - [2024-10-09T18:18:41.123-0300] {dag.py:2726} INFO - Sync 1 DAGs
[2024-10-09T18:18:41.141-0300] {logging_mixin.py:149} INFO - [2024-10-09T18:18:41.140-0300] {dag.py:3486} INFO - Setting next_dagrun for tutorial_dag to None, run_after=None
[2024-10-09T18:18:41.251-0300] {processor.py:178} INFO - Processing /home/marti/Lighthouse/airflow_tooltorial/venv/lib/python3.8/site-packages/airflow/example_dags/tutorial_dag.py took 0.255 seconds
[2024-10-09T18:48:00.228-0300] {processor.py:156} INFO - Started process (PID=69467) to work on /home/marti/Lighthouse/airflow_tooltorial/venv/lib/python3.8/site-packages/airflow/example_dags/tutorial_dag.py
[2024-10-09T18:48:00.279-0300] {processor.py:799} INFO - Processing file /home/marti/Lighthouse/airflow_tooltorial/venv/lib/python3.8/site-packages/airflow/example_dags/tutorial_dag.py for tasks to queue
[2024-10-09T18:48:00.282-0300] {logging_mixin.py:149} INFO - [2024-10-09T18:48:00.281-0300] {dagbag.py:541} INFO - Filling up the DagBag from /home/marti/Lighthouse/airflow_tooltorial/venv/lib/python3.8/site-packages/airflow/example_dags/tutorial_dag.py
[2024-10-09T18:48:00.296-0300] {processor.py:809} INFO - DAG(s) dict_keys(['tutorial_dag']) retrieved from /home/marti/Lighthouse/airflow_tooltorial/venv/lib/python3.8/site-packages/airflow/example_dags/tutorial_dag.py
[2024-10-09T18:48:00.321-0300] {logging_mixin.py:149} INFO - [2024-10-09T18:48:00.321-0300] {dag.py:2726} INFO - Sync 1 DAGs
[2024-10-09T18:48:00.367-0300] {logging_mixin.py:149} INFO - [2024-10-09T18:48:00.367-0300] {dag.py:3486} INFO - Setting next_dagrun for tutorial_dag to None, run_after=None
[2024-10-09T18:48:00.484-0300] {processor.py:178} INFO - Processing /home/marti/Lighthouse/airflow_tooltorial/venv/lib/python3.8/site-packages/airflow/example_dags/tutorial_dag.py took 0.260 seconds
[2024-10-09T18:51:27.061-0300] {processor.py:156} INFO - Started process (PID=70982) to work on /home/marti/Lighthouse/airflow_tooltorial/venv/lib/python3.8/site-packages/airflow/example_dags/tutorial_dag.py
[2024-10-09T18:51:27.062-0300] {processor.py:799} INFO - Processing file /home/marti/Lighthouse/airflow_tooltorial/venv/lib/python3.8/site-packages/airflow/example_dags/tutorial_dag.py for tasks to queue
[2024-10-09T18:51:27.063-0300] {logging_mixin.py:149} INFO - [2024-10-09T18:51:27.063-0300] {dagbag.py:541} INFO - Filling up the DagBag from /home/marti/Lighthouse/airflow_tooltorial/venv/lib/python3.8/site-packages/airflow/example_dags/tutorial_dag.py
[2024-10-09T18:51:27.069-0300] {processor.py:809} INFO - DAG(s) dict_keys(['tutorial_dag']) retrieved from /home/marti/Lighthouse/airflow_tooltorial/venv/lib/python3.8/site-packages/airflow/example_dags/tutorial_dag.py
[2024-10-09T18:51:27.076-0300] {logging_mixin.py:149} INFO - [2024-10-09T18:51:27.076-0300] {dag.py:2726} INFO - Sync 1 DAGs
[2024-10-09T18:51:27.097-0300] {logging_mixin.py:149} INFO - [2024-10-09T18:51:27.097-0300] {dag.py:3486} INFO - Setting next_dagrun for tutorial_dag to None, run_after=None
[2024-10-09T18:51:27.214-0300] {processor.py:178} INFO - Processing /home/marti/Lighthouse/airflow_tooltorial/venv/lib/python3.8/site-packages/airflow/example_dags/tutorial_dag.py took 0.157 seconds
