[2024-10-09T18:06:01.115-0300] {processor.py:156} INFO - Started process (PID=60784) to work on /home/marti/Lighthouse/airflow_tooltorial/venv/lib/python3.8/site-packages/airflow/example_dags/tutorial.py
[2024-10-09T18:06:01.116-0300] {processor.py:799} INFO - Processing file /home/marti/Lighthouse/airflow_tooltorial/venv/lib/python3.8/site-packages/airflow/example_dags/tutorial.py for tasks to queue
[2024-10-09T18:06:01.117-0300] {logging_mixin.py:149} INFO - [2024-10-09T18:06:01.117-0300] {dagbag.py:541} INFO - Filling up the DagBag from /home/marti/Lighthouse/airflow_tooltorial/venv/lib/python3.8/site-packages/airflow/example_dags/tutorial.py
[2024-10-09T18:06:01.129-0300] {processor.py:809} INFO - DAG(s) dict_keys(['tutorial']) retrieved from /home/marti/Lighthouse/airflow_tooltorial/venv/lib/python3.8/site-packages/airflow/example_dags/tutorial.py
[2024-10-09T18:06:02.958-0300] {logging_mixin.py:149} INFO - [2024-10-09T18:06:02.958-0300] {manager.py:504} INFO - Created Permission View: can read on DAG:tutorial
[2024-10-09T18:06:03.080-0300] {logging_mixin.py:149} INFO - [2024-10-09T18:06:03.080-0300] {manager.py:504} INFO - Created Permission View: can edit on DAG:tutorial
[2024-10-09T18:06:03.469-0300] {logging_mixin.py:149} INFO - [2024-10-09T18:06:03.469-0300] {manager.py:504} INFO - Created Permission View: can delete on DAG:tutorial
[2024-10-09T18:06:03.470-0300] {logging_mixin.py:149} INFO - [2024-10-09T18:06:03.470-0300] {dag.py:2726} INFO - Sync 1 DAGs
[2024-10-09T18:06:03.493-0300] {logging_mixin.py:149} INFO - [2024-10-09T18:06:03.493-0300] {dag.py:2747} INFO - Creating ORM DAG for tutorial
[2024-10-09T18:06:03.621-0300] {logging_mixin.py:149} INFO - [2024-10-09T18:06:03.620-0300] {dag.py:3486} INFO - Setting next_dagrun for tutorial to 2024-10-08T21:06:03.619428+00:00, run_after=2024-10-09T21:06:03.619428+00:00
[2024-10-09T18:06:04.794-0300] {processor.py:178} INFO - Processing /home/marti/Lighthouse/airflow_tooltorial/venv/lib/python3.8/site-packages/airflow/example_dags/tutorial.py took 3.683 seconds
[2024-10-09T18:08:09.894-0300] {processor.py:156} INFO - Started process (PID=61727) to work on /home/marti/Lighthouse/airflow_tooltorial/venv/lib/python3.8/site-packages/airflow/example_dags/tutorial.py
[2024-10-09T18:08:09.916-0300] {processor.py:799} INFO - Processing file /home/marti/Lighthouse/airflow_tooltorial/venv/lib/python3.8/site-packages/airflow/example_dags/tutorial.py for tasks to queue
[2024-10-09T18:08:09.918-0300] {logging_mixin.py:149} INFO - [2024-10-09T18:08:09.918-0300] {dagbag.py:541} INFO - Filling up the DagBag from /home/marti/Lighthouse/airflow_tooltorial/venv/lib/python3.8/site-packages/airflow/example_dags/tutorial.py
[2024-10-09T18:08:09.929-0300] {processor.py:809} INFO - DAG(s) dict_keys(['tutorial']) retrieved from /home/marti/Lighthouse/airflow_tooltorial/venv/lib/python3.8/site-packages/airflow/example_dags/tutorial.py
[2024-10-09T18:08:09.956-0300] {logging_mixin.py:149} INFO - [2024-10-09T18:08:09.955-0300] {dag.py:2726} INFO - Sync 1 DAGs
[2024-10-09T18:08:10.056-0300] {logging_mixin.py:149} INFO - [2024-10-09T18:08:10.056-0300] {dag.py:3486} INFO - Setting next_dagrun for tutorial to 2024-10-08T21:08:10.056226+00:00, run_after=2024-10-09T21:08:10.056226+00:00
[2024-10-09T18:08:10.197-0300] {processor.py:178} INFO - Processing /home/marti/Lighthouse/airflow_tooltorial/venv/lib/python3.8/site-packages/airflow/example_dags/tutorial.py took 0.308 seconds
[2024-10-09T18:08:55.663-0300] {processor.py:156} INFO - Started process (PID=62028) to work on /home/marti/Lighthouse/airflow_tooltorial/venv/lib/python3.8/site-packages/airflow/example_dags/tutorial.py
[2024-10-09T18:08:55.687-0300] {processor.py:799} INFO - Processing file /home/marti/Lighthouse/airflow_tooltorial/venv/lib/python3.8/site-packages/airflow/example_dags/tutorial.py for tasks to queue
[2024-10-09T18:08:55.689-0300] {logging_mixin.py:149} INFO - [2024-10-09T18:08:55.689-0300] {dagbag.py:541} INFO - Filling up the DagBag from /home/marti/Lighthouse/airflow_tooltorial/venv/lib/python3.8/site-packages/airflow/example_dags/tutorial.py
[2024-10-09T18:08:55.697-0300] {processor.py:809} INFO - DAG(s) dict_keys(['tutorial']) retrieved from /home/marti/Lighthouse/airflow_tooltorial/venv/lib/python3.8/site-packages/airflow/example_dags/tutorial.py
[2024-10-09T18:08:55.719-0300] {logging_mixin.py:149} INFO - [2024-10-09T18:08:55.719-0300] {dag.py:2726} INFO - Sync 1 DAGs
[2024-10-09T18:08:55.863-0300] {logging_mixin.py:149} INFO - [2024-10-09T18:08:55.863-0300] {dag.py:3486} INFO - Setting next_dagrun for tutorial to 2024-10-08T21:08:55.862802+00:00, run_after=2024-10-09T21:08:55.862802+00:00
[2024-10-09T18:08:56.117-0300] {processor.py:178} INFO - Processing /home/marti/Lighthouse/airflow_tooltorial/venv/lib/python3.8/site-packages/airflow/example_dags/tutorial.py took 0.458 seconds
[2024-10-09T18:09:29.984-0300] {processor.py:156} INFO - Started process (PID=62106) to work on /home/marti/Lighthouse/airflow_tooltorial/venv/lib/python3.8/site-packages/airflow/example_dags/tutorial.py
[2024-10-09T18:09:29.985-0300] {processor.py:799} INFO - Processing file /home/marti/Lighthouse/airflow_tooltorial/venv/lib/python3.8/site-packages/airflow/example_dags/tutorial.py for tasks to queue
[2024-10-09T18:09:29.987-0300] {logging_mixin.py:149} INFO - [2024-10-09T18:09:29.986-0300] {dagbag.py:541} INFO - Filling up the DagBag from /home/marti/Lighthouse/airflow_tooltorial/venv/lib/python3.8/site-packages/airflow/example_dags/tutorial.py
[2024-10-09T18:09:29.999-0300] {processor.py:809} INFO - DAG(s) dict_keys(['tutorial']) retrieved from /home/marti/Lighthouse/airflow_tooltorial/venv/lib/python3.8/site-packages/airflow/example_dags/tutorial.py
[2024-10-09T18:09:30.020-0300] {logging_mixin.py:149} INFO - [2024-10-09T18:09:30.020-0300] {dag.py:2726} INFO - Sync 1 DAGs
[2024-10-09T18:09:30.041-0300] {logging_mixin.py:149} INFO - [2024-10-09T18:09:30.040-0300] {dag.py:3486} INFO - Setting next_dagrun for tutorial to 2024-10-08T21:09:30.040685+00:00, run_after=2024-10-09T21:09:30.040685+00:00
[2024-10-09T18:09:30.170-0300] {processor.py:178} INFO - Processing /home/marti/Lighthouse/airflow_tooltorial/venv/lib/python3.8/site-packages/airflow/example_dags/tutorial.py took 0.194 seconds
[2024-10-09T18:10:23.591-0300] {processor.py:156} INFO - Started process (PID=62273) to work on /home/marti/Lighthouse/airflow_tooltorial/venv/lib/python3.8/site-packages/airflow/example_dags/tutorial.py
[2024-10-09T18:10:23.624-0300] {processor.py:799} INFO - Processing file /home/marti/Lighthouse/airflow_tooltorial/venv/lib/python3.8/site-packages/airflow/example_dags/tutorial.py for tasks to queue
[2024-10-09T18:10:23.626-0300] {logging_mixin.py:149} INFO - [2024-10-09T18:10:23.625-0300] {dagbag.py:541} INFO - Filling up the DagBag from /home/marti/Lighthouse/airflow_tooltorial/venv/lib/python3.8/site-packages/airflow/example_dags/tutorial.py
[2024-10-09T18:10:23.638-0300] {processor.py:809} INFO - DAG(s) dict_keys(['tutorial']) retrieved from /home/marti/Lighthouse/airflow_tooltorial/venv/lib/python3.8/site-packages/airflow/example_dags/tutorial.py
[2024-10-09T18:10:23.659-0300] {logging_mixin.py:149} INFO - [2024-10-09T18:10:23.658-0300] {dag.py:2726} INFO - Sync 1 DAGs
[2024-10-09T18:10:23.677-0300] {logging_mixin.py:149} INFO - [2024-10-09T18:10:23.677-0300] {dag.py:3486} INFO - Setting next_dagrun for tutorial to 2024-10-08T21:10:23.676850+00:00, run_after=2024-10-09T21:10:23.676850+00:00
[2024-10-09T18:10:23.804-0300] {processor.py:178} INFO - Processing /home/marti/Lighthouse/airflow_tooltorial/venv/lib/python3.8/site-packages/airflow/example_dags/tutorial.py took 0.223 seconds
[2024-10-09T18:11:19.224-0300] {processor.py:156} INFO - Started process (PID=62498) to work on /home/marti/Lighthouse/airflow_tooltorial/venv/lib/python3.8/site-packages/airflow/example_dags/tutorial.py
[2024-10-09T18:11:19.260-0300] {processor.py:799} INFO - Processing file /home/marti/Lighthouse/airflow_tooltorial/venv/lib/python3.8/site-packages/airflow/example_dags/tutorial.py for tasks to queue
[2024-10-09T18:11:19.262-0300] {logging_mixin.py:149} INFO - [2024-10-09T18:11:19.262-0300] {dagbag.py:541} INFO - Filling up the DagBag from /home/marti/Lighthouse/airflow_tooltorial/venv/lib/python3.8/site-packages/airflow/example_dags/tutorial.py
[2024-10-09T18:11:19.284-0300] {processor.py:809} INFO - DAG(s) dict_keys(['tutorial']) retrieved from /home/marti/Lighthouse/airflow_tooltorial/venv/lib/python3.8/site-packages/airflow/example_dags/tutorial.py
[2024-10-09T18:11:19.312-0300] {logging_mixin.py:149} INFO - [2024-10-09T18:11:19.312-0300] {dag.py:2726} INFO - Sync 1 DAGs
[2024-10-09T18:11:19.328-0300] {logging_mixin.py:149} INFO - [2024-10-09T18:11:19.328-0300] {dag.py:3486} INFO - Setting next_dagrun for tutorial to 2024-10-08T21:11:19.327963+00:00, run_after=2024-10-09T21:11:19.327963+00:00
[2024-10-09T18:11:19.520-0300] {processor.py:178} INFO - Processing /home/marti/Lighthouse/airflow_tooltorial/venv/lib/python3.8/site-packages/airflow/example_dags/tutorial.py took 0.306 seconds
[2024-10-09T18:12:14.967-0300] {processor.py:156} INFO - Started process (PID=62626) to work on /home/marti/Lighthouse/airflow_tooltorial/venv/lib/python3.8/site-packages/airflow/example_dags/tutorial.py
[2024-10-09T18:12:14.998-0300] {processor.py:799} INFO - Processing file /home/marti/Lighthouse/airflow_tooltorial/venv/lib/python3.8/site-packages/airflow/example_dags/tutorial.py for tasks to queue
[2024-10-09T18:12:15.000-0300] {logging_mixin.py:149} INFO - [2024-10-09T18:12:14.999-0300] {dagbag.py:541} INFO - Filling up the DagBag from /home/marti/Lighthouse/airflow_tooltorial/venv/lib/python3.8/site-packages/airflow/example_dags/tutorial.py
[2024-10-09T18:12:15.016-0300] {processor.py:809} INFO - DAG(s) dict_keys(['tutorial']) retrieved from /home/marti/Lighthouse/airflow_tooltorial/venv/lib/python3.8/site-packages/airflow/example_dags/tutorial.py
[2024-10-09T18:12:15.040-0300] {logging_mixin.py:149} INFO - [2024-10-09T18:12:15.040-0300] {dag.py:2726} INFO - Sync 1 DAGs
[2024-10-09T18:12:15.056-0300] {logging_mixin.py:149} INFO - [2024-10-09T18:12:15.056-0300] {dag.py:3486} INFO - Setting next_dagrun for tutorial to 2024-10-08T21:12:15.055847+00:00, run_after=2024-10-09T21:12:15.055847+00:00
[2024-10-09T18:12:15.339-0300] {processor.py:178} INFO - Processing /home/marti/Lighthouse/airflow_tooltorial/venv/lib/python3.8/site-packages/airflow/example_dags/tutorial.py took 0.379 seconds
[2024-10-09T18:13:05.252-0300] {processor.py:156} INFO - Started process (PID=62745) to work on /home/marti/Lighthouse/airflow_tooltorial/venv/lib/python3.8/site-packages/airflow/example_dags/tutorial.py
[2024-10-09T18:13:05.255-0300] {processor.py:799} INFO - Processing file /home/marti/Lighthouse/airflow_tooltorial/venv/lib/python3.8/site-packages/airflow/example_dags/tutorial.py for tasks to queue
[2024-10-09T18:13:05.256-0300] {logging_mixin.py:149} INFO - [2024-10-09T18:13:05.256-0300] {dagbag.py:541} INFO - Filling up the DagBag from /home/marti/Lighthouse/airflow_tooltorial/venv/lib/python3.8/site-packages/airflow/example_dags/tutorial.py
[2024-10-09T18:13:05.266-0300] {processor.py:809} INFO - DAG(s) dict_keys(['tutorial']) retrieved from /home/marti/Lighthouse/airflow_tooltorial/venv/lib/python3.8/site-packages/airflow/example_dags/tutorial.py
[2024-10-09T18:13:05.289-0300] {logging_mixin.py:149} INFO - [2024-10-09T18:13:05.289-0300] {dag.py:2726} INFO - Sync 1 DAGs
[2024-10-09T18:13:05.305-0300] {logging_mixin.py:149} INFO - [2024-10-09T18:13:05.305-0300] {dag.py:3486} INFO - Setting next_dagrun for tutorial to 2024-10-08T21:13:05.305563+00:00, run_after=2024-10-09T21:13:05.305563+00:00
[2024-10-09T18:13:05.445-0300] {processor.py:178} INFO - Processing /home/marti/Lighthouse/airflow_tooltorial/venv/lib/python3.8/site-packages/airflow/example_dags/tutorial.py took 0.198 seconds
[2024-10-09T18:14:01.152-0300] {processor.py:156} INFO - Started process (PID=62861) to work on /home/marti/Lighthouse/airflow_tooltorial/venv/lib/python3.8/site-packages/airflow/example_dags/tutorial.py
[2024-10-09T18:14:01.162-0300] {processor.py:799} INFO - Processing file /home/marti/Lighthouse/airflow_tooltorial/venv/lib/python3.8/site-packages/airflow/example_dags/tutorial.py for tasks to queue
[2024-10-09T18:14:01.165-0300] {logging_mixin.py:149} INFO - [2024-10-09T18:14:01.164-0300] {dagbag.py:541} INFO - Filling up the DagBag from /home/marti/Lighthouse/airflow_tooltorial/venv/lib/python3.8/site-packages/airflow/example_dags/tutorial.py
[2024-10-09T18:14:01.187-0300] {processor.py:809} INFO - DAG(s) dict_keys(['tutorial']) retrieved from /home/marti/Lighthouse/airflow_tooltorial/venv/lib/python3.8/site-packages/airflow/example_dags/tutorial.py
[2024-10-09T18:14:01.222-0300] {logging_mixin.py:149} INFO - [2024-10-09T18:14:01.222-0300] {dag.py:2726} INFO - Sync 1 DAGs
[2024-10-09T18:14:01.241-0300] {logging_mixin.py:149} INFO - [2024-10-09T18:14:01.240-0300] {dag.py:3486} INFO - Setting next_dagrun for tutorial to 2024-10-08T21:14:01.240675+00:00, run_after=2024-10-09T21:14:01.240675+00:00
[2024-10-09T18:14:01.390-0300] {processor.py:178} INFO - Processing /home/marti/Lighthouse/airflow_tooltorial/venv/lib/python3.8/site-packages/airflow/example_dags/tutorial.py took 0.247 seconds
[2024-10-09T18:14:56.096-0300] {processor.py:156} INFO - Started process (PID=63030) to work on /home/marti/Lighthouse/airflow_tooltorial/venv/lib/python3.8/site-packages/airflow/example_dags/tutorial.py
[2024-10-09T18:14:56.113-0300] {processor.py:799} INFO - Processing file /home/marti/Lighthouse/airflow_tooltorial/venv/lib/python3.8/site-packages/airflow/example_dags/tutorial.py for tasks to queue
[2024-10-09T18:14:56.115-0300] {logging_mixin.py:149} INFO - [2024-10-09T18:14:56.115-0300] {dagbag.py:541} INFO - Filling up the DagBag from /home/marti/Lighthouse/airflow_tooltorial/venv/lib/python3.8/site-packages/airflow/example_dags/tutorial.py
[2024-10-09T18:14:56.131-0300] {processor.py:809} INFO - DAG(s) dict_keys(['tutorial']) retrieved from /home/marti/Lighthouse/airflow_tooltorial/venv/lib/python3.8/site-packages/airflow/example_dags/tutorial.py
[2024-10-09T18:14:56.154-0300] {logging_mixin.py:149} INFO - [2024-10-09T18:14:56.154-0300] {dag.py:2726} INFO - Sync 1 DAGs
[2024-10-09T18:14:56.170-0300] {logging_mixin.py:149} INFO - [2024-10-09T18:14:56.170-0300] {dag.py:3486} INFO - Setting next_dagrun for tutorial to 2024-10-08T21:14:56.169858+00:00, run_after=2024-10-09T21:14:56.169858+00:00
[2024-10-09T18:14:56.295-0300] {processor.py:178} INFO - Processing /home/marti/Lighthouse/airflow_tooltorial/venv/lib/python3.8/site-packages/airflow/example_dags/tutorial.py took 0.206 seconds
[2024-10-09T18:15:50.511-0300] {processor.py:156} INFO - Started process (PID=63184) to work on /home/marti/Lighthouse/airflow_tooltorial/venv/lib/python3.8/site-packages/airflow/example_dags/tutorial.py
[2024-10-09T18:15:50.538-0300] {processor.py:799} INFO - Processing file /home/marti/Lighthouse/airflow_tooltorial/venv/lib/python3.8/site-packages/airflow/example_dags/tutorial.py for tasks to queue
[2024-10-09T18:15:50.540-0300] {logging_mixin.py:149} INFO - [2024-10-09T18:15:50.539-0300] {dagbag.py:541} INFO - Filling up the DagBag from /home/marti/Lighthouse/airflow_tooltorial/venv/lib/python3.8/site-packages/airflow/example_dags/tutorial.py
[2024-10-09T18:15:50.560-0300] {processor.py:809} INFO - DAG(s) dict_keys(['tutorial']) retrieved from /home/marti/Lighthouse/airflow_tooltorial/venv/lib/python3.8/site-packages/airflow/example_dags/tutorial.py
[2024-10-09T18:15:50.586-0300] {logging_mixin.py:149} INFO - [2024-10-09T18:15:50.586-0300] {dag.py:2726} INFO - Sync 1 DAGs
[2024-10-09T18:15:50.605-0300] {logging_mixin.py:149} INFO - [2024-10-09T18:15:50.605-0300] {dag.py:3486} INFO - Setting next_dagrun for tutorial to 2024-10-08T21:15:50.604887+00:00, run_after=2024-10-09T21:15:50.604887+00:00
[2024-10-09T18:15:50.725-0300] {processor.py:178} INFO - Processing /home/marti/Lighthouse/airflow_tooltorial/venv/lib/python3.8/site-packages/airflow/example_dags/tutorial.py took 0.217 seconds
[2024-10-09T18:16:37.055-0300] {processor.py:156} INFO - Started process (PID=63327) to work on /home/marti/Lighthouse/airflow_tooltorial/venv/lib/python3.8/site-packages/airflow/example_dags/tutorial.py
[2024-10-09T18:16:37.086-0300] {processor.py:799} INFO - Processing file /home/marti/Lighthouse/airflow_tooltorial/venv/lib/python3.8/site-packages/airflow/example_dags/tutorial.py for tasks to queue
[2024-10-09T18:16:37.088-0300] {logging_mixin.py:149} INFO - [2024-10-09T18:16:37.088-0300] {dagbag.py:541} INFO - Filling up the DagBag from /home/marti/Lighthouse/airflow_tooltorial/venv/lib/python3.8/site-packages/airflow/example_dags/tutorial.py
[2024-10-09T18:16:37.108-0300] {processor.py:809} INFO - DAG(s) dict_keys(['tutorial']) retrieved from /home/marti/Lighthouse/airflow_tooltorial/venv/lib/python3.8/site-packages/airflow/example_dags/tutorial.py
[2024-10-09T18:16:37.136-0300] {logging_mixin.py:149} INFO - [2024-10-09T18:16:37.135-0300] {dag.py:2726} INFO - Sync 1 DAGs
[2024-10-09T18:16:37.154-0300] {logging_mixin.py:149} INFO - [2024-10-09T18:16:37.154-0300] {dag.py:3486} INFO - Setting next_dagrun for tutorial to 2024-10-08T21:16:37.154175+00:00, run_after=2024-10-09T21:16:37.154175+00:00
[2024-10-09T18:16:37.285-0300] {processor.py:178} INFO - Processing /home/marti/Lighthouse/airflow_tooltorial/venv/lib/python3.8/site-packages/airflow/example_dags/tutorial.py took 0.236 seconds
[2024-10-09T18:17:44.268-0300] {processor.py:156} INFO - Started process (PID=63951) to work on /home/marti/Lighthouse/airflow_tooltorial/venv/lib/python3.8/site-packages/airflow/example_dags/tutorial.py
[2024-10-09T18:17:44.323-0300] {processor.py:799} INFO - Processing file /home/marti/Lighthouse/airflow_tooltorial/venv/lib/python3.8/site-packages/airflow/example_dags/tutorial.py for tasks to queue
[2024-10-09T18:17:44.326-0300] {logging_mixin.py:149} INFO - [2024-10-09T18:17:44.325-0300] {dagbag.py:541} INFO - Filling up the DagBag from /home/marti/Lighthouse/airflow_tooltorial/venv/lib/python3.8/site-packages/airflow/example_dags/tutorial.py
[2024-10-09T18:17:44.353-0300] {processor.py:809} INFO - DAG(s) dict_keys(['tutorial']) retrieved from /home/marti/Lighthouse/airflow_tooltorial/venv/lib/python3.8/site-packages/airflow/example_dags/tutorial.py
[2024-10-09T18:17:44.397-0300] {logging_mixin.py:149} INFO - [2024-10-09T18:17:44.397-0300] {dag.py:2726} INFO - Sync 1 DAGs
[2024-10-09T18:17:44.417-0300] {logging_mixin.py:149} INFO - [2024-10-09T18:17:44.417-0300] {dag.py:3486} INFO - Setting next_dagrun for tutorial to 2024-10-08T21:17:44.417016+00:00, run_after=2024-10-09T21:17:44.417016+00:00
[2024-10-09T18:17:44.538-0300] {processor.py:178} INFO - Processing /home/marti/Lighthouse/airflow_tooltorial/venv/lib/python3.8/site-packages/airflow/example_dags/tutorial.py took 0.280 seconds
[2024-10-09T18:18:38.237-0300] {processor.py:156} INFO - Started process (PID=64109) to work on /home/marti/Lighthouse/airflow_tooltorial/venv/lib/python3.8/site-packages/airflow/example_dags/tutorial.py
[2024-10-09T18:18:38.287-0300] {processor.py:799} INFO - Processing file /home/marti/Lighthouse/airflow_tooltorial/venv/lib/python3.8/site-packages/airflow/example_dags/tutorial.py for tasks to queue
[2024-10-09T18:18:38.290-0300] {logging_mixin.py:149} INFO - [2024-10-09T18:18:38.290-0300] {dagbag.py:541} INFO - Filling up the DagBag from /home/marti/Lighthouse/airflow_tooltorial/venv/lib/python3.8/site-packages/airflow/example_dags/tutorial.py
[2024-10-09T18:18:38.307-0300] {processor.py:809} INFO - DAG(s) dict_keys(['tutorial']) retrieved from /home/marti/Lighthouse/airflow_tooltorial/venv/lib/python3.8/site-packages/airflow/example_dags/tutorial.py
[2024-10-09T18:18:38.330-0300] {logging_mixin.py:149} INFO - [2024-10-09T18:18:38.329-0300] {dag.py:2726} INFO - Sync 1 DAGs
[2024-10-09T18:18:38.346-0300] {logging_mixin.py:149} INFO - [2024-10-09T18:18:38.345-0300] {dag.py:3486} INFO - Setting next_dagrun for tutorial to 2024-10-08T21:18:38.345770+00:00, run_after=2024-10-09T21:18:38.345770+00:00
[2024-10-09T18:18:38.445-0300] {processor.py:178} INFO - Processing /home/marti/Lighthouse/airflow_tooltorial/venv/lib/python3.8/site-packages/airflow/example_dags/tutorial.py took 0.211 seconds
[2024-10-09T18:47:57.504-0300] {processor.py:156} INFO - Started process (PID=69465) to work on /home/marti/Lighthouse/airflow_tooltorial/venv/lib/python3.8/site-packages/airflow/example_dags/tutorial.py
[2024-10-09T18:47:57.522-0300] {processor.py:799} INFO - Processing file /home/marti/Lighthouse/airflow_tooltorial/venv/lib/python3.8/site-packages/airflow/example_dags/tutorial.py for tasks to queue
[2024-10-09T18:47:57.524-0300] {logging_mixin.py:149} INFO - [2024-10-09T18:47:57.524-0300] {dagbag.py:541} INFO - Filling up the DagBag from /home/marti/Lighthouse/airflow_tooltorial/venv/lib/python3.8/site-packages/airflow/example_dags/tutorial.py
[2024-10-09T18:47:57.548-0300] {processor.py:809} INFO - DAG(s) dict_keys(['tutorial']) retrieved from /home/marti/Lighthouse/airflow_tooltorial/venv/lib/python3.8/site-packages/airflow/example_dags/tutorial.py
[2024-10-09T18:47:57.559-0300] {logging_mixin.py:149} INFO - [2024-10-09T18:47:57.559-0300] {dag.py:2726} INFO - Sync 1 DAGs
[2024-10-09T18:47:57.578-0300] {logging_mixin.py:149} INFO - [2024-10-09T18:47:57.578-0300] {dag.py:3486} INFO - Setting next_dagrun for tutorial to 2024-10-08T21:47:57.578255+00:00, run_after=2024-10-09T21:47:57.578255+00:00
[2024-10-09T18:47:57.854-0300] {processor.py:178} INFO - Processing /home/marti/Lighthouse/airflow_tooltorial/venv/lib/python3.8/site-packages/airflow/example_dags/tutorial.py took 0.353 seconds
[2024-10-09T18:51:24.425-0300] {processor.py:156} INFO - Started process (PID=70877) to work on /home/marti/Lighthouse/airflow_tooltorial/venv/lib/python3.8/site-packages/airflow/example_dags/tutorial.py
[2024-10-09T18:51:24.440-0300] {processor.py:799} INFO - Processing file /home/marti/Lighthouse/airflow_tooltorial/venv/lib/python3.8/site-packages/airflow/example_dags/tutorial.py for tasks to queue
[2024-10-09T18:51:24.441-0300] {logging_mixin.py:149} INFO - [2024-10-09T18:51:24.441-0300] {dagbag.py:541} INFO - Filling up the DagBag from /home/marti/Lighthouse/airflow_tooltorial/venv/lib/python3.8/site-packages/airflow/example_dags/tutorial.py
[2024-10-09T18:51:24.449-0300] {processor.py:809} INFO - DAG(s) dict_keys(['tutorial']) retrieved from /home/marti/Lighthouse/airflow_tooltorial/venv/lib/python3.8/site-packages/airflow/example_dags/tutorial.py
[2024-10-09T18:51:24.456-0300] {logging_mixin.py:149} INFO - [2024-10-09T18:51:24.455-0300] {dag.py:2726} INFO - Sync 1 DAGs
[2024-10-09T18:51:24.473-0300] {logging_mixin.py:149} INFO - [2024-10-09T18:51:24.473-0300] {dag.py:3486} INFO - Setting next_dagrun for tutorial to 2024-10-08T21:51:24.473335+00:00, run_after=2024-10-09T21:51:24.473335+00:00
[2024-10-09T18:51:24.689-0300] {processor.py:178} INFO - Processing /home/marti/Lighthouse/airflow_tooltorial/venv/lib/python3.8/site-packages/airflow/example_dags/tutorial.py took 0.268 seconds
