[2024-10-09T18:06:07.747-0300] {processor.py:156} INFO - Started process (PID=60838) to work on /home/marti/Lighthouse/airflow_tooltorial/venv/lib/python3.8/site-packages/airflow/example_dags/tutorial_taskflow_api_virtualenv.py
[2024-10-09T18:06:07.750-0300] {processor.py:799} INFO - Processing file /home/marti/Lighthouse/airflow_tooltorial/venv/lib/python3.8/site-packages/airflow/example_dags/tutorial_taskflow_api_virtualenv.py for tasks to queue
[2024-10-09T18:06:07.753-0300] {logging_mixin.py:149} INFO - [2024-10-09T18:06:07.752-0300] {dagbag.py:541} INFO - Filling up the DagBag from /home/marti/Lighthouse/airflow_tooltorial/venv/lib/python3.8/site-packages/airflow/example_dags/tutorial_taskflow_api_virtualenv.py
[2024-10-09T18:06:07.782-0300] {processor.py:809} INFO - DAG(s) dict_keys(['tutorial_taskflow_api_virtualenv']) retrieved from /home/marti/Lighthouse/airflow_tooltorial/venv/lib/python3.8/site-packages/airflow/example_dags/tutorial_taskflow_api_virtualenv.py
[2024-10-09T18:06:08.994-0300] {logging_mixin.py:149} INFO - [2024-10-09T18:06:08.993-0300] {manager.py:504} INFO - Created Permission View: can read on DAG:tutorial_taskflow_api_virtualenv
[2024-10-09T18:06:09.127-0300] {logging_mixin.py:149} INFO - [2024-10-09T18:06:09.126-0300] {manager.py:504} INFO - Created Permission View: can edit on DAG:tutorial_taskflow_api_virtualenv
[2024-10-09T18:06:09.249-0300] {logging_mixin.py:149} INFO - [2024-10-09T18:06:09.249-0300] {manager.py:504} INFO - Created Permission View: can delete on DAG:tutorial_taskflow_api_virtualenv
[2024-10-09T18:06:09.250-0300] {logging_mixin.py:149} INFO - [2024-10-09T18:06:09.250-0300] {dag.py:2726} INFO - Sync 1 DAGs
[2024-10-09T18:06:09.441-0300] {logging_mixin.py:149} INFO - [2024-10-09T18:06:09.441-0300] {dag.py:2747} INFO - Creating ORM DAG for tutorial_taskflow_api_virtualenv
[2024-10-09T18:06:09.743-0300] {logging_mixin.py:149} INFO - [2024-10-09T18:06:09.742-0300] {dag.py:3486} INFO - Setting next_dagrun for tutorial_taskflow_api_virtualenv to None, run_after=None
[2024-10-09T18:06:11.403-0300] {processor.py:178} INFO - Processing /home/marti/Lighthouse/airflow_tooltorial/venv/lib/python3.8/site-packages/airflow/example_dags/tutorial_taskflow_api_virtualenv.py took 3.668 seconds
[2024-10-09T18:08:11.394-0300] {processor.py:156} INFO - Started process (PID=61728) to work on /home/marti/Lighthouse/airflow_tooltorial/venv/lib/python3.8/site-packages/airflow/example_dags/tutorial_taskflow_api_virtualenv.py
[2024-10-09T18:08:11.442-0300] {processor.py:799} INFO - Processing file /home/marti/Lighthouse/airflow_tooltorial/venv/lib/python3.8/site-packages/airflow/example_dags/tutorial_taskflow_api_virtualenv.py for tasks to queue
[2024-10-09T18:08:11.444-0300] {logging_mixin.py:149} INFO - [2024-10-09T18:08:11.444-0300] {dagbag.py:541} INFO - Filling up the DagBag from /home/marti/Lighthouse/airflow_tooltorial/venv/lib/python3.8/site-packages/airflow/example_dags/tutorial_taskflow_api_virtualenv.py
[2024-10-09T18:08:11.462-0300] {processor.py:809} INFO - DAG(s) dict_keys(['tutorial_taskflow_api_virtualenv']) retrieved from /home/marti/Lighthouse/airflow_tooltorial/venv/lib/python3.8/site-packages/airflow/example_dags/tutorial_taskflow_api_virtualenv.py
[2024-10-09T18:08:11.483-0300] {logging_mixin.py:149} INFO - [2024-10-09T18:08:11.483-0300] {dag.py:2726} INFO - Sync 1 DAGs
[2024-10-09T18:08:11.579-0300] {logging_mixin.py:149} INFO - [2024-10-09T18:08:11.579-0300] {dag.py:3486} INFO - Setting next_dagrun for tutorial_taskflow_api_virtualenv to None, run_after=None
[2024-10-09T18:08:11.701-0300] {processor.py:178} INFO - Processing /home/marti/Lighthouse/airflow_tooltorial/venv/lib/python3.8/site-packages/airflow/example_dags/tutorial_taskflow_api_virtualenv.py took 0.316 seconds
[2024-10-09T18:08:56.975-0300] {processor.py:156} INFO - Started process (PID=62029) to work on /home/marti/Lighthouse/airflow_tooltorial/venv/lib/python3.8/site-packages/airflow/example_dags/tutorial_taskflow_api_virtualenv.py
[2024-10-09T18:08:57.011-0300] {processor.py:799} INFO - Processing file /home/marti/Lighthouse/airflow_tooltorial/venv/lib/python3.8/site-packages/airflow/example_dags/tutorial_taskflow_api_virtualenv.py for tasks to queue
[2024-10-09T18:08:57.014-0300] {logging_mixin.py:149} INFO - [2024-10-09T18:08:57.014-0300] {dagbag.py:541} INFO - Filling up the DagBag from /home/marti/Lighthouse/airflow_tooltorial/venv/lib/python3.8/site-packages/airflow/example_dags/tutorial_taskflow_api_virtualenv.py
[2024-10-09T18:08:57.047-0300] {processor.py:809} INFO - DAG(s) dict_keys(['tutorial_taskflow_api_virtualenv']) retrieved from /home/marti/Lighthouse/airflow_tooltorial/venv/lib/python3.8/site-packages/airflow/example_dags/tutorial_taskflow_api_virtualenv.py
[2024-10-09T18:08:57.096-0300] {logging_mixin.py:149} INFO - [2024-10-09T18:08:57.096-0300] {dag.py:2726} INFO - Sync 1 DAGs
[2024-10-09T18:08:57.242-0300] {logging_mixin.py:149} INFO - [2024-10-09T18:08:57.242-0300] {dag.py:3486} INFO - Setting next_dagrun for tutorial_taskflow_api_virtualenv to None, run_after=None
[2024-10-09T18:08:57.388-0300] {processor.py:178} INFO - Processing /home/marti/Lighthouse/airflow_tooltorial/venv/lib/python3.8/site-packages/airflow/example_dags/tutorial_taskflow_api_virtualenv.py took 0.425 seconds
[2024-10-09T18:09:31.360-0300] {processor.py:156} INFO - Started process (PID=62107) to work on /home/marti/Lighthouse/airflow_tooltorial/venv/lib/python3.8/site-packages/airflow/example_dags/tutorial_taskflow_api_virtualenv.py
[2024-10-09T18:09:31.374-0300] {processor.py:799} INFO - Processing file /home/marti/Lighthouse/airflow_tooltorial/venv/lib/python3.8/site-packages/airflow/example_dags/tutorial_taskflow_api_virtualenv.py for tasks to queue
[2024-10-09T18:09:31.376-0300] {logging_mixin.py:149} INFO - [2024-10-09T18:09:31.376-0300] {dagbag.py:541} INFO - Filling up the DagBag from /home/marti/Lighthouse/airflow_tooltorial/venv/lib/python3.8/site-packages/airflow/example_dags/tutorial_taskflow_api_virtualenv.py
[2024-10-09T18:09:31.395-0300] {processor.py:809} INFO - DAG(s) dict_keys(['tutorial_taskflow_api_virtualenv']) retrieved from /home/marti/Lighthouse/airflow_tooltorial/venv/lib/python3.8/site-packages/airflow/example_dags/tutorial_taskflow_api_virtualenv.py
[2024-10-09T18:09:31.419-0300] {logging_mixin.py:149} INFO - [2024-10-09T18:09:31.418-0300] {dag.py:2726} INFO - Sync 1 DAGs
[2024-10-09T18:09:31.434-0300] {logging_mixin.py:149} INFO - [2024-10-09T18:09:31.434-0300] {dag.py:3486} INFO - Setting next_dagrun for tutorial_taskflow_api_virtualenv to None, run_after=None
[2024-10-09T18:09:31.567-0300] {processor.py:178} INFO - Processing /home/marti/Lighthouse/airflow_tooltorial/venv/lib/python3.8/site-packages/airflow/example_dags/tutorial_taskflow_api_virtualenv.py took 0.216 seconds
[2024-10-09T18:10:25.098-0300] {processor.py:156} INFO - Started process (PID=62274) to work on /home/marti/Lighthouse/airflow_tooltorial/venv/lib/python3.8/site-packages/airflow/example_dags/tutorial_taskflow_api_virtualenv.py
[2024-10-09T18:10:25.112-0300] {processor.py:799} INFO - Processing file /home/marti/Lighthouse/airflow_tooltorial/venv/lib/python3.8/site-packages/airflow/example_dags/tutorial_taskflow_api_virtualenv.py for tasks to queue
[2024-10-09T18:10:25.114-0300] {logging_mixin.py:149} INFO - [2024-10-09T18:10:25.114-0300] {dagbag.py:541} INFO - Filling up the DagBag from /home/marti/Lighthouse/airflow_tooltorial/venv/lib/python3.8/site-packages/airflow/example_dags/tutorial_taskflow_api_virtualenv.py
[2024-10-09T18:10:25.132-0300] {processor.py:809} INFO - DAG(s) dict_keys(['tutorial_taskflow_api_virtualenv']) retrieved from /home/marti/Lighthouse/airflow_tooltorial/venv/lib/python3.8/site-packages/airflow/example_dags/tutorial_taskflow_api_virtualenv.py
[2024-10-09T18:10:25.155-0300] {logging_mixin.py:149} INFO - [2024-10-09T18:10:25.155-0300] {dag.py:2726} INFO - Sync 1 DAGs
[2024-10-09T18:10:25.178-0300] {logging_mixin.py:149} INFO - [2024-10-09T18:10:25.178-0300] {dag.py:3486} INFO - Setting next_dagrun for tutorial_taskflow_api_virtualenv to None, run_after=None
[2024-10-09T18:10:25.320-0300] {processor.py:178} INFO - Processing /home/marti/Lighthouse/airflow_tooltorial/venv/lib/python3.8/site-packages/airflow/example_dags/tutorial_taskflow_api_virtualenv.py took 0.230 seconds
[2024-10-09T18:11:20.702-0300] {processor.py:156} INFO - Started process (PID=62499) to work on /home/marti/Lighthouse/airflow_tooltorial/venv/lib/python3.8/site-packages/airflow/example_dags/tutorial_taskflow_api_virtualenv.py
[2024-10-09T18:11:20.756-0300] {processor.py:799} INFO - Processing file /home/marti/Lighthouse/airflow_tooltorial/venv/lib/python3.8/site-packages/airflow/example_dags/tutorial_taskflow_api_virtualenv.py for tasks to queue
[2024-10-09T18:11:20.757-0300] {logging_mixin.py:149} INFO - [2024-10-09T18:11:20.756-0300] {dagbag.py:541} INFO - Filling up the DagBag from /home/marti/Lighthouse/airflow_tooltorial/venv/lib/python3.8/site-packages/airflow/example_dags/tutorial_taskflow_api_virtualenv.py
[2024-10-09T18:11:20.767-0300] {processor.py:809} INFO - DAG(s) dict_keys(['tutorial_taskflow_api_virtualenv']) retrieved from /home/marti/Lighthouse/airflow_tooltorial/venv/lib/python3.8/site-packages/airflow/example_dags/tutorial_taskflow_api_virtualenv.py
[2024-10-09T18:11:20.793-0300] {logging_mixin.py:149} INFO - [2024-10-09T18:11:20.793-0300] {dag.py:2726} INFO - Sync 1 DAGs
[2024-10-09T18:11:20.809-0300] {logging_mixin.py:149} INFO - [2024-10-09T18:11:20.809-0300] {dag.py:3486} INFO - Setting next_dagrun for tutorial_taskflow_api_virtualenv to None, run_after=None
[2024-10-09T18:11:20.938-0300] {processor.py:178} INFO - Processing /home/marti/Lighthouse/airflow_tooltorial/venv/lib/python3.8/site-packages/airflow/example_dags/tutorial_taskflow_api_virtualenv.py took 0.241 seconds
[2024-10-09T18:12:16.421-0300] {processor.py:156} INFO - Started process (PID=62627) to work on /home/marti/Lighthouse/airflow_tooltorial/venv/lib/python3.8/site-packages/airflow/example_dags/tutorial_taskflow_api_virtualenv.py
[2024-10-09T18:12:16.485-0300] {processor.py:799} INFO - Processing file /home/marti/Lighthouse/airflow_tooltorial/venv/lib/python3.8/site-packages/airflow/example_dags/tutorial_taskflow_api_virtualenv.py for tasks to queue
[2024-10-09T18:12:16.487-0300] {logging_mixin.py:149} INFO - [2024-10-09T18:12:16.486-0300] {dagbag.py:541} INFO - Filling up the DagBag from /home/marti/Lighthouse/airflow_tooltorial/venv/lib/python3.8/site-packages/airflow/example_dags/tutorial_taskflow_api_virtualenv.py
[2024-10-09T18:12:16.515-0300] {processor.py:809} INFO - DAG(s) dict_keys(['tutorial_taskflow_api_virtualenv']) retrieved from /home/marti/Lighthouse/airflow_tooltorial/venv/lib/python3.8/site-packages/airflow/example_dags/tutorial_taskflow_api_virtualenv.py
[2024-10-09T18:12:16.541-0300] {logging_mixin.py:149} INFO - [2024-10-09T18:12:16.541-0300] {dag.py:2726} INFO - Sync 1 DAGs
[2024-10-09T18:12:16.556-0300] {logging_mixin.py:149} INFO - [2024-10-09T18:12:16.556-0300] {dag.py:3486} INFO - Setting next_dagrun for tutorial_taskflow_api_virtualenv to None, run_after=None
[2024-10-09T18:12:16.711-0300] {processor.py:178} INFO - Processing /home/marti/Lighthouse/airflow_tooltorial/venv/lib/python3.8/site-packages/airflow/example_dags/tutorial_taskflow_api_virtualenv.py took 0.295 seconds
[2024-10-09T18:13:06.818-0300] {processor.py:156} INFO - Started process (PID=62746) to work on /home/marti/Lighthouse/airflow_tooltorial/venv/lib/python3.8/site-packages/airflow/example_dags/tutorial_taskflow_api_virtualenv.py
[2024-10-09T18:13:06.837-0300] {processor.py:799} INFO - Processing file /home/marti/Lighthouse/airflow_tooltorial/venv/lib/python3.8/site-packages/airflow/example_dags/tutorial_taskflow_api_virtualenv.py for tasks to queue
[2024-10-09T18:13:06.839-0300] {logging_mixin.py:149} INFO - [2024-10-09T18:13:06.839-0300] {dagbag.py:541} INFO - Filling up the DagBag from /home/marti/Lighthouse/airflow_tooltorial/venv/lib/python3.8/site-packages/airflow/example_dags/tutorial_taskflow_api_virtualenv.py
[2024-10-09T18:13:06.864-0300] {processor.py:809} INFO - DAG(s) dict_keys(['tutorial_taskflow_api_virtualenv']) retrieved from /home/marti/Lighthouse/airflow_tooltorial/venv/lib/python3.8/site-packages/airflow/example_dags/tutorial_taskflow_api_virtualenv.py
[2024-10-09T18:13:06.906-0300] {logging_mixin.py:149} INFO - [2024-10-09T18:13:06.906-0300] {dag.py:2726} INFO - Sync 1 DAGs
[2024-10-09T18:13:06.927-0300] {logging_mixin.py:149} INFO - [2024-10-09T18:13:06.927-0300] {dag.py:3486} INFO - Setting next_dagrun for tutorial_taskflow_api_virtualenv to None, run_after=None
[2024-10-09T18:13:07.098-0300] {processor.py:178} INFO - Processing /home/marti/Lighthouse/airflow_tooltorial/venv/lib/python3.8/site-packages/airflow/example_dags/tutorial_taskflow_api_virtualenv.py took 0.293 seconds
[2024-10-09T18:14:01.894-0300] {processor.py:156} INFO - Started process (PID=62862) to work on /home/marti/Lighthouse/airflow_tooltorial/venv/lib/python3.8/site-packages/airflow/example_dags/tutorial_taskflow_api_virtualenv.py
[2024-10-09T18:14:01.908-0300] {processor.py:799} INFO - Processing file /home/marti/Lighthouse/airflow_tooltorial/venv/lib/python3.8/site-packages/airflow/example_dags/tutorial_taskflow_api_virtualenv.py for tasks to queue
[2024-10-09T18:14:01.909-0300] {logging_mixin.py:149} INFO - [2024-10-09T18:14:01.909-0300] {dagbag.py:541} INFO - Filling up the DagBag from /home/marti/Lighthouse/airflow_tooltorial/venv/lib/python3.8/site-packages/airflow/example_dags/tutorial_taskflow_api_virtualenv.py
[2024-10-09T18:14:01.920-0300] {processor.py:809} INFO - DAG(s) dict_keys(['tutorial_taskflow_api_virtualenv']) retrieved from /home/marti/Lighthouse/airflow_tooltorial/venv/lib/python3.8/site-packages/airflow/example_dags/tutorial_taskflow_api_virtualenv.py
[2024-10-09T18:14:01.947-0300] {logging_mixin.py:149} INFO - [2024-10-09T18:14:01.947-0300] {dag.py:2726} INFO - Sync 1 DAGs
[2024-10-09T18:14:01.965-0300] {logging_mixin.py:149} INFO - [2024-10-09T18:14:01.964-0300] {dag.py:3486} INFO - Setting next_dagrun for tutorial_taskflow_api_virtualenv to None, run_after=None
[2024-10-09T18:14:02.082-0300] {processor.py:178} INFO - Processing /home/marti/Lighthouse/airflow_tooltorial/venv/lib/python3.8/site-packages/airflow/example_dags/tutorial_taskflow_api_virtualenv.py took 0.192 seconds
[2024-10-09T18:14:57.491-0300] {processor.py:156} INFO - Started process (PID=63031) to work on /home/marti/Lighthouse/airflow_tooltorial/venv/lib/python3.8/site-packages/airflow/example_dags/tutorial_taskflow_api_virtualenv.py
[2024-10-09T18:14:57.502-0300] {processor.py:799} INFO - Processing file /home/marti/Lighthouse/airflow_tooltorial/venv/lib/python3.8/site-packages/airflow/example_dags/tutorial_taskflow_api_virtualenv.py for tasks to queue
[2024-10-09T18:14:57.504-0300] {logging_mixin.py:149} INFO - [2024-10-09T18:14:57.504-0300] {dagbag.py:541} INFO - Filling up the DagBag from /home/marti/Lighthouse/airflow_tooltorial/venv/lib/python3.8/site-packages/airflow/example_dags/tutorial_taskflow_api_virtualenv.py
[2024-10-09T18:14:57.522-0300] {processor.py:809} INFO - DAG(s) dict_keys(['tutorial_taskflow_api_virtualenv']) retrieved from /home/marti/Lighthouse/airflow_tooltorial/venv/lib/python3.8/site-packages/airflow/example_dags/tutorial_taskflow_api_virtualenv.py
[2024-10-09T18:14:57.544-0300] {logging_mixin.py:149} INFO - [2024-10-09T18:14:57.543-0300] {dag.py:2726} INFO - Sync 1 DAGs
[2024-10-09T18:14:57.559-0300] {logging_mixin.py:149} INFO - [2024-10-09T18:14:57.559-0300] {dag.py:3486} INFO - Setting next_dagrun for tutorial_taskflow_api_virtualenv to None, run_after=None
[2024-10-09T18:14:57.675-0300] {processor.py:178} INFO - Processing /home/marti/Lighthouse/airflow_tooltorial/venv/lib/python3.8/site-packages/airflow/example_dags/tutorial_taskflow_api_virtualenv.py took 0.192 seconds
[2024-10-09T18:15:51.205-0300] {processor.py:156} INFO - Started process (PID=63185) to work on /home/marti/Lighthouse/airflow_tooltorial/venv/lib/python3.8/site-packages/airflow/example_dags/tutorial_taskflow_api_virtualenv.py
[2024-10-09T18:15:51.245-0300] {processor.py:799} INFO - Processing file /home/marti/Lighthouse/airflow_tooltorial/venv/lib/python3.8/site-packages/airflow/example_dags/tutorial_taskflow_api_virtualenv.py for tasks to queue
[2024-10-09T18:15:51.248-0300] {logging_mixin.py:149} INFO - [2024-10-09T18:15:51.247-0300] {dagbag.py:541} INFO - Filling up the DagBag from /home/marti/Lighthouse/airflow_tooltorial/venv/lib/python3.8/site-packages/airflow/example_dags/tutorial_taskflow_api_virtualenv.py
[2024-10-09T18:15:51.265-0300] {processor.py:809} INFO - DAG(s) dict_keys(['tutorial_taskflow_api_virtualenv']) retrieved from /home/marti/Lighthouse/airflow_tooltorial/venv/lib/python3.8/site-packages/airflow/example_dags/tutorial_taskflow_api_virtualenv.py
[2024-10-09T18:15:51.288-0300] {logging_mixin.py:149} INFO - [2024-10-09T18:15:51.288-0300] {dag.py:2726} INFO - Sync 1 DAGs
[2024-10-09T18:15:51.308-0300] {logging_mixin.py:149} INFO - [2024-10-09T18:15:51.308-0300] {dag.py:3486} INFO - Setting next_dagrun for tutorial_taskflow_api_virtualenv to None, run_after=None
[2024-10-09T18:15:51.431-0300] {processor.py:178} INFO - Processing /home/marti/Lighthouse/airflow_tooltorial/venv/lib/python3.8/site-packages/airflow/example_dags/tutorial_taskflow_api_virtualenv.py took 0.238 seconds
[2024-10-09T18:16:38.448-0300] {processor.py:156} INFO - Started process (PID=63330) to work on /home/marti/Lighthouse/airflow_tooltorial/venv/lib/python3.8/site-packages/airflow/example_dags/tutorial_taskflow_api_virtualenv.py
[2024-10-09T18:16:38.465-0300] {processor.py:799} INFO - Processing file /home/marti/Lighthouse/airflow_tooltorial/venv/lib/python3.8/site-packages/airflow/example_dags/tutorial_taskflow_api_virtualenv.py for tasks to queue
[2024-10-09T18:16:38.466-0300] {logging_mixin.py:149} INFO - [2024-10-09T18:16:38.466-0300] {dagbag.py:541} INFO - Filling up the DagBag from /home/marti/Lighthouse/airflow_tooltorial/venv/lib/python3.8/site-packages/airflow/example_dags/tutorial_taskflow_api_virtualenv.py
[2024-10-09T18:16:38.481-0300] {processor.py:809} INFO - DAG(s) dict_keys(['tutorial_taskflow_api_virtualenv']) retrieved from /home/marti/Lighthouse/airflow_tooltorial/venv/lib/python3.8/site-packages/airflow/example_dags/tutorial_taskflow_api_virtualenv.py
[2024-10-09T18:16:38.507-0300] {logging_mixin.py:149} INFO - [2024-10-09T18:16:38.507-0300] {dag.py:2726} INFO - Sync 1 DAGs
[2024-10-09T18:16:38.523-0300] {logging_mixin.py:149} INFO - [2024-10-09T18:16:38.523-0300] {dag.py:3486} INFO - Setting next_dagrun for tutorial_taskflow_api_virtualenv to None, run_after=None
[2024-10-09T18:16:38.636-0300] {processor.py:178} INFO - Processing /home/marti/Lighthouse/airflow_tooltorial/venv/lib/python3.8/site-packages/airflow/example_dags/tutorial_taskflow_api_virtualenv.py took 0.194 seconds
[2024-10-09T18:17:45.637-0300] {processor.py:156} INFO - Started process (PID=63956) to work on /home/marti/Lighthouse/airflow_tooltorial/venv/lib/python3.8/site-packages/airflow/example_dags/tutorial_taskflow_api_virtualenv.py
[2024-10-09T18:17:45.644-0300] {processor.py:799} INFO - Processing file /home/marti/Lighthouse/airflow_tooltorial/venv/lib/python3.8/site-packages/airflow/example_dags/tutorial_taskflow_api_virtualenv.py for tasks to queue
[2024-10-09T18:17:45.646-0300] {logging_mixin.py:149} INFO - [2024-10-09T18:17:45.646-0300] {dagbag.py:541} INFO - Filling up the DagBag from /home/marti/Lighthouse/airflow_tooltorial/venv/lib/python3.8/site-packages/airflow/example_dags/tutorial_taskflow_api_virtualenv.py
[2024-10-09T18:17:45.662-0300] {processor.py:809} INFO - DAG(s) dict_keys(['tutorial_taskflow_api_virtualenv']) retrieved from /home/marti/Lighthouse/airflow_tooltorial/venv/lib/python3.8/site-packages/airflow/example_dags/tutorial_taskflow_api_virtualenv.py
[2024-10-09T18:17:45.687-0300] {logging_mixin.py:149} INFO - [2024-10-09T18:17:45.687-0300] {dag.py:2726} INFO - Sync 1 DAGs
[2024-10-09T18:17:45.705-0300] {logging_mixin.py:149} INFO - [2024-10-09T18:17:45.704-0300] {dag.py:3486} INFO - Setting next_dagrun for tutorial_taskflow_api_virtualenv to None, run_after=None
[2024-10-09T18:17:45.823-0300] {processor.py:178} INFO - Processing /home/marti/Lighthouse/airflow_tooltorial/venv/lib/python3.8/site-packages/airflow/example_dags/tutorial_taskflow_api_virtualenv.py took 0.195 seconds
[2024-10-09T18:18:39.629-0300] {processor.py:156} INFO - Started process (PID=64140) to work on /home/marti/Lighthouse/airflow_tooltorial/venv/lib/python3.8/site-packages/airflow/example_dags/tutorial_taskflow_api_virtualenv.py
[2024-10-09T18:18:39.679-0300] {processor.py:799} INFO - Processing file /home/marti/Lighthouse/airflow_tooltorial/venv/lib/python3.8/site-packages/airflow/example_dags/tutorial_taskflow_api_virtualenv.py for tasks to queue
[2024-10-09T18:18:39.680-0300] {logging_mixin.py:149} INFO - [2024-10-09T18:18:39.680-0300] {dagbag.py:541} INFO - Filling up the DagBag from /home/marti/Lighthouse/airflow_tooltorial/venv/lib/python3.8/site-packages/airflow/example_dags/tutorial_taskflow_api_virtualenv.py
[2024-10-09T18:18:39.687-0300] {processor.py:809} INFO - DAG(s) dict_keys(['tutorial_taskflow_api_virtualenv']) retrieved from /home/marti/Lighthouse/airflow_tooltorial/venv/lib/python3.8/site-packages/airflow/example_dags/tutorial_taskflow_api_virtualenv.py
[2024-10-09T18:18:39.711-0300] {logging_mixin.py:149} INFO - [2024-10-09T18:18:39.710-0300] {dag.py:2726} INFO - Sync 1 DAGs
[2024-10-09T18:18:39.730-0300] {logging_mixin.py:149} INFO - [2024-10-09T18:18:39.730-0300] {dag.py:3486} INFO - Setting next_dagrun for tutorial_taskflow_api_virtualenv to None, run_after=None
[2024-10-09T18:18:39.826-0300] {processor.py:178} INFO - Processing /home/marti/Lighthouse/airflow_tooltorial/venv/lib/python3.8/site-packages/airflow/example_dags/tutorial_taskflow_api_virtualenv.py took 0.200 seconds
[2024-10-09T18:47:58.976-0300] {processor.py:156} INFO - Started process (PID=69466) to work on /home/marti/Lighthouse/airflow_tooltorial/venv/lib/python3.8/site-packages/airflow/example_dags/tutorial_taskflow_api_virtualenv.py
[2024-10-09T18:47:59.025-0300] {processor.py:799} INFO - Processing file /home/marti/Lighthouse/airflow_tooltorial/venv/lib/python3.8/site-packages/airflow/example_dags/tutorial_taskflow_api_virtualenv.py for tasks to queue
[2024-10-09T18:47:59.025-0300] {logging_mixin.py:149} INFO - [2024-10-09T18:47:59.025-0300] {dagbag.py:541} INFO - Filling up the DagBag from /home/marti/Lighthouse/airflow_tooltorial/venv/lib/python3.8/site-packages/airflow/example_dags/tutorial_taskflow_api_virtualenv.py
[2024-10-09T18:47:59.033-0300] {processor.py:809} INFO - DAG(s) dict_keys(['tutorial_taskflow_api_virtualenv']) retrieved from /home/marti/Lighthouse/airflow_tooltorial/venv/lib/python3.8/site-packages/airflow/example_dags/tutorial_taskflow_api_virtualenv.py
[2024-10-09T18:47:59.039-0300] {logging_mixin.py:149} INFO - [2024-10-09T18:47:59.039-0300] {dag.py:2726} INFO - Sync 1 DAGs
[2024-10-09T18:47:59.059-0300] {logging_mixin.py:149} INFO - [2024-10-09T18:47:59.059-0300] {dag.py:3486} INFO - Setting next_dagrun for tutorial_taskflow_api_virtualenv to None, run_after=None
[2024-10-09T18:47:59.159-0300] {processor.py:178} INFO - Processing /home/marti/Lighthouse/airflow_tooltorial/venv/lib/python3.8/site-packages/airflow/example_dags/tutorial_taskflow_api_virtualenv.py took 0.189 seconds
[2024-10-09T18:51:25.808-0300] {processor.py:156} INFO - Started process (PID=70916) to work on /home/marti/Lighthouse/airflow_tooltorial/venv/lib/python3.8/site-packages/airflow/example_dags/tutorial_taskflow_api_virtualenv.py
[2024-10-09T18:51:25.822-0300] {processor.py:799} INFO - Processing file /home/marti/Lighthouse/airflow_tooltorial/venv/lib/python3.8/site-packages/airflow/example_dags/tutorial_taskflow_api_virtualenv.py for tasks to queue
[2024-10-09T18:51:25.824-0300] {logging_mixin.py:149} INFO - [2024-10-09T18:51:25.823-0300] {dagbag.py:541} INFO - Filling up the DagBag from /home/marti/Lighthouse/airflow_tooltorial/venv/lib/python3.8/site-packages/airflow/example_dags/tutorial_taskflow_api_virtualenv.py
[2024-10-09T18:51:25.836-0300] {processor.py:809} INFO - DAG(s) dict_keys(['tutorial_taskflow_api_virtualenv']) retrieved from /home/marti/Lighthouse/airflow_tooltorial/venv/lib/python3.8/site-packages/airflow/example_dags/tutorial_taskflow_api_virtualenv.py
[2024-10-09T18:51:25.848-0300] {logging_mixin.py:149} INFO - [2024-10-09T18:51:25.848-0300] {dag.py:2726} INFO - Sync 1 DAGs
[2024-10-09T18:51:25.868-0300] {logging_mixin.py:149} INFO - [2024-10-09T18:51:25.868-0300] {dag.py:3486} INFO - Setting next_dagrun for tutorial_taskflow_api_virtualenv to None, run_after=None
[2024-10-09T18:51:25.994-0300] {processor.py:178} INFO - Processing /home/marti/Lighthouse/airflow_tooltorial/venv/lib/python3.8/site-packages/airflow/example_dags/tutorial_taskflow_api_virtualenv.py took 0.191 seconds
