[2024-10-09T18:47:52.809-0300] {processor.py:156} INFO - Started process (PID=69374) to work on /home/marti/Lighthouse/airflow_tooltorial/airflow-data/dags/example_desafio.py
[2024-10-09T18:47:52.810-0300] {processor.py:799} INFO - Processing file /home/marti/Lighthouse/airflow_tooltorial/airflow-data/dags/example_desafio.py for tasks to queue
[2024-10-09T18:47:52.811-0300] {logging_mixin.py:149} INFO - [2024-10-09T18:47:52.810-0300] {dagbag.py:541} INFO - Filling up the DagBag from /home/marti/Lighthouse/airflow_tooltorial/airflow-data/dags/example_desafio.py
[2024-10-09T18:47:53.259-0300] {processor.py:809} INFO - DAG(s) dict_keys(['DesafioAirflow']) retrieved from /home/marti/Lighthouse/airflow_tooltorial/airflow-data/dags/example_desafio.py
[2024-10-09T18:47:53.263-0300] {logging_mixin.py:149} INFO - [2024-10-09T18:47:53.263-0300] {dag.py:2726} INFO - Sync 1 DAGs
[2024-10-09T18:47:53.279-0300] {logging_mixin.py:149} INFO - [2024-10-09T18:47:53.279-0300] {dag.py:3486} INFO - Setting next_dagrun for DesafioAirflow to 2024-10-08T21:47:53.279161+00:00, run_after=2024-10-09T21:47:53.279161+00:00
[2024-10-09T18:47:53.412-0300] {processor.py:178} INFO - Processing /home/marti/Lighthouse/airflow_tooltorial/airflow-data/dags/example_desafio.py took 0.605 seconds
[2024-10-09T18:51:19.689-0300] {processor.py:156} INFO - Started process (PID=70775) to work on /home/marti/Lighthouse/airflow_tooltorial/airflow-data/dags/example_desafio.py
[2024-10-09T18:51:19.706-0300] {processor.py:799} INFO - Processing file /home/marti/Lighthouse/airflow_tooltorial/airflow-data/dags/example_desafio.py for tasks to queue
[2024-10-09T18:51:19.706-0300] {logging_mixin.py:149} INFO - [2024-10-09T18:51:19.706-0300] {dagbag.py:541} INFO - Filling up the DagBag from /home/marti/Lighthouse/airflow_tooltorial/airflow-data/dags/example_desafio.py
[2024-10-09T18:51:20.408-0300] {processor.py:809} INFO - DAG(s) dict_keys(['DesafioAirflow']) retrieved from /home/marti/Lighthouse/airflow_tooltorial/airflow-data/dags/example_desafio.py
[2024-10-09T18:51:20.412-0300] {logging_mixin.py:149} INFO - [2024-10-09T18:51:20.412-0300] {dag.py:2726} INFO - Sync 1 DAGs
[2024-10-09T18:51:20.427-0300] {logging_mixin.py:149} INFO - [2024-10-09T18:51:20.427-0300] {dag.py:3486} INFO - Setting next_dagrun for DesafioAirflow to 2024-10-08T21:51:20.427226+00:00, run_after=2024-10-09T21:51:20.427226+00:00
[2024-10-09T18:51:20.631-0300] {processor.py:178} INFO - Processing /home/marti/Lighthouse/airflow_tooltorial/airflow-data/dags/example_desafio.py took 0.947 seconds
[2024-10-09T19:08:48.124-0300] {processor.py:156} INFO - Started process (PID=72578) to work on /home/marti/Lighthouse/airflow_tooltorial/airflow-data/dags/example_desafio.py
[2024-10-09T19:08:48.140-0300] {processor.py:799} INFO - Processing file /home/marti/Lighthouse/airflow_tooltorial/airflow-data/dags/example_desafio.py for tasks to queue
[2024-10-09T19:08:48.141-0300] {logging_mixin.py:149} INFO - [2024-10-09T19:08:48.141-0300] {dagbag.py:541} INFO - Filling up the DagBag from /home/marti/Lighthouse/airflow_tooltorial/airflow-data/dags/example_desafio.py
[2024-10-09T19:08:48.572-0300] {processor.py:809} INFO - DAG(s) dict_keys(['DesafioAirflow']) retrieved from /home/marti/Lighthouse/airflow_tooltorial/airflow-data/dags/example_desafio.py
[2024-10-09T19:08:48.576-0300] {logging_mixin.py:149} INFO - [2024-10-09T19:08:48.576-0300] {dag.py:2726} INFO - Sync 1 DAGs
[2024-10-09T19:08:48.592-0300] {logging_mixin.py:149} INFO - [2024-10-09T19:08:48.592-0300] {dag.py:3486} INFO - Setting next_dagrun for DesafioAirflow to 2024-10-08T22:08:48.592072+00:00, run_after=2024-10-09T22:08:48.592072+00:00
[2024-10-09T19:08:48.738-0300] {processor.py:178} INFO - Processing /home/marti/Lighthouse/airflow_tooltorial/airflow-data/dags/example_desafio.py took 0.619 seconds
[2024-10-09T19:18:21.594-0300] {processor.py:156} INFO - Started process (PID=74655) to work on /home/marti/Lighthouse/airflow_tooltorial/airflow-data/dags/example_desafio.py
[2024-10-09T19:18:21.657-0300] {processor.py:799} INFO - Processing file /home/marti/Lighthouse/airflow_tooltorial/airflow-data/dags/example_desafio.py for tasks to queue
[2024-10-09T19:18:21.658-0300] {logging_mixin.py:149} INFO - [2024-10-09T19:18:21.658-0300] {dagbag.py:541} INFO - Filling up the DagBag from /home/marti/Lighthouse/airflow_tooltorial/airflow-data/dags/example_desafio.py
[2024-10-09T19:18:22.059-0300] {processor.py:809} INFO - DAG(s) dict_keys(['DesafioAirflow']) retrieved from /home/marti/Lighthouse/airflow_tooltorial/airflow-data/dags/example_desafio.py
[2024-10-09T19:18:22.064-0300] {logging_mixin.py:149} INFO - [2024-10-09T19:18:22.063-0300] {dag.py:2726} INFO - Sync 1 DAGs
[2024-10-09T19:18:22.079-0300] {logging_mixin.py:149} INFO - [2024-10-09T19:18:22.079-0300] {dag.py:3486} INFO - Setting next_dagrun for DesafioAirflow to 2024-10-08T22:18:22.078944+00:00, run_after=2024-10-09T22:18:22.078944+00:00
[2024-10-09T19:18:22.194-0300] {processor.py:178} INFO - Processing /home/marti/Lighthouse/airflow_tooltorial/airflow-data/dags/example_desafio.py took 0.604 seconds
[2024-10-09T19:18:52.718-0300] {processor.py:156} INFO - Started process (PID=74916) to work on /home/marti/Lighthouse/airflow_tooltorial/airflow-data/dags/example_desafio.py
[2024-10-09T19:18:52.721-0300] {processor.py:799} INFO - Processing file /home/marti/Lighthouse/airflow_tooltorial/airflow-data/dags/example_desafio.py for tasks to queue
[2024-10-09T19:18:52.723-0300] {logging_mixin.py:149} INFO - [2024-10-09T19:18:52.722-0300] {dagbag.py:541} INFO - Filling up the DagBag from /home/marti/Lighthouse/airflow_tooltorial/airflow-data/dags/example_desafio.py
[2024-10-09T19:18:53.057-0300] {processor.py:809} INFO - DAG(s) dict_keys(['DesafioAirflow']) retrieved from /home/marti/Lighthouse/airflow_tooltorial/airflow-data/dags/example_desafio.py
[2024-10-09T19:18:53.072-0300] {logging_mixin.py:149} INFO - [2024-10-09T19:18:53.072-0300] {dag.py:2726} INFO - Sync 1 DAGs
[2024-10-09T19:18:53.085-0300] {logging_mixin.py:149} INFO - [2024-10-09T19:18:53.085-0300] {dag.py:3486} INFO - Setting next_dagrun for DesafioAirflow to 2024-10-08T22:18:53.085462+00:00, run_after=2024-10-09T22:18:53.085462+00:00
[2024-10-09T19:18:53.405-0300] {processor.py:178} INFO - Processing /home/marti/Lighthouse/airflow_tooltorial/airflow-data/dags/example_desafio.py took 0.696 seconds
[2024-10-09T19:19:24.656-0300] {processor.py:156} INFO - Started process (PID=75138) to work on /home/marti/Lighthouse/airflow_tooltorial/airflow-data/dags/example_desafio.py
[2024-10-09T19:19:24.677-0300] {processor.py:799} INFO - Processing file /home/marti/Lighthouse/airflow_tooltorial/airflow-data/dags/example_desafio.py for tasks to queue
[2024-10-09T19:19:24.679-0300] {logging_mixin.py:149} INFO - [2024-10-09T19:19:24.679-0300] {dagbag.py:541} INFO - Filling up the DagBag from /home/marti/Lighthouse/airflow_tooltorial/airflow-data/dags/example_desafio.py
[2024-10-09T19:19:25.150-0300] {processor.py:809} INFO - DAG(s) dict_keys(['DesafioAirflow']) retrieved from /home/marti/Lighthouse/airflow_tooltorial/airflow-data/dags/example_desafio.py
[2024-10-09T19:19:25.388-0300] {logging_mixin.py:149} INFO - [2024-10-09T19:19:25.387-0300] {dag.py:2726} INFO - Sync 1 DAGs
[2024-10-09T19:19:26.283-0300] {logging_mixin.py:149} INFO - [2024-10-09T19:19:26.282-0300] {dag.py:3486} INFO - Setting next_dagrun for DesafioAirflow to 2024-10-08T22:19:26.281607+00:00, run_after=2024-10-09T22:19:26.281607+00:00
[2024-10-09T19:19:27.321-0300] {processor.py:178} INFO - Processing /home/marti/Lighthouse/airflow_tooltorial/airflow-data/dags/example_desafio.py took 2.680 seconds
[2024-10-09T19:19:58.388-0300] {processor.py:156} INFO - Started process (PID=75386) to work on /home/marti/Lighthouse/airflow_tooltorial/airflow-data/dags/example_desafio.py
[2024-10-09T19:19:58.429-0300] {processor.py:799} INFO - Processing file /home/marti/Lighthouse/airflow_tooltorial/airflow-data/dags/example_desafio.py for tasks to queue
[2024-10-09T19:19:58.430-0300] {logging_mixin.py:149} INFO - [2024-10-09T19:19:58.430-0300] {dagbag.py:541} INFO - Filling up the DagBag from /home/marti/Lighthouse/airflow_tooltorial/airflow-data/dags/example_desafio.py
[2024-10-09T19:19:58.890-0300] {processor.py:809} INFO - DAG(s) dict_keys(['DesafioAirflow']) retrieved from /home/marti/Lighthouse/airflow_tooltorial/airflow-data/dags/example_desafio.py
[2024-10-09T19:19:58.910-0300] {logging_mixin.py:149} INFO - [2024-10-09T19:19:58.910-0300] {dag.py:2726} INFO - Sync 1 DAGs
[2024-10-09T19:19:58.929-0300] {logging_mixin.py:149} INFO - [2024-10-09T19:19:58.929-0300] {dag.py:3486} INFO - Setting next_dagrun for DesafioAirflow to 2024-10-08T22:19:58.929534+00:00, run_after=2024-10-09T22:19:58.929534+00:00
[2024-10-09T19:19:59.117-0300] {processor.py:178} INFO - Processing /home/marti/Lighthouse/airflow_tooltorial/airflow-data/dags/example_desafio.py took 0.734 seconds
[2024-10-09T19:20:29.358-0300] {processor.py:156} INFO - Started process (PID=75465) to work on /home/marti/Lighthouse/airflow_tooltorial/airflow-data/dags/example_desafio.py
[2024-10-09T19:20:29.360-0300] {processor.py:799} INFO - Processing file /home/marti/Lighthouse/airflow_tooltorial/airflow-data/dags/example_desafio.py for tasks to queue
[2024-10-09T19:20:29.361-0300] {logging_mixin.py:149} INFO - [2024-10-09T19:20:29.361-0300] {dagbag.py:541} INFO - Filling up the DagBag from /home/marti/Lighthouse/airflow_tooltorial/airflow-data/dags/example_desafio.py
[2024-10-09T19:20:29.780-0300] {processor.py:809} INFO - DAG(s) dict_keys(['DesafioAirflow']) retrieved from /home/marti/Lighthouse/airflow_tooltorial/airflow-data/dags/example_desafio.py
[2024-10-09T19:20:29.803-0300] {logging_mixin.py:149} INFO - [2024-10-09T19:20:29.802-0300] {dag.py:2726} INFO - Sync 1 DAGs
[2024-10-09T19:20:29.820-0300] {logging_mixin.py:149} INFO - [2024-10-09T19:20:29.820-0300] {dag.py:3486} INFO - Setting next_dagrun for DesafioAirflow to 2024-10-08T22:20:29.820471+00:00, run_after=2024-10-09T22:20:29.820471+00:00
[2024-10-09T19:20:30.042-0300] {processor.py:178} INFO - Processing /home/marti/Lighthouse/airflow_tooltorial/airflow-data/dags/example_desafio.py took 0.691 seconds
[2024-10-09T19:21:00.260-0300] {processor.py:156} INFO - Started process (PID=75476) to work on /home/marti/Lighthouse/airflow_tooltorial/airflow-data/dags/example_desafio.py
[2024-10-09T19:21:00.315-0300] {processor.py:799} INFO - Processing file /home/marti/Lighthouse/airflow_tooltorial/airflow-data/dags/example_desafio.py for tasks to queue
[2024-10-09T19:21:00.317-0300] {logging_mixin.py:149} INFO - [2024-10-09T19:21:00.316-0300] {dagbag.py:541} INFO - Filling up the DagBag from /home/marti/Lighthouse/airflow_tooltorial/airflow-data/dags/example_desafio.py
[2024-10-09T19:21:00.706-0300] {processor.py:809} INFO - DAG(s) dict_keys(['DesafioAirflow']) retrieved from /home/marti/Lighthouse/airflow_tooltorial/airflow-data/dags/example_desafio.py
[2024-10-09T19:21:00.720-0300] {logging_mixin.py:149} INFO - [2024-10-09T19:21:00.720-0300] {dag.py:2726} INFO - Sync 1 DAGs
[2024-10-09T19:21:00.734-0300] {logging_mixin.py:149} INFO - [2024-10-09T19:21:00.734-0300] {dag.py:3486} INFO - Setting next_dagrun for DesafioAirflow to 2024-10-08T22:21:00.734725+00:00, run_after=2024-10-09T22:21:00.734725+00:00
[2024-10-09T19:21:00.854-0300] {processor.py:178} INFO - Processing /home/marti/Lighthouse/airflow_tooltorial/airflow-data/dags/example_desafio.py took 0.600 seconds
[2024-10-09T19:21:31.177-0300] {processor.py:156} INFO - Started process (PID=75530) to work on /home/marti/Lighthouse/airflow_tooltorial/airflow-data/dags/example_desafio.py
[2024-10-09T19:21:31.217-0300] {processor.py:799} INFO - Processing file /home/marti/Lighthouse/airflow_tooltorial/airflow-data/dags/example_desafio.py for tasks to queue
[2024-10-09T19:21:31.217-0300] {logging_mixin.py:149} INFO - [2024-10-09T19:21:31.217-0300] {dagbag.py:541} INFO - Filling up the DagBag from /home/marti/Lighthouse/airflow_tooltorial/airflow-data/dags/example_desafio.py
[2024-10-09T19:21:31.689-0300] {processor.py:809} INFO - DAG(s) dict_keys(['DesafioAirflow']) retrieved from /home/marti/Lighthouse/airflow_tooltorial/airflow-data/dags/example_desafio.py
[2024-10-09T19:21:31.713-0300] {logging_mixin.py:149} INFO - [2024-10-09T19:21:31.713-0300] {dag.py:2726} INFO - Sync 1 DAGs
[2024-10-09T19:21:31.730-0300] {logging_mixin.py:149} INFO - [2024-10-09T19:21:31.730-0300] {dag.py:3486} INFO - Setting next_dagrun for DesafioAirflow to 2024-10-08T22:21:31.730086+00:00, run_after=2024-10-09T22:21:31.730086+00:00
[2024-10-09T19:21:31.888-0300] {processor.py:178} INFO - Processing /home/marti/Lighthouse/airflow_tooltorial/airflow-data/dags/example_desafio.py took 0.716 seconds
[2024-10-09T19:22:02.223-0300] {processor.py:156} INFO - Started process (PID=75536) to work on /home/marti/Lighthouse/airflow_tooltorial/airflow-data/dags/example_desafio.py
[2024-10-09T19:22:02.224-0300] {processor.py:799} INFO - Processing file /home/marti/Lighthouse/airflow_tooltorial/airflow-data/dags/example_desafio.py for tasks to queue
[2024-10-09T19:22:02.225-0300] {logging_mixin.py:149} INFO - [2024-10-09T19:22:02.225-0300] {dagbag.py:541} INFO - Filling up the DagBag from /home/marti/Lighthouse/airflow_tooltorial/airflow-data/dags/example_desafio.py
[2024-10-09T19:22:02.554-0300] {processor.py:809} INFO - DAG(s) dict_keys(['DesafioAirflow']) retrieved from /home/marti/Lighthouse/airflow_tooltorial/airflow-data/dags/example_desafio.py
[2024-10-09T19:22:02.569-0300] {logging_mixin.py:149} INFO - [2024-10-09T19:22:02.569-0300] {dag.py:2726} INFO - Sync 1 DAGs
[2024-10-09T19:22:02.583-0300] {logging_mixin.py:149} INFO - [2024-10-09T19:22:02.583-0300] {dag.py:3486} INFO - Setting next_dagrun for DesafioAirflow to 2024-10-08T22:22:02.583595+00:00, run_after=2024-10-09T22:22:02.583595+00:00
[2024-10-09T19:22:02.711-0300] {processor.py:178} INFO - Processing /home/marti/Lighthouse/airflow_tooltorial/airflow-data/dags/example_desafio.py took 0.495 seconds
[2024-10-09T19:22:33.263-0300] {processor.py:156} INFO - Started process (PID=75589) to work on /home/marti/Lighthouse/airflow_tooltorial/airflow-data/dags/example_desafio.py
[2024-10-09T19:22:33.314-0300] {processor.py:799} INFO - Processing file /home/marti/Lighthouse/airflow_tooltorial/airflow-data/dags/example_desafio.py for tasks to queue
[2024-10-09T19:22:33.317-0300] {logging_mixin.py:149} INFO - [2024-10-09T19:22:33.316-0300] {dagbag.py:541} INFO - Filling up the DagBag from /home/marti/Lighthouse/airflow_tooltorial/airflow-data/dags/example_desafio.py
[2024-10-09T19:22:33.681-0300] {processor.py:809} INFO - DAG(s) dict_keys(['DesafioAirflow']) retrieved from /home/marti/Lighthouse/airflow_tooltorial/airflow-data/dags/example_desafio.py
[2024-10-09T19:22:33.729-0300] {logging_mixin.py:149} INFO - [2024-10-09T19:22:33.729-0300] {dag.py:2726} INFO - Sync 1 DAGs
[2024-10-09T19:22:33.742-0300] {logging_mixin.py:149} INFO - [2024-10-09T19:22:33.742-0300] {dag.py:3486} INFO - Setting next_dagrun for DesafioAirflow to 2024-10-08T22:22:33.742496+00:00, run_after=2024-10-09T22:22:33.742496+00:00
[2024-10-09T19:22:33.878-0300] {processor.py:178} INFO - Processing /home/marti/Lighthouse/airflow_tooltorial/airflow-data/dags/example_desafio.py took 0.621 seconds
[2024-10-09T19:23:04.094-0300] {processor.py:156} INFO - Started process (PID=75755) to work on /home/marti/Lighthouse/airflow_tooltorial/airflow-data/dags/example_desafio.py
[2024-10-09T19:23:04.097-0300] {processor.py:799} INFO - Processing file /home/marti/Lighthouse/airflow_tooltorial/airflow-data/dags/example_desafio.py for tasks to queue
[2024-10-09T19:23:04.100-0300] {logging_mixin.py:149} INFO - [2024-10-09T19:23:04.099-0300] {dagbag.py:541} INFO - Filling up the DagBag from /home/marti/Lighthouse/airflow_tooltorial/airflow-data/dags/example_desafio.py
[2024-10-09T19:23:04.515-0300] {processor.py:809} INFO - DAG(s) dict_keys(['DesafioAirflow']) retrieved from /home/marti/Lighthouse/airflow_tooltorial/airflow-data/dags/example_desafio.py
[2024-10-09T19:23:04.538-0300] {logging_mixin.py:149} INFO - [2024-10-09T19:23:04.538-0300] {dag.py:2726} INFO - Sync 1 DAGs
[2024-10-09T19:23:04.562-0300] {logging_mixin.py:149} INFO - [2024-10-09T19:23:04.562-0300] {dag.py:3486} INFO - Setting next_dagrun for DesafioAirflow to 2024-10-08T22:23:04.562440+00:00, run_after=2024-10-09T22:23:04.562440+00:00
[2024-10-09T19:23:04.722-0300] {processor.py:178} INFO - Processing /home/marti/Lighthouse/airflow_tooltorial/airflow-data/dags/example_desafio.py took 0.638 seconds
[2024-10-09T19:23:34.987-0300] {processor.py:156} INFO - Started process (PID=75867) to work on /home/marti/Lighthouse/airflow_tooltorial/airflow-data/dags/example_desafio.py
[2024-10-09T19:23:35.011-0300] {processor.py:799} INFO - Processing file /home/marti/Lighthouse/airflow_tooltorial/airflow-data/dags/example_desafio.py for tasks to queue
[2024-10-09T19:23:35.012-0300] {logging_mixin.py:149} INFO - [2024-10-09T19:23:35.011-0300] {dagbag.py:541} INFO - Filling up the DagBag from /home/marti/Lighthouse/airflow_tooltorial/airflow-data/dags/example_desafio.py
[2024-10-09T19:23:35.350-0300] {processor.py:809} INFO - DAG(s) dict_keys(['DesafioAirflow']) retrieved from /home/marti/Lighthouse/airflow_tooltorial/airflow-data/dags/example_desafio.py
[2024-10-09T19:23:35.364-0300] {logging_mixin.py:149} INFO - [2024-10-09T19:23:35.364-0300] {dag.py:2726} INFO - Sync 1 DAGs
[2024-10-09T19:23:35.382-0300] {logging_mixin.py:149} INFO - [2024-10-09T19:23:35.382-0300] {dag.py:3486} INFO - Setting next_dagrun for DesafioAirflow to 2024-10-08T22:23:35.382109+00:00, run_after=2024-10-09T22:23:35.382109+00:00
[2024-10-09T19:23:35.530-0300] {processor.py:178} INFO - Processing /home/marti/Lighthouse/airflow_tooltorial/airflow-data/dags/example_desafio.py took 0.547 seconds
[2024-10-09T19:24:05.747-0300] {processor.py:156} INFO - Started process (PID=75875) to work on /home/marti/Lighthouse/airflow_tooltorial/airflow-data/dags/example_desafio.py
[2024-10-09T19:24:05.750-0300] {processor.py:799} INFO - Processing file /home/marti/Lighthouse/airflow_tooltorial/airflow-data/dags/example_desafio.py for tasks to queue
[2024-10-09T19:24:05.752-0300] {logging_mixin.py:149} INFO - [2024-10-09T19:24:05.752-0300] {dagbag.py:541} INFO - Filling up the DagBag from /home/marti/Lighthouse/airflow_tooltorial/airflow-data/dags/example_desafio.py
[2024-10-09T19:24:06.100-0300] {processor.py:809} INFO - DAG(s) dict_keys(['DesafioAirflow']) retrieved from /home/marti/Lighthouse/airflow_tooltorial/airflow-data/dags/example_desafio.py
[2024-10-09T19:24:06.114-0300] {logging_mixin.py:149} INFO - [2024-10-09T19:24:06.114-0300] {dag.py:2726} INFO - Sync 1 DAGs
[2024-10-09T19:24:06.135-0300] {logging_mixin.py:149} INFO - [2024-10-09T19:24:06.134-0300] {dag.py:3486} INFO - Setting next_dagrun for DesafioAirflow to 2024-10-08T22:24:06.134846+00:00, run_after=2024-10-09T22:24:06.134846+00:00
[2024-10-09T19:24:06.262-0300] {processor.py:178} INFO - Processing /home/marti/Lighthouse/airflow_tooltorial/airflow-data/dags/example_desafio.py took 0.524 seconds
[2024-10-09T19:24:36.526-0300] {processor.py:156} INFO - Started process (PID=76000) to work on /home/marti/Lighthouse/airflow_tooltorial/airflow-data/dags/example_desafio.py
[2024-10-09T19:24:36.527-0300] {processor.py:799} INFO - Processing file /home/marti/Lighthouse/airflow_tooltorial/airflow-data/dags/example_desafio.py for tasks to queue
[2024-10-09T19:24:36.527-0300] {logging_mixin.py:149} INFO - [2024-10-09T19:24:36.527-0300] {dagbag.py:541} INFO - Filling up the DagBag from /home/marti/Lighthouse/airflow_tooltorial/airflow-data/dags/example_desafio.py
[2024-10-09T19:24:36.812-0300] {processor.py:809} INFO - DAG(s) dict_keys(['DesafioAirflow']) retrieved from /home/marti/Lighthouse/airflow_tooltorial/airflow-data/dags/example_desafio.py
[2024-10-09T19:24:36.831-0300] {logging_mixin.py:149} INFO - [2024-10-09T19:24:36.831-0300] {dag.py:2726} INFO - Sync 1 DAGs
[2024-10-09T19:24:36.848-0300] {logging_mixin.py:149} INFO - [2024-10-09T19:24:36.848-0300] {dag.py:3486} INFO - Setting next_dagrun for DesafioAirflow to 2024-10-08T22:24:36.848686+00:00, run_after=2024-10-09T22:24:36.848686+00:00
[2024-10-09T19:24:36.961-0300] {processor.py:178} INFO - Processing /home/marti/Lighthouse/airflow_tooltorial/airflow-data/dags/example_desafio.py took 0.438 seconds
[2024-10-09T19:25:08.298-0300] {processor.py:156} INFO - Started process (PID=76460) to work on /home/marti/Lighthouse/airflow_tooltorial/airflow-data/dags/example_desafio.py
[2024-10-09T19:25:08.340-0300] {processor.py:799} INFO - Processing file /home/marti/Lighthouse/airflow_tooltorial/airflow-data/dags/example_desafio.py for tasks to queue
[2024-10-09T19:25:08.341-0300] {logging_mixin.py:149} INFO - [2024-10-09T19:25:08.340-0300] {dagbag.py:541} INFO - Filling up the DagBag from /home/marti/Lighthouse/airflow_tooltorial/airflow-data/dags/example_desafio.py
[2024-10-09T19:25:08.675-0300] {processor.py:809} INFO - DAG(s) dict_keys(['DesafioAirflow']) retrieved from /home/marti/Lighthouse/airflow_tooltorial/airflow-data/dags/example_desafio.py
[2024-10-09T19:25:08.701-0300] {logging_mixin.py:149} INFO - [2024-10-09T19:25:08.701-0300] {dag.py:2726} INFO - Sync 1 DAGs
[2024-10-09T19:25:08.722-0300] {logging_mixin.py:149} INFO - [2024-10-09T19:25:08.722-0300] {dag.py:3486} INFO - Setting next_dagrun for DesafioAirflow to 2024-10-08T22:25:08.722256+00:00, run_after=2024-10-09T22:25:08.722256+00:00
[2024-10-09T19:25:08.880-0300] {processor.py:178} INFO - Processing /home/marti/Lighthouse/airflow_tooltorial/airflow-data/dags/example_desafio.py took 0.589 seconds
[2024-10-09T19:25:38.964-0300] {processor.py:156} INFO - Started process (PID=76554) to work on /home/marti/Lighthouse/airflow_tooltorial/airflow-data/dags/example_desafio.py
[2024-10-09T19:25:38.966-0300] {processor.py:799} INFO - Processing file /home/marti/Lighthouse/airflow_tooltorial/airflow-data/dags/example_desafio.py for tasks to queue
[2024-10-09T19:25:38.969-0300] {logging_mixin.py:149} INFO - [2024-10-09T19:25:38.968-0300] {dagbag.py:541} INFO - Filling up the DagBag from /home/marti/Lighthouse/airflow_tooltorial/airflow-data/dags/example_desafio.py
[2024-10-09T19:25:39.487-0300] {processor.py:809} INFO - DAG(s) dict_keys(['DesafioAirflow']) retrieved from /home/marti/Lighthouse/airflow_tooltorial/airflow-data/dags/example_desafio.py
[2024-10-09T19:25:39.507-0300] {logging_mixin.py:149} INFO - [2024-10-09T19:25:39.507-0300] {dag.py:2726} INFO - Sync 1 DAGs
[2024-10-09T19:25:39.523-0300] {logging_mixin.py:149} INFO - [2024-10-09T19:25:39.523-0300] {dag.py:3486} INFO - Setting next_dagrun for DesafioAirflow to 2024-10-08T22:25:39.523047+00:00, run_after=2024-10-09T22:25:39.523047+00:00
[2024-10-09T19:25:39.637-0300] {processor.py:178} INFO - Processing /home/marti/Lighthouse/airflow_tooltorial/airflow-data/dags/example_desafio.py took 0.682 seconds
[2024-10-09T19:26:09.957-0300] {processor.py:156} INFO - Started process (PID=76612) to work on /home/marti/Lighthouse/airflow_tooltorial/airflow-data/dags/example_desafio.py
[2024-10-09T19:26:09.976-0300] {processor.py:799} INFO - Processing file /home/marti/Lighthouse/airflow_tooltorial/airflow-data/dags/example_desafio.py for tasks to queue
[2024-10-09T19:26:09.979-0300] {logging_mixin.py:149} INFO - [2024-10-09T19:26:09.978-0300] {dagbag.py:541} INFO - Filling up the DagBag from /home/marti/Lighthouse/airflow_tooltorial/airflow-data/dags/example_desafio.py
[2024-10-09T19:26:11.814-0300] {processor.py:809} INFO - DAG(s) dict_keys(['DesafioAirflow']) retrieved from /home/marti/Lighthouse/airflow_tooltorial/airflow-data/dags/example_desafio.py
[2024-10-09T19:26:11.837-0300] {logging_mixin.py:149} INFO - [2024-10-09T19:26:11.837-0300] {dag.py:2726} INFO - Sync 1 DAGs
[2024-10-09T19:26:11.852-0300] {logging_mixin.py:149} INFO - [2024-10-09T19:26:11.852-0300] {dag.py:3486} INFO - Setting next_dagrun for DesafioAirflow to 2024-10-08T22:26:11.852622+00:00, run_after=2024-10-09T22:26:11.852622+00:00
[2024-10-09T19:26:12.084-0300] {processor.py:178} INFO - Processing /home/marti/Lighthouse/airflow_tooltorial/airflow-data/dags/example_desafio.py took 2.141 seconds
[2024-10-09T19:26:42.480-0300] {processor.py:156} INFO - Started process (PID=76666) to work on /home/marti/Lighthouse/airflow_tooltorial/airflow-data/dags/example_desafio.py
[2024-10-09T19:26:42.498-0300] {processor.py:799} INFO - Processing file /home/marti/Lighthouse/airflow_tooltorial/airflow-data/dags/example_desafio.py for tasks to queue
[2024-10-09T19:26:42.500-0300] {logging_mixin.py:149} INFO - [2024-10-09T19:26:42.500-0300] {dagbag.py:541} INFO - Filling up the DagBag from /home/marti/Lighthouse/airflow_tooltorial/airflow-data/dags/example_desafio.py
[2024-10-09T19:26:42.768-0300] {processor.py:809} INFO - DAG(s) dict_keys(['DesafioAirflow']) retrieved from /home/marti/Lighthouse/airflow_tooltorial/airflow-data/dags/example_desafio.py
[2024-10-09T19:26:42.784-0300] {logging_mixin.py:149} INFO - [2024-10-09T19:26:42.784-0300] {dag.py:2726} INFO - Sync 1 DAGs
[2024-10-09T19:26:42.800-0300] {logging_mixin.py:149} INFO - [2024-10-09T19:26:42.800-0300] {dag.py:3486} INFO - Setting next_dagrun for DesafioAirflow to 2024-10-08T22:26:42.800486+00:00, run_after=2024-10-09T22:26:42.800486+00:00
[2024-10-09T19:26:42.938-0300] {processor.py:178} INFO - Processing /home/marti/Lighthouse/airflow_tooltorial/airflow-data/dags/example_desafio.py took 0.468 seconds
[2024-10-09T19:27:13.035-0300] {processor.py:156} INFO - Started process (PID=76672) to work on /home/marti/Lighthouse/airflow_tooltorial/airflow-data/dags/example_desafio.py
[2024-10-09T19:27:13.038-0300] {processor.py:799} INFO - Processing file /home/marti/Lighthouse/airflow_tooltorial/airflow-data/dags/example_desafio.py for tasks to queue
[2024-10-09T19:27:13.040-0300] {logging_mixin.py:149} INFO - [2024-10-09T19:27:13.039-0300] {dagbag.py:541} INFO - Filling up the DagBag from /home/marti/Lighthouse/airflow_tooltorial/airflow-data/dags/example_desafio.py
[2024-10-09T19:27:13.336-0300] {processor.py:809} INFO - DAG(s) dict_keys(['DesafioAirflow']) retrieved from /home/marti/Lighthouse/airflow_tooltorial/airflow-data/dags/example_desafio.py
[2024-10-09T19:27:13.353-0300] {logging_mixin.py:149} INFO - [2024-10-09T19:27:13.353-0300] {dag.py:2726} INFO - Sync 1 DAGs
[2024-10-09T19:27:13.369-0300] {logging_mixin.py:149} INFO - [2024-10-09T19:27:13.369-0300] {dag.py:3486} INFO - Setting next_dagrun for DesafioAirflow to 2024-10-08T22:27:13.369469+00:00, run_after=2024-10-09T22:27:13.369469+00:00
[2024-10-09T19:27:13.539-0300] {processor.py:178} INFO - Processing /home/marti/Lighthouse/airflow_tooltorial/airflow-data/dags/example_desafio.py took 0.514 seconds
[2024-10-09T19:27:43.780-0300] {processor.py:156} INFO - Started process (PID=76756) to work on /home/marti/Lighthouse/airflow_tooltorial/airflow-data/dags/example_desafio.py
[2024-10-09T19:27:43.798-0300] {processor.py:799} INFO - Processing file /home/marti/Lighthouse/airflow_tooltorial/airflow-data/dags/example_desafio.py for tasks to queue
[2024-10-09T19:27:43.799-0300] {logging_mixin.py:149} INFO - [2024-10-09T19:27:43.799-0300] {dagbag.py:541} INFO - Filling up the DagBag from /home/marti/Lighthouse/airflow_tooltorial/airflow-data/dags/example_desafio.py
[2024-10-09T19:27:44.041-0300] {processor.py:809} INFO - DAG(s) dict_keys(['DesafioAirflow']) retrieved from /home/marti/Lighthouse/airflow_tooltorial/airflow-data/dags/example_desafio.py
[2024-10-09T19:27:44.059-0300] {logging_mixin.py:149} INFO - [2024-10-09T19:27:44.059-0300] {dag.py:2726} INFO - Sync 1 DAGs
[2024-10-09T19:27:44.075-0300] {logging_mixin.py:149} INFO - [2024-10-09T19:27:44.074-0300] {dag.py:3486} INFO - Setting next_dagrun for DesafioAirflow to 2024-10-08T22:27:44.074710+00:00, run_after=2024-10-09T22:27:44.074710+00:00
[2024-10-09T19:27:44.198-0300] {processor.py:178} INFO - Processing /home/marti/Lighthouse/airflow_tooltorial/airflow-data/dags/example_desafio.py took 0.420 seconds
[2024-10-09T20:41:00.764-0300] {processor.py:156} INFO - Started process (PID=76865) to work on /home/marti/Lighthouse/airflow_tooltorial/airflow-data/dags/example_desafio.py
[2024-10-09T20:41:00.803-0300] {processor.py:799} INFO - Processing file /home/marti/Lighthouse/airflow_tooltorial/airflow-data/dags/example_desafio.py for tasks to queue
[2024-10-09T20:41:00.806-0300] {logging_mixin.py:149} INFO - [2024-10-09T20:41:00.805-0300] {dagbag.py:541} INFO - Filling up the DagBag from /home/marti/Lighthouse/airflow_tooltorial/airflow-data/dags/example_desafio.py
[2024-10-09T20:41:01.128-0300] {processor.py:809} INFO - DAG(s) dict_keys(['DesafioAirflow']) retrieved from /home/marti/Lighthouse/airflow_tooltorial/airflow-data/dags/example_desafio.py
[2024-10-09T20:41:01.166-0300] {logging_mixin.py:149} INFO - [2024-10-09T20:41:01.165-0300] {dag.py:2726} INFO - Sync 1 DAGs
[2024-10-09T20:41:01.189-0300] {logging_mixin.py:149} INFO - [2024-10-09T20:41:01.189-0300] {dag.py:3486} INFO - Setting next_dagrun for DesafioAirflow to 2024-10-08T23:41:01.188913+00:00, run_after=2024-10-09T23:41:01.188913+00:00
[2024-10-09T20:41:01.411-0300] {processor.py:178} INFO - Processing /home/marti/Lighthouse/airflow_tooltorial/airflow-data/dags/example_desafio.py took 0.650 seconds
[2024-10-09T20:41:31.785-0300] {processor.py:156} INFO - Started process (PID=77217) to work on /home/marti/Lighthouse/airflow_tooltorial/airflow-data/dags/example_desafio.py
[2024-10-09T20:41:31.845-0300] {processor.py:799} INFO - Processing file /home/marti/Lighthouse/airflow_tooltorial/airflow-data/dags/example_desafio.py for tasks to queue
[2024-10-09T20:41:31.848-0300] {logging_mixin.py:149} INFO - [2024-10-09T20:41:31.847-0300] {dagbag.py:541} INFO - Filling up the DagBag from /home/marti/Lighthouse/airflow_tooltorial/airflow-data/dags/example_desafio.py
[2024-10-09T20:41:32.117-0300] {processor.py:809} INFO - DAG(s) dict_keys(['DesafioAirflow']) retrieved from /home/marti/Lighthouse/airflow_tooltorial/airflow-data/dags/example_desafio.py
[2024-10-09T20:41:32.134-0300] {logging_mixin.py:149} INFO - [2024-10-09T20:41:32.134-0300] {dag.py:2726} INFO - Sync 1 DAGs
[2024-10-09T20:41:32.149-0300] {logging_mixin.py:149} INFO - [2024-10-09T20:41:32.148-0300] {dag.py:3486} INFO - Setting next_dagrun for DesafioAirflow to 2024-10-08T23:41:32.148757+00:00, run_after=2024-10-09T23:41:32.148757+00:00
[2024-10-09T20:41:32.325-0300] {processor.py:178} INFO - Processing /home/marti/Lighthouse/airflow_tooltorial/airflow-data/dags/example_desafio.py took 0.548 seconds
[2024-10-09T20:42:03.541-0300] {processor.py:156} INFO - Started process (PID=77373) to work on /home/marti/Lighthouse/airflow_tooltorial/airflow-data/dags/example_desafio.py
[2024-10-09T20:42:03.600-0300] {processor.py:799} INFO - Processing file /home/marti/Lighthouse/airflow_tooltorial/airflow-data/dags/example_desafio.py for tasks to queue
[2024-10-09T20:42:03.604-0300] {logging_mixin.py:149} INFO - [2024-10-09T20:42:03.603-0300] {dagbag.py:541} INFO - Filling up the DagBag from /home/marti/Lighthouse/airflow_tooltorial/airflow-data/dags/example_desafio.py
[2024-10-09T20:42:03.988-0300] {processor.py:809} INFO - DAG(s) dict_keys(['DesafioAirflow']) retrieved from /home/marti/Lighthouse/airflow_tooltorial/airflow-data/dags/example_desafio.py
[2024-10-09T20:42:04.005-0300] {logging_mixin.py:149} INFO - [2024-10-09T20:42:04.005-0300] {dag.py:2726} INFO - Sync 1 DAGs
[2024-10-09T20:42:04.030-0300] {logging_mixin.py:149} INFO - [2024-10-09T20:42:04.030-0300] {dag.py:3486} INFO - Setting next_dagrun for DesafioAirflow to 2024-10-08T23:42:04.029861+00:00, run_after=2024-10-09T23:42:04.029861+00:00
[2024-10-09T20:42:04.280-0300] {processor.py:178} INFO - Processing /home/marti/Lighthouse/airflow_tooltorial/airflow-data/dags/example_desafio.py took 0.749 seconds
[2024-10-09T20:42:34.774-0300] {processor.py:156} INFO - Started process (PID=77521) to work on /home/marti/Lighthouse/airflow_tooltorial/airflow-data/dags/example_desafio.py
[2024-10-09T20:42:34.815-0300] {processor.py:799} INFO - Processing file /home/marti/Lighthouse/airflow_tooltorial/airflow-data/dags/example_desafio.py for tasks to queue
[2024-10-09T20:42:34.817-0300] {logging_mixin.py:149} INFO - [2024-10-09T20:42:34.817-0300] {dagbag.py:541} INFO - Filling up the DagBag from /home/marti/Lighthouse/airflow_tooltorial/airflow-data/dags/example_desafio.py
[2024-10-09T20:42:35.438-0300] {processor.py:809} INFO - DAG(s) dict_keys(['DesafioAirflow']) retrieved from /home/marti/Lighthouse/airflow_tooltorial/airflow-data/dags/example_desafio.py
[2024-10-09T20:42:35.484-0300] {logging_mixin.py:149} INFO - [2024-10-09T20:42:35.483-0300] {dag.py:2726} INFO - Sync 1 DAGs
[2024-10-09T20:42:35.524-0300] {logging_mixin.py:149} INFO - [2024-10-09T20:42:35.523-0300] {dag.py:3486} INFO - Setting next_dagrun for DesafioAirflow to 2024-10-08T23:42:35.523659+00:00, run_after=2024-10-09T23:42:35.523659+00:00
[2024-10-09T20:42:35.815-0300] {processor.py:178} INFO - Processing /home/marti/Lighthouse/airflow_tooltorial/airflow-data/dags/example_desafio.py took 1.046 seconds
[2024-10-09T20:43:06.179-0300] {processor.py:156} INFO - Started process (PID=78211) to work on /home/marti/Lighthouse/airflow_tooltorial/airflow-data/dags/example_desafio.py
[2024-10-09T20:43:06.230-0300] {processor.py:799} INFO - Processing file /home/marti/Lighthouse/airflow_tooltorial/airflow-data/dags/example_desafio.py for tasks to queue
[2024-10-09T20:43:06.231-0300] {logging_mixin.py:149} INFO - [2024-10-09T20:43:06.230-0300] {dagbag.py:541} INFO - Filling up the DagBag from /home/marti/Lighthouse/airflow_tooltorial/airflow-data/dags/example_desafio.py
[2024-10-09T20:43:06.488-0300] {processor.py:809} INFO - DAG(s) dict_keys(['DesafioAirflow']) retrieved from /home/marti/Lighthouse/airflow_tooltorial/airflow-data/dags/example_desafio.py
[2024-10-09T20:43:06.505-0300] {logging_mixin.py:149} INFO - [2024-10-09T20:43:06.504-0300] {dag.py:2726} INFO - Sync 1 DAGs
[2024-10-09T20:43:06.520-0300] {logging_mixin.py:149} INFO - [2024-10-09T20:43:06.520-0300] {dag.py:3486} INFO - Setting next_dagrun for DesafioAirflow to 2024-10-08T23:43:06.520645+00:00, run_after=2024-10-09T23:43:06.520645+00:00
[2024-10-09T20:43:06.662-0300] {processor.py:178} INFO - Processing /home/marti/Lighthouse/airflow_tooltorial/airflow-data/dags/example_desafio.py took 0.485 seconds
[2024-10-09T20:43:36.859-0300] {processor.py:156} INFO - Started process (PID=78220) to work on /home/marti/Lighthouse/airflow_tooltorial/airflow-data/dags/example_desafio.py
[2024-10-09T20:43:36.861-0300] {processor.py:799} INFO - Processing file /home/marti/Lighthouse/airflow_tooltorial/airflow-data/dags/example_desafio.py for tasks to queue
[2024-10-09T20:43:36.863-0300] {logging_mixin.py:149} INFO - [2024-10-09T20:43:36.863-0300] {dagbag.py:541} INFO - Filling up the DagBag from /home/marti/Lighthouse/airflow_tooltorial/airflow-data/dags/example_desafio.py
[2024-10-09T20:43:37.118-0300] {processor.py:809} INFO - DAG(s) dict_keys(['DesafioAirflow']) retrieved from /home/marti/Lighthouse/airflow_tooltorial/airflow-data/dags/example_desafio.py
[2024-10-09T20:43:37.134-0300] {logging_mixin.py:149} INFO - [2024-10-09T20:43:37.134-0300] {dag.py:2726} INFO - Sync 1 DAGs
[2024-10-09T20:43:37.151-0300] {logging_mixin.py:149} INFO - [2024-10-09T20:43:37.150-0300] {dag.py:3486} INFO - Setting next_dagrun for DesafioAirflow to 2024-10-08T23:43:37.150809+00:00, run_after=2024-10-09T23:43:37.150809+00:00
[2024-10-09T20:43:37.305-0300] {processor.py:178} INFO - Processing /home/marti/Lighthouse/airflow_tooltorial/airflow-data/dags/example_desafio.py took 0.457 seconds
[2024-10-09T20:44:07.455-0300] {processor.py:156} INFO - Started process (PID=78275) to work on /home/marti/Lighthouse/airflow_tooltorial/airflow-data/dags/example_desafio.py
[2024-10-09T20:44:07.488-0300] {processor.py:799} INFO - Processing file /home/marti/Lighthouse/airflow_tooltorial/airflow-data/dags/example_desafio.py for tasks to queue
[2024-10-09T20:44:07.489-0300] {logging_mixin.py:149} INFO - [2024-10-09T20:44:07.489-0300] {dagbag.py:541} INFO - Filling up the DagBag from /home/marti/Lighthouse/airflow_tooltorial/airflow-data/dags/example_desafio.py
[2024-10-09T20:44:07.757-0300] {processor.py:809} INFO - DAG(s) dict_keys(['DesafioAirflow']) retrieved from /home/marti/Lighthouse/airflow_tooltorial/airflow-data/dags/example_desafio.py
[2024-10-09T20:44:07.774-0300] {logging_mixin.py:149} INFO - [2024-10-09T20:44:07.774-0300] {dag.py:2726} INFO - Sync 1 DAGs
[2024-10-09T20:44:07.790-0300] {logging_mixin.py:149} INFO - [2024-10-09T20:44:07.790-0300] {dag.py:3486} INFO - Setting next_dagrun for DesafioAirflow to 2024-10-08T23:44:07.790139+00:00, run_after=2024-10-09T23:44:07.790139+00:00
[2024-10-09T20:44:07.919-0300] {processor.py:178} INFO - Processing /home/marti/Lighthouse/airflow_tooltorial/airflow-data/dags/example_desafio.py took 0.467 seconds
[2024-10-09T20:44:38.118-0300] {processor.py:156} INFO - Started process (PID=78282) to work on /home/marti/Lighthouse/airflow_tooltorial/airflow-data/dags/example_desafio.py
[2024-10-09T20:44:38.138-0300] {processor.py:799} INFO - Processing file /home/marti/Lighthouse/airflow_tooltorial/airflow-data/dags/example_desafio.py for tasks to queue
[2024-10-09T20:44:38.139-0300] {logging_mixin.py:149} INFO - [2024-10-09T20:44:38.138-0300] {dagbag.py:541} INFO - Filling up the DagBag from /home/marti/Lighthouse/airflow_tooltorial/airflow-data/dags/example_desafio.py
[2024-10-09T20:44:38.379-0300] {processor.py:809} INFO - DAG(s) dict_keys(['DesafioAirflow']) retrieved from /home/marti/Lighthouse/airflow_tooltorial/airflow-data/dags/example_desafio.py
[2024-10-09T20:44:38.395-0300] {logging_mixin.py:149} INFO - [2024-10-09T20:44:38.395-0300] {dag.py:2726} INFO - Sync 1 DAGs
[2024-10-09T20:44:38.410-0300] {logging_mixin.py:149} INFO - [2024-10-09T20:44:38.410-0300] {dag.py:3486} INFO - Setting next_dagrun for DesafioAirflow to 2024-10-08T23:44:38.410264+00:00, run_after=2024-10-09T23:44:38.410264+00:00
[2024-10-09T20:44:38.558-0300] {processor.py:178} INFO - Processing /home/marti/Lighthouse/airflow_tooltorial/airflow-data/dags/example_desafio.py took 0.445 seconds
[2024-10-09T20:45:08.762-0300] {processor.py:156} INFO - Started process (PID=78379) to work on /home/marti/Lighthouse/airflow_tooltorial/airflow-data/dags/example_desafio.py
[2024-10-09T20:45:08.763-0300] {processor.py:799} INFO - Processing file /home/marti/Lighthouse/airflow_tooltorial/airflow-data/dags/example_desafio.py for tasks to queue
[2024-10-09T20:45:08.763-0300] {logging_mixin.py:149} INFO - [2024-10-09T20:45:08.763-0300] {dagbag.py:541} INFO - Filling up the DagBag from /home/marti/Lighthouse/airflow_tooltorial/airflow-data/dags/example_desafio.py
[2024-10-09T20:45:09.047-0300] {processor.py:809} INFO - DAG(s) dict_keys(['DesafioAirflow']) retrieved from /home/marti/Lighthouse/airflow_tooltorial/airflow-data/dags/example_desafio.py
[2024-10-09T20:45:09.066-0300] {logging_mixin.py:149} INFO - [2024-10-09T20:45:09.066-0300] {dag.py:2726} INFO - Sync 1 DAGs
[2024-10-09T20:45:09.088-0300] {logging_mixin.py:149} INFO - [2024-10-09T20:45:09.088-0300] {dag.py:3486} INFO - Setting next_dagrun for DesafioAirflow to 2024-10-08T23:45:09.088037+00:00, run_after=2024-10-09T23:45:09.088037+00:00
[2024-10-09T20:45:09.258-0300] {processor.py:178} INFO - Processing /home/marti/Lighthouse/airflow_tooltorial/airflow-data/dags/example_desafio.py took 0.499 seconds
[2024-10-09T20:45:39.555-0300] {processor.py:156} INFO - Started process (PID=78385) to work on /home/marti/Lighthouse/airflow_tooltorial/airflow-data/dags/example_desafio.py
[2024-10-09T20:45:39.580-0300] {processor.py:799} INFO - Processing file /home/marti/Lighthouse/airflow_tooltorial/airflow-data/dags/example_desafio.py for tasks to queue
[2024-10-09T20:45:39.580-0300] {logging_mixin.py:149} INFO - [2024-10-09T20:45:39.580-0300] {dagbag.py:541} INFO - Filling up the DagBag from /home/marti/Lighthouse/airflow_tooltorial/airflow-data/dags/example_desafio.py
[2024-10-09T20:45:39.916-0300] {processor.py:809} INFO - DAG(s) dict_keys(['DesafioAirflow']) retrieved from /home/marti/Lighthouse/airflow_tooltorial/airflow-data/dags/example_desafio.py
[2024-10-09T20:45:39.939-0300] {logging_mixin.py:149} INFO - [2024-10-09T20:45:39.939-0300] {dag.py:2726} INFO - Sync 1 DAGs
[2024-10-09T20:45:39.959-0300] {logging_mixin.py:149} INFO - [2024-10-09T20:45:39.959-0300] {dag.py:3486} INFO - Setting next_dagrun for DesafioAirflow to 2024-10-08T23:45:39.959543+00:00, run_after=2024-10-09T23:45:39.959543+00:00
[2024-10-09T20:45:40.136-0300] {processor.py:178} INFO - Processing /home/marti/Lighthouse/airflow_tooltorial/airflow-data/dags/example_desafio.py took 0.587 seconds
[2024-10-09T20:46:10.311-0300] {processor.py:156} INFO - Started process (PID=78439) to work on /home/marti/Lighthouse/airflow_tooltorial/airflow-data/dags/example_desafio.py
[2024-10-09T20:46:10.314-0300] {processor.py:799} INFO - Processing file /home/marti/Lighthouse/airflow_tooltorial/airflow-data/dags/example_desafio.py for tasks to queue
[2024-10-09T20:46:10.317-0300] {logging_mixin.py:149} INFO - [2024-10-09T20:46:10.316-0300] {dagbag.py:541} INFO - Filling up the DagBag from /home/marti/Lighthouse/airflow_tooltorial/airflow-data/dags/example_desafio.py
[2024-10-09T20:46:10.631-0300] {processor.py:809} INFO - DAG(s) dict_keys(['DesafioAirflow']) retrieved from /home/marti/Lighthouse/airflow_tooltorial/airflow-data/dags/example_desafio.py
[2024-10-09T20:46:10.655-0300] {logging_mixin.py:149} INFO - [2024-10-09T20:46:10.655-0300] {dag.py:2726} INFO - Sync 1 DAGs
[2024-10-09T20:46:10.674-0300] {logging_mixin.py:149} INFO - [2024-10-09T20:46:10.674-0300] {dag.py:3486} INFO - Setting next_dagrun for DesafioAirflow to 2024-10-08T23:46:10.674167+00:00, run_after=2024-10-09T23:46:10.674167+00:00
[2024-10-09T20:46:10.893-0300] {processor.py:178} INFO - Processing /home/marti/Lighthouse/airflow_tooltorial/airflow-data/dags/example_desafio.py took 0.594 seconds
[2024-10-09T20:46:41.173-0300] {processor.py:156} INFO - Started process (PID=78492) to work on /home/marti/Lighthouse/airflow_tooltorial/airflow-data/dags/example_desafio.py
[2024-10-09T20:46:41.203-0300] {processor.py:799} INFO - Processing file /home/marti/Lighthouse/airflow_tooltorial/airflow-data/dags/example_desafio.py for tasks to queue
[2024-10-09T20:46:41.204-0300] {logging_mixin.py:149} INFO - [2024-10-09T20:46:41.204-0300] {dagbag.py:541} INFO - Filling up the DagBag from /home/marti/Lighthouse/airflow_tooltorial/airflow-data/dags/example_desafio.py
[2024-10-09T20:46:41.537-0300] {processor.py:809} INFO - DAG(s) dict_keys(['DesafioAirflow']) retrieved from /home/marti/Lighthouse/airflow_tooltorial/airflow-data/dags/example_desafio.py
[2024-10-09T20:46:41.565-0300] {logging_mixin.py:149} INFO - [2024-10-09T20:46:41.565-0300] {dag.py:2726} INFO - Sync 1 DAGs
[2024-10-09T20:46:41.583-0300] {logging_mixin.py:149} INFO - [2024-10-09T20:46:41.583-0300] {dag.py:3486} INFO - Setting next_dagrun for DesafioAirflow to 2024-10-08T23:46:41.583488+00:00, run_after=2024-10-09T23:46:41.583488+00:00
[2024-10-09T20:46:41.800-0300] {processor.py:178} INFO - Processing /home/marti/Lighthouse/airflow_tooltorial/airflow-data/dags/example_desafio.py took 0.634 seconds
[2024-10-09T20:47:11.989-0300] {processor.py:156} INFO - Started process (PID=78549) to work on /home/marti/Lighthouse/airflow_tooltorial/airflow-data/dags/example_desafio.py
[2024-10-09T20:47:11.994-0300] {processor.py:799} INFO - Processing file /home/marti/Lighthouse/airflow_tooltorial/airflow-data/dags/example_desafio.py for tasks to queue
[2024-10-09T20:47:11.997-0300] {logging_mixin.py:149} INFO - [2024-10-09T20:47:11.996-0300] {dagbag.py:541} INFO - Filling up the DagBag from /home/marti/Lighthouse/airflow_tooltorial/airflow-data/dags/example_desafio.py
[2024-10-09T20:47:12.316-0300] {processor.py:809} INFO - DAG(s) dict_keys(['DesafioAirflow']) retrieved from /home/marti/Lighthouse/airflow_tooltorial/airflow-data/dags/example_desafio.py
[2024-10-09T20:47:12.338-0300] {logging_mixin.py:149} INFO - [2024-10-09T20:47:12.338-0300] {dag.py:2726} INFO - Sync 1 DAGs
[2024-10-09T20:47:12.360-0300] {logging_mixin.py:149} INFO - [2024-10-09T20:47:12.360-0300] {dag.py:3486} INFO - Setting next_dagrun for DesafioAirflow to 2024-10-08T23:47:12.360373+00:00, run_after=2024-10-09T23:47:12.360373+00:00
[2024-10-09T20:47:12.542-0300] {processor.py:178} INFO - Processing /home/marti/Lighthouse/airflow_tooltorial/airflow-data/dags/example_desafio.py took 0.561 seconds
[2024-10-09T20:47:42.689-0300] {processor.py:156} INFO - Started process (PID=78557) to work on /home/marti/Lighthouse/airflow_tooltorial/airflow-data/dags/example_desafio.py
[2024-10-09T20:47:42.705-0300] {processor.py:799} INFO - Processing file /home/marti/Lighthouse/airflow_tooltorial/airflow-data/dags/example_desafio.py for tasks to queue
[2024-10-09T20:47:42.706-0300] {logging_mixin.py:149} INFO - [2024-10-09T20:47:42.706-0300] {dagbag.py:541} INFO - Filling up the DagBag from /home/marti/Lighthouse/airflow_tooltorial/airflow-data/dags/example_desafio.py
[2024-10-09T20:47:43.041-0300] {processor.py:809} INFO - DAG(s) dict_keys(['DesafioAirflow']) retrieved from /home/marti/Lighthouse/airflow_tooltorial/airflow-data/dags/example_desafio.py
[2024-10-09T20:47:43.067-0300] {logging_mixin.py:149} INFO - [2024-10-09T20:47:43.066-0300] {dag.py:2726} INFO - Sync 1 DAGs
[2024-10-09T20:47:43.088-0300] {logging_mixin.py:149} INFO - [2024-10-09T20:47:43.088-0300] {dag.py:3486} INFO - Setting next_dagrun for DesafioAirflow to 2024-10-08T23:47:43.088269+00:00, run_after=2024-10-09T23:47:43.088269+00:00
[2024-10-09T20:47:43.284-0300] {processor.py:178} INFO - Processing /home/marti/Lighthouse/airflow_tooltorial/airflow-data/dags/example_desafio.py took 0.597 seconds
[2024-10-09T20:48:13.452-0300] {processor.py:156} INFO - Started process (PID=78610) to work on /home/marti/Lighthouse/airflow_tooltorial/airflow-data/dags/example_desafio.py
[2024-10-09T20:48:13.453-0300] {processor.py:799} INFO - Processing file /home/marti/Lighthouse/airflow_tooltorial/airflow-data/dags/example_desafio.py for tasks to queue
[2024-10-09T20:48:13.454-0300] {logging_mixin.py:149} INFO - [2024-10-09T20:48:13.454-0300] {dagbag.py:541} INFO - Filling up the DagBag from /home/marti/Lighthouse/airflow_tooltorial/airflow-data/dags/example_desafio.py
[2024-10-09T20:48:13.755-0300] {processor.py:809} INFO - DAG(s) dict_keys(['DesafioAirflow']) retrieved from /home/marti/Lighthouse/airflow_tooltorial/airflow-data/dags/example_desafio.py
[2024-10-09T20:48:13.779-0300] {logging_mixin.py:149} INFO - [2024-10-09T20:48:13.778-0300] {dag.py:2726} INFO - Sync 1 DAGs
[2024-10-09T20:48:13.800-0300] {logging_mixin.py:149} INFO - [2024-10-09T20:48:13.800-0300] {dag.py:3486} INFO - Setting next_dagrun for DesafioAirflow to 2024-10-08T23:48:13.799741+00:00, run_after=2024-10-09T23:48:13.799741+00:00
[2024-10-09T20:48:13.918-0300] {processor.py:178} INFO - Processing /home/marti/Lighthouse/airflow_tooltorial/airflow-data/dags/example_desafio.py took 0.469 seconds
[2024-10-09T20:48:44.077-0300] {processor.py:156} INFO - Started process (PID=78617) to work on /home/marti/Lighthouse/airflow_tooltorial/airflow-data/dags/example_desafio.py
[2024-10-09T20:48:44.078-0300] {processor.py:799} INFO - Processing file /home/marti/Lighthouse/airflow_tooltorial/airflow-data/dags/example_desafio.py for tasks to queue
[2024-10-09T20:48:44.078-0300] {logging_mixin.py:149} INFO - [2024-10-09T20:48:44.078-0300] {dagbag.py:541} INFO - Filling up the DagBag from /home/marti/Lighthouse/airflow_tooltorial/airflow-data/dags/example_desafio.py
[2024-10-09T20:48:44.459-0300] {processor.py:809} INFO - DAG(s) dict_keys(['DesafioAirflow']) retrieved from /home/marti/Lighthouse/airflow_tooltorial/airflow-data/dags/example_desafio.py
[2024-10-09T20:48:44.480-0300] {logging_mixin.py:149} INFO - [2024-10-09T20:48:44.479-0300] {dag.py:2726} INFO - Sync 1 DAGs
[2024-10-09T20:48:44.498-0300] {logging_mixin.py:149} INFO - [2024-10-09T20:48:44.497-0300] {dag.py:3486} INFO - Setting next_dagrun for DesafioAirflow to 2024-10-08T23:48:44.497729+00:00, run_after=2024-10-09T23:48:44.497729+00:00
[2024-10-09T20:48:44.646-0300] {processor.py:178} INFO - Processing /home/marti/Lighthouse/airflow_tooltorial/airflow-data/dags/example_desafio.py took 0.574 seconds
[2024-10-09T20:49:14.823-0300] {processor.py:156} INFO - Started process (PID=78670) to work on /home/marti/Lighthouse/airflow_tooltorial/airflow-data/dags/example_desafio.py
[2024-10-09T20:49:14.871-0300] {processor.py:799} INFO - Processing file /home/marti/Lighthouse/airflow_tooltorial/airflow-data/dags/example_desafio.py for tasks to queue
[2024-10-09T20:49:14.874-0300] {logging_mixin.py:149} INFO - [2024-10-09T20:49:14.873-0300] {dagbag.py:541} INFO - Filling up the DagBag from /home/marti/Lighthouse/airflow_tooltorial/airflow-data/dags/example_desafio.py
[2024-10-09T20:49:15.273-0300] {processor.py:809} INFO - DAG(s) dict_keys(['DesafioAirflow']) retrieved from /home/marti/Lighthouse/airflow_tooltorial/airflow-data/dags/example_desafio.py
[2024-10-09T20:49:15.300-0300] {logging_mixin.py:149} INFO - [2024-10-09T20:49:15.299-0300] {dag.py:2726} INFO - Sync 1 DAGs
[2024-10-09T20:49:15.323-0300] {logging_mixin.py:149} INFO - [2024-10-09T20:49:15.323-0300] {dag.py:3486} INFO - Setting next_dagrun for DesafioAirflow to 2024-10-08T23:49:15.323471+00:00, run_after=2024-10-09T23:49:15.323471+00:00
[2024-10-09T20:49:15.680-0300] {processor.py:178} INFO - Processing /home/marti/Lighthouse/airflow_tooltorial/airflow-data/dags/example_desafio.py took 0.863 seconds
[2024-10-09T20:49:46.011-0300] {processor.py:156} INFO - Started process (PID=78676) to work on /home/marti/Lighthouse/airflow_tooltorial/airflow-data/dags/example_desafio.py
[2024-10-09T20:49:46.014-0300] {processor.py:799} INFO - Processing file /home/marti/Lighthouse/airflow_tooltorial/airflow-data/dags/example_desafio.py for tasks to queue
[2024-10-09T20:49:46.018-0300] {logging_mixin.py:149} INFO - [2024-10-09T20:49:46.017-0300] {dagbag.py:541} INFO - Filling up the DagBag from /home/marti/Lighthouse/airflow_tooltorial/airflow-data/dags/example_desafio.py
[2024-10-09T20:49:46.379-0300] {processor.py:809} INFO - DAG(s) dict_keys(['DesafioAirflow']) retrieved from /home/marti/Lighthouse/airflow_tooltorial/airflow-data/dags/example_desafio.py
[2024-10-09T20:49:46.398-0300] {logging_mixin.py:149} INFO - [2024-10-09T20:49:46.397-0300] {dag.py:2726} INFO - Sync 1 DAGs
[2024-10-09T20:49:46.419-0300] {logging_mixin.py:149} INFO - [2024-10-09T20:49:46.419-0300] {dag.py:3486} INFO - Setting next_dagrun for DesafioAirflow to 2024-10-08T23:49:46.419361+00:00, run_after=2024-10-09T23:49:46.419361+00:00
[2024-10-09T20:49:46.563-0300] {processor.py:178} INFO - Processing /home/marti/Lighthouse/airflow_tooltorial/airflow-data/dags/example_desafio.py took 0.564 seconds
[2024-10-09T20:50:16.754-0300] {processor.py:156} INFO - Started process (PID=78731) to work on /home/marti/Lighthouse/airflow_tooltorial/airflow-data/dags/example_desafio.py
[2024-10-09T20:50:16.798-0300] {processor.py:799} INFO - Processing file /home/marti/Lighthouse/airflow_tooltorial/airflow-data/dags/example_desafio.py for tasks to queue
[2024-10-09T20:50:16.801-0300] {logging_mixin.py:149} INFO - [2024-10-09T20:50:16.800-0300] {dagbag.py:541} INFO - Filling up the DagBag from /home/marti/Lighthouse/airflow_tooltorial/airflow-data/dags/example_desafio.py
[2024-10-09T20:50:17.128-0300] {processor.py:809} INFO - DAG(s) dict_keys(['DesafioAirflow']) retrieved from /home/marti/Lighthouse/airflow_tooltorial/airflow-data/dags/example_desafio.py
[2024-10-09T20:50:17.149-0300] {logging_mixin.py:149} INFO - [2024-10-09T20:50:17.149-0300] {dag.py:2726} INFO - Sync 1 DAGs
[2024-10-09T20:50:17.176-0300] {logging_mixin.py:149} INFO - [2024-10-09T20:50:17.176-0300] {dag.py:3486} INFO - Setting next_dagrun for DesafioAirflow to 2024-10-08T23:50:17.176366+00:00, run_after=2024-10-09T23:50:17.176366+00:00
[2024-10-09T20:50:17.327-0300] {processor.py:178} INFO - Processing /home/marti/Lighthouse/airflow_tooltorial/airflow-data/dags/example_desafio.py took 0.577 seconds
[2024-10-09T20:50:47.584-0300] {processor.py:156} INFO - Started process (PID=78738) to work on /home/marti/Lighthouse/airflow_tooltorial/airflow-data/dags/example_desafio.py
[2024-10-09T20:50:47.586-0300] {processor.py:799} INFO - Processing file /home/marti/Lighthouse/airflow_tooltorial/airflow-data/dags/example_desafio.py for tasks to queue
[2024-10-09T20:50:47.587-0300] {logging_mixin.py:149} INFO - [2024-10-09T20:50:47.587-0300] {dagbag.py:541} INFO - Filling up the DagBag from /home/marti/Lighthouse/airflow_tooltorial/airflow-data/dags/example_desafio.py
[2024-10-09T20:50:47.903-0300] {processor.py:809} INFO - DAG(s) dict_keys(['DesafioAirflow']) retrieved from /home/marti/Lighthouse/airflow_tooltorial/airflow-data/dags/example_desafio.py
[2024-10-09T20:50:47.925-0300] {logging_mixin.py:149} INFO - [2024-10-09T20:50:47.925-0300] {dag.py:2726} INFO - Sync 1 DAGs
[2024-10-09T20:50:47.952-0300] {logging_mixin.py:149} INFO - [2024-10-09T20:50:47.951-0300] {dag.py:3486} INFO - Setting next_dagrun for DesafioAirflow to 2024-10-08T23:50:47.951604+00:00, run_after=2024-10-09T23:50:47.951604+00:00
[2024-10-09T20:50:48.063-0300] {processor.py:178} INFO - Processing /home/marti/Lighthouse/airflow_tooltorial/airflow-data/dags/example_desafio.py took 0.486 seconds
[2024-10-09T20:51:18.161-0300] {processor.py:156} INFO - Started process (PID=78791) to work on /home/marti/Lighthouse/airflow_tooltorial/airflow-data/dags/example_desafio.py
[2024-10-09T20:51:18.207-0300] {processor.py:799} INFO - Processing file /home/marti/Lighthouse/airflow_tooltorial/airflow-data/dags/example_desafio.py for tasks to queue
[2024-10-09T20:51:18.213-0300] {logging_mixin.py:149} INFO - [2024-10-09T20:51:18.212-0300] {dagbag.py:541} INFO - Filling up the DagBag from /home/marti/Lighthouse/airflow_tooltorial/airflow-data/dags/example_desafio.py
[2024-10-09T20:51:18.685-0300] {processor.py:809} INFO - DAG(s) dict_keys(['DesafioAirflow']) retrieved from /home/marti/Lighthouse/airflow_tooltorial/airflow-data/dags/example_desafio.py
[2024-10-09T20:51:18.783-0300] {logging_mixin.py:149} INFO - [2024-10-09T20:51:18.783-0300] {dag.py:2726} INFO - Sync 1 DAGs
[2024-10-09T20:51:19.033-0300] {logging_mixin.py:149} INFO - [2024-10-09T20:51:19.032-0300] {dag.py:3486} INFO - Setting next_dagrun for DesafioAirflow to 2024-10-08T23:51:19.031291+00:00, run_after=2024-10-09T23:51:19.031291+00:00
[2024-10-09T20:51:19.412-0300] {processor.py:178} INFO - Processing /home/marti/Lighthouse/airflow_tooltorial/airflow-data/dags/example_desafio.py took 1.258 seconds
[2024-10-09T20:51:49.604-0300] {processor.py:156} INFO - Started process (PID=78893) to work on /home/marti/Lighthouse/airflow_tooltorial/airflow-data/dags/example_desafio.py
[2024-10-09T20:51:49.605-0300] {processor.py:799} INFO - Processing file /home/marti/Lighthouse/airflow_tooltorial/airflow-data/dags/example_desafio.py for tasks to queue
[2024-10-09T20:51:49.606-0300] {logging_mixin.py:149} INFO - [2024-10-09T20:51:49.606-0300] {dagbag.py:541} INFO - Filling up the DagBag from /home/marti/Lighthouse/airflow_tooltorial/airflow-data/dags/example_desafio.py
[2024-10-09T20:51:49.937-0300] {processor.py:809} INFO - DAG(s) dict_keys(['DesafioAirflow']) retrieved from /home/marti/Lighthouse/airflow_tooltorial/airflow-data/dags/example_desafio.py
[2024-10-09T20:51:49.960-0300] {logging_mixin.py:149} INFO - [2024-10-09T20:51:49.960-0300] {dag.py:2726} INFO - Sync 1 DAGs
[2024-10-09T20:51:49.977-0300] {logging_mixin.py:149} INFO - [2024-10-09T20:51:49.977-0300] {dag.py:3486} INFO - Setting next_dagrun for DesafioAirflow to 2024-10-08T23:51:49.977330+00:00, run_after=2024-10-09T23:51:49.977330+00:00
[2024-10-09T20:51:50.130-0300] {processor.py:178} INFO - Processing /home/marti/Lighthouse/airflow_tooltorial/airflow-data/dags/example_desafio.py took 0.532 seconds
[2024-10-09T20:52:20.405-0300] {processor.py:156} INFO - Started process (PID=78946) to work on /home/marti/Lighthouse/airflow_tooltorial/airflow-data/dags/example_desafio.py
[2024-10-09T20:52:20.459-0300] {processor.py:799} INFO - Processing file /home/marti/Lighthouse/airflow_tooltorial/airflow-data/dags/example_desafio.py for tasks to queue
[2024-10-09T20:52:20.462-0300] {logging_mixin.py:149} INFO - [2024-10-09T20:52:20.461-0300] {dagbag.py:541} INFO - Filling up the DagBag from /home/marti/Lighthouse/airflow_tooltorial/airflow-data/dags/example_desafio.py
[2024-10-09T20:52:20.829-0300] {processor.py:809} INFO - DAG(s) dict_keys(['DesafioAirflow']) retrieved from /home/marti/Lighthouse/airflow_tooltorial/airflow-data/dags/example_desafio.py
[2024-10-09T20:52:20.850-0300] {logging_mixin.py:149} INFO - [2024-10-09T20:52:20.850-0300] {dag.py:2726} INFO - Sync 1 DAGs
[2024-10-09T20:52:20.868-0300] {logging_mixin.py:149} INFO - [2024-10-09T20:52:20.868-0300] {dag.py:3486} INFO - Setting next_dagrun for DesafioAirflow to 2024-10-08T23:52:20.867833+00:00, run_after=2024-10-09T23:52:20.867833+00:00
[2024-10-09T20:52:21.044-0300] {processor.py:178} INFO - Processing /home/marti/Lighthouse/airflow_tooltorial/airflow-data/dags/example_desafio.py took 0.645 seconds
[2024-10-09T20:52:51.241-0300] {processor.py:156} INFO - Started process (PID=78953) to work on /home/marti/Lighthouse/airflow_tooltorial/airflow-data/dags/example_desafio.py
[2024-10-09T20:52:51.243-0300] {processor.py:799} INFO - Processing file /home/marti/Lighthouse/airflow_tooltorial/airflow-data/dags/example_desafio.py for tasks to queue
[2024-10-09T20:52:51.244-0300] {logging_mixin.py:149} INFO - [2024-10-09T20:52:51.243-0300] {dagbag.py:541} INFO - Filling up the DagBag from /home/marti/Lighthouse/airflow_tooltorial/airflow-data/dags/example_desafio.py
[2024-10-09T20:52:51.579-0300] {processor.py:809} INFO - DAG(s) dict_keys(['DesafioAirflow']) retrieved from /home/marti/Lighthouse/airflow_tooltorial/airflow-data/dags/example_desafio.py
[2024-10-09T20:52:51.599-0300] {logging_mixin.py:149} INFO - [2024-10-09T20:52:51.599-0300] {dag.py:2726} INFO - Sync 1 DAGs
[2024-10-09T20:52:51.616-0300] {logging_mixin.py:149} INFO - [2024-10-09T20:52:51.616-0300] {dag.py:3486} INFO - Setting next_dagrun for DesafioAirflow to 2024-10-08T23:52:51.616291+00:00, run_after=2024-10-09T23:52:51.616291+00:00
[2024-10-09T20:52:51.751-0300] {processor.py:178} INFO - Processing /home/marti/Lighthouse/airflow_tooltorial/airflow-data/dags/example_desafio.py took 0.516 seconds
[2024-10-09T20:53:22.036-0300] {processor.py:156} INFO - Started process (PID=79006) to work on /home/marti/Lighthouse/airflow_tooltorial/airflow-data/dags/example_desafio.py
[2024-10-09T20:53:22.078-0300] {processor.py:799} INFO - Processing file /home/marti/Lighthouse/airflow_tooltorial/airflow-data/dags/example_desafio.py for tasks to queue
[2024-10-09T20:53:22.082-0300] {logging_mixin.py:149} INFO - [2024-10-09T20:53:22.080-0300] {dagbag.py:541} INFO - Filling up the DagBag from /home/marti/Lighthouse/airflow_tooltorial/airflow-data/dags/example_desafio.py
[2024-10-09T20:53:22.387-0300] {processor.py:809} INFO - DAG(s) dict_keys(['DesafioAirflow']) retrieved from /home/marti/Lighthouse/airflow_tooltorial/airflow-data/dags/example_desafio.py
[2024-10-09T20:53:22.405-0300] {logging_mixin.py:149} INFO - [2024-10-09T20:53:22.404-0300] {dag.py:2726} INFO - Sync 1 DAGs
[2024-10-09T20:53:22.428-0300] {logging_mixin.py:149} INFO - [2024-10-09T20:53:22.427-0300] {dag.py:3486} INFO - Setting next_dagrun for DesafioAirflow to 2024-10-08T23:53:22.427560+00:00, run_after=2024-10-09T23:53:22.427560+00:00
[2024-10-09T20:53:22.586-0300] {processor.py:178} INFO - Processing /home/marti/Lighthouse/airflow_tooltorial/airflow-data/dags/example_desafio.py took 0.556 seconds
[2024-10-09T20:53:52.744-0300] {processor.py:156} INFO - Started process (PID=79014) to work on /home/marti/Lighthouse/airflow_tooltorial/airflow-data/dags/example_desafio.py
[2024-10-09T20:53:52.745-0300] {processor.py:799} INFO - Processing file /home/marti/Lighthouse/airflow_tooltorial/airflow-data/dags/example_desafio.py for tasks to queue
[2024-10-09T20:53:52.746-0300] {logging_mixin.py:149} INFO - [2024-10-09T20:53:52.745-0300] {dagbag.py:541} INFO - Filling up the DagBag from /home/marti/Lighthouse/airflow_tooltorial/airflow-data/dags/example_desafio.py
[2024-10-09T20:53:53.062-0300] {processor.py:809} INFO - DAG(s) dict_keys(['DesafioAirflow']) retrieved from /home/marti/Lighthouse/airflow_tooltorial/airflow-data/dags/example_desafio.py
[2024-10-09T20:53:53.079-0300] {logging_mixin.py:149} INFO - [2024-10-09T20:53:53.079-0300] {dag.py:2726} INFO - Sync 1 DAGs
[2024-10-09T20:53:53.094-0300] {logging_mixin.py:149} INFO - [2024-10-09T20:53:53.094-0300] {dag.py:3486} INFO - Setting next_dagrun for DesafioAirflow to 2024-10-08T23:53:53.094220+00:00, run_after=2024-10-09T23:53:53.094220+00:00
[2024-10-09T20:53:53.221-0300] {processor.py:178} INFO - Processing /home/marti/Lighthouse/airflow_tooltorial/airflow-data/dags/example_desafio.py took 0.483 seconds
[2024-10-09T20:54:23.310-0300] {processor.py:156} INFO - Started process (PID=79094) to work on /home/marti/Lighthouse/airflow_tooltorial/airflow-data/dags/example_desafio.py
[2024-10-09T20:54:23.332-0300] {processor.py:799} INFO - Processing file /home/marti/Lighthouse/airflow_tooltorial/airflow-data/dags/example_desafio.py for tasks to queue
[2024-10-09T20:54:23.334-0300] {logging_mixin.py:149} INFO - [2024-10-09T20:54:23.334-0300] {dagbag.py:541} INFO - Filling up the DagBag from /home/marti/Lighthouse/airflow_tooltorial/airflow-data/dags/example_desafio.py
[2024-10-09T20:54:23.596-0300] {processor.py:809} INFO - DAG(s) dict_keys(['DesafioAirflow']) retrieved from /home/marti/Lighthouse/airflow_tooltorial/airflow-data/dags/example_desafio.py
[2024-10-09T20:54:23.613-0300] {logging_mixin.py:149} INFO - [2024-10-09T20:54:23.613-0300] {dag.py:2726} INFO - Sync 1 DAGs
[2024-10-09T20:54:23.628-0300] {logging_mixin.py:149} INFO - [2024-10-09T20:54:23.628-0300] {dag.py:3486} INFO - Setting next_dagrun for DesafioAirflow to 2024-10-08T23:54:23.628434+00:00, run_after=2024-10-09T23:54:23.628434+00:00
[2024-10-09T20:54:23.778-0300] {processor.py:178} INFO - Processing /home/marti/Lighthouse/airflow_tooltorial/airflow-data/dags/example_desafio.py took 0.475 seconds
[2024-10-09T20:54:53.886-0300] {processor.py:156} INFO - Started process (PID=79101) to work on /home/marti/Lighthouse/airflow_tooltorial/airflow-data/dags/example_desafio.py
[2024-10-09T20:54:53.896-0300] {processor.py:799} INFO - Processing file /home/marti/Lighthouse/airflow_tooltorial/airflow-data/dags/example_desafio.py for tasks to queue
[2024-10-09T20:54:53.898-0300] {logging_mixin.py:149} INFO - [2024-10-09T20:54:53.897-0300] {dagbag.py:541} INFO - Filling up the DagBag from /home/marti/Lighthouse/airflow_tooltorial/airflow-data/dags/example_desafio.py
[2024-10-09T20:54:54.171-0300] {processor.py:809} INFO - DAG(s) dict_keys(['DesafioAirflow']) retrieved from /home/marti/Lighthouse/airflow_tooltorial/airflow-data/dags/example_desafio.py
[2024-10-09T20:54:54.187-0300] {logging_mixin.py:149} INFO - [2024-10-09T20:54:54.187-0300] {dag.py:2726} INFO - Sync 1 DAGs
[2024-10-09T20:54:54.202-0300] {logging_mixin.py:149} INFO - [2024-10-09T20:54:54.202-0300] {dag.py:3486} INFO - Setting next_dagrun for DesafioAirflow to 2024-10-08T23:54:54.202236+00:00, run_after=2024-10-09T23:54:54.202236+00:00
[2024-10-09T20:54:54.376-0300] {processor.py:178} INFO - Processing /home/marti/Lighthouse/airflow_tooltorial/airflow-data/dags/example_desafio.py took 0.498 seconds
[2024-10-09T20:55:24.611-0300] {processor.py:156} INFO - Started process (PID=79154) to work on /home/marti/Lighthouse/airflow_tooltorial/airflow-data/dags/example_desafio.py
[2024-10-09T20:55:24.612-0300] {processor.py:799} INFO - Processing file /home/marti/Lighthouse/airflow_tooltorial/airflow-data/dags/example_desafio.py for tasks to queue
[2024-10-09T20:55:24.613-0300] {logging_mixin.py:149} INFO - [2024-10-09T20:55:24.613-0300] {dagbag.py:541} INFO - Filling up the DagBag from /home/marti/Lighthouse/airflow_tooltorial/airflow-data/dags/example_desafio.py
[2024-10-09T20:55:24.859-0300] {processor.py:809} INFO - DAG(s) dict_keys(['DesafioAirflow']) retrieved from /home/marti/Lighthouse/airflow_tooltorial/airflow-data/dags/example_desafio.py
[2024-10-09T20:55:24.875-0300] {logging_mixin.py:149} INFO - [2024-10-09T20:55:24.875-0300] {dag.py:2726} INFO - Sync 1 DAGs
[2024-10-09T20:55:24.890-0300] {logging_mixin.py:149} INFO - [2024-10-09T20:55:24.890-0300] {dag.py:3486} INFO - Setting next_dagrun for DesafioAirflow to 2024-10-08T23:55:24.890169+00:00, run_after=2024-10-09T23:55:24.890169+00:00
[2024-10-09T20:55:25.021-0300] {processor.py:178} INFO - Processing /home/marti/Lighthouse/airflow_tooltorial/airflow-data/dags/example_desafio.py took 0.412 seconds
[2024-10-09T20:55:55.259-0300] {processor.py:156} INFO - Started process (PID=79159) to work on /home/marti/Lighthouse/airflow_tooltorial/airflow-data/dags/example_desafio.py
[2024-10-09T20:55:55.261-0300] {processor.py:799} INFO - Processing file /home/marti/Lighthouse/airflow_tooltorial/airflow-data/dags/example_desafio.py for tasks to queue
[2024-10-09T20:55:55.263-0300] {logging_mixin.py:149} INFO - [2024-10-09T20:55:55.263-0300] {dagbag.py:541} INFO - Filling up the DagBag from /home/marti/Lighthouse/airflow_tooltorial/airflow-data/dags/example_desafio.py
[2024-10-09T20:55:55.520-0300] {processor.py:809} INFO - DAG(s) dict_keys(['DesafioAirflow']) retrieved from /home/marti/Lighthouse/airflow_tooltorial/airflow-data/dags/example_desafio.py
[2024-10-09T20:55:55.536-0300] {logging_mixin.py:149} INFO - [2024-10-09T20:55:55.536-0300] {dag.py:2726} INFO - Sync 1 DAGs
[2024-10-09T20:55:55.552-0300] {logging_mixin.py:149} INFO - [2024-10-09T20:55:55.552-0300] {dag.py:3486} INFO - Setting next_dagrun for DesafioAirflow to 2024-10-08T23:55:55.552234+00:00, run_after=2024-10-09T23:55:55.552234+00:00
[2024-10-09T20:55:55.687-0300] {processor.py:178} INFO - Processing /home/marti/Lighthouse/airflow_tooltorial/airflow-data/dags/example_desafio.py took 0.438 seconds
[2024-10-09T20:56:25.896-0300] {processor.py:156} INFO - Started process (PID=79212) to work on /home/marti/Lighthouse/airflow_tooltorial/airflow-data/dags/example_desafio.py
[2024-10-09T20:56:25.921-0300] {processor.py:799} INFO - Processing file /home/marti/Lighthouse/airflow_tooltorial/airflow-data/dags/example_desafio.py for tasks to queue
[2024-10-09T20:56:25.923-0300] {logging_mixin.py:149} INFO - [2024-10-09T20:56:25.923-0300] {dagbag.py:541} INFO - Filling up the DagBag from /home/marti/Lighthouse/airflow_tooltorial/airflow-data/dags/example_desafio.py
[2024-10-09T20:56:26.192-0300] {processor.py:809} INFO - DAG(s) dict_keys(['DesafioAirflow']) retrieved from /home/marti/Lighthouse/airflow_tooltorial/airflow-data/dags/example_desafio.py
[2024-10-09T20:56:26.209-0300] {logging_mixin.py:149} INFO - [2024-10-09T20:56:26.209-0300] {dag.py:2726} INFO - Sync 1 DAGs
[2024-10-09T20:56:26.225-0300] {logging_mixin.py:149} INFO - [2024-10-09T20:56:26.224-0300] {dag.py:3486} INFO - Setting next_dagrun for DesafioAirflow to 2024-10-08T23:56:26.224783+00:00, run_after=2024-10-09T23:56:26.224783+00:00
[2024-10-09T20:56:26.354-0300] {processor.py:178} INFO - Processing /home/marti/Lighthouse/airflow_tooltorial/airflow-data/dags/example_desafio.py took 0.468 seconds
[2024-10-09T20:56:56.548-0300] {processor.py:156} INFO - Started process (PID=79294) to work on /home/marti/Lighthouse/airflow_tooltorial/airflow-data/dags/example_desafio.py
[2024-10-09T20:56:56.549-0300] {processor.py:799} INFO - Processing file /home/marti/Lighthouse/airflow_tooltorial/airflow-data/dags/example_desafio.py for tasks to queue
[2024-10-09T20:56:56.550-0300] {logging_mixin.py:149} INFO - [2024-10-09T20:56:56.550-0300] {dagbag.py:541} INFO - Filling up the DagBag from /home/marti/Lighthouse/airflow_tooltorial/airflow-data/dags/example_desafio.py
[2024-10-09T20:56:56.851-0300] {processor.py:809} INFO - DAG(s) dict_keys(['DesafioAirflow']) retrieved from /home/marti/Lighthouse/airflow_tooltorial/airflow-data/dags/example_desafio.py
[2024-10-09T20:56:56.869-0300] {logging_mixin.py:149} INFO - [2024-10-09T20:56:56.869-0300] {dag.py:2726} INFO - Sync 1 DAGs
[2024-10-09T20:56:56.887-0300] {logging_mixin.py:149} INFO - [2024-10-09T20:56:56.887-0300] {dag.py:3486} INFO - Setting next_dagrun for DesafioAirflow to 2024-10-08T23:56:56.887191+00:00, run_after=2024-10-09T23:56:56.887191+00:00
[2024-10-09T20:56:57.011-0300] {processor.py:178} INFO - Processing /home/marti/Lighthouse/airflow_tooltorial/airflow-data/dags/example_desafio.py took 0.467 seconds
[2024-10-09T20:57:27.225-0300] {processor.py:156} INFO - Started process (PID=79359) to work on /home/marti/Lighthouse/airflow_tooltorial/airflow-data/dags/example_desafio.py
[2024-10-09T20:57:27.243-0300] {processor.py:799} INFO - Processing file /home/marti/Lighthouse/airflow_tooltorial/airflow-data/dags/example_desafio.py for tasks to queue
[2024-10-09T20:57:27.245-0300] {logging_mixin.py:149} INFO - [2024-10-09T20:57:27.244-0300] {dagbag.py:541} INFO - Filling up the DagBag from /home/marti/Lighthouse/airflow_tooltorial/airflow-data/dags/example_desafio.py
[2024-10-09T20:57:27.583-0300] {processor.py:809} INFO - DAG(s) dict_keys(['DesafioAirflow']) retrieved from /home/marti/Lighthouse/airflow_tooltorial/airflow-data/dags/example_desafio.py
[2024-10-09T20:57:27.603-0300] {logging_mixin.py:149} INFO - [2024-10-09T20:57:27.603-0300] {dag.py:2726} INFO - Sync 1 DAGs
[2024-10-09T20:57:27.631-0300] {logging_mixin.py:149} INFO - [2024-10-09T20:57:27.631-0300] {dag.py:3486} INFO - Setting next_dagrun for DesafioAirflow to 2024-10-08T23:57:27.630951+00:00, run_after=2024-10-09T23:57:27.630951+00:00
[2024-10-09T20:57:27.843-0300] {processor.py:178} INFO - Processing /home/marti/Lighthouse/airflow_tooltorial/airflow-data/dags/example_desafio.py took 0.625 seconds
[2024-10-09T20:57:58.164-0300] {processor.py:156} INFO - Started process (PID=79364) to work on /home/marti/Lighthouse/airflow_tooltorial/airflow-data/dags/example_desafio.py
[2024-10-09T20:57:58.166-0300] {processor.py:799} INFO - Processing file /home/marti/Lighthouse/airflow_tooltorial/airflow-data/dags/example_desafio.py for tasks to queue
[2024-10-09T20:57:58.168-0300] {logging_mixin.py:149} INFO - [2024-10-09T20:57:58.167-0300] {dagbag.py:541} INFO - Filling up the DagBag from /home/marti/Lighthouse/airflow_tooltorial/airflow-data/dags/example_desafio.py
[2024-10-09T20:57:58.489-0300] {processor.py:809} INFO - DAG(s) dict_keys(['DesafioAirflow']) retrieved from /home/marti/Lighthouse/airflow_tooltorial/airflow-data/dags/example_desafio.py
[2024-10-09T20:57:58.506-0300] {logging_mixin.py:149} INFO - [2024-10-09T20:57:58.506-0300] {dag.py:2726} INFO - Sync 1 DAGs
[2024-10-09T20:57:58.526-0300] {logging_mixin.py:149} INFO - [2024-10-09T20:57:58.525-0300] {dag.py:3486} INFO - Setting next_dagrun for DesafioAirflow to 2024-10-08T23:57:58.525630+00:00, run_after=2024-10-09T23:57:58.525630+00:00
[2024-10-09T20:57:58.715-0300] {processor.py:178} INFO - Processing /home/marti/Lighthouse/airflow_tooltorial/airflow-data/dags/example_desafio.py took 0.561 seconds
[2024-10-09T20:58:28.893-0300] {processor.py:156} INFO - Started process (PID=79417) to work on /home/marti/Lighthouse/airflow_tooltorial/airflow-data/dags/example_desafio.py
[2024-10-09T20:58:28.920-0300] {processor.py:799} INFO - Processing file /home/marti/Lighthouse/airflow_tooltorial/airflow-data/dags/example_desafio.py for tasks to queue
[2024-10-09T20:58:28.921-0300] {logging_mixin.py:149} INFO - [2024-10-09T20:58:28.921-0300] {dagbag.py:541} INFO - Filling up the DagBag from /home/marti/Lighthouse/airflow_tooltorial/airflow-data/dags/example_desafio.py
[2024-10-09T20:58:29.237-0300] {processor.py:809} INFO - DAG(s) dict_keys(['DesafioAirflow']) retrieved from /home/marti/Lighthouse/airflow_tooltorial/airflow-data/dags/example_desafio.py
[2024-10-09T20:58:29.270-0300] {logging_mixin.py:149} INFO - [2024-10-09T20:58:29.269-0300] {dag.py:2726} INFO - Sync 1 DAGs
[2024-10-09T20:58:29.291-0300] {logging_mixin.py:149} INFO - [2024-10-09T20:58:29.290-0300] {dag.py:3486} INFO - Setting next_dagrun for DesafioAirflow to 2024-10-08T23:58:29.290749+00:00, run_after=2024-10-09T23:58:29.290749+00:00
[2024-10-09T20:58:29.544-0300] {processor.py:178} INFO - Processing /home/marti/Lighthouse/airflow_tooltorial/airflow-data/dags/example_desafio.py took 0.658 seconds
[2024-10-09T20:58:59.838-0300] {processor.py:156} INFO - Started process (PID=79425) to work on /home/marti/Lighthouse/airflow_tooltorial/airflow-data/dags/example_desafio.py
[2024-10-09T20:58:59.839-0300] {processor.py:799} INFO - Processing file /home/marti/Lighthouse/airflow_tooltorial/airflow-data/dags/example_desafio.py for tasks to queue
[2024-10-09T20:58:59.842-0300] {logging_mixin.py:149} INFO - [2024-10-09T20:58:59.841-0300] {dagbag.py:541} INFO - Filling up the DagBag from /home/marti/Lighthouse/airflow_tooltorial/airflow-data/dags/example_desafio.py
[2024-10-09T20:59:00.159-0300] {processor.py:809} INFO - DAG(s) dict_keys(['DesafioAirflow']) retrieved from /home/marti/Lighthouse/airflow_tooltorial/airflow-data/dags/example_desafio.py
[2024-10-09T20:59:00.178-0300] {logging_mixin.py:149} INFO - [2024-10-09T20:59:00.178-0300] {dag.py:2726} INFO - Sync 1 DAGs
[2024-10-09T20:59:00.196-0300] {logging_mixin.py:149} INFO - [2024-10-09T20:59:00.196-0300] {dag.py:3486} INFO - Setting next_dagrun for DesafioAirflow to 2024-10-08T23:59:00.196147+00:00, run_after=2024-10-09T23:59:00.196147+00:00
[2024-10-09T20:59:00.375-0300] {processor.py:178} INFO - Processing /home/marti/Lighthouse/airflow_tooltorial/airflow-data/dags/example_desafio.py took 0.543 seconds
[2024-10-09T20:59:30.729-0300] {processor.py:156} INFO - Started process (PID=79567) to work on /home/marti/Lighthouse/airflow_tooltorial/airflow-data/dags/example_desafio.py
[2024-10-09T20:59:30.776-0300] {processor.py:799} INFO - Processing file /home/marti/Lighthouse/airflow_tooltorial/airflow-data/dags/example_desafio.py for tasks to queue
[2024-10-09T20:59:30.777-0300] {logging_mixin.py:149} INFO - [2024-10-09T20:59:30.777-0300] {dagbag.py:541} INFO - Filling up the DagBag from /home/marti/Lighthouse/airflow_tooltorial/airflow-data/dags/example_desafio.py
[2024-10-09T20:59:31.042-0300] {processor.py:809} INFO - DAG(s) dict_keys(['DesafioAirflow']) retrieved from /home/marti/Lighthouse/airflow_tooltorial/airflow-data/dags/example_desafio.py
[2024-10-09T20:59:31.059-0300] {logging_mixin.py:149} INFO - [2024-10-09T20:59:31.059-0300] {dag.py:2726} INFO - Sync 1 DAGs
[2024-10-09T20:59:31.074-0300] {logging_mixin.py:149} INFO - [2024-10-09T20:59:31.074-0300] {dag.py:3486} INFO - Setting next_dagrun for DesafioAirflow to 2024-10-08T23:59:31.074518+00:00, run_after=2024-10-09T23:59:31.074518+00:00
[2024-10-09T20:59:31.231-0300] {processor.py:178} INFO - Processing /home/marti/Lighthouse/airflow_tooltorial/airflow-data/dags/example_desafio.py took 0.509 seconds
