[2024-10-09T18:06:53.559-0300] {processor.py:156} INFO - Started process (PID=61374) to work on /home/marti/Lighthouse/airflow_tooltorial/venv/lib/python3.8/site-packages/airflow/example_dags/plugins/event_listener.py
[2024-10-09T18:06:53.560-0300] {processor.py:799} INFO - Processing file /home/marti/Lighthouse/airflow_tooltorial/venv/lib/python3.8/site-packages/airflow/example_dags/plugins/event_listener.py for tasks to queue
[2024-10-09T18:06:53.561-0300] {logging_mixin.py:149} INFO - [2024-10-09T18:06:53.560-0300] {dagbag.py:541} INFO - Filling up the DagBag from /home/marti/Lighthouse/airflow_tooltorial/venv/lib/python3.8/site-packages/airflow/example_dags/plugins/event_listener.py
[2024-10-09T18:06:53.563-0300] {processor.py:811} WARNING - No viable dags retrieved from /home/marti/Lighthouse/airflow_tooltorial/venv/lib/python3.8/site-packages/airflow/example_dags/plugins/event_listener.py
[2024-10-09T18:06:53.574-0300] {processor.py:178} INFO - Processing /home/marti/Lighthouse/airflow_tooltorial/venv/lib/python3.8/site-packages/airflow/example_dags/plugins/event_listener.py took 0.019 seconds
[2024-10-09T18:08:24.568-0300] {processor.py:156} INFO - Started process (PID=61746) to work on /home/marti/Lighthouse/airflow_tooltorial/venv/lib/python3.8/site-packages/airflow/example_dags/plugins/event_listener.py
[2024-10-09T18:08:24.600-0300] {processor.py:799} INFO - Processing file /home/marti/Lighthouse/airflow_tooltorial/venv/lib/python3.8/site-packages/airflow/example_dags/plugins/event_listener.py for tasks to queue
[2024-10-09T18:08:24.602-0300] {logging_mixin.py:149} INFO - [2024-10-09T18:08:24.602-0300] {dagbag.py:541} INFO - Filling up the DagBag from /home/marti/Lighthouse/airflow_tooltorial/venv/lib/python3.8/site-packages/airflow/example_dags/plugins/event_listener.py
[2024-10-09T18:08:24.607-0300] {processor.py:811} WARNING - No viable dags retrieved from /home/marti/Lighthouse/airflow_tooltorial/venv/lib/python3.8/site-packages/airflow/example_dags/plugins/event_listener.py
[2024-10-09T18:08:24.634-0300] {processor.py:178} INFO - Processing /home/marti/Lighthouse/airflow_tooltorial/venv/lib/python3.8/site-packages/airflow/example_dags/plugins/event_listener.py took 0.070 seconds
[2024-10-09T18:09:33.153-0300] {processor.py:156} INFO - Started process (PID=62109) to work on /home/marti/Lighthouse/airflow_tooltorial/venv/lib/python3.8/site-packages/airflow/example_dags/plugins/event_listener.py
[2024-10-09T18:09:33.196-0300] {processor.py:799} INFO - Processing file /home/marti/Lighthouse/airflow_tooltorial/venv/lib/python3.8/site-packages/airflow/example_dags/plugins/event_listener.py for tasks to queue
[2024-10-09T18:09:33.200-0300] {logging_mixin.py:149} INFO - [2024-10-09T18:09:33.199-0300] {dagbag.py:541} INFO - Filling up the DagBag from /home/marti/Lighthouse/airflow_tooltorial/venv/lib/python3.8/site-packages/airflow/example_dags/plugins/event_listener.py
[2024-10-09T18:09:33.208-0300] {processor.py:811} WARNING - No viable dags retrieved from /home/marti/Lighthouse/airflow_tooltorial/venv/lib/python3.8/site-packages/airflow/example_dags/plugins/event_listener.py
[2024-10-09T18:09:33.260-0300] {processor.py:178} INFO - Processing /home/marti/Lighthouse/airflow_tooltorial/venv/lib/python3.8/site-packages/airflow/example_dags/plugins/event_listener.py took 0.119 seconds
[2024-10-09T18:10:27.421-0300] {processor.py:156} INFO - Started process (PID=62276) to work on /home/marti/Lighthouse/airflow_tooltorial/venv/lib/python3.8/site-packages/airflow/example_dags/plugins/event_listener.py
[2024-10-09T18:10:27.468-0300] {processor.py:799} INFO - Processing file /home/marti/Lighthouse/airflow_tooltorial/venv/lib/python3.8/site-packages/airflow/example_dags/plugins/event_listener.py for tasks to queue
[2024-10-09T18:10:27.471-0300] {logging_mixin.py:149} INFO - [2024-10-09T18:10:27.470-0300] {dagbag.py:541} INFO - Filling up the DagBag from /home/marti/Lighthouse/airflow_tooltorial/venv/lib/python3.8/site-packages/airflow/example_dags/plugins/event_listener.py
[2024-10-09T18:10:27.477-0300] {processor.py:811} WARNING - No viable dags retrieved from /home/marti/Lighthouse/airflow_tooltorial/venv/lib/python3.8/site-packages/airflow/example_dags/plugins/event_listener.py
[2024-10-09T18:10:27.502-0300] {processor.py:178} INFO - Processing /home/marti/Lighthouse/airflow_tooltorial/venv/lib/python3.8/site-packages/airflow/example_dags/plugins/event_listener.py took 0.090 seconds
[2024-10-09T18:11:23.222-0300] {processor.py:156} INFO - Started process (PID=62505) to work on /home/marti/Lighthouse/airflow_tooltorial/venv/lib/python3.8/site-packages/airflow/example_dags/plugins/event_listener.py
[2024-10-09T18:11:23.259-0300] {processor.py:799} INFO - Processing file /home/marti/Lighthouse/airflow_tooltorial/venv/lib/python3.8/site-packages/airflow/example_dags/plugins/event_listener.py for tasks to queue
[2024-10-09T18:11:23.262-0300] {logging_mixin.py:149} INFO - [2024-10-09T18:11:23.261-0300] {dagbag.py:541} INFO - Filling up the DagBag from /home/marti/Lighthouse/airflow_tooltorial/venv/lib/python3.8/site-packages/airflow/example_dags/plugins/event_listener.py
[2024-10-09T18:11:23.267-0300] {processor.py:811} WARNING - No viable dags retrieved from /home/marti/Lighthouse/airflow_tooltorial/venv/lib/python3.8/site-packages/airflow/example_dags/plugins/event_listener.py
[2024-10-09T18:11:23.299-0300] {processor.py:178} INFO - Processing /home/marti/Lighthouse/airflow_tooltorial/venv/lib/python3.8/site-packages/airflow/example_dags/plugins/event_listener.py took 0.083 seconds
[2024-10-09T18:12:18.389-0300] {processor.py:156} INFO - Started process (PID=62631) to work on /home/marti/Lighthouse/airflow_tooltorial/venv/lib/python3.8/site-packages/airflow/example_dags/plugins/event_listener.py
[2024-10-09T18:12:18.410-0300] {processor.py:799} INFO - Processing file /home/marti/Lighthouse/airflow_tooltorial/venv/lib/python3.8/site-packages/airflow/example_dags/plugins/event_listener.py for tasks to queue
[2024-10-09T18:12:18.411-0300] {logging_mixin.py:149} INFO - [2024-10-09T18:12:18.410-0300] {dagbag.py:541} INFO - Filling up the DagBag from /home/marti/Lighthouse/airflow_tooltorial/venv/lib/python3.8/site-packages/airflow/example_dags/plugins/event_listener.py
[2024-10-09T18:12:18.413-0300] {processor.py:811} WARNING - No viable dags retrieved from /home/marti/Lighthouse/airflow_tooltorial/venv/lib/python3.8/site-packages/airflow/example_dags/plugins/event_listener.py
[2024-10-09T18:12:18.428-0300] {processor.py:178} INFO - Processing /home/marti/Lighthouse/airflow_tooltorial/venv/lib/python3.8/site-packages/airflow/example_dags/plugins/event_listener.py took 0.044 seconds
[2024-10-09T18:13:09.479-0300] {processor.py:156} INFO - Started process (PID=62748) to work on /home/marti/Lighthouse/airflow_tooltorial/venv/lib/python3.8/site-packages/airflow/example_dags/plugins/event_listener.py
[2024-10-09T18:13:09.483-0300] {processor.py:799} INFO - Processing file /home/marti/Lighthouse/airflow_tooltorial/venv/lib/python3.8/site-packages/airflow/example_dags/plugins/event_listener.py for tasks to queue
[2024-10-09T18:13:09.484-0300] {logging_mixin.py:149} INFO - [2024-10-09T18:13:09.484-0300] {dagbag.py:541} INFO - Filling up the DagBag from /home/marti/Lighthouse/airflow_tooltorial/venv/lib/python3.8/site-packages/airflow/example_dags/plugins/event_listener.py
[2024-10-09T18:13:09.488-0300] {processor.py:811} WARNING - No viable dags retrieved from /home/marti/Lighthouse/airflow_tooltorial/venv/lib/python3.8/site-packages/airflow/example_dags/plugins/event_listener.py
[2024-10-09T18:13:09.507-0300] {processor.py:178} INFO - Processing /home/marti/Lighthouse/airflow_tooltorial/venv/lib/python3.8/site-packages/airflow/example_dags/plugins/event_listener.py took 0.034 seconds
[2024-10-09T18:14:03.458-0300] {processor.py:156} INFO - Started process (PID=62864) to work on /home/marti/Lighthouse/airflow_tooltorial/venv/lib/python3.8/site-packages/airflow/example_dags/plugins/event_listener.py
[2024-10-09T18:14:03.475-0300] {processor.py:799} INFO - Processing file /home/marti/Lighthouse/airflow_tooltorial/venv/lib/python3.8/site-packages/airflow/example_dags/plugins/event_listener.py for tasks to queue
[2024-10-09T18:14:03.476-0300] {logging_mixin.py:149} INFO - [2024-10-09T18:14:03.476-0300] {dagbag.py:541} INFO - Filling up the DagBag from /home/marti/Lighthouse/airflow_tooltorial/venv/lib/python3.8/site-packages/airflow/example_dags/plugins/event_listener.py
[2024-10-09T18:14:03.479-0300] {processor.py:811} WARNING - No viable dags retrieved from /home/marti/Lighthouse/airflow_tooltorial/venv/lib/python3.8/site-packages/airflow/example_dags/plugins/event_listener.py
[2024-10-09T18:14:03.494-0300] {processor.py:178} INFO - Processing /home/marti/Lighthouse/airflow_tooltorial/venv/lib/python3.8/site-packages/airflow/example_dags/plugins/event_listener.py took 0.040 seconds
[2024-10-09T18:15:00.203-0300] {processor.py:156} INFO - Started process (PID=63033) to work on /home/marti/Lighthouse/airflow_tooltorial/venv/lib/python3.8/site-packages/airflow/example_dags/plugins/event_listener.py
[2024-10-09T18:15:00.221-0300] {processor.py:799} INFO - Processing file /home/marti/Lighthouse/airflow_tooltorial/venv/lib/python3.8/site-packages/airflow/example_dags/plugins/event_listener.py for tasks to queue
[2024-10-09T18:15:00.223-0300] {logging_mixin.py:149} INFO - [2024-10-09T18:15:00.223-0300] {dagbag.py:541} INFO - Filling up the DagBag from /home/marti/Lighthouse/airflow_tooltorial/venv/lib/python3.8/site-packages/airflow/example_dags/plugins/event_listener.py
[2024-10-09T18:15:00.231-0300] {processor.py:811} WARNING - No viable dags retrieved from /home/marti/Lighthouse/airflow_tooltorial/venv/lib/python3.8/site-packages/airflow/example_dags/plugins/event_listener.py
[2024-10-09T18:15:00.272-0300] {processor.py:178} INFO - Processing /home/marti/Lighthouse/airflow_tooltorial/venv/lib/python3.8/site-packages/airflow/example_dags/plugins/event_listener.py took 0.081 seconds
[2024-10-09T18:15:53.819-0300] {processor.py:156} INFO - Started process (PID=63217) to work on /home/marti/Lighthouse/airflow_tooltorial/venv/lib/python3.8/site-packages/airflow/example_dags/plugins/event_listener.py
[2024-10-09T18:15:53.864-0300] {processor.py:799} INFO - Processing file /home/marti/Lighthouse/airflow_tooltorial/venv/lib/python3.8/site-packages/airflow/example_dags/plugins/event_listener.py for tasks to queue
[2024-10-09T18:15:53.866-0300] {logging_mixin.py:149} INFO - [2024-10-09T18:15:53.866-0300] {dagbag.py:541} INFO - Filling up the DagBag from /home/marti/Lighthouse/airflow_tooltorial/venv/lib/python3.8/site-packages/airflow/example_dags/plugins/event_listener.py
[2024-10-09T18:15:53.872-0300] {processor.py:811} WARNING - No viable dags retrieved from /home/marti/Lighthouse/airflow_tooltorial/venv/lib/python3.8/site-packages/airflow/example_dags/plugins/event_listener.py
[2024-10-09T18:15:53.890-0300] {processor.py:178} INFO - Processing /home/marti/Lighthouse/airflow_tooltorial/venv/lib/python3.8/site-packages/airflow/example_dags/plugins/event_listener.py took 0.077 seconds
[2024-10-09T18:16:40.962-0300] {processor.py:156} INFO - Started process (PID=63336) to work on /home/marti/Lighthouse/airflow_tooltorial/venv/lib/python3.8/site-packages/airflow/example_dags/plugins/event_listener.py
[2024-10-09T18:16:40.976-0300] {processor.py:799} INFO - Processing file /home/marti/Lighthouse/airflow_tooltorial/venv/lib/python3.8/site-packages/airflow/example_dags/plugins/event_listener.py for tasks to queue
[2024-10-09T18:16:40.977-0300] {logging_mixin.py:149} INFO - [2024-10-09T18:16:40.976-0300] {dagbag.py:541} INFO - Filling up the DagBag from /home/marti/Lighthouse/airflow_tooltorial/venv/lib/python3.8/site-packages/airflow/example_dags/plugins/event_listener.py
[2024-10-09T18:16:40.978-0300] {processor.py:811} WARNING - No viable dags retrieved from /home/marti/Lighthouse/airflow_tooltorial/venv/lib/python3.8/site-packages/airflow/example_dags/plugins/event_listener.py
[2024-10-09T18:16:40.988-0300] {processor.py:178} INFO - Processing /home/marti/Lighthouse/airflow_tooltorial/venv/lib/python3.8/site-packages/airflow/example_dags/plugins/event_listener.py took 0.034 seconds
[2024-10-09T18:17:51.942-0300] {processor.py:156} INFO - Started process (PID=64038) to work on /home/marti/Lighthouse/airflow_tooltorial/venv/lib/python3.8/site-packages/airflow/example_dags/plugins/event_listener.py
[2024-10-09T18:17:51.961-0300] {processor.py:799} INFO - Processing file /home/marti/Lighthouse/airflow_tooltorial/venv/lib/python3.8/site-packages/airflow/example_dags/plugins/event_listener.py for tasks to queue
[2024-10-09T18:17:51.963-0300] {logging_mixin.py:149} INFO - [2024-10-09T18:17:51.962-0300] {dagbag.py:541} INFO - Filling up the DagBag from /home/marti/Lighthouse/airflow_tooltorial/venv/lib/python3.8/site-packages/airflow/example_dags/plugins/event_listener.py
[2024-10-09T18:17:51.964-0300] {processor.py:811} WARNING - No viable dags retrieved from /home/marti/Lighthouse/airflow_tooltorial/venv/lib/python3.8/site-packages/airflow/example_dags/plugins/event_listener.py
[2024-10-09T18:17:51.978-0300] {processor.py:178} INFO - Processing /home/marti/Lighthouse/airflow_tooltorial/venv/lib/python3.8/site-packages/airflow/example_dags/plugins/event_listener.py took 0.043 seconds
[2024-10-09T18:18:46.306-0300] {processor.py:156} INFO - Started process (PID=64250) to work on /home/marti/Lighthouse/airflow_tooltorial/venv/lib/python3.8/site-packages/airflow/example_dags/plugins/event_listener.py
[2024-10-09T18:18:46.352-0300] {processor.py:799} INFO - Processing file /home/marti/Lighthouse/airflow_tooltorial/venv/lib/python3.8/site-packages/airflow/example_dags/plugins/event_listener.py for tasks to queue
[2024-10-09T18:18:46.355-0300] {logging_mixin.py:149} INFO - [2024-10-09T18:18:46.354-0300] {dagbag.py:541} INFO - Filling up the DagBag from /home/marti/Lighthouse/airflow_tooltorial/venv/lib/python3.8/site-packages/airflow/example_dags/plugins/event_listener.py
[2024-10-09T18:18:46.360-0300] {processor.py:811} WARNING - No viable dags retrieved from /home/marti/Lighthouse/airflow_tooltorial/venv/lib/python3.8/site-packages/airflow/example_dags/plugins/event_listener.py
[2024-10-09T18:18:46.388-0300] {processor.py:178} INFO - Processing /home/marti/Lighthouse/airflow_tooltorial/venv/lib/python3.8/site-packages/airflow/example_dags/plugins/event_listener.py took 0.087 seconds
[2024-10-09T18:48:10.949-0300] {processor.py:156} INFO - Started process (PID=69643) to work on /home/marti/Lighthouse/airflow_tooltorial/venv/lib/python3.8/site-packages/airflow/example_dags/plugins/event_listener.py
[2024-10-09T18:48:10.977-0300] {processor.py:799} INFO - Processing file /home/marti/Lighthouse/airflow_tooltorial/venv/lib/python3.8/site-packages/airflow/example_dags/plugins/event_listener.py for tasks to queue
[2024-10-09T18:48:10.979-0300] {logging_mixin.py:149} INFO - [2024-10-09T18:48:10.978-0300] {dagbag.py:541} INFO - Filling up the DagBag from /home/marti/Lighthouse/airflow_tooltorial/venv/lib/python3.8/site-packages/airflow/example_dags/plugins/event_listener.py
[2024-10-09T18:48:10.984-0300] {processor.py:811} WARNING - No viable dags retrieved from /home/marti/Lighthouse/airflow_tooltorial/venv/lib/python3.8/site-packages/airflow/example_dags/plugins/event_listener.py
[2024-10-09T18:48:11.003-0300] {processor.py:178} INFO - Processing /home/marti/Lighthouse/airflow_tooltorial/venv/lib/python3.8/site-packages/airflow/example_dags/plugins/event_listener.py took 0.056 seconds
[2024-10-09T18:51:38.020-0300] {processor.py:156} INFO - Started process (PID=70999) to work on /home/marti/Lighthouse/airflow_tooltorial/venv/lib/python3.8/site-packages/airflow/example_dags/plugins/event_listener.py
[2024-10-09T18:51:38.052-0300] {processor.py:799} INFO - Processing file /home/marti/Lighthouse/airflow_tooltorial/venv/lib/python3.8/site-packages/airflow/example_dags/plugins/event_listener.py for tasks to queue
[2024-10-09T18:51:38.054-0300] {logging_mixin.py:149} INFO - [2024-10-09T18:51:38.053-0300] {dagbag.py:541} INFO - Filling up the DagBag from /home/marti/Lighthouse/airflow_tooltorial/venv/lib/python3.8/site-packages/airflow/example_dags/plugins/event_listener.py
[2024-10-09T18:51:38.059-0300] {processor.py:811} WARNING - No viable dags retrieved from /home/marti/Lighthouse/airflow_tooltorial/venv/lib/python3.8/site-packages/airflow/example_dags/plugins/event_listener.py
[2024-10-09T18:51:38.085-0300] {processor.py:178} INFO - Processing /home/marti/Lighthouse/airflow_tooltorial/venv/lib/python3.8/site-packages/airflow/example_dags/plugins/event_listener.py took 0.071 seconds
