[2024-10-09T18:06:55.784-0300] {processor.py:156} INFO - Started process (PID=61376) to work on /home/marti/Lighthouse/airflow_tooltorial/venv/lib/python3.8/site-packages/airflow/example_dags/plugins/listener_plugin.py
[2024-10-09T18:06:55.787-0300] {processor.py:799} INFO - Processing file /home/marti/Lighthouse/airflow_tooltorial/venv/lib/python3.8/site-packages/airflow/example_dags/plugins/listener_plugin.py for tasks to queue
[2024-10-09T18:06:55.789-0300] {logging_mixin.py:149} INFO - [2024-10-09T18:06:55.788-0300] {dagbag.py:541} INFO - Filling up the DagBag from /home/marti/Lighthouse/airflow_tooltorial/venv/lib/python3.8/site-packages/airflow/example_dags/plugins/listener_plugin.py
[2024-10-09T18:06:55.795-0300] {processor.py:811} WARNING - No viable dags retrieved from /home/marti/Lighthouse/airflow_tooltorial/venv/lib/python3.8/site-packages/airflow/example_dags/plugins/listener_plugin.py
[2024-10-09T18:06:55.810-0300] {processor.py:178} INFO - Processing /home/marti/Lighthouse/airflow_tooltorial/venv/lib/python3.8/site-packages/airflow/example_dags/plugins/listener_plugin.py took 0.034 seconds
[2024-10-09T18:08:26.614-0300] {processor.py:156} INFO - Started process (PID=61775) to work on /home/marti/Lighthouse/airflow_tooltorial/venv/lib/python3.8/site-packages/airflow/example_dags/plugins/listener_plugin.py
[2024-10-09T18:08:26.626-0300] {processor.py:799} INFO - Processing file /home/marti/Lighthouse/airflow_tooltorial/venv/lib/python3.8/site-packages/airflow/example_dags/plugins/listener_plugin.py for tasks to queue
[2024-10-09T18:08:26.627-0300] {logging_mixin.py:149} INFO - [2024-10-09T18:08:26.627-0300] {dagbag.py:541} INFO - Filling up the DagBag from /home/marti/Lighthouse/airflow_tooltorial/venv/lib/python3.8/site-packages/airflow/example_dags/plugins/listener_plugin.py
[2024-10-09T18:08:26.629-0300] {processor.py:811} WARNING - No viable dags retrieved from /home/marti/Lighthouse/airflow_tooltorial/venv/lib/python3.8/site-packages/airflow/example_dags/plugins/listener_plugin.py
[2024-10-09T18:08:26.996-0300] {processor.py:178} INFO - Processing /home/marti/Lighthouse/airflow_tooltorial/venv/lib/python3.8/site-packages/airflow/example_dags/plugins/listener_plugin.py took 0.386 seconds
[2024-10-09T18:09:35.358-0300] {processor.py:156} INFO - Started process (PID=62111) to work on /home/marti/Lighthouse/airflow_tooltorial/venv/lib/python3.8/site-packages/airflow/example_dags/plugins/listener_plugin.py
[2024-10-09T18:09:35.395-0300] {processor.py:799} INFO - Processing file /home/marti/Lighthouse/airflow_tooltorial/venv/lib/python3.8/site-packages/airflow/example_dags/plugins/listener_plugin.py for tasks to queue
[2024-10-09T18:09:35.396-0300] {logging_mixin.py:149} INFO - [2024-10-09T18:09:35.395-0300] {dagbag.py:541} INFO - Filling up the DagBag from /home/marti/Lighthouse/airflow_tooltorial/venv/lib/python3.8/site-packages/airflow/example_dags/plugins/listener_plugin.py
[2024-10-09T18:09:35.397-0300] {processor.py:811} WARNING - No viable dags retrieved from /home/marti/Lighthouse/airflow_tooltorial/venv/lib/python3.8/site-packages/airflow/example_dags/plugins/listener_plugin.py
[2024-10-09T18:09:35.405-0300] {processor.py:178} INFO - Processing /home/marti/Lighthouse/airflow_tooltorial/venv/lib/python3.8/site-packages/airflow/example_dags/plugins/listener_plugin.py took 0.051 seconds
[2024-10-09T18:10:29.096-0300] {processor.py:156} INFO - Started process (PID=62278) to work on /home/marti/Lighthouse/airflow_tooltorial/venv/lib/python3.8/site-packages/airflow/example_dags/plugins/listener_plugin.py
[2024-10-09T18:10:29.124-0300] {processor.py:799} INFO - Processing file /home/marti/Lighthouse/airflow_tooltorial/venv/lib/python3.8/site-packages/airflow/example_dags/plugins/listener_plugin.py for tasks to queue
[2024-10-09T18:10:29.126-0300] {logging_mixin.py:149} INFO - [2024-10-09T18:10:29.125-0300] {dagbag.py:541} INFO - Filling up the DagBag from /home/marti/Lighthouse/airflow_tooltorial/venv/lib/python3.8/site-packages/airflow/example_dags/plugins/listener_plugin.py
[2024-10-09T18:10:29.134-0300] {processor.py:811} WARNING - No viable dags retrieved from /home/marti/Lighthouse/airflow_tooltorial/venv/lib/python3.8/site-packages/airflow/example_dags/plugins/listener_plugin.py
[2024-10-09T18:10:29.157-0300] {processor.py:178} INFO - Processing /home/marti/Lighthouse/airflow_tooltorial/venv/lib/python3.8/site-packages/airflow/example_dags/plugins/listener_plugin.py took 0.070 seconds
[2024-10-09T18:11:25.797-0300] {processor.py:156} INFO - Started process (PID=62507) to work on /home/marti/Lighthouse/airflow_tooltorial/venv/lib/python3.8/site-packages/airflow/example_dags/plugins/listener_plugin.py
[2024-10-09T18:11:25.815-0300] {processor.py:799} INFO - Processing file /home/marti/Lighthouse/airflow_tooltorial/venv/lib/python3.8/site-packages/airflow/example_dags/plugins/listener_plugin.py for tasks to queue
[2024-10-09T18:11:25.817-0300] {logging_mixin.py:149} INFO - [2024-10-09T18:11:25.817-0300] {dagbag.py:541} INFO - Filling up the DagBag from /home/marti/Lighthouse/airflow_tooltorial/venv/lib/python3.8/site-packages/airflow/example_dags/plugins/listener_plugin.py
[2024-10-09T18:11:25.824-0300] {processor.py:811} WARNING - No viable dags retrieved from /home/marti/Lighthouse/airflow_tooltorial/venv/lib/python3.8/site-packages/airflow/example_dags/plugins/listener_plugin.py
[2024-10-09T18:11:25.846-0300] {processor.py:178} INFO - Processing /home/marti/Lighthouse/airflow_tooltorial/venv/lib/python3.8/site-packages/airflow/example_dags/plugins/listener_plugin.py took 0.060 seconds
[2024-10-09T18:12:19.909-0300] {processor.py:156} INFO - Started process (PID=62633) to work on /home/marti/Lighthouse/airflow_tooltorial/venv/lib/python3.8/site-packages/airflow/example_dags/plugins/listener_plugin.py
[2024-10-09T18:12:19.935-0300] {processor.py:799} INFO - Processing file /home/marti/Lighthouse/airflow_tooltorial/venv/lib/python3.8/site-packages/airflow/example_dags/plugins/listener_plugin.py for tasks to queue
[2024-10-09T18:12:19.937-0300] {logging_mixin.py:149} INFO - [2024-10-09T18:12:19.937-0300] {dagbag.py:541} INFO - Filling up the DagBag from /home/marti/Lighthouse/airflow_tooltorial/venv/lib/python3.8/site-packages/airflow/example_dags/plugins/listener_plugin.py
[2024-10-09T18:12:19.944-0300] {processor.py:811} WARNING - No viable dags retrieved from /home/marti/Lighthouse/airflow_tooltorial/venv/lib/python3.8/site-packages/airflow/example_dags/plugins/listener_plugin.py
[2024-10-09T18:12:19.960-0300] {processor.py:178} INFO - Processing /home/marti/Lighthouse/airflow_tooltorial/venv/lib/python3.8/site-packages/airflow/example_dags/plugins/listener_plugin.py took 0.059 seconds
[2024-10-09T18:13:10.803-0300] {processor.py:156} INFO - Started process (PID=62750) to work on /home/marti/Lighthouse/airflow_tooltorial/venv/lib/python3.8/site-packages/airflow/example_dags/plugins/listener_plugin.py
[2024-10-09T18:13:10.816-0300] {processor.py:799} INFO - Processing file /home/marti/Lighthouse/airflow_tooltorial/venv/lib/python3.8/site-packages/airflow/example_dags/plugins/listener_plugin.py for tasks to queue
[2024-10-09T18:13:10.817-0300] {logging_mixin.py:149} INFO - [2024-10-09T18:13:10.817-0300] {dagbag.py:541} INFO - Filling up the DagBag from /home/marti/Lighthouse/airflow_tooltorial/venv/lib/python3.8/site-packages/airflow/example_dags/plugins/listener_plugin.py
[2024-10-09T18:13:10.822-0300] {processor.py:811} WARNING - No viable dags retrieved from /home/marti/Lighthouse/airflow_tooltorial/venv/lib/python3.8/site-packages/airflow/example_dags/plugins/listener_plugin.py
[2024-10-09T18:13:10.842-0300] {processor.py:178} INFO - Processing /home/marti/Lighthouse/airflow_tooltorial/venv/lib/python3.8/site-packages/airflow/example_dags/plugins/listener_plugin.py took 0.046 seconds
[2024-10-09T18:14:05.115-0300] {processor.py:156} INFO - Started process (PID=62866) to work on /home/marti/Lighthouse/airflow_tooltorial/venv/lib/python3.8/site-packages/airflow/example_dags/plugins/listener_plugin.py
[2024-10-09T18:14:05.168-0300] {processor.py:799} INFO - Processing file /home/marti/Lighthouse/airflow_tooltorial/venv/lib/python3.8/site-packages/airflow/example_dags/plugins/listener_plugin.py for tasks to queue
[2024-10-09T18:14:05.169-0300] {logging_mixin.py:149} INFO - [2024-10-09T18:14:05.169-0300] {dagbag.py:541} INFO - Filling up the DagBag from /home/marti/Lighthouse/airflow_tooltorial/venv/lib/python3.8/site-packages/airflow/example_dags/plugins/listener_plugin.py
[2024-10-09T18:14:05.174-0300] {processor.py:811} WARNING - No viable dags retrieved from /home/marti/Lighthouse/airflow_tooltorial/venv/lib/python3.8/site-packages/airflow/example_dags/plugins/listener_plugin.py
[2024-10-09T18:14:05.198-0300] {processor.py:178} INFO - Processing /home/marti/Lighthouse/airflow_tooltorial/venv/lib/python3.8/site-packages/airflow/example_dags/plugins/listener_plugin.py took 0.086 seconds
[2024-10-09T18:15:02.533-0300] {processor.py:156} INFO - Started process (PID=63047) to work on /home/marti/Lighthouse/airflow_tooltorial/venv/lib/python3.8/site-packages/airflow/example_dags/plugins/listener_plugin.py
[2024-10-09T18:15:02.579-0300] {processor.py:799} INFO - Processing file /home/marti/Lighthouse/airflow_tooltorial/venv/lib/python3.8/site-packages/airflow/example_dags/plugins/listener_plugin.py for tasks to queue
[2024-10-09T18:15:02.581-0300] {logging_mixin.py:149} INFO - [2024-10-09T18:15:02.581-0300] {dagbag.py:541} INFO - Filling up the DagBag from /home/marti/Lighthouse/airflow_tooltorial/venv/lib/python3.8/site-packages/airflow/example_dags/plugins/listener_plugin.py
[2024-10-09T18:15:02.588-0300] {processor.py:811} WARNING - No viable dags retrieved from /home/marti/Lighthouse/airflow_tooltorial/venv/lib/python3.8/site-packages/airflow/example_dags/plugins/listener_plugin.py
[2024-10-09T18:15:02.616-0300] {processor.py:178} INFO - Processing /home/marti/Lighthouse/airflow_tooltorial/venv/lib/python3.8/site-packages/airflow/example_dags/plugins/listener_plugin.py took 0.093 seconds
[2024-10-09T18:15:55.780-0300] {processor.py:156} INFO - Started process (PID=63256) to work on /home/marti/Lighthouse/airflow_tooltorial/venv/lib/python3.8/site-packages/airflow/example_dags/plugins/listener_plugin.py
[2024-10-09T18:15:55.823-0300] {processor.py:799} INFO - Processing file /home/marti/Lighthouse/airflow_tooltorial/venv/lib/python3.8/site-packages/airflow/example_dags/plugins/listener_plugin.py for tasks to queue
[2024-10-09T18:15:55.826-0300] {logging_mixin.py:149} INFO - [2024-10-09T18:15:55.825-0300] {dagbag.py:541} INFO - Filling up the DagBag from /home/marti/Lighthouse/airflow_tooltorial/venv/lib/python3.8/site-packages/airflow/example_dags/plugins/listener_plugin.py
[2024-10-09T18:15:55.833-0300] {processor.py:811} WARNING - No viable dags retrieved from /home/marti/Lighthouse/airflow_tooltorial/venv/lib/python3.8/site-packages/airflow/example_dags/plugins/listener_plugin.py
[2024-10-09T18:15:55.860-0300] {processor.py:178} INFO - Processing /home/marti/Lighthouse/airflow_tooltorial/venv/lib/python3.8/site-packages/airflow/example_dags/plugins/listener_plugin.py took 0.083 seconds
[2024-10-09T18:16:43.109-0300] {processor.py:156} INFO - Started process (PID=63339) to work on /home/marti/Lighthouse/airflow_tooltorial/venv/lib/python3.8/site-packages/airflow/example_dags/plugins/listener_plugin.py
[2024-10-09T18:16:43.179-0300] {processor.py:799} INFO - Processing file /home/marti/Lighthouse/airflow_tooltorial/venv/lib/python3.8/site-packages/airflow/example_dags/plugins/listener_plugin.py for tasks to queue
[2024-10-09T18:16:43.184-0300] {logging_mixin.py:149} INFO - [2024-10-09T18:16:43.183-0300] {dagbag.py:541} INFO - Filling up the DagBag from /home/marti/Lighthouse/airflow_tooltorial/venv/lib/python3.8/site-packages/airflow/example_dags/plugins/listener_plugin.py
[2024-10-09T18:16:43.198-0300] {processor.py:811} WARNING - No viable dags retrieved from /home/marti/Lighthouse/airflow_tooltorial/venv/lib/python3.8/site-packages/airflow/example_dags/plugins/listener_plugin.py
[2024-10-09T18:16:43.480-0300] {processor.py:178} INFO - Processing /home/marti/Lighthouse/airflow_tooltorial/venv/lib/python3.8/site-packages/airflow/example_dags/plugins/listener_plugin.py took 0.378 seconds
[2024-10-09T18:17:53.644-0300] {processor.py:156} INFO - Started process (PID=64046) to work on /home/marti/Lighthouse/airflow_tooltorial/venv/lib/python3.8/site-packages/airflow/example_dags/plugins/listener_plugin.py
[2024-10-09T18:17:53.711-0300] {processor.py:799} INFO - Processing file /home/marti/Lighthouse/airflow_tooltorial/venv/lib/python3.8/site-packages/airflow/example_dags/plugins/listener_plugin.py for tasks to queue
[2024-10-09T18:17:53.712-0300] {logging_mixin.py:149} INFO - [2024-10-09T18:17:53.712-0300] {dagbag.py:541} INFO - Filling up the DagBag from /home/marti/Lighthouse/airflow_tooltorial/venv/lib/python3.8/site-packages/airflow/example_dags/plugins/listener_plugin.py
[2024-10-09T18:17:53.714-0300] {processor.py:811} WARNING - No viable dags retrieved from /home/marti/Lighthouse/airflow_tooltorial/venv/lib/python3.8/site-packages/airflow/example_dags/plugins/listener_plugin.py
[2024-10-09T18:17:53.731-0300] {processor.py:178} INFO - Processing /home/marti/Lighthouse/airflow_tooltorial/venv/lib/python3.8/site-packages/airflow/example_dags/plugins/listener_plugin.py took 0.096 seconds
[2024-10-09T18:18:48.359-0300] {processor.py:156} INFO - Started process (PID=64279) to work on /home/marti/Lighthouse/airflow_tooltorial/venv/lib/python3.8/site-packages/airflow/example_dags/plugins/listener_plugin.py
[2024-10-09T18:18:48.385-0300] {processor.py:799} INFO - Processing file /home/marti/Lighthouse/airflow_tooltorial/venv/lib/python3.8/site-packages/airflow/example_dags/plugins/listener_plugin.py for tasks to queue
[2024-10-09T18:18:48.386-0300] {logging_mixin.py:149} INFO - [2024-10-09T18:18:48.386-0300] {dagbag.py:541} INFO - Filling up the DagBag from /home/marti/Lighthouse/airflow_tooltorial/venv/lib/python3.8/site-packages/airflow/example_dags/plugins/listener_plugin.py
[2024-10-09T18:18:48.389-0300] {processor.py:811} WARNING - No viable dags retrieved from /home/marti/Lighthouse/airflow_tooltorial/venv/lib/python3.8/site-packages/airflow/example_dags/plugins/listener_plugin.py
[2024-10-09T18:18:48.397-0300] {processor.py:178} INFO - Processing /home/marti/Lighthouse/airflow_tooltorial/venv/lib/python3.8/site-packages/airflow/example_dags/plugins/listener_plugin.py took 0.042 seconds
[2024-10-09T18:51:40.186-0300] {processor.py:156} INFO - Started process (PID=71004) to work on /home/marti/Lighthouse/airflow_tooltorial/venv/lib/python3.8/site-packages/airflow/example_dags/plugins/listener_plugin.py
[2024-10-09T18:51:40.220-0300] {processor.py:799} INFO - Processing file /home/marti/Lighthouse/airflow_tooltorial/venv/lib/python3.8/site-packages/airflow/example_dags/plugins/listener_plugin.py for tasks to queue
[2024-10-09T18:51:40.221-0300] {logging_mixin.py:149} INFO - [2024-10-09T18:51:40.221-0300] {dagbag.py:541} INFO - Filling up the DagBag from /home/marti/Lighthouse/airflow_tooltorial/venv/lib/python3.8/site-packages/airflow/example_dags/plugins/listener_plugin.py
[2024-10-09T18:51:40.226-0300] {processor.py:811} WARNING - No viable dags retrieved from /home/marti/Lighthouse/airflow_tooltorial/venv/lib/python3.8/site-packages/airflow/example_dags/plugins/listener_plugin.py
[2024-10-09T18:51:40.243-0300] {processor.py:178} INFO - Processing /home/marti/Lighthouse/airflow_tooltorial/venv/lib/python3.8/site-packages/airflow/example_dags/plugins/listener_plugin.py took 0.068 seconds
