[2024-10-09T18:06:54.493-0300] {processor.py:156} INFO - Started process (PID=61375) to work on /home/marti/Lighthouse/airflow_tooltorial/venv/lib/python3.8/site-packages/airflow/example_dags/plugins/workday.py
[2024-10-09T18:06:54.496-0300] {processor.py:799} INFO - Processing file /home/marti/Lighthouse/airflow_tooltorial/venv/lib/python3.8/site-packages/airflow/example_dags/plugins/workday.py for tasks to queue
[2024-10-09T18:06:54.498-0300] {logging_mixin.py:149} INFO - [2024-10-09T18:06:54.498-0300] {dagbag.py:541} INFO - Filling up the DagBag from /home/marti/Lighthouse/airflow_tooltorial/venv/lib/python3.8/site-packages/airflow/example_dags/plugins/workday.py
[2024-10-09T18:06:54.505-0300] {logging_mixin.py:149} INFO - [2024-10-09T18:06:54.505-0300] {workday.py:36} WARNING - Could not import pandas. Holidays will not be considered.
[2024-10-09T18:06:54.506-0300] {processor.py:811} WARNING - No viable dags retrieved from /home/marti/Lighthouse/airflow_tooltorial/venv/lib/python3.8/site-packages/airflow/example_dags/plugins/workday.py
[2024-10-09T18:06:54.525-0300] {processor.py:178} INFO - Processing /home/marti/Lighthouse/airflow_tooltorial/venv/lib/python3.8/site-packages/airflow/example_dags/plugins/workday.py took 0.041 seconds
[2024-10-09T18:08:25.401-0300] {processor.py:156} INFO - Started process (PID=61748) to work on /home/marti/Lighthouse/airflow_tooltorial/venv/lib/python3.8/site-packages/airflow/example_dags/plugins/workday.py
[2024-10-09T18:08:25.404-0300] {processor.py:799} INFO - Processing file /home/marti/Lighthouse/airflow_tooltorial/venv/lib/python3.8/site-packages/airflow/example_dags/plugins/workday.py for tasks to queue
[2024-10-09T18:08:25.405-0300] {logging_mixin.py:149} INFO - [2024-10-09T18:08:25.405-0300] {dagbag.py:541} INFO - Filling up the DagBag from /home/marti/Lighthouse/airflow_tooltorial/venv/lib/python3.8/site-packages/airflow/example_dags/plugins/workday.py
[2024-10-09T18:08:25.407-0300] {logging_mixin.py:149} INFO - [2024-10-09T18:08:25.407-0300] {workday.py:36} WARNING - Could not import pandas. Holidays will not be considered.
[2024-10-09T18:08:25.407-0300] {processor.py:811} WARNING - No viable dags retrieved from /home/marti/Lighthouse/airflow_tooltorial/venv/lib/python3.8/site-packages/airflow/example_dags/plugins/workday.py
[2024-10-09T18:08:25.418-0300] {processor.py:178} INFO - Processing /home/marti/Lighthouse/airflow_tooltorial/venv/lib/python3.8/site-packages/airflow/example_dags/plugins/workday.py took 0.020 seconds
[2024-10-09T18:09:34.398-0300] {processor.py:156} INFO - Started process (PID=62110) to work on /home/marti/Lighthouse/airflow_tooltorial/venv/lib/python3.8/site-packages/airflow/example_dags/plugins/workday.py
[2024-10-09T18:09:34.399-0300] {processor.py:799} INFO - Processing file /home/marti/Lighthouse/airflow_tooltorial/venv/lib/python3.8/site-packages/airflow/example_dags/plugins/workday.py for tasks to queue
[2024-10-09T18:09:34.399-0300] {logging_mixin.py:149} INFO - [2024-10-09T18:09:34.399-0300] {dagbag.py:541} INFO - Filling up the DagBag from /home/marti/Lighthouse/airflow_tooltorial/venv/lib/python3.8/site-packages/airflow/example_dags/plugins/workday.py
[2024-10-09T18:09:34.401-0300] {logging_mixin.py:149} INFO - [2024-10-09T18:09:34.401-0300] {workday.py:36} WARNING - Could not import pandas. Holidays will not be considered.
[2024-10-09T18:09:34.402-0300] {processor.py:811} WARNING - No viable dags retrieved from /home/marti/Lighthouse/airflow_tooltorial/venv/lib/python3.8/site-packages/airflow/example_dags/plugins/workday.py
[2024-10-09T18:09:34.411-0300] {processor.py:178} INFO - Processing /home/marti/Lighthouse/airflow_tooltorial/venv/lib/python3.8/site-packages/airflow/example_dags/plugins/workday.py took 0.016 seconds
[2024-10-09T18:10:28.583-0300] {processor.py:156} INFO - Started process (PID=62277) to work on /home/marti/Lighthouse/airflow_tooltorial/venv/lib/python3.8/site-packages/airflow/example_dags/plugins/workday.py
[2024-10-09T18:10:28.613-0300] {processor.py:799} INFO - Processing file /home/marti/Lighthouse/airflow_tooltorial/venv/lib/python3.8/site-packages/airflow/example_dags/plugins/workday.py for tasks to queue
[2024-10-09T18:10:28.615-0300] {logging_mixin.py:149} INFO - [2024-10-09T18:10:28.615-0300] {dagbag.py:541} INFO - Filling up the DagBag from /home/marti/Lighthouse/airflow_tooltorial/venv/lib/python3.8/site-packages/airflow/example_dags/plugins/workday.py
[2024-10-09T18:10:28.623-0300] {logging_mixin.py:149} INFO - [2024-10-09T18:10:28.622-0300] {workday.py:36} WARNING - Could not import pandas. Holidays will not be considered.
[2024-10-09T18:10:28.624-0300] {processor.py:811} WARNING - No viable dags retrieved from /home/marti/Lighthouse/airflow_tooltorial/venv/lib/python3.8/site-packages/airflow/example_dags/plugins/workday.py
[2024-10-09T18:10:28.647-0300] {processor.py:178} INFO - Processing /home/marti/Lighthouse/airflow_tooltorial/venv/lib/python3.8/site-packages/airflow/example_dags/plugins/workday.py took 0.070 seconds
[2024-10-09T18:11:24.624-0300] {processor.py:156} INFO - Started process (PID=62506) to work on /home/marti/Lighthouse/airflow_tooltorial/venv/lib/python3.8/site-packages/airflow/example_dags/plugins/workday.py
[2024-10-09T18:11:24.637-0300] {processor.py:799} INFO - Processing file /home/marti/Lighthouse/airflow_tooltorial/venv/lib/python3.8/site-packages/airflow/example_dags/plugins/workday.py for tasks to queue
[2024-10-09T18:11:24.641-0300] {logging_mixin.py:149} INFO - [2024-10-09T18:11:24.640-0300] {dagbag.py:541} INFO - Filling up the DagBag from /home/marti/Lighthouse/airflow_tooltorial/venv/lib/python3.8/site-packages/airflow/example_dags/plugins/workday.py
[2024-10-09T18:11:24.650-0300] {logging_mixin.py:149} INFO - [2024-10-09T18:11:24.649-0300] {workday.py:36} WARNING - Could not import pandas. Holidays will not be considered.
[2024-10-09T18:11:24.651-0300] {processor.py:811} WARNING - No viable dags retrieved from /home/marti/Lighthouse/airflow_tooltorial/venv/lib/python3.8/site-packages/airflow/example_dags/plugins/workday.py
[2024-10-09T18:11:24.688-0300] {processor.py:178} INFO - Processing /home/marti/Lighthouse/airflow_tooltorial/venv/lib/python3.8/site-packages/airflow/example_dags/plugins/workday.py took 0.075 seconds
[2024-10-09T18:12:18.716-0300] {processor.py:156} INFO - Started process (PID=62632) to work on /home/marti/Lighthouse/airflow_tooltorial/venv/lib/python3.8/site-packages/airflow/example_dags/plugins/workday.py
[2024-10-09T18:12:18.718-0300] {processor.py:799} INFO - Processing file /home/marti/Lighthouse/airflow_tooltorial/venv/lib/python3.8/site-packages/airflow/example_dags/plugins/workday.py for tasks to queue
[2024-10-09T18:12:18.719-0300] {logging_mixin.py:149} INFO - [2024-10-09T18:12:18.719-0300] {dagbag.py:541} INFO - Filling up the DagBag from /home/marti/Lighthouse/airflow_tooltorial/venv/lib/python3.8/site-packages/airflow/example_dags/plugins/workday.py
[2024-10-09T18:12:18.724-0300] {logging_mixin.py:149} INFO - [2024-10-09T18:12:18.723-0300] {workday.py:36} WARNING - Could not import pandas. Holidays will not be considered.
[2024-10-09T18:12:18.724-0300] {processor.py:811} WARNING - No viable dags retrieved from /home/marti/Lighthouse/airflow_tooltorial/venv/lib/python3.8/site-packages/airflow/example_dags/plugins/workday.py
[2024-10-09T18:12:18.739-0300] {processor.py:178} INFO - Processing /home/marti/Lighthouse/airflow_tooltorial/venv/lib/python3.8/site-packages/airflow/example_dags/plugins/workday.py took 0.030 seconds
[2024-10-09T18:13:10.414-0300] {processor.py:156} INFO - Started process (PID=62749) to work on /home/marti/Lighthouse/airflow_tooltorial/venv/lib/python3.8/site-packages/airflow/example_dags/plugins/workday.py
[2024-10-09T18:13:10.438-0300] {processor.py:799} INFO - Processing file /home/marti/Lighthouse/airflow_tooltorial/venv/lib/python3.8/site-packages/airflow/example_dags/plugins/workday.py for tasks to queue
[2024-10-09T18:13:10.441-0300] {logging_mixin.py:149} INFO - [2024-10-09T18:13:10.440-0300] {dagbag.py:541} INFO - Filling up the DagBag from /home/marti/Lighthouse/airflow_tooltorial/venv/lib/python3.8/site-packages/airflow/example_dags/plugins/workday.py
[2024-10-09T18:13:10.448-0300] {logging_mixin.py:149} INFO - [2024-10-09T18:13:10.448-0300] {workday.py:36} WARNING - Could not import pandas. Holidays will not be considered.
[2024-10-09T18:13:10.449-0300] {processor.py:811} WARNING - No viable dags retrieved from /home/marti/Lighthouse/airflow_tooltorial/venv/lib/python3.8/site-packages/airflow/example_dags/plugins/workday.py
[2024-10-09T18:13:10.472-0300] {processor.py:178} INFO - Processing /home/marti/Lighthouse/airflow_tooltorial/venv/lib/python3.8/site-packages/airflow/example_dags/plugins/workday.py took 0.067 seconds
[2024-10-09T18:14:04.623-0300] {processor.py:156} INFO - Started process (PID=62865) to work on /home/marti/Lighthouse/airflow_tooltorial/venv/lib/python3.8/site-packages/airflow/example_dags/plugins/workday.py
[2024-10-09T18:14:04.644-0300] {processor.py:799} INFO - Processing file /home/marti/Lighthouse/airflow_tooltorial/venv/lib/python3.8/site-packages/airflow/example_dags/plugins/workday.py for tasks to queue
[2024-10-09T18:14:04.646-0300] {logging_mixin.py:149} INFO - [2024-10-09T18:14:04.645-0300] {dagbag.py:541} INFO - Filling up the DagBag from /home/marti/Lighthouse/airflow_tooltorial/venv/lib/python3.8/site-packages/airflow/example_dags/plugins/workday.py
[2024-10-09T18:14:04.649-0300] {logging_mixin.py:149} INFO - [2024-10-09T18:14:04.649-0300] {workday.py:36} WARNING - Could not import pandas. Holidays will not be considered.
[2024-10-09T18:14:04.649-0300] {processor.py:811} WARNING - No viable dags retrieved from /home/marti/Lighthouse/airflow_tooltorial/venv/lib/python3.8/site-packages/airflow/example_dags/plugins/workday.py
[2024-10-09T18:14:04.665-0300] {processor.py:178} INFO - Processing /home/marti/Lighthouse/airflow_tooltorial/venv/lib/python3.8/site-packages/airflow/example_dags/plugins/workday.py took 0.046 seconds
[2024-10-09T18:15:01.340-0300] {processor.py:156} INFO - Started process (PID=63044) to work on /home/marti/Lighthouse/airflow_tooltorial/venv/lib/python3.8/site-packages/airflow/example_dags/plugins/workday.py
[2024-10-09T18:15:01.365-0300] {processor.py:799} INFO - Processing file /home/marti/Lighthouse/airflow_tooltorial/venv/lib/python3.8/site-packages/airflow/example_dags/plugins/workday.py for tasks to queue
[2024-10-09T18:15:01.366-0300] {logging_mixin.py:149} INFO - [2024-10-09T18:15:01.366-0300] {dagbag.py:541} INFO - Filling up the DagBag from /home/marti/Lighthouse/airflow_tooltorial/venv/lib/python3.8/site-packages/airflow/example_dags/plugins/workday.py
[2024-10-09T18:15:01.369-0300] {logging_mixin.py:149} INFO - [2024-10-09T18:15:01.368-0300] {workday.py:36} WARNING - Could not import pandas. Holidays will not be considered.
[2024-10-09T18:15:01.369-0300] {processor.py:811} WARNING - No viable dags retrieved from /home/marti/Lighthouse/airflow_tooltorial/venv/lib/python3.8/site-packages/airflow/example_dags/plugins/workday.py
[2024-10-09T18:15:01.385-0300] {processor.py:178} INFO - Processing /home/marti/Lighthouse/airflow_tooltorial/venv/lib/python3.8/site-packages/airflow/example_dags/plugins/workday.py took 0.048 seconds
[2024-10-09T18:15:54.957-0300] {processor.py:156} INFO - Started process (PID=63255) to work on /home/marti/Lighthouse/airflow_tooltorial/venv/lib/python3.8/site-packages/airflow/example_dags/plugins/workday.py
[2024-10-09T18:15:55.021-0300] {processor.py:799} INFO - Processing file /home/marti/Lighthouse/airflow_tooltorial/venv/lib/python3.8/site-packages/airflow/example_dags/plugins/workday.py for tasks to queue
[2024-10-09T18:15:55.023-0300] {logging_mixin.py:149} INFO - [2024-10-09T18:15:55.023-0300] {dagbag.py:541} INFO - Filling up the DagBag from /home/marti/Lighthouse/airflow_tooltorial/venv/lib/python3.8/site-packages/airflow/example_dags/plugins/workday.py
[2024-10-09T18:15:55.031-0300] {logging_mixin.py:149} INFO - [2024-10-09T18:15:55.031-0300] {workday.py:36} WARNING - Could not import pandas. Holidays will not be considered.
[2024-10-09T18:15:55.033-0300] {processor.py:811} WARNING - No viable dags retrieved from /home/marti/Lighthouse/airflow_tooltorial/venv/lib/python3.8/site-packages/airflow/example_dags/plugins/workday.py
[2024-10-09T18:15:55.057-0300] {processor.py:178} INFO - Processing /home/marti/Lighthouse/airflow_tooltorial/venv/lib/python3.8/site-packages/airflow/example_dags/plugins/workday.py took 0.103 seconds
[2024-10-09T18:16:41.614-0300] {processor.py:156} INFO - Started process (PID=63337) to work on /home/marti/Lighthouse/airflow_tooltorial/venv/lib/python3.8/site-packages/airflow/example_dags/plugins/workday.py
[2024-10-09T18:16:41.696-0300] {processor.py:799} INFO - Processing file /home/marti/Lighthouse/airflow_tooltorial/venv/lib/python3.8/site-packages/airflow/example_dags/plugins/workday.py for tasks to queue
[2024-10-09T18:16:41.698-0300] {logging_mixin.py:149} INFO - [2024-10-09T18:16:41.698-0300] {dagbag.py:541} INFO - Filling up the DagBag from /home/marti/Lighthouse/airflow_tooltorial/venv/lib/python3.8/site-packages/airflow/example_dags/plugins/workday.py
[2024-10-09T18:16:41.706-0300] {logging_mixin.py:149} INFO - [2024-10-09T18:16:41.705-0300] {workday.py:36} WARNING - Could not import pandas. Holidays will not be considered.
[2024-10-09T18:16:41.707-0300] {processor.py:811} WARNING - No viable dags retrieved from /home/marti/Lighthouse/airflow_tooltorial/venv/lib/python3.8/site-packages/airflow/example_dags/plugins/workday.py
[2024-10-09T18:16:41.728-0300] {processor.py:178} INFO - Processing /home/marti/Lighthouse/airflow_tooltorial/venv/lib/python3.8/site-packages/airflow/example_dags/plugins/workday.py took 0.119 seconds
[2024-10-09T18:17:53.110-0300] {processor.py:156} INFO - Started process (PID=64045) to work on /home/marti/Lighthouse/airflow_tooltorial/venv/lib/python3.8/site-packages/airflow/example_dags/plugins/workday.py
[2024-10-09T18:17:53.129-0300] {processor.py:799} INFO - Processing file /home/marti/Lighthouse/airflow_tooltorial/venv/lib/python3.8/site-packages/airflow/example_dags/plugins/workday.py for tasks to queue
[2024-10-09T18:17:53.131-0300] {logging_mixin.py:149} INFO - [2024-10-09T18:17:53.130-0300] {dagbag.py:541} INFO - Filling up the DagBag from /home/marti/Lighthouse/airflow_tooltorial/venv/lib/python3.8/site-packages/airflow/example_dags/plugins/workday.py
[2024-10-09T18:17:53.133-0300] {logging_mixin.py:149} INFO - [2024-10-09T18:17:53.133-0300] {workday.py:36} WARNING - Could not import pandas. Holidays will not be considered.
[2024-10-09T18:17:53.138-0300] {processor.py:811} WARNING - No viable dags retrieved from /home/marti/Lighthouse/airflow_tooltorial/venv/lib/python3.8/site-packages/airflow/example_dags/plugins/workday.py
[2024-10-09T18:17:53.163-0300] {processor.py:178} INFO - Processing /home/marti/Lighthouse/airflow_tooltorial/venv/lib/python3.8/site-packages/airflow/example_dags/plugins/workday.py took 0.057 seconds
[2024-10-09T18:18:47.115-0300] {processor.py:156} INFO - Started process (PID=64251) to work on /home/marti/Lighthouse/airflow_tooltorial/venv/lib/python3.8/site-packages/airflow/example_dags/plugins/workday.py
[2024-10-09T18:18:47.135-0300] {processor.py:799} INFO - Processing file /home/marti/Lighthouse/airflow_tooltorial/venv/lib/python3.8/site-packages/airflow/example_dags/plugins/workday.py for tasks to queue
[2024-10-09T18:18:47.136-0300] {logging_mixin.py:149} INFO - [2024-10-09T18:18:47.135-0300] {dagbag.py:541} INFO - Filling up the DagBag from /home/marti/Lighthouse/airflow_tooltorial/venv/lib/python3.8/site-packages/airflow/example_dags/plugins/workday.py
[2024-10-09T18:18:47.138-0300] {logging_mixin.py:149} INFO - [2024-10-09T18:18:47.138-0300] {workday.py:36} WARNING - Could not import pandas. Holidays will not be considered.
[2024-10-09T18:18:47.138-0300] {processor.py:811} WARNING - No viable dags retrieved from /home/marti/Lighthouse/airflow_tooltorial/venv/lib/python3.8/site-packages/airflow/example_dags/plugins/workday.py
[2024-10-09T18:18:47.147-0300] {processor.py:178} INFO - Processing /home/marti/Lighthouse/airflow_tooltorial/venv/lib/python3.8/site-packages/airflow/example_dags/plugins/workday.py took 0.044 seconds
[2024-10-09T18:51:39.178-0300] {processor.py:156} INFO - Started process (PID=71000) to work on /home/marti/Lighthouse/airflow_tooltorial/venv/lib/python3.8/site-packages/airflow/example_dags/plugins/workday.py
[2024-10-09T18:51:39.212-0300] {processor.py:799} INFO - Processing file /home/marti/Lighthouse/airflow_tooltorial/venv/lib/python3.8/site-packages/airflow/example_dags/plugins/workday.py for tasks to queue
[2024-10-09T18:51:39.213-0300] {logging_mixin.py:149} INFO - [2024-10-09T18:51:39.212-0300] {dagbag.py:541} INFO - Filling up the DagBag from /home/marti/Lighthouse/airflow_tooltorial/venv/lib/python3.8/site-packages/airflow/example_dags/plugins/workday.py
[2024-10-09T18:51:39.719-0300] {processor.py:811} WARNING - No viable dags retrieved from /home/marti/Lighthouse/airflow_tooltorial/venv/lib/python3.8/site-packages/airflow/example_dags/plugins/workday.py
[2024-10-09T18:51:39.727-0300] {processor.py:178} INFO - Processing /home/marti/Lighthouse/airflow_tooltorial/venv/lib/python3.8/site-packages/airflow/example_dags/plugins/workday.py took 0.553 seconds
