[2024-10-09T18:06:52.415-0300] {processor.py:156} INFO - Started process (PID=61336) to work on /home/marti/Lighthouse/airflow_tooltorial/venv/lib/python3.8/site-packages/airflow/example_dags/subdags/subdag.py
[2024-10-09T18:06:52.417-0300] {processor.py:799} INFO - Processing file /home/marti/Lighthouse/airflow_tooltorial/venv/lib/python3.8/site-packages/airflow/example_dags/subdags/subdag.py for tasks to queue
[2024-10-09T18:06:52.419-0300] {logging_mixin.py:149} INFO - [2024-10-09T18:06:52.418-0300] {dagbag.py:541} INFO - Filling up the DagBag from /home/marti/Lighthouse/airflow_tooltorial/venv/lib/python3.8/site-packages/airflow/example_dags/subdags/subdag.py
[2024-10-09T18:06:52.423-0300] {processor.py:811} WARNING - No viable dags retrieved from /home/marti/Lighthouse/airflow_tooltorial/venv/lib/python3.8/site-packages/airflow/example_dags/subdags/subdag.py
[2024-10-09T18:06:52.441-0300] {processor.py:178} INFO - Processing /home/marti/Lighthouse/airflow_tooltorial/venv/lib/python3.8/site-packages/airflow/example_dags/subdags/subdag.py took 0.035 seconds
[2024-10-09T18:08:23.155-0300] {processor.py:156} INFO - Started process (PID=61745) to work on /home/marti/Lighthouse/airflow_tooltorial/venv/lib/python3.8/site-packages/airflow/example_dags/subdags/subdag.py
[2024-10-09T18:08:23.198-0300] {processor.py:799} INFO - Processing file /home/marti/Lighthouse/airflow_tooltorial/venv/lib/python3.8/site-packages/airflow/example_dags/subdags/subdag.py for tasks to queue
[2024-10-09T18:08:23.201-0300] {logging_mixin.py:149} INFO - [2024-10-09T18:08:23.200-0300] {dagbag.py:541} INFO - Filling up the DagBag from /home/marti/Lighthouse/airflow_tooltorial/venv/lib/python3.8/site-packages/airflow/example_dags/subdags/subdag.py
[2024-10-09T18:08:23.205-0300] {processor.py:811} WARNING - No viable dags retrieved from /home/marti/Lighthouse/airflow_tooltorial/venv/lib/python3.8/site-packages/airflow/example_dags/subdags/subdag.py
[2024-10-09T18:08:23.235-0300] {processor.py:178} INFO - Processing /home/marti/Lighthouse/airflow_tooltorial/venv/lib/python3.8/site-packages/airflow/example_dags/subdags/subdag.py took 0.092 seconds
[2024-10-09T18:09:31.946-0300] {processor.py:156} INFO - Started process (PID=62108) to work on /home/marti/Lighthouse/airflow_tooltorial/venv/lib/python3.8/site-packages/airflow/example_dags/subdags/subdag.py
[2024-10-09T18:09:31.972-0300] {processor.py:799} INFO - Processing file /home/marti/Lighthouse/airflow_tooltorial/venv/lib/python3.8/site-packages/airflow/example_dags/subdags/subdag.py for tasks to queue
[2024-10-09T18:09:31.973-0300] {logging_mixin.py:149} INFO - [2024-10-09T18:09:31.973-0300] {dagbag.py:541} INFO - Filling up the DagBag from /home/marti/Lighthouse/airflow_tooltorial/venv/lib/python3.8/site-packages/airflow/example_dags/subdags/subdag.py
[2024-10-09T18:09:31.976-0300] {processor.py:811} WARNING - No viable dags retrieved from /home/marti/Lighthouse/airflow_tooltorial/venv/lib/python3.8/site-packages/airflow/example_dags/subdags/subdag.py
[2024-10-09T18:09:31.998-0300] {processor.py:178} INFO - Processing /home/marti/Lighthouse/airflow_tooltorial/venv/lib/python3.8/site-packages/airflow/example_dags/subdags/subdag.py took 0.058 seconds
[2024-10-09T18:10:26.484-0300] {processor.py:156} INFO - Started process (PID=62275) to work on /home/marti/Lighthouse/airflow_tooltorial/venv/lib/python3.8/site-packages/airflow/example_dags/subdags/subdag.py
[2024-10-09T18:10:26.510-0300] {processor.py:799} INFO - Processing file /home/marti/Lighthouse/airflow_tooltorial/venv/lib/python3.8/site-packages/airflow/example_dags/subdags/subdag.py for tasks to queue
[2024-10-09T18:10:26.511-0300] {logging_mixin.py:149} INFO - [2024-10-09T18:10:26.510-0300] {dagbag.py:541} INFO - Filling up the DagBag from /home/marti/Lighthouse/airflow_tooltorial/venv/lib/python3.8/site-packages/airflow/example_dags/subdags/subdag.py
[2024-10-09T18:10:26.512-0300] {processor.py:811} WARNING - No viable dags retrieved from /home/marti/Lighthouse/airflow_tooltorial/venv/lib/python3.8/site-packages/airflow/example_dags/subdags/subdag.py
[2024-10-09T18:10:26.524-0300] {processor.py:178} INFO - Processing /home/marti/Lighthouse/airflow_tooltorial/venv/lib/python3.8/site-packages/airflow/example_dags/subdags/subdag.py took 0.046 seconds
[2024-10-09T18:11:22.085-0300] {processor.py:156} INFO - Started process (PID=62500) to work on /home/marti/Lighthouse/airflow_tooltorial/venv/lib/python3.8/site-packages/airflow/example_dags/subdags/subdag.py
[2024-10-09T18:11:22.093-0300] {processor.py:799} INFO - Processing file /home/marti/Lighthouse/airflow_tooltorial/venv/lib/python3.8/site-packages/airflow/example_dags/subdags/subdag.py for tasks to queue
[2024-10-09T18:11:22.095-0300] {logging_mixin.py:149} INFO - [2024-10-09T18:11:22.094-0300] {dagbag.py:541} INFO - Filling up the DagBag from /home/marti/Lighthouse/airflow_tooltorial/venv/lib/python3.8/site-packages/airflow/example_dags/subdags/subdag.py
[2024-10-09T18:11:22.099-0300] {processor.py:811} WARNING - No viable dags retrieved from /home/marti/Lighthouse/airflow_tooltorial/venv/lib/python3.8/site-packages/airflow/example_dags/subdags/subdag.py
[2024-10-09T18:11:22.119-0300] {processor.py:178} INFO - Processing /home/marti/Lighthouse/airflow_tooltorial/venv/lib/python3.8/site-packages/airflow/example_dags/subdags/subdag.py took 0.043 seconds
[2024-10-09T18:12:17.093-0300] {processor.py:156} INFO - Started process (PID=62628) to work on /home/marti/Lighthouse/airflow_tooltorial/venv/lib/python3.8/site-packages/airflow/example_dags/subdags/subdag.py
[2024-10-09T18:12:17.109-0300] {processor.py:799} INFO - Processing file /home/marti/Lighthouse/airflow_tooltorial/venv/lib/python3.8/site-packages/airflow/example_dags/subdags/subdag.py for tasks to queue
[2024-10-09T18:12:17.111-0300] {logging_mixin.py:149} INFO - [2024-10-09T18:12:17.110-0300] {dagbag.py:541} INFO - Filling up the DagBag from /home/marti/Lighthouse/airflow_tooltorial/venv/lib/python3.8/site-packages/airflow/example_dags/subdags/subdag.py
[2024-10-09T18:12:17.114-0300] {processor.py:811} WARNING - No viable dags retrieved from /home/marti/Lighthouse/airflow_tooltorial/venv/lib/python3.8/site-packages/airflow/example_dags/subdags/subdag.py
[2024-10-09T18:12:17.133-0300] {processor.py:178} INFO - Processing /home/marti/Lighthouse/airflow_tooltorial/venv/lib/python3.8/site-packages/airflow/example_dags/subdags/subdag.py took 0.046 seconds
[2024-10-09T18:13:08.290-0300] {processor.py:156} INFO - Started process (PID=62747) to work on /home/marti/Lighthouse/airflow_tooltorial/venv/lib/python3.8/site-packages/airflow/example_dags/subdags/subdag.py
[2024-10-09T18:13:08.297-0300] {processor.py:799} INFO - Processing file /home/marti/Lighthouse/airflow_tooltorial/venv/lib/python3.8/site-packages/airflow/example_dags/subdags/subdag.py for tasks to queue
[2024-10-09T18:13:08.298-0300] {logging_mixin.py:149} INFO - [2024-10-09T18:13:08.298-0300] {dagbag.py:541} INFO - Filling up the DagBag from /home/marti/Lighthouse/airflow_tooltorial/venv/lib/python3.8/site-packages/airflow/example_dags/subdags/subdag.py
[2024-10-09T18:13:08.300-0300] {processor.py:811} WARNING - No viable dags retrieved from /home/marti/Lighthouse/airflow_tooltorial/venv/lib/python3.8/site-packages/airflow/example_dags/subdags/subdag.py
[2024-10-09T18:13:08.309-0300] {processor.py:178} INFO - Processing /home/marti/Lighthouse/airflow_tooltorial/venv/lib/python3.8/site-packages/airflow/example_dags/subdags/subdag.py took 0.024 seconds
[2024-10-09T18:14:02.300-0300] {processor.py:156} INFO - Started process (PID=62863) to work on /home/marti/Lighthouse/airflow_tooltorial/venv/lib/python3.8/site-packages/airflow/example_dags/subdags/subdag.py
[2024-10-09T18:14:02.340-0300] {processor.py:799} INFO - Processing file /home/marti/Lighthouse/airflow_tooltorial/venv/lib/python3.8/site-packages/airflow/example_dags/subdags/subdag.py for tasks to queue
[2024-10-09T18:14:02.342-0300] {logging_mixin.py:149} INFO - [2024-10-09T18:14:02.341-0300] {dagbag.py:541} INFO - Filling up the DagBag from /home/marti/Lighthouse/airflow_tooltorial/venv/lib/python3.8/site-packages/airflow/example_dags/subdags/subdag.py
[2024-10-09T18:14:02.347-0300] {processor.py:811} WARNING - No viable dags retrieved from /home/marti/Lighthouse/airflow_tooltorial/venv/lib/python3.8/site-packages/airflow/example_dags/subdags/subdag.py
[2024-10-09T18:14:02.378-0300] {processor.py:178} INFO - Processing /home/marti/Lighthouse/airflow_tooltorial/venv/lib/python3.8/site-packages/airflow/example_dags/subdags/subdag.py took 0.085 seconds
[2024-10-09T18:14:58.779-0300] {processor.py:156} INFO - Started process (PID=63032) to work on /home/marti/Lighthouse/airflow_tooltorial/venv/lib/python3.8/site-packages/airflow/example_dags/subdags/subdag.py
[2024-10-09T18:14:58.782-0300] {processor.py:799} INFO - Processing file /home/marti/Lighthouse/airflow_tooltorial/venv/lib/python3.8/site-packages/airflow/example_dags/subdags/subdag.py for tasks to queue
[2024-10-09T18:14:58.783-0300] {logging_mixin.py:149} INFO - [2024-10-09T18:14:58.783-0300] {dagbag.py:541} INFO - Filling up the DagBag from /home/marti/Lighthouse/airflow_tooltorial/venv/lib/python3.8/site-packages/airflow/example_dags/subdags/subdag.py
[2024-10-09T18:14:58.786-0300] {processor.py:811} WARNING - No viable dags retrieved from /home/marti/Lighthouse/airflow_tooltorial/venv/lib/python3.8/site-packages/airflow/example_dags/subdags/subdag.py
[2024-10-09T18:14:58.804-0300] {processor.py:178} INFO - Processing /home/marti/Lighthouse/airflow_tooltorial/venv/lib/python3.8/site-packages/airflow/example_dags/subdags/subdag.py took 0.030 seconds
[2024-10-09T18:15:52.512-0300] {processor.py:156} INFO - Started process (PID=63186) to work on /home/marti/Lighthouse/airflow_tooltorial/venv/lib/python3.8/site-packages/airflow/example_dags/subdags/subdag.py
[2024-10-09T18:15:52.523-0300] {processor.py:799} INFO - Processing file /home/marti/Lighthouse/airflow_tooltorial/venv/lib/python3.8/site-packages/airflow/example_dags/subdags/subdag.py for tasks to queue
[2024-10-09T18:15:52.524-0300] {logging_mixin.py:149} INFO - [2024-10-09T18:15:52.524-0300] {dagbag.py:541} INFO - Filling up the DagBag from /home/marti/Lighthouse/airflow_tooltorial/venv/lib/python3.8/site-packages/airflow/example_dags/subdags/subdag.py
[2024-10-09T18:15:52.528-0300] {processor.py:811} WARNING - No viable dags retrieved from /home/marti/Lighthouse/airflow_tooltorial/venv/lib/python3.8/site-packages/airflow/example_dags/subdags/subdag.py
[2024-10-09T18:15:52.548-0300] {processor.py:178} INFO - Processing /home/marti/Lighthouse/airflow_tooltorial/venv/lib/python3.8/site-packages/airflow/example_dags/subdags/subdag.py took 0.043 seconds
[2024-10-09T18:16:39.735-0300] {processor.py:156} INFO - Started process (PID=63335) to work on /home/marti/Lighthouse/airflow_tooltorial/venv/lib/python3.8/site-packages/airflow/example_dags/subdags/subdag.py
[2024-10-09T18:16:39.746-0300] {processor.py:799} INFO - Processing file /home/marti/Lighthouse/airflow_tooltorial/venv/lib/python3.8/site-packages/airflow/example_dags/subdags/subdag.py for tasks to queue
[2024-10-09T18:16:39.748-0300] {logging_mixin.py:149} INFO - [2024-10-09T18:16:39.748-0300] {dagbag.py:541} INFO - Filling up the DagBag from /home/marti/Lighthouse/airflow_tooltorial/venv/lib/python3.8/site-packages/airflow/example_dags/subdags/subdag.py
[2024-10-09T18:16:39.753-0300] {processor.py:811} WARNING - No viable dags retrieved from /home/marti/Lighthouse/airflow_tooltorial/venv/lib/python3.8/site-packages/airflow/example_dags/subdags/subdag.py
[2024-10-09T18:16:39.784-0300] {processor.py:178} INFO - Processing /home/marti/Lighthouse/airflow_tooltorial/venv/lib/python3.8/site-packages/airflow/example_dags/subdags/subdag.py took 0.059 seconds
[2024-10-09T18:17:51.785-0300] {processor.py:156} INFO - Started process (PID=64031) to work on /home/marti/Lighthouse/airflow_tooltorial/venv/lib/python3.8/site-packages/airflow/example_dags/subdags/subdag.py
[2024-10-09T18:17:51.816-0300] {processor.py:799} INFO - Processing file /home/marti/Lighthouse/airflow_tooltorial/venv/lib/python3.8/site-packages/airflow/example_dags/subdags/subdag.py for tasks to queue
[2024-10-09T18:17:51.817-0300] {logging_mixin.py:149} INFO - [2024-10-09T18:17:51.817-0300] {dagbag.py:541} INFO - Filling up the DagBag from /home/marti/Lighthouse/airflow_tooltorial/venv/lib/python3.8/site-packages/airflow/example_dags/subdags/subdag.py
[2024-10-09T18:17:51.819-0300] {processor.py:811} WARNING - No viable dags retrieved from /home/marti/Lighthouse/airflow_tooltorial/venv/lib/python3.8/site-packages/airflow/example_dags/subdags/subdag.py
[2024-10-09T18:17:51.833-0300] {processor.py:178} INFO - Processing /home/marti/Lighthouse/airflow_tooltorial/venv/lib/python3.8/site-packages/airflow/example_dags/subdags/subdag.py took 0.058 seconds
[2024-10-09T18:18:45.151-0300] {processor.py:156} INFO - Started process (PID=64249) to work on /home/marti/Lighthouse/airflow_tooltorial/venv/lib/python3.8/site-packages/airflow/example_dags/subdags/subdag.py
[2024-10-09T18:18:45.197-0300] {processor.py:799} INFO - Processing file /home/marti/Lighthouse/airflow_tooltorial/venv/lib/python3.8/site-packages/airflow/example_dags/subdags/subdag.py for tasks to queue
[2024-10-09T18:18:45.200-0300] {logging_mixin.py:149} INFO - [2024-10-09T18:18:45.200-0300] {dagbag.py:541} INFO - Filling up the DagBag from /home/marti/Lighthouse/airflow_tooltorial/venv/lib/python3.8/site-packages/airflow/example_dags/subdags/subdag.py
[2024-10-09T18:18:45.206-0300] {processor.py:811} WARNING - No viable dags retrieved from /home/marti/Lighthouse/airflow_tooltorial/venv/lib/python3.8/site-packages/airflow/example_dags/subdags/subdag.py
[2024-10-09T18:18:45.231-0300] {processor.py:178} INFO - Processing /home/marti/Lighthouse/airflow_tooltorial/venv/lib/python3.8/site-packages/airflow/example_dags/subdags/subdag.py took 0.089 seconds
[2024-10-09T18:48:09.786-0300] {processor.py:156} INFO - Started process (PID=69635) to work on /home/marti/Lighthouse/airflow_tooltorial/venv/lib/python3.8/site-packages/airflow/example_dags/subdags/subdag.py
[2024-10-09T18:48:09.826-0300] {processor.py:799} INFO - Processing file /home/marti/Lighthouse/airflow_tooltorial/venv/lib/python3.8/site-packages/airflow/example_dags/subdags/subdag.py for tasks to queue
[2024-10-09T18:48:09.829-0300] {logging_mixin.py:149} INFO - [2024-10-09T18:48:09.829-0300] {dagbag.py:541} INFO - Filling up the DagBag from /home/marti/Lighthouse/airflow_tooltorial/venv/lib/python3.8/site-packages/airflow/example_dags/subdags/subdag.py
[2024-10-09T18:48:09.835-0300] {processor.py:811} WARNING - No viable dags retrieved from /home/marti/Lighthouse/airflow_tooltorial/venv/lib/python3.8/site-packages/airflow/example_dags/subdags/subdag.py
[2024-10-09T18:48:09.870-0300] {processor.py:178} INFO - Processing /home/marti/Lighthouse/airflow_tooltorial/venv/lib/python3.8/site-packages/airflow/example_dags/subdags/subdag.py took 0.088 seconds
[2024-10-09T18:51:36.856-0300] {processor.py:156} INFO - Started process (PID=70994) to work on /home/marti/Lighthouse/airflow_tooltorial/venv/lib/python3.8/site-packages/airflow/example_dags/subdags/subdag.py
[2024-10-09T18:51:36.890-0300] {processor.py:799} INFO - Processing file /home/marti/Lighthouse/airflow_tooltorial/venv/lib/python3.8/site-packages/airflow/example_dags/subdags/subdag.py for tasks to queue
[2024-10-09T18:51:36.891-0300] {logging_mixin.py:149} INFO - [2024-10-09T18:51:36.891-0300] {dagbag.py:541} INFO - Filling up the DagBag from /home/marti/Lighthouse/airflow_tooltorial/venv/lib/python3.8/site-packages/airflow/example_dags/subdags/subdag.py
[2024-10-09T18:51:36.894-0300] {processor.py:811} WARNING - No viable dags retrieved from /home/marti/Lighthouse/airflow_tooltorial/venv/lib/python3.8/site-packages/airflow/example_dags/subdags/subdag.py
[2024-10-09T18:51:36.913-0300] {processor.py:178} INFO - Processing /home/marti/Lighthouse/airflow_tooltorial/venv/lib/python3.8/site-packages/airflow/example_dags/subdags/subdag.py took 0.063 seconds
